<?xml version="1.0" encoding="UTF-8"?>
<testsuite xmlns:xsi="http://www.w3.org/2001/XMLSchema-instance" xsi:noNamespaceSchemaLocation="https://maven.apache.org/surefire/maven-surefire-plugin/xsd/surefire-test-report.xsd" version="3.0.2" name="com.example.crud_kr.CrudKrApplicationTests" time="6.903" tests="1" errors="0" skipped="0" failures="0">
  <properties>
    <property name="java.specification.version" value="17"/>
    <property name="sun.jnu.encoding" value="UTF-8"/>
    <property name="java.class.path" value="/home/anshuman.pandey/adjetterMicroservice/Crud_KR/target/test-classes:/home/anshuman.pandey/adjetterMicroservice/Crud_KR/target/classes:/home/anshuman.pandey/.m2/repository/org/springframework/boot/spring-boot-starter-data-jpa/3.4.1/spring-boot-starter-data-jpa-3.4.1.jar:/home/anshuman.pandey/.m2/repository/org/springframework/boot/spring-boot-starter/3.4.1/spring-boot-starter-3.4.1.jar:/home/anshuman.pandey/.m2/repository/org/springframework/boot/spring-boot/3.4.1/spring-boot-3.4.1.jar:/home/anshuman.pandey/.m2/repository/org/springframework/boot/spring-boot-autoconfigure/3.4.1/spring-boot-autoconfigure-3.4.1.jar:/home/anshuman.pandey/.m2/repository/org/springframework/boot/spring-boot-starter-logging/3.4.1/spring-boot-starter-logging-3.4.1.jar:/home/anshuman.pandey/.m2/repository/org/apache/logging/log4j/log4j-to-slf4j/2.24.3/log4j-to-slf4j-2.24.3.jar:/home/anshuman.pandey/.m2/repository/org/apache/logging/log4j/log4j-api/2.24.3/log4j-api-2.24.3.jar:/home/anshuman.pandey/.m2/repository/org/slf4j/jul-to-slf4j/2.0.16/jul-to-slf4j-2.0.16.jar:/home/anshuman.pandey/.m2/repository/jakarta/annotation/jakarta.annotation-api/2.1.1/jakarta.annotation-api-2.1.1.jar:/home/anshuman.pandey/.m2/repository/org/yaml/snakeyaml/2.3/snakeyaml-2.3.jar:/home/anshuman.pandey/.m2/repository/org/springframework/boot/spring-boot-starter-jdbc/3.4.1/spring-boot-starter-jdbc-3.4.1.jar:/home/anshuman.pandey/.m2/repository/com/zaxxer/HikariCP/5.1.0/HikariCP-5.1.0.jar:/home/anshuman.pandey/.m2/repository/org/springframework/spring-jdbc/6.2.1/spring-jdbc-6.2.1.jar:/home/anshuman.pandey/.m2/repository/org/hibernate/orm/hibernate-core/6.6.4.Final/hibernate-core-6.6.4.Final.jar:/home/anshuman.pandey/.m2/repository/jakarta/persistence/jakarta.persistence-api/3.1.0/jakarta.persistence-api-3.1.0.jar:/home/anshuman.pandey/.m2/repository/jakarta/transaction/jakarta.transaction-api/2.0.1/jakarta.transaction-api-2.0.1.jar:/home/anshuman.pandey/.m2/repository/org/jboss/logging/jboss-logging/3.6.1.Final/jboss-logging-3.6.1.Final.jar:/home/anshuman.pandey/.m2/repository/org/hibernate/common/hibernate-commons-annotations/7.0.3.Final/hibernate-commons-annotations-7.0.3.Final.jar:/home/anshuman.pandey/.m2/repository/io/smallrye/jandex/3.2.0/jandex-3.2.0.jar:/home/anshuman.pandey/.m2/repository/com/fasterxml/classmate/1.7.0/classmate-1.7.0.jar:/home/anshuman.pandey/.m2/repository/net/bytebuddy/byte-buddy/1.15.11/byte-buddy-1.15.11.jar:/home/anshuman.pandey/.m2/repository/org/glassfish/jaxb/jaxb-runtime/4.0.5/jaxb-runtime-4.0.5.jar:/home/anshuman.pandey/.m2/repository/org/glassfish/jaxb/jaxb-core/4.0.5/jaxb-core-4.0.5.jar:/home/anshuman.pandey/.m2/repository/org/eclipse/angus/angus-activation/2.0.2/angus-activation-2.0.2.jar:/home/anshuman.pandey/.m2/repository/org/glassfish/jaxb/txw2/4.0.5/txw2-4.0.5.jar:/home/anshuman.pandey/.m2/repository/com/sun/istack/istack-commons-runtime/4.1.2/istack-commons-runtime-4.1.2.jar:/home/anshuman.pandey/.m2/repository/jakarta/inject/jakarta.inject-api/2.0.1/jakarta.inject-api-2.0.1.jar:/home/anshuman.pandey/.m2/repository/org/antlr/antlr4-runtime/4.13.0/antlr4-runtime-4.13.0.jar:/home/anshuman.pandey/.m2/repository/org/springframework/data/spring-data-jpa/3.4.1/spring-data-jpa-3.4.1.jar:/home/anshuman.pandey/.m2/repository/org/springframework/data/spring-data-commons/3.4.1/spring-data-commons-3.4.1.jar:/home/anshuman.pandey/.m2/repository/org/springframework/spring-orm/6.2.1/spring-orm-6.2.1.jar:/home/anshuman.pandey/.m2/repository/org/springframework/spring-aop/6.2.1/spring-aop-6.2.1.jar:/home/anshuman.pandey/.m2/repository/org/springframework/spring-beans/6.2.1/spring-beans-6.2.1.jar:/home/anshuman.pandey/.m2/repository/org/slf4j/slf4j-api/2.0.16/slf4j-api-2.0.16.jar:/home/anshuman.pandey/.m2/repository/org/springframework/spring-aspects/6.2.1/spring-aspects-6.2.1.jar:/home/anshuman.pandey/.m2/repository/org/aspectj/aspectjweaver/1.9.22.1/aspectjweaver-1.9.22.1.jar:/home/anshuman.pandey/.m2/repository/org/springframework/boot/spring-boot-starter-web/3.4.1/spring-boot-starter-web-3.4.1.jar:/home/anshuman.pandey/.m2/repository/org/springframework/boot/spring-boot-starter-json/3.4.1/spring-boot-starter-json-3.4.1.jar:/home/anshuman.pandey/.m2/repository/com/fasterxml/jackson/core/jackson-databind/2.18.2/jackson-databind-2.18.2.jar:/home/anshuman.pandey/.m2/repository/com/fasterxml/jackson/core/jackson-annotations/2.18.2/jackson-annotations-2.18.2.jar:/home/anshuman.pandey/.m2/repository/com/fasterxml/jackson/core/jackson-core/2.18.2/jackson-core-2.18.2.jar:/home/anshuman.pandey/.m2/repository/com/fasterxml/jackson/datatype/jackson-datatype-jdk8/2.18.2/jackson-datatype-jdk8-2.18.2.jar:/home/anshuman.pandey/.m2/repository/com/fasterxml/jackson/datatype/jackson-datatype-jsr310/2.18.2/jackson-datatype-jsr310-2.18.2.jar:/home/anshuman.pandey/.m2/repository/com/fasterxml/jackson/module/jackson-module-parameter-names/2.18.2/jackson-module-parameter-names-2.18.2.jar:/home/anshuman.pandey/.m2/repository/org/springframework/boot/spring-boot-starter-tomcat/3.4.1/spring-boot-starter-tomcat-3.4.1.jar:/home/anshuman.pandey/.m2/repository/org/apache/tomcat/embed/tomcat-embed-core/10.1.34/tomcat-embed-core-10.1.34.jar:/home/anshuman.pandey/.m2/repository/org/apache/tomcat/embed/tomcat-embed-websocket/10.1.34/tomcat-embed-websocket-10.1.34.jar:/home/anshuman.pandey/.m2/repository/org/springframework/spring-web/6.2.1/spring-web-6.2.1.jar:/home/anshuman.pandey/.m2/repository/org/springframework/spring-webmvc/6.2.1/spring-webmvc-6.2.1.jar:/home/anshuman.pandey/.m2/repository/org/springframework/spring-expression/6.2.1/spring-expression-6.2.1.jar:/home/anshuman.pandey/.m2/repository/org/springframework/kafka/spring-kafka/3.3.1/spring-kafka-3.3.1.jar:/home/anshuman.pandey/.m2/repository/org/springframework/spring-context/6.2.1/spring-context-6.2.1.jar:/home/anshuman.pandey/.m2/repository/org/springframework/spring-messaging/6.2.1/spring-messaging-6.2.1.jar:/home/anshuman.pandey/.m2/repository/org/springframework/spring-tx/6.2.1/spring-tx-6.2.1.jar:/home/anshuman.pandey/.m2/repository/org/springframework/retry/spring-retry/2.0.11/spring-retry-2.0.11.jar:/home/anshuman.pandey/.m2/repository/org/apache/kafka/kafka-clients/3.8.1/kafka-clients-3.8.1.jar:/home/anshuman.pandey/.m2/repository/com/github/luben/zstd-jni/1.5.6-4/zstd-jni-1.5.6-4.jar:/home/anshuman.pandey/.m2/repository/org/lz4/lz4-java/1.8.0/lz4-java-1.8.0.jar:/home/anshuman.pandey/.m2/repository/org/xerial/snappy/snappy-java/1.1.10.5/snappy-java-1.1.10.5.jar:/home/anshuman.pandey/.m2/repository/io/micrometer/micrometer-observation/1.14.2/micrometer-observation-1.14.2.jar:/home/anshuman.pandey/.m2/repository/io/micrometer/micrometer-commons/1.14.2/micrometer-commons-1.14.2.jar:/home/anshuman.pandey/.m2/repository/org/springframework/boot/spring-boot-starter-validation/3.4.1/spring-boot-starter-validation-3.4.1.jar:/home/anshuman.pandey/.m2/repository/org/apache/tomcat/embed/tomcat-embed-el/10.1.34/tomcat-embed-el-10.1.34.jar:/home/anshuman.pandey/.m2/repository/org/hibernate/validator/hibernate-validator/8.0.2.Final/hibernate-validator-8.0.2.Final.jar:/home/anshuman.pandey/.m2/repository/jakarta/validation/jakarta.validation-api/3.0.2/jakarta.validation-api-3.0.2.jar:/home/anshuman.pandey/.m2/repository/com/mysql/mysql-connector-j/9.1.0/mysql-connector-j-9.1.0.jar:/home/anshuman.pandey/.m2/repository/org/springframework/boot/spring-boot-starter-test/3.4.1/spring-boot-starter-test-3.4.1.jar:/home/anshuman.pandey/.m2/repository/org/springframework/boot/spring-boot-test/3.4.1/spring-boot-test-3.4.1.jar:/home/anshuman.pandey/.m2/repository/org/springframework/boot/spring-boot-test-autoconfigure/3.4.1/spring-boot-test-autoconfigure-3.4.1.jar:/home/anshuman.pandey/.m2/repository/com/jayway/jsonpath/json-path/2.9.0/json-path-2.9.0.jar:/home/anshuman.pandey/.m2/repository/jakarta/xml/bind/jakarta.xml.bind-api/4.0.2/jakarta.xml.bind-api-4.0.2.jar:/home/anshuman.pandey/.m2/repository/jakarta/activation/jakarta.activation-api/2.1.3/jakarta.activation-api-2.1.3.jar:/home/anshuman.pandey/.m2/repository/net/minidev/json-smart/2.5.1/json-smart-2.5.1.jar:/home/anshuman.pandey/.m2/repository/net/minidev/accessors-smart/2.5.1/accessors-smart-2.5.1.jar:/home/anshuman.pandey/.m2/repository/org/ow2/asm/asm/9.6/asm-9.6.jar:/home/anshuman.pandey/.m2/repository/org/assertj/assertj-core/3.26.3/assertj-core-3.26.3.jar:/home/anshuman.pandey/.m2/repository/org/awaitility/awaitility/4.2.2/awaitility-4.2.2.jar:/home/anshuman.pandey/.m2/repository/org/hamcrest/hamcrest/2.2/hamcrest-2.2.jar:/home/anshuman.pandey/.m2/repository/org/junit/jupiter/junit-jupiter/5.11.4/junit-jupiter-5.11.4.jar:/home/anshuman.pandey/.m2/repository/org/junit/jupiter/junit-jupiter-params/5.11.4/junit-jupiter-params-5.11.4.jar:/home/anshuman.pandey/.m2/repository/org/junit/jupiter/junit-jupiter-engine/5.11.4/junit-jupiter-engine-5.11.4.jar:/home/anshuman.pandey/.m2/repository/org/mockito/mockito-core/5.14.2/mockito-core-5.14.2.jar:/home/anshuman.pandey/.m2/repository/net/bytebuddy/byte-buddy-agent/1.15.11/byte-buddy-agent-1.15.11.jar:/home/anshuman.pandey/.m2/repository/org/objenesis/objenesis/3.3/objenesis-3.3.jar:/home/anshuman.pandey/.m2/repository/org/mockito/mockito-junit-jupiter/5.14.2/mockito-junit-jupiter-5.14.2.jar:/home/anshuman.pandey/.m2/repository/org/skyscreamer/jsonassert/1.5.3/jsonassert-1.5.3.jar:/home/anshuman.pandey/.m2/repository/com/vaadin/external/google/android-json/0.0.20131108.vaadin1/android-json-0.0.20131108.vaadin1.jar:/home/anshuman.pandey/.m2/repository/org/springframework/spring-core/6.2.1/spring-core-6.2.1.jar:/home/anshuman.pandey/.m2/repository/org/springframework/spring-jcl/6.2.1/spring-jcl-6.2.1.jar:/home/anshuman.pandey/.m2/repository/org/springframework/spring-test/6.2.1/spring-test-6.2.1.jar:/home/anshuman.pandey/.m2/repository/org/xmlunit/xmlunit-core/2.10.0/xmlunit-core-2.10.0.jar:/home/anshuman.pandey/.m2/repository/org/springframework/boot/spring-boot-starter-data-redis/3.4.1/spring-boot-starter-data-redis-3.4.1.jar:/home/anshuman.pandey/.m2/repository/io/lettuce/lettuce-core/6.4.1.RELEASE/lettuce-core-6.4.1.RELEASE.jar:/home/anshuman.pandey/.m2/repository/io/netty/netty-common/4.1.116.Final/netty-common-4.1.116.Final.jar:/home/anshuman.pandey/.m2/repository/io/netty/netty-handler/4.1.116.Final/netty-handler-4.1.116.Final.jar:/home/anshuman.pandey/.m2/repository/io/netty/netty-resolver/4.1.116.Final/netty-resolver-4.1.116.Final.jar:/home/anshuman.pandey/.m2/repository/io/netty/netty-buffer/4.1.116.Final/netty-buffer-4.1.116.Final.jar:/home/anshuman.pandey/.m2/repository/io/netty/netty-transport-native-unix-common/4.1.116.Final/netty-transport-native-unix-common-4.1.116.Final.jar:/home/anshuman.pandey/.m2/repository/io/netty/netty-codec/4.1.116.Final/netty-codec-4.1.116.Final.jar:/home/anshuman.pandey/.m2/repository/io/netty/netty-transport/4.1.116.Final/netty-transport-4.1.116.Final.jar:/home/anshuman.pandey/.m2/repository/io/projectreactor/reactor-core/3.7.1/reactor-core-3.7.1.jar:/home/anshuman.pandey/.m2/repository/org/reactivestreams/reactive-streams/1.0.4/reactive-streams-1.0.4.jar:/home/anshuman.pandey/.m2/repository/org/springframework/data/spring-data-redis/3.4.1/spring-data-redis-3.4.1.jar:/home/anshuman.pandey/.m2/repository/org/springframework/data/spring-data-keyvalue/3.4.1/spring-data-keyvalue-3.4.1.jar:/home/anshuman.pandey/.m2/repository/org/springframework/spring-oxm/6.2.1/spring-oxm-6.2.1.jar:/home/anshuman.pandey/.m2/repository/org/springframework/spring-context-support/6.2.1/spring-context-support-6.2.1.jar:/home/anshuman.pandey/.m2/repository/org/springframework/kafka/spring-kafka-test/3.3.1/spring-kafka-test-3.3.1.jar:/home/anshuman.pandey/.m2/repository/org/apache/zookeeper/zookeeper/3.8.4/zookeeper-3.8.4.jar:/home/anshuman.pandey/.m2/repository/org/apache/zookeeper/zookeeper-jute/3.8.4/zookeeper-jute-3.8.4.jar:/home/anshuman.pandey/.m2/repository/org/apache/yetus/audience-annotations/0.12.0/audience-annotations-0.12.0.jar:/home/anshuman.pandey/.m2/repository/io/netty/netty-transport-native-epoll/4.1.116.Final/netty-transport-native-epoll-4.1.116.Final.jar:/home/anshuman.pandey/.m2/repository/io/netty/netty-transport-classes-epoll/4.1.116.Final/netty-transport-classes-epoll-4.1.116.Final.jar:/home/anshuman.pandey/.m2/repository/ch/qos/logback/logback-core/1.5.12/logback-core-1.5.12.jar:/home/anshuman.pandey/.m2/repository/ch/qos/logback/logback-classic/1.5.12/logback-classic-1.5.12.jar:/home/anshuman.pandey/.m2/repository/commons-io/commons-io/2.11.0/commons-io-2.11.0.jar:/home/anshuman.pandey/.m2/repository/org/apache/kafka/kafka-clients/3.8.1/kafka-clients-3.8.1-test.jar:/home/anshuman.pandey/.m2/repository/org/apache/kafka/kafka-server/3.8.1/kafka-server-3.8.1.jar:/home/anshuman.pandey/.m2/repository/org/apache/kafka/kafka-group-coordinator/3.8.1/kafka-group-coordinator-3.8.1.jar:/home/anshuman.pandey/.m2/repository/org/apache/kafka/kafka-transaction-coordinator/3.8.1/kafka-transaction-coordinator-3.8.1.jar:/home/anshuman.pandey/.m2/repository/org/apache/kafka/kafka-raft/3.8.1/kafka-raft-3.8.1.jar:/home/anshuman.pandey/.m2/repository/com/yammer/metrics/metrics-core/2.2.0/metrics-core-2.2.0.jar:/home/anshuman.pandey/.m2/repository/org/apache/kafka/kafka-metadata/3.8.1/kafka-metadata-3.8.1.jar:/home/anshuman.pandey/.m2/repository/org/apache/kafka/kafka-server-common/3.8.1/kafka-server-common-3.8.1.jar:/home/anshuman.pandey/.m2/repository/net/sf/jopt-simple/jopt-simple/5.0.4/jopt-simple-5.0.4.jar:/home/anshuman.pandey/.m2/repository/org/pcollections/pcollections/4.0.1/pcollections-4.0.1.jar:/home/anshuman.pandey/.m2/repository/org/apache/kafka/kafka-server-common/3.8.1/kafka-server-common-3.8.1-test.jar:/home/anshuman.pandey/.m2/repository/org/apache/kafka/kafka-streams-test-utils/3.8.1/kafka-streams-test-utils-3.8.1.jar:/home/anshuman.pandey/.m2/repository/org/apache/kafka/kafka-streams/3.8.1/kafka-streams-3.8.1.jar:/home/anshuman.pandey/.m2/repository/org/rocksdb/rocksdbjni/7.9.2/rocksdbjni-7.9.2.jar:/home/anshuman.pandey/.m2/repository/org/apache/kafka/kafka_2.13/3.8.1/kafka_2.13-3.8.1.jar:/home/anshuman.pandey/.m2/repository/org/scala-lang/scala-library/2.13.14/scala-library-2.13.14.jar:/home/anshuman.pandey/.m2/repository/org/apache/kafka/kafka-group-coordinator-api/3.8.1/kafka-group-coordinator-api-3.8.1.jar:/home/anshuman.pandey/.m2/repository/org/apache/kafka/kafka-storage-api/3.8.1/kafka-storage-api-3.8.1.jar:/home/anshuman.pandey/.m2/repository/org/apache/kafka/kafka-tools-api/3.8.1/kafka-tools-api-3.8.1.jar:/home/anshuman.pandey/.m2/repository/org/apache/kafka/kafka-storage/3.8.1/kafka-storage-3.8.1.jar:/home/anshuman.pandey/.m2/repository/com/github/ben-manes/caffeine/caffeine/3.1.8/caffeine-3.1.8.jar:/home/anshuman.pandey/.m2/repository/org/checkerframework/checker-qual/3.37.0/checker-qual-3.37.0.jar:/home/anshuman.pandey/.m2/repository/com/google/errorprone/error_prone_annotations/2.21.1/error_prone_annotations-2.21.1.jar:/home/anshuman.pandey/.m2/repository/net/sourceforge/argparse4j/argparse4j/0.7.0/argparse4j-0.7.0.jar:/home/anshuman.pandey/.m2/repository/commons-validator/commons-validator/1.7/commons-validator-1.7.jar:/home/anshuman.pandey/.m2/repository/commons-beanutils/commons-beanutils/1.9.4/commons-beanutils-1.9.4.jar:/home/anshuman.pandey/.m2/repository/commons-digester/commons-digester/2.1/commons-digester-2.1.jar:/home/anshuman.pandey/.m2/repository/commons-collections/commons-collections/3.2.2/commons-collections-3.2.2.jar:/home/anshuman.pandey/.m2/repository/com/fasterxml/jackson/module/jackson-module-scala_2.13/2.18.2/jackson-module-scala_2.13-2.18.2.jar:/home/anshuman.pandey/.m2/repository/com/thoughtworks/paranamer/paranamer/2.8/paranamer-2.8.jar:/home/anshuman.pandey/.m2/repository/com/fasterxml/jackson/dataformat/jackson-dataformat-csv/2.18.2/jackson-dataformat-csv-2.18.2.jar:/home/anshuman.pandey/.m2/repository/org/bitbucket/b_c/jose4j/0.9.4/jose4j-0.9.4.jar:/home/anshuman.pandey/.m2/repository/org/scala-lang/modules/scala-collection-compat_2.13/2.10.0/scala-collection-compat_2.13-2.10.0.jar:/home/anshuman.pandey/.m2/repository/org/scala-lang/modules/scala-java8-compat_2.13/1.0.2/scala-java8-compat_2.13-1.0.2.jar:/home/anshuman.pandey/.m2/repository/org/scala-lang/scala-reflect/2.13.14/scala-reflect-2.13.14.jar:/home/anshuman.pandey/.m2/repository/com/typesafe/scala-logging/scala-logging_2.13/3.9.4/scala-logging_2.13-3.9.4.jar:/home/anshuman.pandey/.m2/repository/io/dropwizard/metrics/metrics-core/4.1.12.1/metrics-core-4.1.12.1.jar:/home/anshuman.pandey/.m2/repository/commons-cli/commons-cli/1.4/commons-cli-1.4.jar:/home/anshuman.pandey/.m2/repository/org/apache/kafka/kafka_2.13/3.8.1/kafka_2.13-3.8.1-test.jar:/home/anshuman.pandey/.m2/repository/org/junit/jupiter/junit-jupiter-api/5.11.4/junit-jupiter-api-5.11.4.jar:/home/anshuman.pandey/.m2/repository/org/opentest4j/opentest4j/1.3.0/opentest4j-1.3.0.jar:/home/anshuman.pandey/.m2/repository/org/junit/platform/junit-platform-commons/1.11.4/junit-platform-commons-1.11.4.jar:/home/anshuman.pandey/.m2/repository/org/apiguardian/apiguardian-api/1.1.2/apiguardian-api-1.1.2.jar:/home/anshuman.pandey/.m2/repository/org/junit/platform/junit-platform-launcher/1.11.4/junit-platform-launcher-1.11.4.jar:/home/anshuman.pandey/.m2/repository/org/junit/platform/junit-platform-engine/1.11.4/junit-platform-engine-1.11.4.jar:"/>
    <property name="java.vm.vendor" value="Amazon.com Inc."/>
    <property name="sun.arch.data.model" value="64"/>
    <property name="java.vendor.url" value="https://aws.amazon.com/corretto/"/>
    <property name="user.timezone" value="Asia/Kolkata"/>
    <property name="org.jboss.logging.provider" value="slf4j"/>
    <property name="os.name" value="Linux"/>
    <property name="java.vm.specification.version" value="17"/>
    <property name="APPLICATION_NAME" value="Crud_KR"/>
    <property name="user.country" value="IN"/>
    <property name="sun.java.launcher" value="SUN_STANDARD"/>
    <property name="sun.boot.library.path" value="/home/anshuman.pandey/.jdks/corretto-17.0.13/lib"/>
    <property name="sun.java.command" value="/home/anshuman.pandey/adjetterMicroservice/Crud_KR/target/surefire/surefirebooter-20241227180944200_3.jar /home/anshuman.pandey/adjetterMicroservice/Crud_KR/target/surefire 2024-12-27T18-09-43_594-jvmRun1 surefire-20241227180944200_1tmp surefire_0-20241227180944200_2tmp"/>
    <property name="jdk.debug" value="release"/>
    <property name="surefire.test.class.path" value="/home/anshuman.pandey/adjetterMicroservice/Crud_KR/target/test-classes:/home/anshuman.pandey/adjetterMicroservice/Crud_KR/target/classes:/home/anshuman.pandey/.m2/repository/org/springframework/boot/spring-boot-starter-data-jpa/3.4.1/spring-boot-starter-data-jpa-3.4.1.jar:/home/anshuman.pandey/.m2/repository/org/springframework/boot/spring-boot-starter/3.4.1/spring-boot-starter-3.4.1.jar:/home/anshuman.pandey/.m2/repository/org/springframework/boot/spring-boot/3.4.1/spring-boot-3.4.1.jar:/home/anshuman.pandey/.m2/repository/org/springframework/boot/spring-boot-autoconfigure/3.4.1/spring-boot-autoconfigure-3.4.1.jar:/home/anshuman.pandey/.m2/repository/org/springframework/boot/spring-boot-starter-logging/3.4.1/spring-boot-starter-logging-3.4.1.jar:/home/anshuman.pandey/.m2/repository/org/apache/logging/log4j/log4j-to-slf4j/2.24.3/log4j-to-slf4j-2.24.3.jar:/home/anshuman.pandey/.m2/repository/org/apache/logging/log4j/log4j-api/2.24.3/log4j-api-2.24.3.jar:/home/anshuman.pandey/.m2/repository/org/slf4j/jul-to-slf4j/2.0.16/jul-to-slf4j-2.0.16.jar:/home/anshuman.pandey/.m2/repository/jakarta/annotation/jakarta.annotation-api/2.1.1/jakarta.annotation-api-2.1.1.jar:/home/anshuman.pandey/.m2/repository/org/yaml/snakeyaml/2.3/snakeyaml-2.3.jar:/home/anshuman.pandey/.m2/repository/org/springframework/boot/spring-boot-starter-jdbc/3.4.1/spring-boot-starter-jdbc-3.4.1.jar:/home/anshuman.pandey/.m2/repository/com/zaxxer/HikariCP/5.1.0/HikariCP-5.1.0.jar:/home/anshuman.pandey/.m2/repository/org/springframework/spring-jdbc/6.2.1/spring-jdbc-6.2.1.jar:/home/anshuman.pandey/.m2/repository/org/hibernate/orm/hibernate-core/6.6.4.Final/hibernate-core-6.6.4.Final.jar:/home/anshuman.pandey/.m2/repository/jakarta/persistence/jakarta.persistence-api/3.1.0/jakarta.persistence-api-3.1.0.jar:/home/anshuman.pandey/.m2/repository/jakarta/transaction/jakarta.transaction-api/2.0.1/jakarta.transaction-api-2.0.1.jar:/home/anshuman.pandey/.m2/repository/org/jboss/logging/jboss-logging/3.6.1.Final/jboss-logging-3.6.1.Final.jar:/home/anshuman.pandey/.m2/repository/org/hibernate/common/hibernate-commons-annotations/7.0.3.Final/hibernate-commons-annotations-7.0.3.Final.jar:/home/anshuman.pandey/.m2/repository/io/smallrye/jandex/3.2.0/jandex-3.2.0.jar:/home/anshuman.pandey/.m2/repository/com/fasterxml/classmate/1.7.0/classmate-1.7.0.jar:/home/anshuman.pandey/.m2/repository/net/bytebuddy/byte-buddy/1.15.11/byte-buddy-1.15.11.jar:/home/anshuman.pandey/.m2/repository/org/glassfish/jaxb/jaxb-runtime/4.0.5/jaxb-runtime-4.0.5.jar:/home/anshuman.pandey/.m2/repository/org/glassfish/jaxb/jaxb-core/4.0.5/jaxb-core-4.0.5.jar:/home/anshuman.pandey/.m2/repository/org/eclipse/angus/angus-activation/2.0.2/angus-activation-2.0.2.jar:/home/anshuman.pandey/.m2/repository/org/glassfish/jaxb/txw2/4.0.5/txw2-4.0.5.jar:/home/anshuman.pandey/.m2/repository/com/sun/istack/istack-commons-runtime/4.1.2/istack-commons-runtime-4.1.2.jar:/home/anshuman.pandey/.m2/repository/jakarta/inject/jakarta.inject-api/2.0.1/jakarta.inject-api-2.0.1.jar:/home/anshuman.pandey/.m2/repository/org/antlr/antlr4-runtime/4.13.0/antlr4-runtime-4.13.0.jar:/home/anshuman.pandey/.m2/repository/org/springframework/data/spring-data-jpa/3.4.1/spring-data-jpa-3.4.1.jar:/home/anshuman.pandey/.m2/repository/org/springframework/data/spring-data-commons/3.4.1/spring-data-commons-3.4.1.jar:/home/anshuman.pandey/.m2/repository/org/springframework/spring-orm/6.2.1/spring-orm-6.2.1.jar:/home/anshuman.pandey/.m2/repository/org/springframework/spring-aop/6.2.1/spring-aop-6.2.1.jar:/home/anshuman.pandey/.m2/repository/org/springframework/spring-beans/6.2.1/spring-beans-6.2.1.jar:/home/anshuman.pandey/.m2/repository/org/slf4j/slf4j-api/2.0.16/slf4j-api-2.0.16.jar:/home/anshuman.pandey/.m2/repository/org/springframework/spring-aspects/6.2.1/spring-aspects-6.2.1.jar:/home/anshuman.pandey/.m2/repository/org/aspectj/aspectjweaver/1.9.22.1/aspectjweaver-1.9.22.1.jar:/home/anshuman.pandey/.m2/repository/org/springframework/boot/spring-boot-starter-web/3.4.1/spring-boot-starter-web-3.4.1.jar:/home/anshuman.pandey/.m2/repository/org/springframework/boot/spring-boot-starter-json/3.4.1/spring-boot-starter-json-3.4.1.jar:/home/anshuman.pandey/.m2/repository/com/fasterxml/jackson/core/jackson-databind/2.18.2/jackson-databind-2.18.2.jar:/home/anshuman.pandey/.m2/repository/com/fasterxml/jackson/core/jackson-annotations/2.18.2/jackson-annotations-2.18.2.jar:/home/anshuman.pandey/.m2/repository/com/fasterxml/jackson/core/jackson-core/2.18.2/jackson-core-2.18.2.jar:/home/anshuman.pandey/.m2/repository/com/fasterxml/jackson/datatype/jackson-datatype-jdk8/2.18.2/jackson-datatype-jdk8-2.18.2.jar:/home/anshuman.pandey/.m2/repository/com/fasterxml/jackson/datatype/jackson-datatype-jsr310/2.18.2/jackson-datatype-jsr310-2.18.2.jar:/home/anshuman.pandey/.m2/repository/com/fasterxml/jackson/module/jackson-module-parameter-names/2.18.2/jackson-module-parameter-names-2.18.2.jar:/home/anshuman.pandey/.m2/repository/org/springframework/boot/spring-boot-starter-tomcat/3.4.1/spring-boot-starter-tomcat-3.4.1.jar:/home/anshuman.pandey/.m2/repository/org/apache/tomcat/embed/tomcat-embed-core/10.1.34/tomcat-embed-core-10.1.34.jar:/home/anshuman.pandey/.m2/repository/org/apache/tomcat/embed/tomcat-embed-websocket/10.1.34/tomcat-embed-websocket-10.1.34.jar:/home/anshuman.pandey/.m2/repository/org/springframework/spring-web/6.2.1/spring-web-6.2.1.jar:/home/anshuman.pandey/.m2/repository/org/springframework/spring-webmvc/6.2.1/spring-webmvc-6.2.1.jar:/home/anshuman.pandey/.m2/repository/org/springframework/spring-expression/6.2.1/spring-expression-6.2.1.jar:/home/anshuman.pandey/.m2/repository/org/springframework/kafka/spring-kafka/3.3.1/spring-kafka-3.3.1.jar:/home/anshuman.pandey/.m2/repository/org/springframework/spring-context/6.2.1/spring-context-6.2.1.jar:/home/anshuman.pandey/.m2/repository/org/springframework/spring-messaging/6.2.1/spring-messaging-6.2.1.jar:/home/anshuman.pandey/.m2/repository/org/springframework/spring-tx/6.2.1/spring-tx-6.2.1.jar:/home/anshuman.pandey/.m2/repository/org/springframework/retry/spring-retry/2.0.11/spring-retry-2.0.11.jar:/home/anshuman.pandey/.m2/repository/org/apache/kafka/kafka-clients/3.8.1/kafka-clients-3.8.1.jar:/home/anshuman.pandey/.m2/repository/com/github/luben/zstd-jni/1.5.6-4/zstd-jni-1.5.6-4.jar:/home/anshuman.pandey/.m2/repository/org/lz4/lz4-java/1.8.0/lz4-java-1.8.0.jar:/home/anshuman.pandey/.m2/repository/org/xerial/snappy/snappy-java/1.1.10.5/snappy-java-1.1.10.5.jar:/home/anshuman.pandey/.m2/repository/io/micrometer/micrometer-observation/1.14.2/micrometer-observation-1.14.2.jar:/home/anshuman.pandey/.m2/repository/io/micrometer/micrometer-commons/1.14.2/micrometer-commons-1.14.2.jar:/home/anshuman.pandey/.m2/repository/org/springframework/boot/spring-boot-starter-validation/3.4.1/spring-boot-starter-validation-3.4.1.jar:/home/anshuman.pandey/.m2/repository/org/apache/tomcat/embed/tomcat-embed-el/10.1.34/tomcat-embed-el-10.1.34.jar:/home/anshuman.pandey/.m2/repository/org/hibernate/validator/hibernate-validator/8.0.2.Final/hibernate-validator-8.0.2.Final.jar:/home/anshuman.pandey/.m2/repository/jakarta/validation/jakarta.validation-api/3.0.2/jakarta.validation-api-3.0.2.jar:/home/anshuman.pandey/.m2/repository/com/mysql/mysql-connector-j/9.1.0/mysql-connector-j-9.1.0.jar:/home/anshuman.pandey/.m2/repository/org/springframework/boot/spring-boot-starter-test/3.4.1/spring-boot-starter-test-3.4.1.jar:/home/anshuman.pandey/.m2/repository/org/springframework/boot/spring-boot-test/3.4.1/spring-boot-test-3.4.1.jar:/home/anshuman.pandey/.m2/repository/org/springframework/boot/spring-boot-test-autoconfigure/3.4.1/spring-boot-test-autoconfigure-3.4.1.jar:/home/anshuman.pandey/.m2/repository/com/jayway/jsonpath/json-path/2.9.0/json-path-2.9.0.jar:/home/anshuman.pandey/.m2/repository/jakarta/xml/bind/jakarta.xml.bind-api/4.0.2/jakarta.xml.bind-api-4.0.2.jar:/home/anshuman.pandey/.m2/repository/jakarta/activation/jakarta.activation-api/2.1.3/jakarta.activation-api-2.1.3.jar:/home/anshuman.pandey/.m2/repository/net/minidev/json-smart/2.5.1/json-smart-2.5.1.jar:/home/anshuman.pandey/.m2/repository/net/minidev/accessors-smart/2.5.1/accessors-smart-2.5.1.jar:/home/anshuman.pandey/.m2/repository/org/ow2/asm/asm/9.6/asm-9.6.jar:/home/anshuman.pandey/.m2/repository/org/assertj/assertj-core/3.26.3/assertj-core-3.26.3.jar:/home/anshuman.pandey/.m2/repository/org/awaitility/awaitility/4.2.2/awaitility-4.2.2.jar:/home/anshuman.pandey/.m2/repository/org/hamcrest/hamcrest/2.2/hamcrest-2.2.jar:/home/anshuman.pandey/.m2/repository/org/junit/jupiter/junit-jupiter/5.11.4/junit-jupiter-5.11.4.jar:/home/anshuman.pandey/.m2/repository/org/junit/jupiter/junit-jupiter-params/5.11.4/junit-jupiter-params-5.11.4.jar:/home/anshuman.pandey/.m2/repository/org/junit/jupiter/junit-jupiter-engine/5.11.4/junit-jupiter-engine-5.11.4.jar:/home/anshuman.pandey/.m2/repository/org/mockito/mockito-core/5.14.2/mockito-core-5.14.2.jar:/home/anshuman.pandey/.m2/repository/net/bytebuddy/byte-buddy-agent/1.15.11/byte-buddy-agent-1.15.11.jar:/home/anshuman.pandey/.m2/repository/org/objenesis/objenesis/3.3/objenesis-3.3.jar:/home/anshuman.pandey/.m2/repository/org/mockito/mockito-junit-jupiter/5.14.2/mockito-junit-jupiter-5.14.2.jar:/home/anshuman.pandey/.m2/repository/org/skyscreamer/jsonassert/1.5.3/jsonassert-1.5.3.jar:/home/anshuman.pandey/.m2/repository/com/vaadin/external/google/android-json/0.0.20131108.vaadin1/android-json-0.0.20131108.vaadin1.jar:/home/anshuman.pandey/.m2/repository/org/springframework/spring-core/6.2.1/spring-core-6.2.1.jar:/home/anshuman.pandey/.m2/repository/org/springframework/spring-jcl/6.2.1/spring-jcl-6.2.1.jar:/home/anshuman.pandey/.m2/repository/org/springframework/spring-test/6.2.1/spring-test-6.2.1.jar:/home/anshuman.pandey/.m2/repository/org/xmlunit/xmlunit-core/2.10.0/xmlunit-core-2.10.0.jar:/home/anshuman.pandey/.m2/repository/org/springframework/boot/spring-boot-starter-data-redis/3.4.1/spring-boot-starter-data-redis-3.4.1.jar:/home/anshuman.pandey/.m2/repository/io/lettuce/lettuce-core/6.4.1.RELEASE/lettuce-core-6.4.1.RELEASE.jar:/home/anshuman.pandey/.m2/repository/io/netty/netty-common/4.1.116.Final/netty-common-4.1.116.Final.jar:/home/anshuman.pandey/.m2/repository/io/netty/netty-handler/4.1.116.Final/netty-handler-4.1.116.Final.jar:/home/anshuman.pandey/.m2/repository/io/netty/netty-resolver/4.1.116.Final/netty-resolver-4.1.116.Final.jar:/home/anshuman.pandey/.m2/repository/io/netty/netty-buffer/4.1.116.Final/netty-buffer-4.1.116.Final.jar:/home/anshuman.pandey/.m2/repository/io/netty/netty-transport-native-unix-common/4.1.116.Final/netty-transport-native-unix-common-4.1.116.Final.jar:/home/anshuman.pandey/.m2/repository/io/netty/netty-codec/4.1.116.Final/netty-codec-4.1.116.Final.jar:/home/anshuman.pandey/.m2/repository/io/netty/netty-transport/4.1.116.Final/netty-transport-4.1.116.Final.jar:/home/anshuman.pandey/.m2/repository/io/projectreactor/reactor-core/3.7.1/reactor-core-3.7.1.jar:/home/anshuman.pandey/.m2/repository/org/reactivestreams/reactive-streams/1.0.4/reactive-streams-1.0.4.jar:/home/anshuman.pandey/.m2/repository/org/springframework/data/spring-data-redis/3.4.1/spring-data-redis-3.4.1.jar:/home/anshuman.pandey/.m2/repository/org/springframework/data/spring-data-keyvalue/3.4.1/spring-data-keyvalue-3.4.1.jar:/home/anshuman.pandey/.m2/repository/org/springframework/spring-oxm/6.2.1/spring-oxm-6.2.1.jar:/home/anshuman.pandey/.m2/repository/org/springframework/spring-context-support/6.2.1/spring-context-support-6.2.1.jar:/home/anshuman.pandey/.m2/repository/org/springframework/kafka/spring-kafka-test/3.3.1/spring-kafka-test-3.3.1.jar:/home/anshuman.pandey/.m2/repository/org/apache/zookeeper/zookeeper/3.8.4/zookeeper-3.8.4.jar:/home/anshuman.pandey/.m2/repository/org/apache/zookeeper/zookeeper-jute/3.8.4/zookeeper-jute-3.8.4.jar:/home/anshuman.pandey/.m2/repository/org/apache/yetus/audience-annotations/0.12.0/audience-annotations-0.12.0.jar:/home/anshuman.pandey/.m2/repository/io/netty/netty-transport-native-epoll/4.1.116.Final/netty-transport-native-epoll-4.1.116.Final.jar:/home/anshuman.pandey/.m2/repository/io/netty/netty-transport-classes-epoll/4.1.116.Final/netty-transport-classes-epoll-4.1.116.Final.jar:/home/anshuman.pandey/.m2/repository/ch/qos/logback/logback-core/1.5.12/logback-core-1.5.12.jar:/home/anshuman.pandey/.m2/repository/ch/qos/logback/logback-classic/1.5.12/logback-classic-1.5.12.jar:/home/anshuman.pandey/.m2/repository/commons-io/commons-io/2.11.0/commons-io-2.11.0.jar:/home/anshuman.pandey/.m2/repository/org/apache/kafka/kafka-clients/3.8.1/kafka-clients-3.8.1-test.jar:/home/anshuman.pandey/.m2/repository/org/apache/kafka/kafka-server/3.8.1/kafka-server-3.8.1.jar:/home/anshuman.pandey/.m2/repository/org/apache/kafka/kafka-group-coordinator/3.8.1/kafka-group-coordinator-3.8.1.jar:/home/anshuman.pandey/.m2/repository/org/apache/kafka/kafka-transaction-coordinator/3.8.1/kafka-transaction-coordinator-3.8.1.jar:/home/anshuman.pandey/.m2/repository/org/apache/kafka/kafka-raft/3.8.1/kafka-raft-3.8.1.jar:/home/anshuman.pandey/.m2/repository/com/yammer/metrics/metrics-core/2.2.0/metrics-core-2.2.0.jar:/home/anshuman.pandey/.m2/repository/org/apache/kafka/kafka-metadata/3.8.1/kafka-metadata-3.8.1.jar:/home/anshuman.pandey/.m2/repository/org/apache/kafka/kafka-server-common/3.8.1/kafka-server-common-3.8.1.jar:/home/anshuman.pandey/.m2/repository/net/sf/jopt-simple/jopt-simple/5.0.4/jopt-simple-5.0.4.jar:/home/anshuman.pandey/.m2/repository/org/pcollections/pcollections/4.0.1/pcollections-4.0.1.jar:/home/anshuman.pandey/.m2/repository/org/apache/kafka/kafka-server-common/3.8.1/kafka-server-common-3.8.1-test.jar:/home/anshuman.pandey/.m2/repository/org/apache/kafka/kafka-streams-test-utils/3.8.1/kafka-streams-test-utils-3.8.1.jar:/home/anshuman.pandey/.m2/repository/org/apache/kafka/kafka-streams/3.8.1/kafka-streams-3.8.1.jar:/home/anshuman.pandey/.m2/repository/org/rocksdb/rocksdbjni/7.9.2/rocksdbjni-7.9.2.jar:/home/anshuman.pandey/.m2/repository/org/apache/kafka/kafka_2.13/3.8.1/kafka_2.13-3.8.1.jar:/home/anshuman.pandey/.m2/repository/org/scala-lang/scala-library/2.13.14/scala-library-2.13.14.jar:/home/anshuman.pandey/.m2/repository/org/apache/kafka/kafka-group-coordinator-api/3.8.1/kafka-group-coordinator-api-3.8.1.jar:/home/anshuman.pandey/.m2/repository/org/apache/kafka/kafka-storage-api/3.8.1/kafka-storage-api-3.8.1.jar:/home/anshuman.pandey/.m2/repository/org/apache/kafka/kafka-tools-api/3.8.1/kafka-tools-api-3.8.1.jar:/home/anshuman.pandey/.m2/repository/org/apache/kafka/kafka-storage/3.8.1/kafka-storage-3.8.1.jar:/home/anshuman.pandey/.m2/repository/com/github/ben-manes/caffeine/caffeine/3.1.8/caffeine-3.1.8.jar:/home/anshuman.pandey/.m2/repository/org/checkerframework/checker-qual/3.37.0/checker-qual-3.37.0.jar:/home/anshuman.pandey/.m2/repository/com/google/errorprone/error_prone_annotations/2.21.1/error_prone_annotations-2.21.1.jar:/home/anshuman.pandey/.m2/repository/net/sourceforge/argparse4j/argparse4j/0.7.0/argparse4j-0.7.0.jar:/home/anshuman.pandey/.m2/repository/commons-validator/commons-validator/1.7/commons-validator-1.7.jar:/home/anshuman.pandey/.m2/repository/commons-beanutils/commons-beanutils/1.9.4/commons-beanutils-1.9.4.jar:/home/anshuman.pandey/.m2/repository/commons-digester/commons-digester/2.1/commons-digester-2.1.jar:/home/anshuman.pandey/.m2/repository/commons-collections/commons-collections/3.2.2/commons-collections-3.2.2.jar:/home/anshuman.pandey/.m2/repository/com/fasterxml/jackson/module/jackson-module-scala_2.13/2.18.2/jackson-module-scala_2.13-2.18.2.jar:/home/anshuman.pandey/.m2/repository/com/thoughtworks/paranamer/paranamer/2.8/paranamer-2.8.jar:/home/anshuman.pandey/.m2/repository/com/fasterxml/jackson/dataformat/jackson-dataformat-csv/2.18.2/jackson-dataformat-csv-2.18.2.jar:/home/anshuman.pandey/.m2/repository/org/bitbucket/b_c/jose4j/0.9.4/jose4j-0.9.4.jar:/home/anshuman.pandey/.m2/repository/org/scala-lang/modules/scala-collection-compat_2.13/2.10.0/scala-collection-compat_2.13-2.10.0.jar:/home/anshuman.pandey/.m2/repository/org/scala-lang/modules/scala-java8-compat_2.13/1.0.2/scala-java8-compat_2.13-1.0.2.jar:/home/anshuman.pandey/.m2/repository/org/scala-lang/scala-reflect/2.13.14/scala-reflect-2.13.14.jar:/home/anshuman.pandey/.m2/repository/com/typesafe/scala-logging/scala-logging_2.13/3.9.4/scala-logging_2.13-3.9.4.jar:/home/anshuman.pandey/.m2/repository/io/dropwizard/metrics/metrics-core/4.1.12.1/metrics-core-4.1.12.1.jar:/home/anshuman.pandey/.m2/repository/commons-cli/commons-cli/1.4/commons-cli-1.4.jar:/home/anshuman.pandey/.m2/repository/org/apache/kafka/kafka_2.13/3.8.1/kafka_2.13-3.8.1-test.jar:/home/anshuman.pandey/.m2/repository/org/junit/jupiter/junit-jupiter-api/5.11.4/junit-jupiter-api-5.11.4.jar:/home/anshuman.pandey/.m2/repository/org/opentest4j/opentest4j/1.3.0/opentest4j-1.3.0.jar:/home/anshuman.pandey/.m2/repository/org/junit/platform/junit-platform-commons/1.11.4/junit-platform-commons-1.11.4.jar:/home/anshuman.pandey/.m2/repository/org/apiguardian/apiguardian-api/1.1.2/apiguardian-api-1.1.2.jar:/home/anshuman.pandey/.m2/repository/org/junit/platform/junit-platform-launcher/1.11.4/junit-platform-launcher-1.11.4.jar:/home/anshuman.pandey/.m2/repository/org/junit/platform/junit-platform-engine/1.11.4/junit-platform-engine-1.11.4.jar:"/>
    <property name="sun.cpu.endian" value="little"/>
    <property name="user.home" value="/home/anshuman.pandey"/>
    <property name="user.language" value="en"/>
    <property name="java.specification.vendor" value="Oracle Corporation"/>
    <property name="java.version.date" value="2024-10-15"/>
    <property name="java.home" value="/home/anshuman.pandey/.jdks/corretto-17.0.13"/>
    <property name="file.separator" value="/"/>
    <property name="basedir" value="/home/anshuman.pandey/adjetterMicroservice/Crud_KR"/>
    <property name="java.vm.compressedOopsMode" value="Zero based"/>
    <property name="line.separator" value="&#10;"/>
    <property name="java.vm.specification.vendor" value="Oracle Corporation"/>
    <property name="java.specification.name" value="Java Platform API Specification"/>
    <property name="FILE_LOG_CHARSET" value="UTF-8"/>
    <property name="java.awt.headless" value="true"/>
    <property name="surefire.real.class.path" value="/home/anshuman.pandey/adjetterMicroservice/Crud_KR/target/surefire/surefirebooter-20241227180944200_3.jar"/>
    <property name="sun.management.compiler" value="HotSpot 64-Bit Tiered Compilers"/>
    <property name="java.runtime.version" value="17.0.13+11-LTS"/>
    <property name="user.name" value="anshuman.pandey"/>
    <property name="path.separator" value=":"/>
    <property name="os.version" value="6.8.0-49-generic"/>
    <property name="java.runtime.name" value="OpenJDK Runtime Environment"/>
    <property name="file.encoding" value="UTF-8"/>
    <property name="java.vm.name" value="OpenJDK 64-Bit Server VM"/>
    <property name="java.vendor.version" value="Corretto-17.0.13.11.1"/>
    <property name="LOG_FILE" value="logs/application.log"/>
    <property name="localRepository" value="/home/anshuman.pandey/.m2/repository"/>
    <property name="java.vendor.url.bug" value="https://github.com/corretto/corretto-17/issues/"/>
    <property name="java.io.tmpdir" value="/tmp"/>
    <property name="idea.version" value="2024.3.1"/>
    <property name="com.zaxxer.hikari.pool_number" value="1"/>
    <property name="java.version" value="17.0.13"/>
    <property name="user.dir" value="/home/anshuman.pandey/adjetterMicroservice/Crud_KR"/>
    <property name="os.arch" value="amd64"/>
    <property name="java.vm.specification.name" value="Java Virtual Machine Specification"/>
    <property name="PID" value="139594"/>
    <property name="CONSOLE_LOG_CHARSET" value="UTF-8"/>
    <property name="native.encoding" value="UTF-8"/>
    <property name="java.library.path" value="/usr/java/packages/lib:/usr/lib64:/lib64:/lib:/usr/lib"/>
    <property name="java.vm.info" value="mixed mode, sharing"/>
    <property name="java.vendor" value="Amazon.com Inc."/>
    <property name="java.vm.version" value="17.0.13+11-LTS"/>
    <property name="java.specification.maintenance.version" value="1"/>
    <property name="sun.io.unicode.encoding" value="UnicodeLittle"/>
    <property name="java.class.version" value="61.0"/>
    <property name="LOGGED_APPLICATION_NAME" value="[Crud_KR] "/>
  </properties>
  <testcase name="contextLoads" classname="com.example.crud_kr.CrudKrApplicationTests" time="0.462">
    <system-out><![CDATA[18:09:44.918 [main] INFO org.springframework.test.context.support.AnnotationConfigContextLoaderUtils -- Could not detect default configuration classes for test class [com.example.crud_kr.CrudKrApplicationTests]: CrudKrApplicationTests does not declare any static, non-private, non-final, nested classes annotated with @Configuration.
18:09:45.015 [main] INFO org.springframework.boot.test.context.SpringBootTestContextBootstrapper -- Found @SpringBootConfiguration com.example.crud_kr.CrudKrApplication for test class com.example.crud_kr.CrudKrApplicationTests

  .   ____          _            __ _ _
 /\\ / ___'_ __ _ _(_)_ __  __ _ \ \ \ \
( ( )\___ | '_ | '_| | '_ \/ _` | \ \ \ \
 \\/  ___)| |_)| | | | | || (_| |  ) ) ) )
  '  |____| .__|_| |_|_| |_\__, | / / / /
 =========|_|==============|___/=/_/_/_/

 :: Spring Boot ::                (v3.4.1)

2024-12-27T18:09:45.376+05:30 DEBUG 139594 --- [Crud_KR] [kground-preinit] org.jboss.logging                        : Logging Provider: org.jboss.logging.Slf4jLoggerProvider found via system property
2024-12-27T18:09:45.382+05:30 DEBUG 139594 --- [Crud_KR] [kground-preinit] o.h.v.i.xml.config.ValidationXmlParser   : Trying to load META-INF/validation.xml for XML based Validator configuration.
2024-12-27T18:09:45.383+05:30 DEBUG 139594 --- [Crud_KR] [kground-preinit] o.h.v.i.xml.config.ResourceLoaderHelper  : Trying to load META-INF/validation.xml via TCCL
2024-12-27T18:09:45.384+05:30 DEBUG 139594 --- [Crud_KR] [kground-preinit] o.h.v.i.xml.config.ResourceLoaderHelper  : Trying to load META-INF/validation.xml via Hibernate Validator's class loader
2024-12-27T18:09:45.385+05:30 DEBUG 139594 --- [Crud_KR] [kground-preinit] o.h.v.i.xml.config.ValidationXmlParser   : No META-INF/validation.xml found. Using annotation based configuration only.
2024-12-27T18:09:45.389+05:30 DEBUG 139594 --- [Crud_KR] [kground-preinit] o.h.v.i.e.resolver.TraversableResolvers  : Found jakarta.persistence.Persistence on classpath containing 'getPersistenceUtil'. Assuming JPA 2 environment. Trying to instantiate JPA aware TraversableResolver
2024-12-27T18:09:45.390+05:30 DEBUG 139594 --- [Crud_KR] [kground-preinit] o.h.v.i.e.resolver.TraversableResolvers  : Instantiated JPA aware TraversableResolver of type org.hibernate.validator.internal.engine.resolver.JPATraversableResolver.
2024-12-27T18:09:45.409+05:30 DEBUG 139594 --- [Crud_KR] [kground-preinit] .h.v.m.ResourceBundleMessageInterpolator : Loaded expression factory via original TCCL
2024-12-27T18:09:45.413+05:30  INFO 139594 --- [Crud_KR] [           main] c.e.crud_kr.CrudKrApplicationTests       : Starting CrudKrApplicationTests using Java 17.0.13 with PID 139594 (started by anshuman.pandey in /home/anshuman.pandey/adjetterMicroservice/Crud_KR)
2024-12-27T18:09:45.413+05:30 DEBUG 139594 --- [Crud_KR] [           main] c.e.crud_kr.CrudKrApplicationTests       : Running with Spring Boot v3.4.1, Spring v6.2.1
2024-12-27T18:09:45.414+05:30  INFO 139594 --- [Crud_KR] [           main] c.e.crud_kr.CrudKrApplicationTests       : No active profile set, falling back to 1 default profile: "default"
2024-12-27T18:09:45.415+05:30 DEBUG 139594 --- [Crud_KR] [           main] o.s.boot.SpringApplication               : Loading source class com.example.crud_kr.CrudKrApplication
2024-12-27T18:09:45.442+05:30 DEBUG 139594 --- [Crud_KR] [           main] o.s.w.c.s.GenericWebApplicationContext   : Refreshing org.springframework.web.context.support.GenericWebApplicationContext@26f143ed
2024-12-27T18:09:45.458+05:30 DEBUG 139594 --- [Crud_KR] [           main] o.s.b.f.s.DefaultListableBeanFactory     : Creating shared instance of singleton bean 'org.springframework.context.annotation.internalConfigurationAnnotationProcessor'
2024-12-27T18:09:45.470+05:30 DEBUG 139594 --- [Crud_KR] [           main] o.s.b.f.s.DefaultListableBeanFactory     : Creating shared instance of singleton bean 'org.springframework.boot.autoconfigure.internalCachingMetadataReaderFactory'
2024-12-27T18:09:45.473+05:30 DEBUG 139594 --- [Crud_KR] [kground-preinit] .i.e.ValidatorFactoryConfigurationHelper : HV000252: Using org.hibernate.validator.internal.engine.DefaultPropertyNodeNameProvider as property node name provider.
2024-12-27T18:09:45.477+05:30 DEBUG 139594 --- [Crud_KR] [kground-preinit] .i.e.ValidatorFactoryConfigurationHelper : HV000234: Using org.hibernate.validator.messageinterpolation.ResourceBundleMessageInterpolator as ValidatorFactory-scoped message interpolator.
2024-12-27T18:09:45.477+05:30 DEBUG 139594 --- [Crud_KR] [kground-preinit] .i.e.ValidatorFactoryConfigurationHelper : HV000234: Using org.hibernate.validator.internal.engine.resolver.JPATraversableResolver as ValidatorFactory-scoped traversable resolver.
2024-12-27T18:09:45.477+05:30 DEBUG 139594 --- [Crud_KR] [kground-preinit] .i.e.ValidatorFactoryConfigurationHelper : HV000234: Using org.hibernate.validator.internal.util.ExecutableParameterNameProvider as ValidatorFactory-scoped parameter name provider.
2024-12-27T18:09:45.478+05:30 DEBUG 139594 --- [Crud_KR] [kground-preinit] .i.e.ValidatorFactoryConfigurationHelper : HV000234: Using org.hibernate.validator.internal.engine.DefaultClockProvider as ValidatorFactory-scoped clock provider.
2024-12-27T18:09:45.478+05:30 DEBUG 139594 --- [Crud_KR] [kground-preinit] .i.e.ValidatorFactoryConfigurationHelper : HV000234: Using org.hibernate.validator.internal.engine.scripting.DefaultScriptEvaluatorFactory as ValidatorFactory-scoped script evaluator factory.
2024-12-27T18:09:45.504+05:30 DEBUG 139594 --- [Crud_KR] [           main] o.s.c.a.ClassPathBeanDefinitionScanner   : Identified candidate component class: file [/home/anshuman.pandey/adjetterMicroservice/Crud_KR/target/classes/com/example/crud_kr/Configuration/RedisConfig.class]
2024-12-27T18:09:45.505+05:30 DEBUG 139594 --- [Crud_KR] [           main] o.s.c.a.ClassPathBeanDefinitionScanner   : Identified candidate component class: file [/home/anshuman.pandey/adjetterMicroservice/Crud_KR/target/classes/com/example/crud_kr/Configuration/WebConfig.class]
2024-12-27T18:09:45.519+05:30 DEBUG 139594 --- [Crud_KR] [           main] o.s.c.a.ClassPathBeanDefinitionScanner   : Identified candidate component class: file [/home/anshuman.pandey/adjetterMicroservice/Crud_KR/target/classes/com/example/crud_kr/Controller/CustomerController.class]
2024-12-27T18:09:45.520+05:30 DEBUG 139594 --- [Crud_KR] [           main] o.s.c.a.ClassPathBeanDefinitionScanner   : Identified candidate component class: file [/home/anshuman.pandey/adjetterMicroservice/Crud_KR/target/classes/com/example/crud_kr/DTO/CustomerDTO.class]
2024-12-27T18:09:45.522+05:30 DEBUG 139594 --- [Crud_KR] [           main] o.s.c.a.ClassPathBeanDefinitionScanner   : Identified candidate component class: file [/home/anshuman.pandey/adjetterMicroservice/Crud_KR/target/classes/com/example/crud_kr/Exception/ValidationExceptionHandler.class]
2024-12-27T18:09:45.526+05:30 DEBUG 139594 --- [Crud_KR] [           main] o.s.c.a.ClassPathBeanDefinitionScanner   : Ignored because not a concrete top-level class: file [/home/anshuman.pandey/adjetterMicroservice/Crud_KR/target/classes/com/example/crud_kr/Repository/CustomerRepository.class]
2024-12-27T18:09:45.528+05:30 DEBUG 139594 --- [Crud_KR] [           main] o.s.c.a.ClassPathBeanDefinitionScanner   : Identified candidate component class: file [/home/anshuman.pandey/adjetterMicroservice/Crud_KR/target/classes/com/example/crud_kr/Service/CustomerService.class]
2024-12-27T18:09:46.107+05:30  INFO 139594 --- [Crud_KR] [           main] .s.d.r.c.RepositoryConfigurationDelegate : Multiple Spring Data modules found, entering strict repository configuration mode
2024-12-27T18:09:46.109+05:30  INFO 139594 --- [Crud_KR] [           main] .s.d.r.c.RepositoryConfigurationDelegate : Bootstrapping Spring Data JPA repositories in DEFAULT mode.
2024-12-27T18:09:46.117+05:30 DEBUG 139594 --- [Crud_KR] [           main] o.s.b.f.s.DefaultListableBeanFactory     : Creating shared instance of singleton bean 'org.springframework.boot.autoconfigure.AutoConfigurationPackages'
2024-12-27T18:09:46.124+05:30 DEBUG 139594 --- [Crud_KR] [           main] o.s.b.a.AutoConfigurationPackages        : @EnableAutoConfiguration was declared on a class in the package 'com.example.crud_kr'. Automatic @Repository and @Entity scanning is enabled.
2024-12-27T18:09:46.126+05:30 DEBUG 139594 --- [Crud_KR] [           main] .s.d.r.c.RepositoryConfigurationDelegate : Scanning for JPA repositories in packages com.example.crud_kr.
2024-12-27T18:09:46.136+05:30 DEBUG 139594 --- [Crud_KR] [           main] o.s.d.r.c.RepositoryComponentProvider    : Identified candidate component class: file [/home/anshuman.pandey/adjetterMicroservice/Crud_KR/target/classes/com/example/crud_kr/Repository/CustomerRepository.class]
2024-12-27T18:09:46.247+05:30  INFO 139594 --- [Crud_KR] [           main] .s.d.r.c.RepositoryConfigurationDelegate : Finished Spring Data repository scanning in 119 ms. Found 1 JPA repository interface.
2024-12-27T18:09:46.268+05:30  INFO 139594 --- [Crud_KR] [           main] .s.d.r.c.RepositoryConfigurationDelegate : Multiple Spring Data modules found, entering strict repository configuration mode
2024-12-27T18:09:46.269+05:30  INFO 139594 --- [Crud_KR] [           main] .s.d.r.c.RepositoryConfigurationDelegate : Bootstrapping Spring Data Redis repositories in DEFAULT mode.
2024-12-27T18:09:46.279+05:30 DEBUG 139594 --- [Crud_KR] [           main] .s.d.r.c.RepositoryConfigurationDelegate : Scanning for Redis repositories in packages com.example.crud_kr.
2024-12-27T18:09:46.282+05:30 DEBUG 139594 --- [Crud_KR] [           main] o.s.d.r.c.RepositoryComponentProvider    : Identified candidate component class: file [/home/anshuman.pandey/adjetterMicroservice/Crud_KR/target/classes/com/example/crud_kr/Repository/CustomerRepository.class]
2024-12-27T18:09:46.285+05:30  INFO 139594 --- [Crud_KR] [           main] .RepositoryConfigurationExtensionSupport : Spring Data Redis - Could not safely identify store assignment for repository candidate interface com.example.crud_kr.Repository.CustomerRepository; If you want this repository to be a Redis repository, consider annotating your entities with one of these annotations: org.springframework.data.redis.core.RedisHash (preferred), or consider extending one of the following types with your repository: org.springframework.data.keyvalue.repository.KeyValueRepository
2024-12-27T18:09:46.286+05:30  INFO 139594 --- [Crud_KR] [           main] .s.d.r.c.RepositoryConfigurationDelegate : Finished Spring Data repository scanning in 6 ms. Found 0 Redis repository interfaces.
2024-12-27T18:09:46.485+05:30 DEBUG 139594 --- [Crud_KR] [           main] o.s.b.f.s.DefaultListableBeanFactory     : Creating shared instance of singleton bean 'propertySourcesPlaceholderConfigurer'
2024-12-27T18:09:46.491+05:30 DEBUG 139594 --- [Crud_KR] [           main] o.s.b.f.s.DefaultListableBeanFactory     : Creating shared instance of singleton bean 'org.springframework.boot.test.mock.mockito.MockitoPostProcessor'
2024-12-27T18:09:46.492+05:30 DEBUG 139594 --- [Crud_KR] [           main] o.s.b.f.s.DefaultListableBeanFactory     : Creating shared instance of singleton bean 'org.springframework.boot.autoconfigure.cache.CacheAutoConfiguration$CacheManagerEntityManagerFactoryDependsOnPostProcessor'
2024-12-27T18:09:46.493+05:30 DEBUG 139594 --- [Crud_KR] [           main] o.s.b.f.s.DefaultListableBeanFactory     : Creating shared instance of singleton bean 'emBeanDefinitionRegistrarPostProcessor'
2024-12-27T18:09:46.493+05:30 DEBUG 139594 --- [Crud_KR] [           main] o.s.b.f.s.DefaultListableBeanFactory     : Creating shared instance of singleton bean 'org.springframework.boot.sql.init.dependency.DatabaseInitializationDependencyConfigurer$DependsOnDatabaseInitializationPostProcessor'
2024-12-27T18:09:46.537+05:30 DEBUG 139594 --- [Crud_KR] [           main] o.s.b.f.s.DefaultListableBeanFactory     : Creating shared instance of singleton bean 'org.springframework.context.event.internalEventListenerProcessor'
2024-12-27T18:09:46.539+05:30 DEBUG 139594 --- [Crud_KR] [           main] o.s.b.f.s.DefaultListableBeanFactory     : Creating shared instance of singleton bean 'preserveErrorControllerTargetClassPostProcessor'
2024-12-27T18:09:46.540+05:30 DEBUG 139594 --- [Crud_KR] [           main] o.s.b.f.s.DefaultListableBeanFactory     : Creating shared instance of singleton bean 'org.springframework.context.event.internalEventListenerFactory'
2024-12-27T18:09:46.541+05:30 DEBUG 139594 --- [Crud_KR] [           main] o.s.b.f.s.DefaultListableBeanFactory     : Creating shared instance of singleton bean 'org.springframework.transaction.config.internalTransactionalEventListenerFactory'
2024-12-27T18:09:46.544+05:30 DEBUG 139594 --- [Crud_KR] [           main] o.s.b.f.s.DefaultListableBeanFactory     : Creating shared instance of singleton bean 'org.springframework.boot.test.mock.mockito.MockitoPostProcessor$SpyPostProcessor'
2024-12-27T18:09:46.545+05:30 DEBUG 139594 --- [Crud_KR] [           main] o.s.b.f.s.DefaultListableBeanFactory     : Creating shared instance of singleton bean 'org.springframework.context.annotation.internalAutowiredAnnotationProcessor'
2024-12-27T18:09:46.547+05:30 DEBUG 139594 --- [Crud_KR] [           main] o.s.b.f.s.DefaultListableBeanFactory     : Creating shared instance of singleton bean 'org.springframework.context.annotation.internalCommonAnnotationProcessor'
2024-12-27T18:09:46.550+05:30 DEBUG 139594 --- [Crud_KR] [           main] o.s.b.f.s.DefaultListableBeanFactory     : Creating shared instance of singleton bean 'org.springframework.context.annotation.internalPersistenceAnnotationProcessor'
2024-12-27T18:09:46.551+05:30 DEBUG 139594 --- [Crud_KR] [           main] o.s.b.f.s.DefaultListableBeanFactory     : Creating shared instance of singleton bean 'org.springframework.boot.context.properties.ConfigurationPropertiesBindingPostProcessor'
2024-12-27T18:09:46.551+05:30 DEBUG 139594 --- [Crud_KR] [           main] o.s.b.f.s.DefaultListableBeanFactory     : Creating shared instance of singleton bean 'org.springframework.boot.context.internalConfigurationPropertiesBinder'
2024-12-27T18:09:46.553+05:30 DEBUG 139594 --- [Crud_KR] [           main] o.s.b.f.s.DefaultListableBeanFactory     : Creating shared instance of singleton bean 'jdbcConnectionDetailsHikariBeanPostProcessor'
2024-12-27T18:09:46.556+05:30 DEBUG 139594 --- [Crud_KR] [           main] o.s.b.f.s.DefaultListableBeanFactory     : Creating shared instance of singleton bean 'org.springframework.aop.config.internalAutoProxyCreator'
2024-12-27T18:09:46.571+05:30 DEBUG 139594 --- [Crud_KR] [           main] o.s.b.f.s.DefaultListableBeanFactory     : Creating shared instance of singleton bean 'methodValidationPostProcessor'
2024-12-27T18:09:46.573+05:30 DEBUG 139594 --- [Crud_KR] [           main] o.s.b.f.s.DefaultListableBeanFactory     : Autowiring by type from bean name 'methodValidationPostProcessor' via factory method to bean named 'environment'
2024-12-27T18:09:46.581+05:30 DEBUG 139594 --- [Crud_KR] [           main] o.s.b.f.s.DefaultListableBeanFactory     : Creating shared instance of singleton bean 'org.springframework.boot.context.properties.EnableConfigurationPropertiesRegistrar.methodValidationExcludeFilter'
2024-12-27T18:09:46.594+05:30 DEBUG 139594 --- [Crud_KR] [           main] o.s.b.f.s.DefaultListableBeanFactory     : Creating shared instance of singleton bean 'persistenceExceptionTranslationPostProcessor'
2024-12-27T18:09:46.595+05:30 DEBUG 139594 --- [Crud_KR] [           main] o.s.b.f.s.DefaultListableBeanFactory     : Autowiring by type from bean name 'persistenceExceptionTranslationPostProcessor' via factory method to bean named 'environment'
2024-12-27T18:09:46.598+05:30 DEBUG 139594 --- [Crud_KR] [           main] o.s.b.f.s.DefaultListableBeanFactory     : Creating shared instance of singleton bean 'org.springframework.kafka.config.internalKafkaListenerAnnotationProcessor'
2024-12-27T18:09:46.605+05:30 DEBUG 139594 --- [Crud_KR] [           main] o.s.b.f.s.DefaultListableBeanFactory     : Creating shared instance of singleton bean 'webServerFactoryCustomizerBeanPostProcessor'
2024-12-27T18:09:46.606+05:30 DEBUG 139594 --- [Crud_KR] [           main] o.s.b.f.s.DefaultListableBeanFactory     : Creating shared instance of singleton bean 'errorPageRegistrarBeanPostProcessor'
2024-12-27T18:09:46.607+05:30 DEBUG 139594 --- [Crud_KR] [           main] o.s.b.f.s.DefaultListableBeanFactory     : Creating shared instance of singleton bean 'projectingArgumentResolverBeanPostProcessor'
2024-12-27T18:09:46.608+05:30 DEBUG 139594 --- [Crud_KR] [           main] o.s.b.f.s.DefaultListableBeanFactory     : Creating shared instance of singleton bean 'org.springframework.cache.config.internalCacheAdvisor'
2024-12-27T18:09:46.609+05:30 DEBUG 139594 --- [Crud_KR] [           main] o.s.b.f.s.DefaultListableBeanFactory     : Creating shared instance of singleton bean 'org.springframework.cache.annotation.ProxyCachingConfiguration'
2024-12-27T18:09:46.609+05:30 DEBUG 139594 --- [Crud_KR] [           main] o.s.b.f.s.DefaultListableBeanFactory     : Creating shared instance of singleton bean 'org.springframework.transaction.config.internalTransactionAdvisor'
2024-12-27T18:09:46.609+05:30 DEBUG 139594 --- [Crud_KR] [           main] o.s.b.f.s.DefaultListableBeanFactory     : Creating shared instance of singleton bean 'org.springframework.transaction.annotation.ProxyTransactionManagementConfiguration'
2024-12-27T18:09:46.620+05:30 DEBUG 139594 --- [Crud_KR] [           main] o.s.b.f.s.DefaultListableBeanFactory     : Creating shared instance of singleton bean 'transactionAttributeSource'
2024-12-27T18:09:46.622+05:30 DEBUG 139594 --- [Crud_KR] [           main] o.s.b.f.s.DefaultListableBeanFactory     : Creating shared instance of singleton bean 'transactionInterceptor'
2024-12-27T18:09:46.622+05:30 DEBUG 139594 --- [Crud_KR] [           main] o.s.b.f.s.DefaultListableBeanFactory     : Autowiring by type from bean name 'transactionInterceptor' via factory method to bean named 'transactionAttributeSource'
2024-12-27T18:09:46.626+05:30 DEBUG 139594 --- [Crud_KR] [           main] o.s.b.f.s.DefaultListableBeanFactory     : Autowiring by type from bean name 'org.springframework.transaction.config.internalTransactionAdvisor' via factory method to bean named 'transactionAttributeSource'
2024-12-27T18:09:46.627+05:30 DEBUG 139594 --- [Crud_KR] [           main] o.s.b.f.s.DefaultListableBeanFactory     : Autowiring by type from bean name 'org.springframework.transaction.config.internalTransactionAdvisor' via factory method to bean named 'transactionInterceptor'
2024-12-27T18:09:46.633+05:30 DEBUG 139594 --- [Crud_KR] [           main] o.s.b.f.s.DefaultListableBeanFactory     : Creating shared instance of singleton bean 'cacheOperationSource'
2024-12-27T18:09:46.640+05:30 DEBUG 139594 --- [Crud_KR] [           main] o.s.b.f.s.DefaultListableBeanFactory     : Creating shared instance of singleton bean 'cacheInterceptor'
2024-12-27T18:09:46.640+05:30 DEBUG 139594 --- [Crud_KR] [           main] o.s.b.f.s.DefaultListableBeanFactory     : Autowiring by type from bean name 'cacheInterceptor' via factory method to bean named 'cacheOperationSource'
2024-12-27T18:09:46.647+05:30 DEBUG 139594 --- [Crud_KR] [           main] o.s.b.f.s.DefaultListableBeanFactory     : Autowiring by type from bean name 'org.springframework.cache.config.internalCacheAdvisor' via factory method to bean named 'cacheOperationSource'
2024-12-27T18:09:46.647+05:30 DEBUG 139594 --- [Crud_KR] [           main] o.s.b.f.s.DefaultListableBeanFactory     : Autowiring by type from bean name 'org.springframework.cache.config.internalCacheAdvisor' via factory method to bean named 'cacheInterceptor'
2024-12-27T18:09:46.711+05:30 DEBUG 139594 --- [Crud_KR] [           main] o.s.u.c.s.UiApplicationContextUtils      : Unable to locate ThemeSource with name 'themeSource': using default [org.springframework.ui.context.support.ResourceBundleThemeSource@4525e9e8]
2024-12-27T18:09:46.714+05:30 DEBUG 139594 --- [Crud_KR] [           main] o.s.b.f.s.DefaultListableBeanFactory     : Creating shared instance of singleton bean 'org.springframework.test.context.support.internalDynamicPropertyRegistrarBeanInitializer'
2024-12-27T18:09:46.717+05:30 DEBUG 139594 --- [Crud_KR] [           main] o.s.b.f.s.DefaultListableBeanFactory     : Creating shared instance of singleton bean 'cacheManager'
2024-12-27T18:09:46.717+05:30 DEBUG 139594 --- [Crud_KR] [           main] o.s.b.f.s.DefaultListableBeanFactory     : Creating shared instance of singleton bean 'org.springframework.boot.autoconfigure.cache.RedisCacheConfiguration'
2024-12-27T18:09:46.720+05:30 DEBUG 139594 --- [Crud_KR] [           main] o.s.b.f.s.DefaultListableBeanFactory     : Creating shared instance of singleton bean 'spring.cache-org.springframework.boot.autoconfigure.cache.CacheProperties'
2024-12-27T18:09:46.722+05:30 DEBUG 139594 --- [Crud_KR] [           main] o.s.b.f.s.DefaultListableBeanFactory     : Creating shared instance of singleton bean 'org.springframework.boot.context.properties.BoundConfigurationProperties'
2024-12-27T18:09:46.730+05:30 DEBUG 139594 --- [Crud_KR] [           main] o.s.b.f.s.DefaultListableBeanFactory     : Creating shared instance of singleton bean 'cacheManagerCustomizers'
2024-12-27T18:09:46.731+05:30 DEBUG 139594 --- [Crud_KR] [           main] o.s.b.f.s.DefaultListableBeanFactory     : Creating shared instance of singleton bean 'org.springframework.boot.autoconfigure.cache.CacheAutoConfiguration'
2024-12-27T18:09:46.734+05:30 DEBUG 139594 --- [Crud_KR] [           main] o.s.b.f.s.DefaultListableBeanFactory     : Creating shared instance of singleton bean 'redisConnectionFactory'
2024-12-27T18:09:46.734+05:30 DEBUG 139594 --- [Crud_KR] [           main] o.s.b.f.s.DefaultListableBeanFactory     : Creating shared instance of singleton bean 'org.springframework.boot.autoconfigure.data.redis.LettuceConnectionConfiguration'
2024-12-27T18:09:46.735+05:30 DEBUG 139594 --- [Crud_KR] [           main] o.s.b.f.s.DefaultListableBeanFactory     : Creating shared instance of singleton bean 'spring.data.redis-org.springframework.boot.autoconfigure.data.redis.RedisProperties'
2024-12-27T18:09:46.747+05:30 DEBUG 139594 --- [Crud_KR] [           main] o.s.b.f.s.DefaultListableBeanFactory     : Creating shared instance of singleton bean 'redisConnectionDetails'
2024-12-27T18:09:46.748+05:30 DEBUG 139594 --- [Crud_KR] [           main] o.s.b.f.s.DefaultListableBeanFactory     : Creating shared instance of singleton bean 'org.springframework.boot.autoconfigure.data.redis.RedisAutoConfiguration'
2024-12-27T18:09:46.750+05:30 DEBUG 139594 --- [Crud_KR] [           main] o.s.b.f.s.DefaultListableBeanFactory     : Autowiring by type from bean name 'redisConnectionDetails' via factory method to bean named 'spring.data.redis-org.springframework.boot.autoconfigure.data.redis.RedisProperties'
2024-12-27T18:09:46.753+05:30 DEBUG 139594 --- [Crud_KR] [           main] o.s.b.f.s.DefaultListableBeanFactory     : Autowiring by type from bean name 'org.springframework.boot.autoconfigure.data.redis.LettuceConnectionConfiguration' via constructor to bean named 'spring.data.redis-org.springframework.boot.autoconfigure.data.redis.RedisProperties'
2024-12-27T18:09:46.753+05:30 DEBUG 139594 --- [Crud_KR] [           main] o.s.b.f.s.DefaultListableBeanFactory     : Autowiring by type from bean name 'org.springframework.boot.autoconfigure.data.redis.LettuceConnectionConfiguration' via constructor to bean named 'redisConnectionDetails'
2024-12-27T18:09:46.755+05:30 DEBUG 139594 --- [Crud_KR] [           main] o.s.b.f.s.DefaultListableBeanFactory     : Creating shared instance of singleton bean 'sslBundleRegistry'
2024-12-27T18:09:46.756+05:30 DEBUG 139594 --- [Crud_KR] [           main] o.s.b.f.s.DefaultListableBeanFactory     : Creating shared instance of singleton bean 'org.springframework.boot.autoconfigure.ssl.SslAutoConfiguration'
2024-12-27T18:09:46.757+05:30 DEBUG 139594 --- [Crud_KR] [           main] o.s.b.f.s.DefaultListableBeanFactory     : Creating shared instance of singleton bean 'spring.ssl-org.springframework.boot.autoconfigure.ssl.SslProperties'
2024-12-27T18:09:46.759+05:30 DEBUG 139594 --- [Crud_KR] [           main] o.s.b.f.s.DefaultListableBeanFactory     : Autowiring by type from bean name 'org.springframework.boot.autoconfigure.ssl.SslAutoConfiguration' via constructor to bean named 'org.springframework.web.context.support.GenericWebApplicationContext@26f143ed'
2024-12-27T18:09:46.759+05:30 DEBUG 139594 --- [Crud_KR] [           main] o.s.b.f.s.DefaultListableBeanFactory     : Autowiring by type from bean name 'org.springframework.boot.autoconfigure.ssl.SslAutoConfiguration' via constructor to bean named 'spring.ssl-org.springframework.boot.autoconfigure.ssl.SslProperties'
2024-12-27T18:09:46.763+05:30 DEBUG 139594 --- [Crud_KR] [           main] o.s.b.f.s.DefaultListableBeanFactory     : Creating shared instance of singleton bean 'sslPropertiesSslBundleRegistrar'
2024-12-27T18:09:46.763+05:30 DEBUG 139594 --- [Crud_KR] [           main] o.s.b.f.s.DefaultListableBeanFactory     : Creating shared instance of singleton bean 'fileWatcher'
2024-12-27T18:09:46.765+05:30 DEBUG 139594 --- [Crud_KR] [           main] o.s.b.f.s.DefaultListableBeanFactory     : Autowiring by type from bean name 'sslPropertiesSslBundleRegistrar' via factory method to bean named 'fileWatcher'
2024-12-27T18:09:46.776+05:30 DEBUG 139594 --- [Crud_KR] [           main] o.s.b.f.s.DefaultListableBeanFactory     : Creating shared instance of singleton bean 'lettuceClientResources'
2024-12-27T18:09:46.781+05:30 DEBUG 139594 --- [Crud_KR] [           main] i.n.u.i.logging.InternalLoggerFactory    : Using SLF4J as the default logging framework
2024-12-27T18:09:46.786+05:30 DEBUG 139594 --- [Crud_KR] [           main] i.l.c.r.AddressResolverGroupProvider     : Starting without optional netty's non-blocking DNS resolver library
2024-12-27T18:09:46.787+05:30 DEBUG 139594 --- [Crud_KR] [           main] i.l.c.resource.DefaultClientResources    : -Dio.netty.eventLoopThreads: 16
2024-12-27T18:09:46.794+05:30 DEBUG 139594 --- [Crud_KR] [           main] i.l.c.r.DefaultEventLoopGroupProvider    : Creating executor io.netty.util.concurrent.DefaultEventExecutorGroup
2024-12-27T18:09:46.805+05:30 DEBUG 139594 --- [Crud_KR] [           main] i.n.util.concurrent.GlobalEventExecutor  : -Dio.netty.globalEventExecutor.quietPeriodSeconds: 1
2024-12-27T18:09:46.813+05:30 DEBUG 139594 --- [Crud_KR] [           main] i.n.u.internal.InternalThreadLocalMap    : -Dio.netty.threadLocalMap.stringBuilder.initialSize: 1024
2024-12-27T18:09:46.813+05:30 DEBUG 139594 --- [Crud_KR] [           main] i.n.u.internal.InternalThreadLocalMap    : -Dio.netty.threadLocalMap.stringBuilder.maxSize: 4096
2024-12-27T18:09:46.818+05:30 DEBUG 139594 --- [Crud_KR] [           main] io.netty.util.ResourceLeakDetector       : -Dio.netty.leakDetection.level: simple
2024-12-27T18:09:46.818+05:30 DEBUG 139594 --- [Crud_KR] [           main] io.netty.util.ResourceLeakDetector       : -Dio.netty.leakDetection.targetRecords: 4
2024-12-27T18:09:46.821+05:30 DEBUG 139594 --- [Crud_KR] [           main] i.n.util.ResourceLeakDetectorFactory     : Loaded default ResourceLeakDetector: io.netty.util.ResourceLeakDetector@4f081b5d
2024-12-27T18:09:46.841+05:30 DEBUG 139594 --- [Crud_KR] [           main] i.n.util.internal.PlatformDependent0     : -Dio.netty.noUnsafe: false
2024-12-27T18:09:46.842+05:30 DEBUG 139594 --- [Crud_KR] [           main] i.n.util.internal.PlatformDependent0     : Java version: 17
2024-12-27T18:09:46.843+05:30 DEBUG 139594 --- [Crud_KR] [           main] i.n.util.internal.PlatformDependent0     : sun.misc.Unsafe.theUnsafe: available
2024-12-27T18:09:46.844+05:30 DEBUG 139594 --- [Crud_KR] [           main] i.n.util.internal.PlatformDependent0     : sun.misc.Unsafe base methods: all available
2024-12-27T18:09:46.845+05:30 DEBUG 139594 --- [Crud_KR] [           main] i.n.util.internal.PlatformDependent0     : sun.misc.Unsafe.storeFence: available
2024-12-27T18:09:46.845+05:30 DEBUG 139594 --- [Crud_KR] [           main] i.n.util.internal.PlatformDependent0     : java.nio.Buffer.address: available
2024-12-27T18:09:46.845+05:30 DEBUG 139594 --- [Crud_KR] [           main] i.n.util.internal.PlatformDependent0     : direct buffer constructor: unavailable: Reflective setAccessible(true) disabled
2024-12-27T18:09:46.846+05:30 DEBUG 139594 --- [Crud_KR] [           main] i.n.util.internal.PlatformDependent0     : java.nio.Bits.unaligned: available, true
2024-12-27T18:09:46.847+05:30 DEBUG 139594 --- [Crud_KR] [           main] i.n.util.internal.PlatformDependent0     : jdk.internal.misc.Unsafe.allocateUninitializedArray(int): unavailable: class io.netty.util.internal.PlatformDependent0$7 cannot access class jdk.internal.misc.Unsafe (in module java.base) because module java.base does not export jdk.internal.misc to unnamed module @15ecfcb1
2024-12-27T18:09:46.848+05:30 DEBUG 139594 --- [Crud_KR] [           main] i.n.util.internal.PlatformDependent0     : java.nio.DirectByteBuffer.<init>(long, {int,long}): unavailable
2024-12-27T18:09:46.849+05:30 DEBUG 139594 --- [Crud_KR] [           main] i.netty.util.internal.PlatformDependent  : sun.misc.Unsafe: available
2024-12-27T18:09:46.849+05:30 DEBUG 139594 --- [Crud_KR] [           main] i.netty.util.internal.PlatformDependent  : -Dio.netty.tmpdir: /tmp (java.io.tmpdir)
2024-12-27T18:09:46.849+05:30 DEBUG 139594 --- [Crud_KR] [           main] i.netty.util.internal.PlatformDependent  : -Dio.netty.bitMode: 64 (sun.arch.data.model)
2024-12-27T18:09:46.851+05:30 DEBUG 139594 --- [Crud_KR] [           main] i.netty.util.internal.PlatformDependent  : -Dio.netty.maxDirectMemory: -1 bytes
2024-12-27T18:09:46.851+05:30 DEBUG 139594 --- [Crud_KR] [           main] i.netty.util.internal.PlatformDependent  : -Dio.netty.uninitializedArrayAllocationThreshold: -1
2024-12-27T18:09:46.852+05:30 DEBUG 139594 --- [Crud_KR] [           main] io.netty.util.internal.CleanerJava9      : java.nio.ByteBuffer.cleaner(): available
2024-12-27T18:09:46.852+05:30 DEBUG 139594 --- [Crud_KR] [           main] i.netty.util.internal.PlatformDependent  : -Dio.netty.noPreferDirect: false
2024-12-27T18:09:46.858+05:30 DEBUG 139594 --- [Crud_KR] [           main] i.netty.util.internal.PlatformDependent  : org.jctools-core.MpscChunkedArrayQueue: available
2024-12-27T18:09:46.865+05:30 DEBUG 139594 --- [Crud_KR] [           main] reactor.util.Loggers                     : Using Slf4j logging framework
2024-12-27T18:09:46.868+05:30 DEBUG 139594 --- [Crud_KR] [           main] i.l.core.event.jfr.EventRecorderHolder   : Starting with JFR support
2024-12-27T18:09:46.877+05:30 DEBUG 139594 --- [Crud_KR] [           main] i.l.c.resource.DefaultClientResources    : LatencyUtils/HdrUtils are not available, metrics are disabled
2024-12-27T18:09:46.882+05:30 DEBUG 139594 --- [Crud_KR] [           main] o.s.b.f.s.DefaultListableBeanFactory     : Autowiring by type from bean name 'redisConnectionFactory' via factory method to bean named 'lettuceClientResources'
2024-12-27T18:09:46.969+05:30 DEBUG 139594 --- [Crud_KR] [           main] o.s.b.f.s.DefaultListableBeanFactory     : Autowiring by type from bean name 'cacheManager' via factory method to bean named 'spring.cache-org.springframework.boot.autoconfigure.cache.CacheProperties'
2024-12-27T18:09:46.969+05:30 DEBUG 139594 --- [Crud_KR] [           main] o.s.b.f.s.DefaultListableBeanFactory     : Autowiring by type from bean name 'cacheManager' via factory method to bean named 'cacheManagerCustomizers'
2024-12-27T18:09:46.969+05:30 DEBUG 139594 --- [Crud_KR] [           main] o.s.b.f.s.DefaultListableBeanFactory     : Autowiring by type from bean name 'cacheManager' via factory method to bean named 'redisConnectionFactory'
2024-12-27T18:09:46.969+05:30 DEBUG 139594 --- [Crud_KR] [           main] o.s.b.f.s.DefaultListableBeanFactory     : Autowiring by type from bean name 'cacheManager' via factory method to bean named 'org.springframework.web.context.support.GenericWebApplicationContext@26f143ed'
2024-12-27T18:09:46.988+05:30 DEBUG 139594 --- [Crud_KR] [           main] o.s.b.f.s.DefaultListableBeanFactory     : Creating shared instance of singleton bean 'dataSourceScriptDatabaseInitializer'
2024-12-27T18:09:46.989+05:30 DEBUG 139594 --- [Crud_KR] [           main] o.s.b.f.s.DefaultListableBeanFactory     : Creating shared instance of singleton bean 'org.springframework.boot.autoconfigure.sql.init.DataSourceInitializationConfiguration'
2024-12-27T18:09:46.991+05:30 DEBUG 139594 --- [Crud_KR] [           main] o.s.b.f.s.DefaultListableBeanFactory     : Creating shared instance of singleton bean 'dataSource'
2024-12-27T18:09:46.991+05:30 DEBUG 139594 --- [Crud_KR] [           main] o.s.b.f.s.DefaultListableBeanFactory     : Creating shared instance of singleton bean 'org.springframework.boot.autoconfigure.jdbc.DataSourceConfiguration$Hikari'
2024-12-27T18:09:46.993+05:30 DEBUG 139594 --- [Crud_KR] [           main] o.s.b.f.s.DefaultListableBeanFactory     : Creating shared instance of singleton bean 'spring.datasource-org.springframework.boot.autoconfigure.jdbc.DataSourceProperties'
2024-12-27T18:09:47.004+05:30 DEBUG 139594 --- [Crud_KR] [           main] o.s.b.f.s.DefaultListableBeanFactory     : Creating shared instance of singleton bean 'jdbcConnectionDetails'
2024-12-27T18:09:47.004+05:30 DEBUG 139594 --- [Crud_KR] [           main] o.s.b.f.s.DefaultListableBeanFactory     : Creating shared instance of singleton bean 'org.springframework.boot.autoconfigure.jdbc.DataSourceAutoConfiguration$PooledDataSourceConfiguration'
2024-12-27T18:09:47.006+05:30 DEBUG 139594 --- [Crud_KR] [           main] o.s.b.f.s.DefaultListableBeanFactory     : Autowiring by type from bean name 'jdbcConnectionDetails' via factory method to bean named 'spring.datasource-org.springframework.boot.autoconfigure.jdbc.DataSourceProperties'
2024-12-27T18:09:47.007+05:30 DEBUG 139594 --- [Crud_KR] [           main] o.s.b.f.s.DefaultListableBeanFactory     : Autowiring by type from bean name 'dataSource' via factory method to bean named 'spring.datasource-org.springframework.boot.autoconfigure.jdbc.DataSourceProperties'
2024-12-27T18:09:47.008+05:30 DEBUG 139594 --- [Crud_KR] [           main] o.s.b.f.s.DefaultListableBeanFactory     : Autowiring by type from bean name 'dataSource' via factory method to bean named 'jdbcConnectionDetails'
2024-12-27T18:09:47.011+05:30 DEBUG 139594 --- [Crud_KR] [           main] com.zaxxer.hikari.HikariConfig           : Driver class com.mysql.cj.jdbc.Driver found in Thread context class loader jdk.internal.loader.ClassLoaders$AppClassLoader@30946e09
2024-12-27T18:09:47.039+05:30 DEBUG 139594 --- [Crud_KR] [           main] o.s.b.f.s.DefaultListableBeanFactory     : Creating shared instance of singleton bean 'spring.sql.init-org.springframework.boot.autoconfigure.sql.init.SqlInitializationProperties'
2024-12-27T18:09:47.044+05:30 DEBUG 139594 --- [Crud_KR] [           main] o.s.b.f.s.DefaultListableBeanFactory     : Autowiring by type from bean name 'dataSourceScriptDatabaseInitializer' via factory method to bean named 'dataSource'
2024-12-27T18:09:47.045+05:30 DEBUG 139594 --- [Crud_KR] [           main] o.s.b.f.s.DefaultListableBeanFactory     : Autowiring by type from bean name 'dataSourceScriptDatabaseInitializer' via factory method to bean named 'spring.sql.init-org.springframework.boot.autoconfigure.sql.init.SqlInitializationProperties'
2024-12-27T18:09:47.053+05:30 DEBUG 139594 --- [Crud_KR] [           main] o.s.b.f.s.DefaultListableBeanFactory     : Creating shared instance of singleton bean 'entityManagerFactory'
2024-12-27T18:09:47.054+05:30 DEBUG 139594 --- [Crud_KR] [           main] o.s.b.f.s.DefaultListableBeanFactory     : Creating shared instance of singleton bean 'org.springframework.boot.autoconfigure.orm.jpa.HibernateJpaConfiguration'
2024-12-27T18:09:47.056+05:30 DEBUG 139594 --- [Crud_KR] [           main] o.s.b.f.s.DefaultListableBeanFactory     : Creating shared instance of singleton bean 'spring.jpa-org.springframework.boot.autoconfigure.orm.jpa.JpaProperties'
2024-12-27T18:09:47.064+05:30 DEBUG 139594 --- [Crud_KR] [           main] o.s.b.f.s.DefaultListableBeanFactory     : Creating shared instance of singleton bean 'spring.jpa.hibernate-org.springframework.boot.autoconfigure.orm.jpa.HibernateProperties'
2024-12-27T18:09:47.069+05:30 DEBUG 139594 --- [Crud_KR] [           main] o.s.b.f.s.DefaultListableBeanFactory     : Autowiring by type from bean name 'org.springframework.boot.autoconfigure.orm.jpa.HibernateJpaConfiguration' via constructor to bean named 'dataSource'
2024-12-27T18:09:47.069+05:30 DEBUG 139594 --- [Crud_KR] [           main] o.s.b.f.s.DefaultListableBeanFactory     : Autowiring by type from bean name 'org.springframework.boot.autoconfigure.orm.jpa.HibernateJpaConfiguration' via constructor to bean named 'spring.jpa-org.springframework.boot.autoconfigure.orm.jpa.JpaProperties'
2024-12-27T18:09:47.069+05:30 DEBUG 139594 --- [Crud_KR] [           main] o.s.b.f.s.DefaultListableBeanFactory     : Autowiring by type from bean name 'org.springframework.boot.autoconfigure.orm.jpa.HibernateJpaConfiguration' via constructor to bean named 'org.springframework.beans.factory.support.DefaultListableBeanFactory@37d00a23'
2024-12-27T18:09:47.069+05:30 DEBUG 139594 --- [Crud_KR] [           main] o.s.b.f.s.DefaultListableBeanFactory     : Autowiring by type from bean name 'org.springframework.boot.autoconfigure.orm.jpa.HibernateJpaConfiguration' via constructor to bean named 'spring.jpa.hibernate-org.springframework.boot.autoconfigure.orm.jpa.HibernateProperties'
2024-12-27T18:09:47.071+05:30 DEBUG 139594 --- [Crud_KR] [           main] o.s.b.f.s.DefaultListableBeanFactory     : Creating shared instance of singleton bean 'hikariPoolDataSourceMetadataProvider'
2024-12-27T18:09:47.072+05:30 DEBUG 139594 --- [Crud_KR] [           main] o.s.b.f.s.DefaultListableBeanFactory     : Creating shared instance of singleton bean 'org.springframework.boot.autoconfigure.jdbc.metadata.DataSourcePoolMetadataProvidersConfiguration$HikariPoolDataSourceMetadataProviderConfiguration'
2024-12-27T18:09:47.078+05:30 DEBUG 139594 --- [Crud_KR] [           main] o.s.b.f.s.DefaultListableBeanFactory     : Creating shared instance of singleton bean 'entityManagerFactoryBuilder'
2024-12-27T18:09:47.079+05:30 DEBUG 139594 --- [Crud_KR] [           main] o.s.b.f.s.DefaultListableBeanFactory     : Creating shared instance of singleton bean 'jpaVendorAdapter'
2024-12-27T18:09:47.089+05:30 DEBUG 139594 --- [Crud_KR] [           main] o.s.b.f.s.DefaultListableBeanFactory     : Autowiring by type from bean name 'entityManagerFactoryBuilder' via factory method to bean named 'jpaVendorAdapter'
2024-12-27T18:09:47.097+05:30 DEBUG 139594 --- [Crud_KR] [           main] o.s.b.f.s.DefaultListableBeanFactory     : Creating shared instance of singleton bean 'persistenceManagedTypes'
2024-12-27T18:09:47.098+05:30 DEBUG 139594 --- [Crud_KR] [           main] o.s.b.f.s.DefaultListableBeanFactory     : Autowiring by type from bean name 'persistenceManagedTypes' via factory method to bean named 'org.springframework.beans.factory.support.DefaultListableBeanFactory@37d00a23'
2024-12-27T18:09:47.099+05:30 DEBUG 139594 --- [Crud_KR] [           main] o.s.b.f.s.DefaultListableBeanFactory     : Autowiring by type from bean name 'persistenceManagedTypes' via factory method to bean named 'org.springframework.web.context.support.GenericWebApplicationContext@26f143ed'
2024-12-27T18:09:47.106+05:30 DEBUG 139594 --- [Crud_KR] [           main] o.s.b.f.s.DefaultListableBeanFactory     : Autowiring by type from bean name 'entityManagerFactory' via factory method to bean named 'entityManagerFactoryBuilder'
2024-12-27T18:09:47.106+05:30 DEBUG 139594 --- [Crud_KR] [           main] o.s.b.f.s.DefaultListableBeanFactory     : Autowiring by type from bean name 'entityManagerFactory' via factory method to bean named 'persistenceManagedTypes'
2024-12-27T18:09:47.116+05:30 DEBUG 139594 --- [Crud_KR] [           main] j.LocalContainerEntityManagerFactoryBean : Building JPA container EntityManagerFactory for persistence unit 'default'
2024-12-27T18:09:47.131+05:30 DEBUG 139594 --- [Crud_KR] [           main] o.hibernate.jpa.internal.util.LogHelper  : PersistenceUnitInfo [
	name: default
	persistence provider classname: null
	classloader: jdk.internal.loader.ClassLoaders$AppClassLoader@30946e09
	excludeUnlistedClasses: true
	JTA datasource: null
	Non JTA datasource: HikariDataSource (null)
	Transaction type: RESOURCE_LOCAL
	PU root URL: file:/home/anshuman.pandey/adjetterMicroservice/Crud_KR/target/test-classes/
	Shared Cache Mode: UNSPECIFIED
	Validation Mode: AUTO
	Jar files URLs []
	Managed classes names [
		com.example.crud_kr.Model.Customer]
	Mapping files names []
	Properties []
2024-12-27T18:09:47.144+05:30 DEBUG 139594 --- [Crud_KR] [           main] o.h.i.internal.IntegratorServiceImpl     : Adding Integrator [org.hibernate.boot.beanvalidation.BeanValidationIntegrator].
2024-12-27T18:09:47.146+05:30 DEBUG 139594 --- [Crud_KR] [           main] o.h.i.internal.IntegratorServiceImpl     : Adding Integrator [org.hibernate.cache.internal.CollectionCacheInvalidator].
2024-12-27T18:09:47.209+05:30  INFO 139594 --- [Crud_KR] [           main] org.hibernate.Version                    : HHH000412: Hibernate ORM core version 6.6.4.Final
2024-12-27T18:09:47.211+05:30 DEBUG 139594 --- [Crud_KR] [           main] org.hibernate.cfg.Environment            : HHH000206: 'hibernate.properties' not found
2024-12-27T18:09:47.245+05:30 DEBUG 139594 --- [Crud_KR] [           main] org.hibernate.orm.idgen.factory          : Registering IdentifierGenerator strategy [uuid2] -> [org.hibernate.id.UUIDGenerator]
2024-12-27T18:09:47.246+05:30 DEBUG 139594 --- [Crud_KR] [           main] org.hibernate.orm.idgen.factory          : Registering IdentifierGenerator strategy [guid] -> [org.hibernate.id.GUIDGenerator]
2024-12-27T18:09:47.247+05:30 DEBUG 139594 --- [Crud_KR] [           main] org.hibernate.orm.idgen.factory          : Registering IdentifierGenerator strategy [uuid] -> [org.hibernate.id.UUIDHexGenerator]
2024-12-27T18:09:47.247+05:30 DEBUG 139594 --- [Crud_KR] [           main] org.hibernate.orm.idgen.factory          : Registering IdentifierGenerator strategy [uuid.hex] -> [org.hibernate.id.UUIDHexGenerator]
2024-12-27T18:09:47.247+05:30 DEBUG 139594 --- [Crud_KR] [           main] org.hibernate.orm.idgen.factory          : Registering IdentifierGenerator strategy [assigned] -> [org.hibernate.id.Assigned]
2024-12-27T18:09:47.248+05:30 DEBUG 139594 --- [Crud_KR] [           main] org.hibernate.orm.idgen.factory          : Registering IdentifierGenerator strategy [identity] -> [org.hibernate.id.IdentityGenerator]
2024-12-27T18:09:47.249+05:30 DEBUG 139594 --- [Crud_KR] [           main] org.hibernate.orm.idgen.factory          : Registering IdentifierGenerator strategy [select] -> [org.hibernate.id.SelectGenerator]
2024-12-27T18:09:47.251+05:30 DEBUG 139594 --- [Crud_KR] [           main] org.hibernate.orm.idgen.factory          : Registering IdentifierGenerator strategy [sequence] -> [org.hibernate.id.enhanced.SequenceStyleGenerator]
2024-12-27T18:09:47.252+05:30 DEBUG 139594 --- [Crud_KR] [           main] org.hibernate.orm.idgen.factory          : Registering IdentifierGenerator strategy [increment] -> [org.hibernate.id.IncrementGenerator]
2024-12-27T18:09:47.252+05:30 DEBUG 139594 --- [Crud_KR] [           main] org.hibernate.orm.idgen.factory          : Registering IdentifierGenerator strategy [foreign] -> [org.hibernate.id.ForeignGenerator]
2024-12-27T18:09:47.252+05:30 DEBUG 139594 --- [Crud_KR] [           main] org.hibernate.orm.idgen.factory          : Registering IdentifierGenerator strategy [enhanced-sequence] -> [org.hibernate.id.enhanced.SequenceStyleGenerator]
2024-12-27T18:09:47.254+05:30 DEBUG 139594 --- [Crud_KR] [           main] org.hibernate.orm.idgen.factory          : Registering IdentifierGenerator strategy [enhanced-table] -> [org.hibernate.id.enhanced.TableGenerator]
2024-12-27T18:09:47.263+05:30 DEBUG 139594 --- [Crud_KR] [           main] o.h.c.internal.RegionFactoryInitiator    : Cannot default RegionFactory based on registered strategies as `[]` RegionFactory strategies were registered
2024-12-27T18:09:47.265+05:30  INFO 139594 --- [Crud_KR] [           main] o.h.c.internal.RegionFactoryInitiator    : HHH000026: Second-level cache disabled
2024-12-27T18:09:47.367+05:30 DEBUG 139594 --- [Crud_KR] [           main] org.hibernate.type.BasicTypeRegistry     : Adding type registration boolean -> org.hibernate.type.BasicTypeReference@1f26b992
2024-12-27T18:09:47.368+05:30 DEBUG 139594 --- [Crud_KR] [           main] org.hibernate.type.BasicTypeRegistry     : Adding type registration boolean -> org.hibernate.type.BasicTypeReference@1f26b992
2024-12-27T18:09:47.368+05:30 DEBUG 139594 --- [Crud_KR] [           main] org.hibernate.type.BasicTypeRegistry     : Adding type registration java.lang.Boolean -> org.hibernate.type.BasicTypeReference@1f26b992
2024-12-27T18:09:47.368+05:30 DEBUG 139594 --- [Crud_KR] [           main] org.hibernate.type.BasicTypeRegistry     : Adding type registration numeric_boolean -> org.hibernate.type.BasicTypeReference@2f60cbf2
2024-12-27T18:09:47.368+05:30 DEBUG 139594 --- [Crud_KR] [           main] org.hibernate.type.BasicTypeRegistry     : Adding type registration org.hibernate.type.NumericBooleanConverter -> org.hibernate.type.BasicTypeReference@2f60cbf2
2024-12-27T18:09:47.368+05:30 DEBUG 139594 --- [Crud_KR] [           main] org.hibernate.type.BasicTypeRegistry     : Adding type registration true_false -> org.hibernate.type.BasicTypeReference@631bc9f4
2024-12-27T18:09:47.368+05:30 DEBUG 139594 --- [Crud_KR] [           main] org.hibernate.type.BasicTypeRegistry     : Adding type registration org.hibernate.type.TrueFalseConverter -> org.hibernate.type.BasicTypeReference@631bc9f4
2024-12-27T18:09:47.368+05:30 DEBUG 139594 --- [Crud_KR] [           main] org.hibernate.type.BasicTypeRegistry     : Adding type registration yes_no -> org.hibernate.type.BasicTypeReference@642c72cf
2024-12-27T18:09:47.369+05:30 DEBUG 139594 --- [Crud_KR] [           main] org.hibernate.type.BasicTypeRegistry     : Adding type registration org.hibernate.type.YesNoConverter -> org.hibernate.type.BasicTypeReference@642c72cf
2024-12-27T18:09:47.369+05:30 DEBUG 139594 --- [Crud_KR] [           main] org.hibernate.type.BasicTypeRegistry     : Adding type registration byte -> org.hibernate.type.BasicTypeReference@4e6cbdf1
2024-12-27T18:09:47.369+05:30 DEBUG 139594 --- [Crud_KR] [           main] org.hibernate.type.BasicTypeRegistry     : Adding type registration byte -> org.hibernate.type.BasicTypeReference@4e6cbdf1
2024-12-27T18:09:47.369+05:30 DEBUG 139594 --- [Crud_KR] [           main] org.hibernate.type.BasicTypeRegistry     : Adding type registration java.lang.Byte -> org.hibernate.type.BasicTypeReference@4e6cbdf1
2024-12-27T18:09:47.369+05:30 DEBUG 139594 --- [Crud_KR] [           main] org.hibernate.type.BasicTypeRegistry     : Adding type registration binary -> org.hibernate.type.BasicTypeReference@67fac095
2024-12-27T18:09:47.369+05:30 DEBUG 139594 --- [Crud_KR] [           main] org.hibernate.type.BasicTypeRegistry     : Adding type registration byte[] -> org.hibernate.type.BasicTypeReference@67fac095
2024-12-27T18:09:47.369+05:30 DEBUG 139594 --- [Crud_KR] [           main] org.hibernate.type.BasicTypeRegistry     : Adding type registration [B -> org.hibernate.type.BasicTypeReference@67fac095
2024-12-27T18:09:47.369+05:30 DEBUG 139594 --- [Crud_KR] [           main] org.hibernate.type.BasicTypeRegistry     : Adding type registration binary_wrapper -> org.hibernate.type.BasicTypeReference@5a13f1f7
2024-12-27T18:09:47.369+05:30 DEBUG 139594 --- [Crud_KR] [           main] org.hibernate.type.BasicTypeRegistry     : Adding type registration wrapper-binary -> org.hibernate.type.BasicTypeReference@5a13f1f7
2024-12-27T18:09:47.369+05:30 DEBUG 139594 --- [Crud_KR] [           main] org.hibernate.type.BasicTypeRegistry     : Adding type registration image -> org.hibernate.type.BasicTypeReference@5dae5a70
2024-12-27T18:09:47.370+05:30 DEBUG 139594 --- [Crud_KR] [           main] org.hibernate.type.BasicTypeRegistry     : Adding type registration blob -> org.hibernate.type.BasicTypeReference@7686f701
2024-12-27T18:09:47.370+05:30 DEBUG 139594 --- [Crud_KR] [           main] org.hibernate.type.BasicTypeRegistry     : Adding type registration java.sql.Blob -> org.hibernate.type.BasicTypeReference@7686f701
2024-12-27T18:09:47.370+05:30 DEBUG 139594 --- [Crud_KR] [           main] org.hibernate.type.BasicTypeRegistry     : Adding type registration materialized_blob -> org.hibernate.type.BasicTypeReference@47c96f2c
2024-12-27T18:09:47.370+05:30 DEBUG 139594 --- [Crud_KR] [           main] org.hibernate.type.BasicTypeRegistry     : Adding type registration materialized_blob_wrapper -> org.hibernate.type.BasicTypeReference@210a26b
2024-12-27T18:09:47.370+05:30 DEBUG 139594 --- [Crud_KR] [           main] org.hibernate.type.BasicTypeRegistry     : Adding type registration short -> org.hibernate.type.BasicTypeReference@2dc21583
2024-12-27T18:09:47.370+05:30 DEBUG 139594 --- [Crud_KR] [           main] org.hibernate.type.BasicTypeRegistry     : Adding type registration short -> org.hibernate.type.BasicTypeReference@2dc21583
2024-12-27T18:09:47.371+05:30 DEBUG 139594 --- [Crud_KR] [           main] org.hibernate.type.BasicTypeRegistry     : Adding type registration java.lang.Short -> org.hibernate.type.BasicTypeReference@2dc21583
2024-12-27T18:09:47.371+05:30 DEBUG 139594 --- [Crud_KR] [           main] org.hibernate.type.BasicTypeRegistry     : Adding type registration integer -> org.hibernate.type.BasicTypeReference@6cbdd1c5
2024-12-27T18:09:47.371+05:30 DEBUG 139594 --- [Crud_KR] [           main] org.hibernate.type.BasicTypeRegistry     : Adding type registration int -> org.hibernate.type.BasicTypeReference@6cbdd1c5
2024-12-27T18:09:47.371+05:30 DEBUG 139594 --- [Crud_KR] [           main] org.hibernate.type.BasicTypeRegistry     : Adding type registration java.lang.Integer -> org.hibernate.type.BasicTypeReference@6cbdd1c5
2024-12-27T18:09:47.371+05:30 DEBUG 139594 --- [Crud_KR] [           main] org.hibernate.type.BasicTypeRegistry     : Adding type registration long -> org.hibernate.type.BasicTypeReference@60816371
2024-12-27T18:09:47.371+05:30 DEBUG 139594 --- [Crud_KR] [           main] org.hibernate.type.BasicTypeRegistry     : Adding type registration long -> org.hibernate.type.BasicTypeReference@60816371
2024-12-27T18:09:47.371+05:30 DEBUG 139594 --- [Crud_KR] [           main] org.hibernate.type.BasicTypeRegistry     : Adding type registration java.lang.Long -> org.hibernate.type.BasicTypeReference@60816371
2024-12-27T18:09:47.371+05:30 DEBUG 139594 --- [Crud_KR] [           main] org.hibernate.type.BasicTypeRegistry     : Adding type registration float -> org.hibernate.type.BasicTypeReference@678586f0
2024-12-27T18:09:47.371+05:30 DEBUG 139594 --- [Crud_KR] [           main] org.hibernate.type.BasicTypeRegistry     : Adding type registration float -> org.hibernate.type.BasicTypeReference@678586f0
2024-12-27T18:09:47.371+05:30 DEBUG 139594 --- [Crud_KR] [           main] org.hibernate.type.BasicTypeRegistry     : Adding type registration java.lang.Float -> org.hibernate.type.BasicTypeReference@678586f0
2024-12-27T18:09:47.372+05:30 DEBUG 139594 --- [Crud_KR] [           main] org.hibernate.type.BasicTypeRegistry     : Adding type registration double -> org.hibernate.type.BasicTypeReference@5ad6f98e
2024-12-27T18:09:47.372+05:30 DEBUG 139594 --- [Crud_KR] [           main] org.hibernate.type.BasicTypeRegistry     : Adding type registration double -> org.hibernate.type.BasicTypeReference@5ad6f98e
2024-12-27T18:09:47.372+05:30 DEBUG 139594 --- [Crud_KR] [           main] org.hibernate.type.BasicTypeRegistry     : Adding type registration java.lang.Double -> org.hibernate.type.BasicTypeReference@5ad6f98e
2024-12-27T18:09:47.372+05:30 DEBUG 139594 --- [Crud_KR] [           main] org.hibernate.type.BasicTypeRegistry     : Adding type registration big_integer -> org.hibernate.type.BasicTypeReference@586728e8
2024-12-27T18:09:47.372+05:30 DEBUG 139594 --- [Crud_KR] [           main] org.hibernate.type.BasicTypeRegistry     : Adding type registration java.math.BigInteger -> org.hibernate.type.BasicTypeReference@586728e8
2024-12-27T18:09:47.372+05:30 DEBUG 139594 --- [Crud_KR] [           main] org.hibernate.type.BasicTypeRegistry     : Adding type registration big_decimal -> org.hibernate.type.BasicTypeReference@3316527e
2024-12-27T18:09:47.372+05:30 DEBUG 139594 --- [Crud_KR] [           main] org.hibernate.type.BasicTypeRegistry     : Adding type registration java.math.BigDecimal -> org.hibernate.type.BasicTypeReference@3316527e
2024-12-27T18:09:47.372+05:30 DEBUG 139594 --- [Crud_KR] [           main] org.hibernate.type.BasicTypeRegistry     : Adding type registration character -> org.hibernate.type.BasicTypeReference@786ff0ea
2024-12-27T18:09:47.372+05:30 DEBUG 139594 --- [Crud_KR] [           main] org.hibernate.type.BasicTypeRegistry     : Adding type registration char -> org.hibernate.type.BasicTypeReference@786ff0ea
2024-12-27T18:09:47.373+05:30 DEBUG 139594 --- [Crud_KR] [           main] org.hibernate.type.BasicTypeRegistry     : Adding type registration java.lang.Character -> org.hibernate.type.BasicTypeReference@786ff0ea
2024-12-27T18:09:47.373+05:30 DEBUG 139594 --- [Crud_KR] [           main] org.hibernate.type.BasicTypeRegistry     : Adding type registration character_nchar -> org.hibernate.type.BasicTypeReference@15186ce0
2024-12-27T18:09:47.373+05:30 DEBUG 139594 --- [Crud_KR] [           main] org.hibernate.type.BasicTypeRegistry     : Adding type registration string -> org.hibernate.type.BasicTypeReference@745926c3
2024-12-27T18:09:47.373+05:30 DEBUG 139594 --- [Crud_KR] [           main] org.hibernate.type.BasicTypeRegistry     : Adding type registration java.lang.String -> org.hibernate.type.BasicTypeReference@745926c3
2024-12-27T18:09:47.373+05:30 DEBUG 139594 --- [Crud_KR] [           main] org.hibernate.type.BasicTypeRegistry     : Adding type registration nstring -> org.hibernate.type.BasicTypeReference@75dd0f94
2024-12-27T18:09:47.373+05:30 DEBUG 139594 --- [Crud_KR] [           main] org.hibernate.type.BasicTypeRegistry     : Adding type registration characters -> org.hibernate.type.BasicTypeReference@72324965
2024-12-27T18:09:47.373+05:30 DEBUG 139594 --- [Crud_KR] [           main] org.hibernate.type.BasicTypeRegistry     : Adding type registration char[] -> org.hibernate.type.BasicTypeReference@72324965
2024-12-27T18:09:47.373+05:30 DEBUG 139594 --- [Crud_KR] [           main] org.hibernate.type.BasicTypeRegistry     : Adding type registration [C -> org.hibernate.type.BasicTypeReference@72324965
2024-12-27T18:09:47.374+05:30 DEBUG 139594 --- [Crud_KR] [           main] org.hibernate.type.BasicTypeRegistry     : Adding type registration wrapper-characters -> org.hibernate.type.BasicTypeReference@249b54af
2024-12-27T18:09:47.374+05:30 DEBUG 139594 --- [Crud_KR] [           main] org.hibernate.type.BasicTypeRegistry     : Adding type registration text -> org.hibernate.type.BasicTypeReference@194911c1
2024-12-27T18:09:47.374+05:30 DEBUG 139594 --- [Crud_KR] [           main] org.hibernate.type.BasicTypeRegistry     : Adding type registration ntext -> org.hibernate.type.BasicTypeReference@4751cd3
2024-12-27T18:09:47.374+05:30 DEBUG 139594 --- [Crud_KR] [           main] org.hibernate.type.BasicTypeRegistry     : Adding type registration clob -> org.hibernate.type.BasicTypeReference@64ec1459
2024-12-27T18:09:47.374+05:30 DEBUG 139594 --- [Crud_KR] [           main] org.hibernate.type.BasicTypeRegistry     : Adding type registration java.sql.Clob -> org.hibernate.type.BasicTypeReference@64ec1459
2024-12-27T18:09:47.375+05:30 DEBUG 139594 --- [Crud_KR] [           main] org.hibernate.type.BasicTypeRegistry     : Adding type registration nclob -> org.hibernate.type.BasicTypeReference@1aac0a47
2024-12-27T18:09:47.375+05:30 DEBUG 139594 --- [Crud_KR] [           main] org.hibernate.type.BasicTypeRegistry     : Adding type registration java.sql.NClob -> org.hibernate.type.BasicTypeReference@1aac0a47
2024-12-27T18:09:47.375+05:30 DEBUG 139594 --- [Crud_KR] [           main] org.hibernate.type.BasicTypeRegistry     : Adding type registration materialized_clob -> org.hibernate.type.BasicTypeReference@4b3ad7ca
2024-12-27T18:09:47.375+05:30 DEBUG 139594 --- [Crud_KR] [           main] org.hibernate.type.BasicTypeRegistry     : Adding type registration materialized_clob_char_array -> org.hibernate.type.BasicTypeReference@6785c9fa
2024-12-27T18:09:47.375+05:30 DEBUG 139594 --- [Crud_KR] [           main] org.hibernate.type.BasicTypeRegistry     : Adding type registration materialized_clob_character_array -> org.hibernate.type.BasicTypeReference@63cf578f
2024-12-27T18:09:47.375+05:30 DEBUG 139594 --- [Crud_KR] [           main] org.hibernate.type.BasicTypeRegistry     : Adding type registration materialized_nclob -> org.hibernate.type.BasicTypeReference@194b9783
2024-12-27T18:09:47.375+05:30 DEBUG 139594 --- [Crud_KR] [           main] org.hibernate.type.BasicTypeRegistry     : Adding type registration materialized_nclob_character_array -> org.hibernate.type.BasicTypeReference@45297e7
2024-12-27T18:09:47.376+05:30 DEBUG 139594 --- [Crud_KR] [           main] org.hibernate.type.BasicTypeRegistry     : Adding type registration materialized_nclob_char_array -> org.hibernate.type.BasicTypeReference@4dd1548e
2024-12-27T18:09:47.376+05:30 DEBUG 139594 --- [Crud_KR] [           main] org.hibernate.type.BasicTypeRegistry     : Adding type registration Duration -> org.hibernate.type.BasicTypeReference@54bb1194
2024-12-27T18:09:47.376+05:30 DEBUG 139594 --- [Crud_KR] [           main] org.hibernate.type.BasicTypeRegistry     : Adding type registration java.time.Duration -> org.hibernate.type.BasicTypeReference@54bb1194
2024-12-27T18:09:47.376+05:30 DEBUG 139594 --- [Crud_KR] [           main] org.hibernate.type.BasicTypeRegistry     : Adding type registration LocalDateTime -> org.hibernate.type.BasicTypeReference@1109730f
2024-12-27T18:09:47.376+05:30 DEBUG 139594 --- [Crud_KR] [           main] org.hibernate.type.BasicTypeRegistry     : Adding type registration java.time.LocalDateTime -> org.hibernate.type.BasicTypeReference@1109730f
2024-12-27T18:09:47.376+05:30 DEBUG 139594 --- [Crud_KR] [           main] org.hibernate.type.BasicTypeRegistry     : Adding type registration LocalDate -> org.hibernate.type.BasicTypeReference@1f42366
2024-12-27T18:09:47.376+05:30 DEBUG 139594 --- [Crud_KR] [           main] org.hibernate.type.BasicTypeRegistry     : Adding type registration java.time.LocalDate -> org.hibernate.type.BasicTypeReference@1f42366
2024-12-27T18:09:47.376+05:30 DEBUG 139594 --- [Crud_KR] [           main] org.hibernate.type.BasicTypeRegistry     : Adding type registration LocalTime -> org.hibernate.type.BasicTypeReference@46c662f2
2024-12-27T18:09:47.377+05:30 DEBUG 139594 --- [Crud_KR] [           main] org.hibernate.type.BasicTypeRegistry     : Adding type registration java.time.LocalTime -> org.hibernate.type.BasicTypeReference@46c662f2
2024-12-27T18:09:47.377+05:30 DEBUG 139594 --- [Crud_KR] [           main] org.hibernate.type.BasicTypeRegistry     : Adding type registration OffsetDateTime -> org.hibernate.type.BasicTypeReference@4afdfc0f
2024-12-27T18:09:47.377+05:30 DEBUG 139594 --- [Crud_KR] [           main] org.hibernate.type.BasicTypeRegistry     : Adding type registration java.time.OffsetDateTime -> org.hibernate.type.BasicTypeReference@4afdfc0f
2024-12-27T18:09:47.377+05:30 DEBUG 139594 --- [Crud_KR] [           main] org.hibernate.type.BasicTypeRegistry     : Adding type registration OffsetDateTimeWithTimezone -> org.hibernate.type.BasicTypeReference@10b67f54
2024-12-27T18:09:47.377+05:30 DEBUG 139594 --- [Crud_KR] [           main] org.hibernate.type.BasicTypeRegistry     : Adding type registration OffsetDateTimeWithoutTimezone -> org.hibernate.type.BasicTypeReference@30798137
2024-12-27T18:09:47.377+05:30 DEBUG 139594 --- [Crud_KR] [           main] org.hibernate.type.BasicTypeRegistry     : Adding type registration OffsetTime -> org.hibernate.type.BasicTypeReference@455da438
2024-12-27T18:09:47.377+05:30 DEBUG 139594 --- [Crud_KR] [           main] org.hibernate.type.BasicTypeRegistry     : Adding type registration java.time.OffsetTime -> org.hibernate.type.BasicTypeReference@455da438
2024-12-27T18:09:47.377+05:30 DEBUG 139594 --- [Crud_KR] [           main] org.hibernate.type.BasicTypeRegistry     : Adding type registration OffsetTimeUtc -> org.hibernate.type.BasicTypeReference@60652518
2024-12-27T18:09:47.377+05:30 DEBUG 139594 --- [Crud_KR] [           main] org.hibernate.type.BasicTypeRegistry     : Adding type registration OffsetTimeWithTimezone -> org.hibernate.type.BasicTypeReference@438aaa9f
2024-12-27T18:09:47.378+05:30 DEBUG 139594 --- [Crud_KR] [           main] org.hibernate.type.BasicTypeRegistry     : Adding type registration OffsetTimeWithoutTimezone -> org.hibernate.type.BasicTypeReference@3f06ebe0
2024-12-27T18:09:47.378+05:30 DEBUG 139594 --- [Crud_KR] [           main] org.hibernate.type.BasicTypeRegistry     : Adding type registration ZonedDateTime -> org.hibernate.type.BasicTypeReference@1752e45c
2024-12-27T18:09:47.378+05:30 DEBUG 139594 --- [Crud_KR] [           main] org.hibernate.type.BasicTypeRegistry     : Adding type registration java.time.ZonedDateTime -> org.hibernate.type.BasicTypeReference@1752e45c
2024-12-27T18:09:47.378+05:30 DEBUG 139594 --- [Crud_KR] [           main] org.hibernate.type.BasicTypeRegistry     : Adding type registration ZonedDateTimeWithTimezone -> org.hibernate.type.BasicTypeReference@5ed65e4b
2024-12-27T18:09:47.378+05:30 DEBUG 139594 --- [Crud_KR] [           main] org.hibernate.type.BasicTypeRegistry     : Adding type registration ZonedDateTimeWithoutTimezone -> org.hibernate.type.BasicTypeReference@481ed95c
2024-12-27T18:09:47.378+05:30 DEBUG 139594 --- [Crud_KR] [           main] org.hibernate.type.BasicTypeRegistry     : Adding type registration date -> org.hibernate.type.BasicTypeReference@40cf6254
2024-12-27T18:09:47.378+05:30 DEBUG 139594 --- [Crud_KR] [           main] org.hibernate.type.BasicTypeRegistry     : Adding type registration java.sql.Date -> org.hibernate.type.BasicTypeReference@40cf6254
2024-12-27T18:09:47.378+05:30 DEBUG 139594 --- [Crud_KR] [           main] org.hibernate.type.BasicTypeRegistry     : Adding type registration time -> org.hibernate.type.BasicTypeReference@40bf0e15
2024-12-27T18:09:47.378+05:30 DEBUG 139594 --- [Crud_KR] [           main] org.hibernate.type.BasicTypeRegistry     : Adding type registration java.sql.Time -> org.hibernate.type.BasicTypeReference@40bf0e15
2024-12-27T18:09:47.378+05:30 DEBUG 139594 --- [Crud_KR] [           main] org.hibernate.type.BasicTypeRegistry     : Adding type registration timestamp -> org.hibernate.type.BasicTypeReference@2c77344f
2024-12-27T18:09:47.379+05:30 DEBUG 139594 --- [Crud_KR] [           main] org.hibernate.type.BasicTypeRegistry     : Adding type registration java.sql.Timestamp -> org.hibernate.type.BasicTypeReference@2c77344f
2024-12-27T18:09:47.379+05:30 DEBUG 139594 --- [Crud_KR] [           main] org.hibernate.type.BasicTypeRegistry     : Adding type registration java.util.Date -> org.hibernate.type.BasicTypeReference@2c77344f
2024-12-27T18:09:47.379+05:30 DEBUG 139594 --- [Crud_KR] [           main] org.hibernate.type.BasicTypeRegistry     : Adding type registration calendar -> org.hibernate.type.BasicTypeReference@121ddca4
2024-12-27T18:09:47.379+05:30 DEBUG 139594 --- [Crud_KR] [           main] org.hibernate.type.BasicTypeRegistry     : Adding type registration java.util.Calendar -> org.hibernate.type.BasicTypeReference@121ddca4
2024-12-27T18:09:47.379+05:30 DEBUG 139594 --- [Crud_KR] [           main] org.hibernate.type.BasicTypeRegistry     : Adding type registration java.util.GregorianCalendar -> org.hibernate.type.BasicTypeReference@121ddca4
2024-12-27T18:09:47.379+05:30 DEBUG 139594 --- [Crud_KR] [           main] org.hibernate.type.BasicTypeRegistry     : Adding type registration calendar_date -> org.hibernate.type.BasicTypeReference@297bd171
2024-12-27T18:09:47.379+05:30 DEBUG 139594 --- [Crud_KR] [           main] org.hibernate.type.BasicTypeRegistry     : Adding type registration calendar_time -> org.hibernate.type.BasicTypeReference@118cbded
2024-12-27T18:09:47.379+05:30 DEBUG 139594 --- [Crud_KR] [           main] org.hibernate.type.BasicTypeRegistry     : Adding type registration instant -> org.hibernate.type.BasicTypeReference@4cc26df
2024-12-27T18:09:47.379+05:30 DEBUG 139594 --- [Crud_KR] [           main] org.hibernate.type.BasicTypeRegistry     : Adding type registration java.time.Instant -> org.hibernate.type.BasicTypeReference@4cc26df
2024-12-27T18:09:47.379+05:30 DEBUG 139594 --- [Crud_KR] [           main] org.hibernate.type.BasicTypeRegistry     : Adding type registration uuid -> org.hibernate.type.BasicTypeReference@7848321e
2024-12-27T18:09:47.379+05:30 DEBUG 139594 --- [Crud_KR] [           main] org.hibernate.type.BasicTypeRegistry     : Adding type registration java.util.UUID -> org.hibernate.type.BasicTypeReference@7848321e
2024-12-27T18:09:47.379+05:30 DEBUG 139594 --- [Crud_KR] [           main] org.hibernate.type.BasicTypeRegistry     : Adding type registration pg-uuid -> org.hibernate.type.BasicTypeReference@7848321e
2024-12-27T18:09:47.380+05:30 DEBUG 139594 --- [Crud_KR] [           main] org.hibernate.type.BasicTypeRegistry     : Adding type registration uuid-binary -> org.hibernate.type.BasicTypeReference@f4f843f
2024-12-27T18:09:47.380+05:30 DEBUG 139594 --- [Crud_KR] [           main] org.hibernate.type.BasicTypeRegistry     : Adding type registration uuid-char -> org.hibernate.type.BasicTypeReference@7b5833ee
2024-12-27T18:09:47.380+05:30 DEBUG 139594 --- [Crud_KR] [           main] org.hibernate.type.BasicTypeRegistry     : Adding type registration class -> org.hibernate.type.BasicTypeReference@1e471884
2024-12-27T18:09:47.380+05:30 DEBUG 139594 --- [Crud_KR] [           main] org.hibernate.type.BasicTypeRegistry     : Adding type registration java.lang.Class -> org.hibernate.type.BasicTypeReference@1e471884
2024-12-27T18:09:47.380+05:30 DEBUG 139594 --- [Crud_KR] [           main] org.hibernate.type.BasicTypeRegistry     : Adding type registration currency -> org.hibernate.type.BasicTypeReference@27261190
2024-12-27T18:09:47.380+05:30 DEBUG 139594 --- [Crud_KR] [           main] org.hibernate.type.BasicTypeRegistry     : Adding type registration Currency -> org.hibernate.type.BasicTypeReference@27261190
2024-12-27T18:09:47.380+05:30 DEBUG 139594 --- [Crud_KR] [           main] org.hibernate.type.BasicTypeRegistry     : Adding type registration java.util.Currency -> org.hibernate.type.BasicTypeReference@27261190
2024-12-27T18:09:47.380+05:30 DEBUG 139594 --- [Crud_KR] [           main] org.hibernate.type.BasicTypeRegistry     : Adding type registration locale -> org.hibernate.type.BasicTypeReference@543b0737
2024-12-27T18:09:47.380+05:30 DEBUG 139594 --- [Crud_KR] [           main] org.hibernate.type.BasicTypeRegistry     : Adding type registration java.util.Locale -> org.hibernate.type.BasicTypeReference@543b0737
2024-12-27T18:09:47.380+05:30 DEBUG 139594 --- [Crud_KR] [           main] org.hibernate.type.BasicTypeRegistry     : Adding type registration serializable -> org.hibernate.type.BasicTypeReference@6e46891d
2024-12-27T18:09:47.380+05:30 DEBUG 139594 --- [Crud_KR] [           main] org.hibernate.type.BasicTypeRegistry     : Adding type registration java.io.Serializable -> org.hibernate.type.BasicTypeReference@6e46891d
2024-12-27T18:09:47.381+05:30 DEBUG 139594 --- [Crud_KR] [           main] org.hibernate.type.BasicTypeRegistry     : Adding type registration timezone -> org.hibernate.type.BasicTypeReference@48632f69
2024-12-27T18:09:47.381+05:30 DEBUG 139594 --- [Crud_KR] [           main] org.hibernate.type.BasicTypeRegistry     : Adding type registration java.util.TimeZone -> org.hibernate.type.BasicTypeReference@48632f69
2024-12-27T18:09:47.381+05:30 DEBUG 139594 --- [Crud_KR] [           main] org.hibernate.type.BasicTypeRegistry     : Adding type registration ZoneOffset -> org.hibernate.type.BasicTypeReference@5fde1d64
2024-12-27T18:09:47.381+05:30 DEBUG 139594 --- [Crud_KR] [           main] org.hibernate.type.BasicTypeRegistry     : Adding type registration java.time.ZoneOffset -> org.hibernate.type.BasicTypeReference@5fde1d64
2024-12-27T18:09:47.381+05:30 DEBUG 139594 --- [Crud_KR] [           main] org.hibernate.type.BasicTypeRegistry     : Adding type registration url -> org.hibernate.type.BasicTypeReference@5350ab17
2024-12-27T18:09:47.381+05:30 DEBUG 139594 --- [Crud_KR] [           main] org.hibernate.type.BasicTypeRegistry     : Adding type registration java.net.URL -> org.hibernate.type.BasicTypeReference@5350ab17
2024-12-27T18:09:47.381+05:30 DEBUG 139594 --- [Crud_KR] [           main] org.hibernate.type.BasicTypeRegistry     : Adding type registration vector -> org.hibernate.type.BasicTypeReference@984de01
2024-12-27T18:09:47.381+05:30 DEBUG 139594 --- [Crud_KR] [           main] org.hibernate.type.BasicTypeRegistry     : Adding type registration float_vector -> org.hibernate.type.BasicTypeReference@58cda03f
2024-12-27T18:09:47.381+05:30 DEBUG 139594 --- [Crud_KR] [           main] org.hibernate.type.BasicTypeRegistry     : Adding type registration double_vector -> org.hibernate.type.BasicTypeReference@7757a37f
2024-12-27T18:09:47.382+05:30 DEBUG 139594 --- [Crud_KR] [           main] org.hibernate.type.BasicTypeRegistry     : Adding type registration byte_vector -> org.hibernate.type.BasicTypeReference@2109a691
2024-12-27T18:09:47.382+05:30 DEBUG 139594 --- [Crud_KR] [           main] org.hibernate.type.BasicTypeRegistry     : Adding type registration row_version -> org.hibernate.type.BasicTypeReference@e521067
2024-12-27T18:09:47.388+05:30 DEBUG 139594 --- [Crud_KR] [           main] org.hibernate.type.BasicTypeRegistry     : Adding type registration object -> org.hibernate.type.JavaObjectType@148ab138
2024-12-27T18:09:47.388+05:30 DEBUG 139594 --- [Crud_KR] [           main] org.hibernate.type.BasicTypeRegistry     : Adding type registration java.lang.Object -> org.hibernate.type.JavaObjectType@148ab138
2024-12-27T18:09:47.389+05:30 DEBUG 139594 --- [Crud_KR] [           main] org.hibernate.type.BasicTypeRegistry     : Adding type registration null -> org.hibernate.type.NullType@2036f83
2024-12-27T18:09:47.389+05:30 DEBUG 139594 --- [Crud_KR] [           main] org.hibernate.type.BasicTypeRegistry     : Adding type registration imm_date -> org.hibernate.type.BasicTypeReference@68b3248a
2024-12-27T18:09:47.390+05:30 DEBUG 139594 --- [Crud_KR] [           main] org.hibernate.type.BasicTypeRegistry     : Adding type registration imm_time -> org.hibernate.type.BasicTypeReference@5e158f33
2024-12-27T18:09:47.390+05:30 DEBUG 139594 --- [Crud_KR] [           main] org.hibernate.type.BasicTypeRegistry     : Adding type registration imm_timestamp -> org.hibernate.type.BasicTypeReference@20fcea37
2024-12-27T18:09:47.390+05:30 DEBUG 139594 --- [Crud_KR] [           main] org.hibernate.type.BasicTypeRegistry     : Adding type registration imm_calendar -> org.hibernate.type.BasicTypeReference@399af6dc
2024-12-27T18:09:47.390+05:30 DEBUG 139594 --- [Crud_KR] [           main] org.hibernate.type.BasicTypeRegistry     : Adding type registration imm_calendar_date -> org.hibernate.type.BasicTypeReference@48fc0211
2024-12-27T18:09:47.390+05:30 DEBUG 139594 --- [Crud_KR] [           main] org.hibernate.type.BasicTypeRegistry     : Adding type registration imm_calendar_time -> org.hibernate.type.BasicTypeReference@3ae2702a
2024-12-27T18:09:47.390+05:30 DEBUG 139594 --- [Crud_KR] [           main] org.hibernate.type.BasicTypeRegistry     : Adding type registration imm_binary -> org.hibernate.type.BasicTypeReference@7d088813
2024-12-27T18:09:47.390+05:30 DEBUG 139594 --- [Crud_KR] [           main] org.hibernate.type.BasicTypeRegistry     : Adding type registration imm_serializable -> org.hibernate.type.BasicTypeReference@134abd78
2024-12-27T18:09:47.397+05:30 DEBUG 139594 --- [Crud_KR] [           main] o.h.boot.internal.BootstrapContextImpl   : Injecting JPA temp ClassLoader [org.springframework.instrument.classloading.SimpleThrowawayClassLoader@3f0c6b3c] into BootstrapContext; was [null]
2024-12-27T18:09:47.397+05:30 DEBUG 139594 --- [Crud_KR] [           main] o.h.boot.internal.ClassLoaderAccessImpl  : ClassLoaderAccessImpl#injectTempClassLoader(org.springframework.instrument.classloading.SimpleThrowawayClassLoader@3f0c6b3c) [was null]
2024-12-27T18:09:47.398+05:30 DEBUG 139594 --- [Crud_KR] [           main] o.h.boot.internal.BootstrapContextImpl   : Injecting ScanEnvironment [org.hibernate.jpa.boot.internal.StandardJpaScanEnvironmentImpl@7c421952] into BootstrapContext; was [null]
2024-12-27T18:09:47.398+05:30 DEBUG 139594 --- [Crud_KR] [           main] o.h.boot.internal.BootstrapContextImpl   : Injecting ScanOptions [org.hibernate.boot.archive.scan.internal.StandardScanOptions@350d26f3] into BootstrapContext; was [org.hibernate.boot.archive.scan.internal.StandardScanOptions@c6a692e]
2024-12-27T18:09:47.588+05:30  INFO 139594 --- [Crud_KR] [           main] o.s.o.j.p.SpringPersistenceUnitInfo      : No LoadTimeWeaver setup: ignoring JPA class transformer
2024-12-27T18:09:47.588+05:30 DEBUG 139594 --- [Crud_KR] [           main] o.h.boot.internal.BootstrapContextImpl   : Injecting JPA temp ClassLoader [null] into BootstrapContext; was [org.springframework.instrument.classloading.SimpleThrowawayClassLoader@3f0c6b3c]
2024-12-27T18:09:47.588+05:30 DEBUG 139594 --- [Crud_KR] [           main] o.h.boot.internal.ClassLoaderAccessImpl  : ClassLoaderAccessImpl#injectTempClassLoader(null) [was org.springframework.instrument.classloading.SimpleThrowawayClassLoader@3f0c6b3c]
2024-12-27T18:09:47.617+05:30 DEBUG 139594 --- [Crud_KR] [           main] com.zaxxer.hikari.HikariConfig           : HikariPool-1 - configuration:
2024-12-27T18:09:47.622+05:30 DEBUG 139594 --- [Crud_KR] [           main] com.zaxxer.hikari.HikariConfig           : allowPoolSuspension.............false
2024-12-27T18:09:47.622+05:30 DEBUG 139594 --- [Crud_KR] [           main] com.zaxxer.hikari.HikariConfig           : autoCommit......................true
2024-12-27T18:09:47.622+05:30 DEBUG 139594 --- [Crud_KR] [           main] com.zaxxer.hikari.HikariConfig           : catalog.........................none
2024-12-27T18:09:47.622+05:30 DEBUG 139594 --- [Crud_KR] [           main] com.zaxxer.hikari.HikariConfig           : connectionInitSql...............none
2024-12-27T18:09:47.622+05:30 DEBUG 139594 --- [Crud_KR] [           main] com.zaxxer.hikari.HikariConfig           : connectionTestQuery.............none
2024-12-27T18:09:47.622+05:30 DEBUG 139594 --- [Crud_KR] [           main] com.zaxxer.hikari.HikariConfig           : connectionTimeout...............30000
2024-12-27T18:09:47.623+05:30 DEBUG 139594 --- [Crud_KR] [           main] com.zaxxer.hikari.HikariConfig           : dataSource......................none
2024-12-27T18:09:47.623+05:30 DEBUG 139594 --- [Crud_KR] [           main] com.zaxxer.hikari.HikariConfig           : dataSourceClassName.............none
2024-12-27T18:09:47.623+05:30 DEBUG 139594 --- [Crud_KR] [           main] com.zaxxer.hikari.HikariConfig           : dataSourceJNDI..................none
2024-12-27T18:09:47.623+05:30 DEBUG 139594 --- [Crud_KR] [           main] com.zaxxer.hikari.HikariConfig           : dataSourceProperties............{password=<masked>}
2024-12-27T18:09:47.623+05:30 DEBUG 139594 --- [Crud_KR] [           main] com.zaxxer.hikari.HikariConfig           : driverClassName................."com.mysql.cj.jdbc.Driver"
2024-12-27T18:09:47.624+05:30 DEBUG 139594 --- [Crud_KR] [           main] com.zaxxer.hikari.HikariConfig           : exceptionOverrideClassName......none
2024-12-27T18:09:47.624+05:30 DEBUG 139594 --- [Crud_KR] [           main] com.zaxxer.hikari.HikariConfig           : healthCheckProperties...........{}
2024-12-27T18:09:47.624+05:30 DEBUG 139594 --- [Crud_KR] [           main] com.zaxxer.hikari.HikariConfig           : healthCheckRegistry.............none
2024-12-27T18:09:47.624+05:30 DEBUG 139594 --- [Crud_KR] [           main] com.zaxxer.hikari.HikariConfig           : idleTimeout.....................600000
2024-12-27T18:09:47.624+05:30 DEBUG 139594 --- [Crud_KR] [           main] com.zaxxer.hikari.HikariConfig           : initializationFailTimeout.......1
2024-12-27T18:09:47.624+05:30 DEBUG 139594 --- [Crud_KR] [           main] com.zaxxer.hikari.HikariConfig           : isolateInternalQueries..........false
2024-12-27T18:09:47.624+05:30 DEBUG 139594 --- [Crud_KR] [           main] com.zaxxer.hikari.HikariConfig           : jdbcUrl.........................jdbc:mysql://localhost:3306/Customer
2024-12-27T18:09:47.624+05:30 DEBUG 139594 --- [Crud_KR] [           main] com.zaxxer.hikari.HikariConfig           : keepaliveTime...................0
2024-12-27T18:09:47.624+05:30 DEBUG 139594 --- [Crud_KR] [           main] com.zaxxer.hikari.HikariConfig           : leakDetectionThreshold..........0
2024-12-27T18:09:47.624+05:30 DEBUG 139594 --- [Crud_KR] [           main] com.zaxxer.hikari.HikariConfig           : maxLifetime.....................1800000
2024-12-27T18:09:47.624+05:30 DEBUG 139594 --- [Crud_KR] [           main] com.zaxxer.hikari.HikariConfig           : maximumPoolSize.................10
2024-12-27T18:09:47.625+05:30 DEBUG 139594 --- [Crud_KR] [           main] com.zaxxer.hikari.HikariConfig           : metricRegistry..................none
2024-12-27T18:09:47.625+05:30 DEBUG 139594 --- [Crud_KR] [           main] com.zaxxer.hikari.HikariConfig           : metricsTrackerFactory...........none
2024-12-27T18:09:47.625+05:30 DEBUG 139594 --- [Crud_KR] [           main] com.zaxxer.hikari.HikariConfig           : minimumIdle.....................10
2024-12-27T18:09:47.625+05:30 DEBUG 139594 --- [Crud_KR] [           main] com.zaxxer.hikari.HikariConfig           : password........................<masked>
2024-12-27T18:09:47.625+05:30 DEBUG 139594 --- [Crud_KR] [           main] com.zaxxer.hikari.HikariConfig           : poolName........................"HikariPool-1"
2024-12-27T18:09:47.625+05:30 DEBUG 139594 --- [Crud_KR] [           main] com.zaxxer.hikari.HikariConfig           : readOnly........................false
2024-12-27T18:09:47.625+05:30 DEBUG 139594 --- [Crud_KR] [           main] com.zaxxer.hikari.HikariConfig           : registerMbeans..................false
2024-12-27T18:09:47.625+05:30 DEBUG 139594 --- [Crud_KR] [           main] com.zaxxer.hikari.HikariConfig           : scheduledExecutor...............none
2024-12-27T18:09:47.625+05:30 DEBUG 139594 --- [Crud_KR] [           main] com.zaxxer.hikari.HikariConfig           : schema..........................none
2024-12-27T18:09:47.625+05:30 DEBUG 139594 --- [Crud_KR] [           main] com.zaxxer.hikari.HikariConfig           : threadFactory...................internal
2024-12-27T18:09:47.626+05:30 DEBUG 139594 --- [Crud_KR] [           main] com.zaxxer.hikari.HikariConfig           : transactionIsolation............default
2024-12-27T18:09:47.626+05:30 DEBUG 139594 --- [Crud_KR] [           main] com.zaxxer.hikari.HikariConfig           : username........................"abstract-programmer"
2024-12-27T18:09:47.626+05:30 DEBUG 139594 --- [Crud_KR] [           main] com.zaxxer.hikari.HikariConfig           : validationTimeout...............5000
2024-12-27T18:09:47.626+05:30  INFO 139594 --- [Crud_KR] [           main] com.zaxxer.hikari.HikariDataSource       : HikariPool-1 - Starting...
2024-12-27T18:09:47.908+05:30 DEBUG 139594 --- [Crud_KR] [           main] jdk.event.security                       : X509Certificate: Alg:SHA256withRSA, Serial:2, Subject:CN=MySQL_Server_8.0.40_Auto_Generated_Server_Certificate, Issuer:CN=MySQL_Server_8.0.40_Auto_Generated_CA_Certificate, Key type:RSA, Length:2048, Cert Id:-2123655613, Valid from:12/12/24, 1:07 pm, Valid until:10/12/34, 1:07 pm
2024-12-27T18:09:47.910+05:30 DEBUG 139594 --- [Crud_KR] [           main] jdk.event.security                       : X509Certificate: Alg:SHA256withRSA, Serial:1, Subject:CN=MySQL_Server_8.0.40_Auto_Generated_CA_Certificate, Issuer:CN=MySQL_Server_8.0.40_Auto_Generated_CA_Certificate, Key type:RSA, Length:2048, Cert Id:-2057109510, Valid from:12/12/24, 1:07 pm, Valid until:10/12/34, 1:07 pm
2024-12-27T18:09:47.924+05:30 DEBUG 139594 --- [Crud_KR] [           main] jdk.event.security                       :  TLSHandshake: localhost:3306, TLSv1.3, TLS_AES_256_GCM_SHA384, -2123655613
2024-12-27T18:09:47.955+05:30  INFO 139594 --- [Crud_KR] [           main] com.zaxxer.hikari.pool.HikariPool        : HikariPool-1 - Added connection com.mysql.cj.jdbc.ConnectionImpl@7f64bd7
2024-12-27T18:09:47.956+05:30  INFO 139594 --- [Crud_KR] [           main] com.zaxxer.hikari.HikariDataSource       : HikariPool-1 - Start completed.
2024-12-27T18:09:47.961+05:30 DEBUG 139594 --- [Crud_KR] [           main] o.h.e.j.e.i.JdbcEnvironmentInitiator     : Database ->
	   name : MySQL
	version : 8.0.40-0ubuntu0.22.04.1
	  major : 8
	  minor : 0
2024-12-27T18:09:47.961+05:30 DEBUG 139594 --- [Crud_KR] [           main] o.h.e.j.e.i.JdbcEnvironmentInitiator     : Driver ->
	   name : MySQL Connector/J
	version : mysql-connector-j-9.1.0 (Revision: cf2917ea44ae2e43a4514a33771035aa99de73bf)
	  major : 9
	  minor : 1
2024-12-27T18:09:47.962+05:30 DEBUG 139594 --- [Crud_KR] [           main] o.h.e.j.e.i.JdbcEnvironmentInitiator     : JDBC version : 4.2
2024-12-27T18:09:47.998+05:30  WARN 139594 --- [Crud_KR] [           main] org.hibernate.orm.deprecation            : HHH90000025: MySQL8Dialect does not need to be specified explicitly using 'hibernate.dialect' (remove the property setting and it will be selected by default)
2024-12-27T18:09:47.999+05:30 DEBUG 139594 --- [Crud_KR] [           main] org.hibernate.orm.dialect                : HHH035001: Using dialect: org.hibernate.dialect.MySQL8Dialect, version: 8.0
2024-12-27T18:09:48.000+05:30  WARN 139594 --- [Crud_KR] [           main] org.hibernate.orm.deprecation            : HHH90000026: MySQL8Dialect has been deprecated; use org.hibernate.dialect.MySQLDialect instead
2024-12-27T18:09:48.003+05:30 DEBUG 139594 --- [Crud_KR] [           main] o.h.e.j.env.spi.IdentifierHelperBuilder  : JDBC driver metadata reported database stores quoted identifiers in more than one case
2024-12-27T18:09:48.004+05:30 DEBUG 139594 --- [Crud_KR] [           main] o.h.e.j.env.spi.IdentifierHelperBuilder  : IdentifierCaseStrategy for both quoted and unquoted identifiers was set to the same strategy [MIXED]; that will likely lead to problems in schema update and validation if using quoted identifiers
2024-12-27T18:09:48.021+05:30  INFO 139594 --- [Crud_KR] [           main] org.hibernate.orm.connections.pooling    : HHH10001005: Database info:
	Database JDBC URL [Connecting through datasource 'HikariDataSource (HikariPool-1)']
	Database driver: undefined/unknown
	Database version: 8.0
	Autocommit mode: undefined/unknown
	Isolation level: undefined/unknown
	Minimum pool size: undefined/unknown
	Maximum pool size: undefined/unknown
2024-12-27T18:09:48.027+05:30 DEBUG 139594 --- [Crud_KR] [           main] o.h.t.d.sql.spi.DdlTypeRegistry          : addDescriptor(12, org.hibernate.type.descriptor.sql.internal.CapacityDependentDdlType@7b10472e) replaced previous registration(org.hibernate.type.descriptor.sql.internal.CapacityDependentDdlType@70e5737f)
2024-12-27T18:09:48.028+05:30 DEBUG 139594 --- [Crud_KR] [           main] o.h.t.d.sql.spi.DdlTypeRegistry          : addDescriptor(-9, org.hibernate.type.descriptor.sql.internal.CapacityDependentDdlType@9746157) replaced previous registration(org.hibernate.type.descriptor.sql.internal.CapacityDependentDdlType@10ad95cd)
2024-12-27T18:09:48.028+05:30 DEBUG 139594 --- [Crud_KR] [           main] o.h.t.d.sql.spi.DdlTypeRegistry          : addDescriptor(-3, org.hibernate.type.descriptor.sql.internal.CapacityDependentDdlType@69fd99c1) replaced previous registration(org.hibernate.type.descriptor.sql.internal.CapacityDependentDdlType@32d8710a)
2024-12-27T18:09:48.028+05:30 DEBUG 139594 --- [Crud_KR] [           main] o.h.t.d.sql.spi.DdlTypeRegistry          : addDescriptor(4003, org.hibernate.type.descriptor.sql.internal.DdlTypeImpl@180cc0df) replaced previous registration(org.hibernate.type.descriptor.sql.internal.DdlTypeImpl@64f33dee)
2024-12-27T18:09:48.028+05:30 DEBUG 139594 --- [Crud_KR] [           main] o.h.t.d.sql.spi.DdlTypeRegistry          : addDescriptor(4001, org.hibernate.type.descriptor.sql.internal.DdlTypeImpl@61c58320) replaced previous registration(org.hibernate.type.descriptor.sql.internal.DdlTypeImpl@10e4ee33)
2024-12-27T18:09:48.028+05:30 DEBUG 139594 --- [Crud_KR] [           main] o.h.t.d.sql.spi.DdlTypeRegistry          : addDescriptor(4002, org.hibernate.type.descriptor.sql.internal.DdlTypeImpl@6e90cec8) replaced previous registration(org.hibernate.type.descriptor.sql.internal.DdlTypeImpl@13f182b9)
2024-12-27T18:09:48.028+05:30 DEBUG 139594 --- [Crud_KR] [           main] o.h.t.d.sql.spi.DdlTypeRegistry          : addDescriptor(2004, org.hibernate.type.descriptor.sql.internal.CapacityDependentDdlType@5ee0cf64) replaced previous registration(org.hibernate.type.descriptor.sql.internal.DdlTypeImpl@69c227fd)
2024-12-27T18:09:48.029+05:30 DEBUG 139594 --- [Crud_KR] [           main] o.h.t.d.sql.spi.DdlTypeRegistry          : addDescriptor(2005, org.hibernate.type.descriptor.sql.internal.CapacityDependentDdlType@14c5283) replaced previous registration(org.hibernate.type.descriptor.sql.internal.DdlTypeImpl@1eb7ec59)
2024-12-27T18:09:48.029+05:30 DEBUG 139594 --- [Crud_KR] [           main] o.h.t.d.sql.spi.DdlTypeRegistry          : addDescriptor(2011, org.hibernate.type.descriptor.sql.internal.CapacityDependentDdlType@46748b04) replaced previous registration(org.hibernate.type.descriptor.sql.internal.DdlTypeImpl@3e71a1f8)
2024-12-27T18:09:48.030+05:30 DEBUG 139594 --- [Crud_KR] [           main] o.h.t.d.jdbc.spi.JdbcTypeRegistry        : addDescriptor(NCharTypeDescriptor) replaced previous registration(CharTypeDescriptor)
2024-12-27T18:09:48.030+05:30 DEBUG 139594 --- [Crud_KR] [           main] o.h.t.d.jdbc.spi.JdbcTypeRegistry        : addDescriptor(NVarcharTypeDescriptor) replaced previous registration(VarcharTypeDescriptor)
2024-12-27T18:09:48.031+05:30 DEBUG 139594 --- [Crud_KR] [           main] o.h.t.d.jdbc.spi.JdbcTypeRegistry        : addDescriptor(LongNVarcharTypeDescriptor) replaced previous registration(LongVarcharTypeDescriptor)
2024-12-27T18:09:48.032+05:30 DEBUG 139594 --- [Crud_KR] [           main] o.h.t.d.jdbc.spi.JdbcTypeRegistry        : addDescriptor(NClobTypeDescriptor(DEFAULT)) replaced previous registration(ClobTypeDescriptor(DEFAULT))
2024-12-27T18:09:48.035+05:30 DEBUG 139594 --- [Crud_KR] [           main] org.hibernate.type.BasicTypeRegistry     : Adding type registration null -> org.hibernate.type.NullType@69419d59
2024-12-27T18:09:48.035+05:30 DEBUG 139594 --- [Crud_KR] [           main] org.hibernate.type.BasicTypeRegistry     : Type registration key [null] overrode previous entry : `org.hibernate.type.NullType@2036f83`
2024-12-27T18:09:48.038+05:30 DEBUG 139594 --- [Crud_KR] [           main] org.hibernate.type.BasicTypeRegistry     : Adding type registration org.hibernate.type.DurationType -> basicType@1(java.time.Duration,3015)
2024-12-27T18:09:48.038+05:30 DEBUG 139594 --- [Crud_KR] [           main] org.hibernate.type.BasicTypeRegistry     : Adding type registration Duration -> basicType@1(java.time.Duration,3015)
2024-12-27T18:09:48.038+05:30 DEBUG 139594 --- [Crud_KR] [           main] org.hibernate.type.BasicTypeRegistry     : Adding type registration java.time.Duration -> basicType@1(java.time.Duration,3015)
2024-12-27T18:09:48.041+05:30 DEBUG 139594 --- [Crud_KR] [           main] org.hibernate.type.BasicTypeRegistry     : Adding type registration org.hibernate.type.OffsetDateTimeType -> basicType@2(java.time.OffsetDateTime,3003)
2024-12-27T18:09:48.041+05:30 DEBUG 139594 --- [Crud_KR] [           main] org.hibernate.type.BasicTypeRegistry     : Adding type registration OffsetDateTime -> basicType@2(java.time.OffsetDateTime,3003)
2024-12-27T18:09:48.041+05:30 DEBUG 139594 --- [Crud_KR] [           main] org.hibernate.type.BasicTypeRegistry     : Adding type registration java.time.OffsetDateTime -> basicType@2(java.time.OffsetDateTime,3003)
2024-12-27T18:09:48.041+05:30 DEBUG 139594 --- [Crud_KR] [           main] org.hibernate.type.BasicTypeRegistry     : Adding type registration org.hibernate.type.ZonedDateTimeType -> basicType@3(java.time.ZonedDateTime,3003)
2024-12-27T18:09:48.041+05:30 DEBUG 139594 --- [Crud_KR] [           main] org.hibernate.type.BasicTypeRegistry     : Adding type registration ZonedDateTime -> basicType@3(java.time.ZonedDateTime,3003)
2024-12-27T18:09:48.042+05:30 DEBUG 139594 --- [Crud_KR] [           main] org.hibernate.type.BasicTypeRegistry     : Adding type registration java.time.ZonedDateTime -> basicType@3(java.time.ZonedDateTime,3003)
2024-12-27T18:09:48.042+05:30 DEBUG 139594 --- [Crud_KR] [           main] org.hibernate.type.BasicTypeRegistry     : Adding type registration org.hibernate.type.OffsetTimeType -> basicType@4(java.time.OffsetTime,3007)
2024-12-27T18:09:48.042+05:30 DEBUG 139594 --- [Crud_KR] [           main] org.hibernate.type.BasicTypeRegistry     : Adding type registration OffsetTime -> basicType@4(java.time.OffsetTime,3007)
2024-12-27T18:09:48.042+05:30 DEBUG 139594 --- [Crud_KR] [           main] org.hibernate.type.BasicTypeRegistry     : Adding type registration java.time.OffsetTime -> basicType@4(java.time.OffsetTime,3007)
2024-12-27T18:09:48.044+05:30 DEBUG 139594 --- [Crud_KR] [           main] o.h.type.spi.TypeConfiguration$Scope     : Scoping TypeConfiguration [org.hibernate.type.spi.TypeConfiguration@320fc4b0] to MetadataBuildingContext [org.hibernate.boot.internal.MetadataBuildingContextRootImpl@10724a72]
2024-12-27T18:09:48.056+05:30 DEBUG 139594 --- [Crud_KR] [l-1 housekeeper] com.zaxxer.hikari.pool.HikariPool        : HikariPool-1 - Pool stats (total=1, active=0, idle=1, waiting=0)
2024-12-27T18:09:48.073+05:30 DEBUG 139594 --- [Crud_KR] [onnection adder] jdk.event.security                       : X509Certificate: Alg:SHA256withRSA, Serial:2, Subject:CN=MySQL_Server_8.0.40_Auto_Generated_Server_Certificate, Issuer:CN=MySQL_Server_8.0.40_Auto_Generated_CA_Certificate, Key type:RSA, Length:2048, Cert Id:-2123655613, Valid from:12/12/24, 1:07 pm, Valid until:10/12/34, 1:07 pm
2024-12-27T18:09:48.074+05:30 DEBUG 139594 --- [Crud_KR] [onnection adder] jdk.event.security                       : X509Certificate: Alg:SHA256withRSA, Serial:1, Subject:CN=MySQL_Server_8.0.40_Auto_Generated_CA_Certificate, Issuer:CN=MySQL_Server_8.0.40_Auto_Generated_CA_Certificate, Key type:RSA, Length:2048, Cert Id:-2057109510, Valid from:12/12/24, 1:07 pm, Valid until:10/12/34, 1:07 pm
2024-12-27T18:09:48.079+05:30 DEBUG 139594 --- [Crud_KR] [           main] o.h.boot.model.relational.Namespace      : Created database namespace [logicalName=Name{catalog=null, schema=null}, physicalName=Name{catalog=null, schema=null}]
2024-12-27T18:09:48.084+05:30 DEBUG 139594 --- [Crud_KR] [onnection adder] jdk.event.security                       :  TLSHandshake: localhost:3306, TLSv1.3, TLS_AES_256_GCM_SHA384, -2123655613
2024-12-27T18:09:48.089+05:30 DEBUG 139594 --- [Crud_KR] [onnection adder] com.zaxxer.hikari.pool.HikariPool        : HikariPool-1 - Added connection com.mysql.cj.jdbc.ConnectionImpl@55b231f0
2024-12-27T18:09:48.102+05:30 DEBUG 139594 --- [Crud_KR] [           main] o.h.boot.model.internal.EntityBinder     : Binding entity from annotated class: com.example.crud_kr.Model.Customer
2024-12-27T18:09:48.106+05:30 DEBUG 139594 --- [Crud_KR] [           main] o.h.boot.model.internal.EntityBinder     : Import with entity name Customer
2024-12-27T18:09:48.113+05:30 DEBUG 139594 --- [Crud_KR] [           main] o.h.boot.model.internal.EntityBinder     : Bind entity com.example.crud_kr.Model.Customer on table customer_db
2024-12-27T18:09:48.119+05:30 DEBUG 139594 --- [Crud_KR] [onnection adder] com.zaxxer.hikari.pool.HikariPool        : HikariPool-1 - After adding stats (total=2, active=0, idle=2, waiting=0)
2024-12-27T18:09:48.120+05:30 DEBUG 139594 --- [Crud_KR] [           main] o.h.boot.model.internal.AnnotatedColumn  : Binding column: AnnotatedDiscriminatorColumn(column='DTYPE')
2024-12-27T18:09:48.132+05:30 DEBUG 139594 --- [Crud_KR] [           main] o.h.boot.model.internal.AnnotatedColumn  : Binding column: AnnotatedColumn()
2024-12-27T18:09:48.133+05:30 DEBUG 139594 --- [Crud_KR] [           main] o.h.boot.internal.ClassLoaderAccessImpl  : Not known whether passed class name [com.example.crud_kr.Model.Customer] is safe
2024-12-27T18:09:48.133+05:30 DEBUG 139594 --- [Crud_KR] [onnection adder] jdk.event.security                       : X509Certificate: Alg:SHA256withRSA, Serial:2, Subject:CN=MySQL_Server_8.0.40_Auto_Generated_Server_Certificate, Issuer:CN=MySQL_Server_8.0.40_Auto_Generated_CA_Certificate, Key type:RSA, Length:2048, Cert Id:-2123655613, Valid from:12/12/24, 1:07 pm, Valid until:10/12/34, 1:07 pm
2024-12-27T18:09:48.133+05:30 DEBUG 139594 --- [Crud_KR] [           main] o.h.boot.internal.ClassLoaderAccessImpl  : No temp ClassLoader provided; using live ClassLoader for loading potentially unsafe class : com.example.crud_kr.Model.Customer
2024-12-27T18:09:48.134+05:30 DEBUG 139594 --- [Crud_KR] [onnection adder] jdk.event.security                       : X509Certificate: Alg:SHA256withRSA, Serial:1, Subject:CN=MySQL_Server_8.0.40_Auto_Generated_CA_Certificate, Issuer:CN=MySQL_Server_8.0.40_Auto_Generated_CA_Certificate, Key type:RSA, Length:2048, Cert Id:-2057109510, Valid from:12/12/24, 1:07 pm, Valid until:10/12/34, 1:07 pm
2024-12-27T18:09:48.136+05:30 DEBUG 139594 --- [Crud_KR] [           main] o.h.boot.model.internal.PropertyBinder   : MetadataSourceProcessor property id with lazy=false
2024-12-27T18:09:48.138+05:30 DEBUG 139594 --- [Crud_KR] [onnection adder] jdk.event.security                       :  TLSHandshake: localhost:3306, TLSv1.3, TLS_AES_256_GCM_SHA384, -2123655613
2024-12-27T18:09:48.139+05:30 DEBUG 139594 --- [Crud_KR] [           main] o.h.b.m.internal.AbstractPropertyHolder  : Attempting to locate auto-apply AttributeConverter for property [com.example.crud_kr.Model.Customer:id]
2024-12-27T18:09:48.142+05:30 DEBUG 139594 --- [Crud_KR] [onnection adder] com.zaxxer.hikari.pool.HikariPool        : HikariPool-1 - Added connection com.mysql.cj.jdbc.ConnectionImpl@642d2178
2024-12-27T18:09:48.144+05:30 DEBUG 139594 --- [Crud_KR] [           main] o.h.b.model.internal.BasicValueBinder    : building BasicValue for id
2024-12-27T18:09:48.146+05:30 DEBUG 139594 --- [Crud_KR] [           main] org.hibernate.mapping.BasicValue         : Skipping column re-registration: customer_db.id
2024-12-27T18:09:48.147+05:30 DEBUG 139594 --- [Crud_KR] [           main] o.h.boot.model.internal.PropertyBinder   : Building property id
2024-12-27T18:09:48.151+05:30 DEBUG 139594 --- [Crud_KR] [           main] o.h.boot.model.internal.BinderHelper     : #makeIdGenerator(BasicValue([Column(id)]), id, identity, , ...)
2024-12-27T18:09:48.152+05:30 DEBUG 139594 --- [Crud_KR] [           main] o.h.boot.model.internal.AnnotatedColumn  : Binding column: AnnotatedColumn()
2024-12-27T18:09:48.152+05:30 DEBUG 139594 --- [Crud_KR] [           main] o.h.boot.model.internal.PropertyBinder   : MetadataSourceProcessor property email with lazy=false
2024-12-27T18:09:48.152+05:30 DEBUG 139594 --- [Crud_KR] [           main] o.h.b.m.internal.AbstractPropertyHolder  : Attempting to locate auto-apply AttributeConverter for property [com.example.crud_kr.Model.Customer:email]
2024-12-27T18:09:48.152+05:30 DEBUG 139594 --- [Crud_KR] [           main] o.h.b.model.internal.BasicValueBinder    : building BasicValue for email
2024-12-27T18:09:48.152+05:30 DEBUG 139594 --- [Crud_KR] [           main] org.hibernate.mapping.BasicValue         : Skipping column re-registration: customer_db.email
2024-12-27T18:09:48.152+05:30 DEBUG 139594 --- [Crud_KR] [           main] o.h.boot.model.internal.PropertyBinder   : Building property email
2024-12-27T18:09:48.153+05:30 DEBUG 139594 --- [Crud_KR] [           main] o.h.boot.model.internal.AnnotatedColumn  : Binding column: AnnotatedColumn()
2024-12-27T18:09:48.153+05:30 DEBUG 139594 --- [Crud_KR] [           main] o.h.boot.model.internal.PropertyBinder   : MetadataSourceProcessor property firstName with lazy=false
2024-12-27T18:09:48.153+05:30 DEBUG 139594 --- [Crud_KR] [           main] o.h.b.m.internal.AbstractPropertyHolder  : Attempting to locate auto-apply AttributeConverter for property [com.example.crud_kr.Model.Customer:firstName]
2024-12-27T18:09:48.153+05:30 DEBUG 139594 --- [Crud_KR] [           main] o.h.b.model.internal.BasicValueBinder    : building BasicValue for firstName
2024-12-27T18:09:48.154+05:30 DEBUG 139594 --- [Crud_KR] [           main] org.hibernate.mapping.BasicValue         : Skipping column re-registration: customer_db.first_name
2024-12-27T18:09:48.154+05:30 DEBUG 139594 --- [Crud_KR] [           main] o.h.boot.model.internal.PropertyBinder   : Building property firstName
2024-12-27T18:09:48.154+05:30 DEBUG 139594 --- [Crud_KR] [           main] o.h.boot.model.internal.AnnotatedColumn  : Binding column: AnnotatedColumn()
2024-12-27T18:09:48.154+05:30 DEBUG 139594 --- [Crud_KR] [           main] o.h.boot.model.internal.PropertyBinder   : MetadataSourceProcessor property lastName with lazy=false
2024-12-27T18:09:48.154+05:30 DEBUG 139594 --- [Crud_KR] [           main] o.h.b.m.internal.AbstractPropertyHolder  : Attempting to locate auto-apply AttributeConverter for property [com.example.crud_kr.Model.Customer:lastName]
2024-12-27T18:09:48.154+05:30 DEBUG 139594 --- [Crud_KR] [           main] o.h.b.model.internal.BasicValueBinder    : building BasicValue for lastName
2024-12-27T18:09:48.154+05:30 DEBUG 139594 --- [Crud_KR] [           main] org.hibernate.mapping.BasicValue         : Skipping column re-registration: customer_db.last_name
2024-12-27T18:09:48.154+05:30 DEBUG 139594 --- [Crud_KR] [           main] o.h.boot.model.internal.PropertyBinder   : Building property lastName
2024-12-27T18:09:48.155+05:30 DEBUG 139594 --- [Crud_KR] [           main] o.h.boot.model.internal.AnnotatedColumn  : Binding column: AnnotatedColumn()
2024-12-27T18:09:48.155+05:30 DEBUG 139594 --- [Crud_KR] [           main] o.h.boot.model.internal.PropertyBinder   : MetadataSourceProcessor property phNo with lazy=false
2024-12-27T18:09:48.155+05:30 DEBUG 139594 --- [Crud_KR] [           main] o.h.b.m.internal.AbstractPropertyHolder  : Attempting to locate auto-apply AttributeConverter for property [com.example.crud_kr.Model.Customer:phNo]
2024-12-27T18:09:48.155+05:30 DEBUG 139594 --- [Crud_KR] [           main] o.h.b.model.internal.BasicValueBinder    : building BasicValue for phNo
2024-12-27T18:09:48.155+05:30 DEBUG 139594 --- [Crud_KR] [           main] org.hibernate.mapping.BasicValue         : Skipping column re-registration: customer_db.ph_no
2024-12-27T18:09:48.155+05:30 DEBUG 139594 --- [Crud_KR] [           main] o.h.boot.model.internal.PropertyBinder   : Building property phNo
2024-12-27T18:09:48.156+05:30 DEBUG 139594 --- [Crud_KR] [           main] o.h.b.r.c.i.ClassLoaderServiceImpl       : HHH000194: Package not found or no package-info.java: com.example.crud_kr.Model
2024-12-27T18:09:48.162+05:30 DEBUG 139594 --- [Crud_KR] [           main] o.h.b.model.internal.BasicValueBinder    : Starting `BasicValueBinder#fillSimpleValue` for id
2024-12-27T18:09:48.162+05:30 DEBUG 139594 --- [Crud_KR] [           main] o.h.b.model.internal.BasicValueBinder    : Starting `BasicValueBinder#fillSimpleValue` for email
2024-12-27T18:09:48.164+05:30 DEBUG 139594 --- [Crud_KR] [           main] o.h.b.model.internal.BasicValueBinder    : Starting `BasicValueBinder#fillSimpleValue` for firstName
2024-12-27T18:09:48.164+05:30 DEBUG 139594 --- [Crud_KR] [           main] o.h.b.model.internal.BasicValueBinder    : Starting `BasicValueBinder#fillSimpleValue` for lastName
2024-12-27T18:09:48.164+05:30 DEBUG 139594 --- [Crud_KR] [           main] o.h.b.model.internal.BasicValueBinder    : Starting `BasicValueBinder#fillSimpleValue` for phNo
2024-12-27T18:09:48.168+05:30 DEBUG 139594 --- [Crud_KR] [           main] org.hibernate.mapping.PrimaryKey         : Forcing column [id] to be non-null as it is part of the primary key for table [customer_db]
2024-12-27T18:09:48.172+05:30 DEBUG 139594 --- [Crud_KR] [onnection adder] com.zaxxer.hikari.pool.HikariPool        : HikariPool-1 - After adding stats (total=3, active=0, idle=3, waiting=0)
2024-12-27T18:09:48.188+05:30 DEBUG 139594 --- [Crud_KR] [onnection adder] jdk.event.security                       : X509Certificate: Alg:SHA256withRSA, Serial:2, Subject:CN=MySQL_Server_8.0.40_Auto_Generated_Server_Certificate, Issuer:CN=MySQL_Server_8.0.40_Auto_Generated_CA_Certificate, Key type:RSA, Length:2048, Cert Id:-2123655613, Valid from:12/12/24, 1:07 pm, Valid until:10/12/34, 1:07 pm
2024-12-27T18:09:48.190+05:30 DEBUG 139594 --- [Crud_KR] [onnection adder] jdk.event.security                       : X509Certificate: Alg:SHA256withRSA, Serial:1, Subject:CN=MySQL_Server_8.0.40_Auto_Generated_CA_Certificate, Issuer:CN=MySQL_Server_8.0.40_Auto_Generated_CA_Certificate, Key type:RSA, Length:2048, Cert Id:-2057109510, Valid from:12/12/24, 1:07 pm, Valid until:10/12/34, 1:07 pm
2024-12-27T18:09:48.194+05:30 DEBUG 139594 --- [Crud_KR] [onnection adder] jdk.event.security                       :  TLSHandshake: localhost:3306, TLSv1.3, TLS_AES_256_GCM_SHA384, -2123655613
2024-12-27T18:09:48.198+05:30 DEBUG 139594 --- [Crud_KR] [onnection adder] com.zaxxer.hikari.pool.HikariPool        : HikariPool-1 - Added connection com.mysql.cj.jdbc.ConnectionImpl@359dcebf
2024-12-27T18:09:48.228+05:30 DEBUG 139594 --- [Crud_KR] [onnection adder] com.zaxxer.hikari.pool.HikariPool        : HikariPool-1 - After adding stats (total=4, active=0, idle=4, waiting=0)
2024-12-27T18:09:48.241+05:30 DEBUG 139594 --- [Crud_KR] [onnection adder] jdk.event.security                       : X509Certificate: Alg:SHA256withRSA, Serial:2, Subject:CN=MySQL_Server_8.0.40_Auto_Generated_Server_Certificate, Issuer:CN=MySQL_Server_8.0.40_Auto_Generated_CA_Certificate, Key type:RSA, Length:2048, Cert Id:-2123655613, Valid from:12/12/24, 1:07 pm, Valid until:10/12/34, 1:07 pm
2024-12-27T18:09:48.242+05:30 DEBUG 139594 --- [Crud_KR] [onnection adder] jdk.event.security                       : X509Certificate: Alg:SHA256withRSA, Serial:1, Subject:CN=MySQL_Server_8.0.40_Auto_Generated_CA_Certificate, Issuer:CN=MySQL_Server_8.0.40_Auto_Generated_CA_Certificate, Key type:RSA, Length:2048, Cert Id:-2057109510, Valid from:12/12/24, 1:07 pm, Valid until:10/12/34, 1:07 pm
2024-12-27T18:09:48.247+05:30 DEBUG 139594 --- [Crud_KR] [onnection adder] jdk.event.security                       :  TLSHandshake: localhost:3306, TLSv1.3, TLS_AES_256_GCM_SHA384, -2123655613
2024-12-27T18:09:48.251+05:30 DEBUG 139594 --- [Crud_KR] [onnection adder] com.zaxxer.hikari.pool.HikariPool        : HikariPool-1 - Added connection com.mysql.cj.jdbc.ConnectionImpl@31d3978b
2024-12-27T18:09:48.282+05:30 DEBUG 139594 --- [Crud_KR] [onnection adder] com.zaxxer.hikari.pool.HikariPool        : HikariPool-1 - After adding stats (total=5, active=0, idle=5, waiting=0)
2024-12-27T18:09:48.305+05:30 DEBUG 139594 --- [Crud_KR] [onnection adder] jdk.event.security                       : X509Certificate: Alg:SHA256withRSA, Serial:2, Subject:CN=MySQL_Server_8.0.40_Auto_Generated_Server_Certificate, Issuer:CN=MySQL_Server_8.0.40_Auto_Generated_CA_Certificate, Key type:RSA, Length:2048, Cert Id:-2123655613, Valid from:12/12/24, 1:07 pm, Valid until:10/12/34, 1:07 pm
2024-12-27T18:09:48.305+05:30 DEBUG 139594 --- [Crud_KR] [onnection adder] jdk.event.security                       : X509Certificate: Alg:SHA256withRSA, Serial:1, Subject:CN=MySQL_Server_8.0.40_Auto_Generated_CA_Certificate, Issuer:CN=MySQL_Server_8.0.40_Auto_Generated_CA_Certificate, Key type:RSA, Length:2048, Cert Id:-2057109510, Valid from:12/12/24, 1:07 pm, Valid until:10/12/34, 1:07 pm
2024-12-27T18:09:48.308+05:30 DEBUG 139594 --- [Crud_KR] [onnection adder] jdk.event.security                       :  TLSHandshake: localhost:3306, TLSv1.3, TLS_AES_256_GCM_SHA384, -2123655613
2024-12-27T18:09:48.312+05:30 DEBUG 139594 --- [Crud_KR] [onnection adder] com.zaxxer.hikari.pool.HikariPool        : HikariPool-1 - Added connection com.mysql.cj.jdbc.ConnectionImpl@62a3b943
2024-12-27T18:09:48.342+05:30 DEBUG 139594 --- [Crud_KR] [onnection adder] com.zaxxer.hikari.pool.HikariPool        : HikariPool-1 - After adding stats (total=6, active=0, idle=6, waiting=0)
2024-12-27T18:09:48.354+05:30 DEBUG 139594 --- [Crud_KR] [onnection adder] jdk.event.security                       : X509Certificate: Alg:SHA256withRSA, Serial:2, Subject:CN=MySQL_Server_8.0.40_Auto_Generated_Server_Certificate, Issuer:CN=MySQL_Server_8.0.40_Auto_Generated_CA_Certificate, Key type:RSA, Length:2048, Cert Id:-2123655613, Valid from:12/12/24, 1:07 pm, Valid until:10/12/34, 1:07 pm
2024-12-27T18:09:48.355+05:30 DEBUG 139594 --- [Crud_KR] [onnection adder] jdk.event.security                       : X509Certificate: Alg:SHA256withRSA, Serial:1, Subject:CN=MySQL_Server_8.0.40_Auto_Generated_CA_Certificate, Issuer:CN=MySQL_Server_8.0.40_Auto_Generated_CA_Certificate, Key type:RSA, Length:2048, Cert Id:-2057109510, Valid from:12/12/24, 1:07 pm, Valid until:10/12/34, 1:07 pm
2024-12-27T18:09:48.358+05:30 DEBUG 139594 --- [Crud_KR] [onnection adder] jdk.event.security                       :  TLSHandshake: localhost:3306, TLSv1.3, TLS_AES_256_GCM_SHA384, -2123655613
2024-12-27T18:09:48.362+05:30 DEBUG 139594 --- [Crud_KR] [onnection adder] com.zaxxer.hikari.pool.HikariPool        : HikariPool-1 - Added connection com.mysql.cj.jdbc.ConnectionImpl@274b62f8
2024-12-27T18:09:48.392+05:30 DEBUG 139594 --- [Crud_KR] [onnection adder] com.zaxxer.hikari.pool.HikariPool        : HikariPool-1 - After adding stats (total=7, active=0, idle=7, waiting=0)
2024-12-27T18:09:48.403+05:30 DEBUG 139594 --- [Crud_KR] [onnection adder] jdk.event.security                       : X509Certificate: Alg:SHA256withRSA, Serial:2, Subject:CN=MySQL_Server_8.0.40_Auto_Generated_Server_Certificate, Issuer:CN=MySQL_Server_8.0.40_Auto_Generated_CA_Certificate, Key type:RSA, Length:2048, Cert Id:-2123655613, Valid from:12/12/24, 1:07 pm, Valid until:10/12/34, 1:07 pm
2024-12-27T18:09:48.404+05:30 DEBUG 139594 --- [Crud_KR] [onnection adder] jdk.event.security                       : X509Certificate: Alg:SHA256withRSA, Serial:1, Subject:CN=MySQL_Server_8.0.40_Auto_Generated_CA_Certificate, Issuer:CN=MySQL_Server_8.0.40_Auto_Generated_CA_Certificate, Key type:RSA, Length:2048, Cert Id:-2057109510, Valid from:12/12/24, 1:07 pm, Valid until:10/12/34, 1:07 pm
2024-12-27T18:09:48.407+05:30 DEBUG 139594 --- [Crud_KR] [onnection adder] jdk.event.security                       :  TLSHandshake: localhost:3306, TLSv1.3, TLS_AES_256_GCM_SHA384, -2123655613
2024-12-27T18:09:48.410+05:30 DEBUG 139594 --- [Crud_KR] [onnection adder] com.zaxxer.hikari.pool.HikariPool        : HikariPool-1 - Added connection com.mysql.cj.jdbc.ConnectionImpl@49032f98
2024-12-27T18:09:48.441+05:30 DEBUG 139594 --- [Crud_KR] [onnection adder] com.zaxxer.hikari.pool.HikariPool        : HikariPool-1 - After adding stats (total=8, active=0, idle=8, waiting=0)
2024-12-27T18:09:48.451+05:30 DEBUG 139594 --- [Crud_KR] [onnection adder] jdk.event.security                       : X509Certificate: Alg:SHA256withRSA, Serial:2, Subject:CN=MySQL_Server_8.0.40_Auto_Generated_Server_Certificate, Issuer:CN=MySQL_Server_8.0.40_Auto_Generated_CA_Certificate, Key type:RSA, Length:2048, Cert Id:-2123655613, Valid from:12/12/24, 1:07 pm, Valid until:10/12/34, 1:07 pm
2024-12-27T18:09:48.452+05:30 DEBUG 139594 --- [Crud_KR] [onnection adder] jdk.event.security                       : X509Certificate: Alg:SHA256withRSA, Serial:1, Subject:CN=MySQL_Server_8.0.40_Auto_Generated_CA_Certificate, Issuer:CN=MySQL_Server_8.0.40_Auto_Generated_CA_Certificate, Key type:RSA, Length:2048, Cert Id:-2057109510, Valid from:12/12/24, 1:07 pm, Valid until:10/12/34, 1:07 pm
2024-12-27T18:09:48.455+05:30 DEBUG 139594 --- [Crud_KR] [onnection adder] jdk.event.security                       :  TLSHandshake: localhost:3306, TLSv1.3, TLS_AES_256_GCM_SHA384, -2123655613
2024-12-27T18:09:48.458+05:30 DEBUG 139594 --- [Crud_KR] [onnection adder] com.zaxxer.hikari.pool.HikariPool        : HikariPool-1 - Added connection com.mysql.cj.jdbc.ConnectionImpl@71f1648e
2024-12-27T18:09:48.488+05:30 DEBUG 139594 --- [Crud_KR] [onnection adder] com.zaxxer.hikari.pool.HikariPool        : HikariPool-1 - After adding stats (total=9, active=0, idle=9, waiting=0)
2024-12-27T18:09:48.499+05:30 DEBUG 139594 --- [Crud_KR] [onnection adder] jdk.event.security                       : X509Certificate: Alg:SHA256withRSA, Serial:2, Subject:CN=MySQL_Server_8.0.40_Auto_Generated_Server_Certificate, Issuer:CN=MySQL_Server_8.0.40_Auto_Generated_CA_Certificate, Key type:RSA, Length:2048, Cert Id:-2123655613, Valid from:12/12/24, 1:07 pm, Valid until:10/12/34, 1:07 pm
2024-12-27T18:09:48.500+05:30 DEBUG 139594 --- [Crud_KR] [onnection adder] jdk.event.security                       : X509Certificate: Alg:SHA256withRSA, Serial:1, Subject:CN=MySQL_Server_8.0.40_Auto_Generated_CA_Certificate, Issuer:CN=MySQL_Server_8.0.40_Auto_Generated_CA_Certificate, Key type:RSA, Length:2048, Cert Id:-2057109510, Valid from:12/12/24, 1:07 pm, Valid until:10/12/34, 1:07 pm
2024-12-27T18:09:48.502+05:30 DEBUG 139594 --- [Crud_KR] [onnection adder] jdk.event.security                       :  TLSHandshake: localhost:3306, TLSv1.3, TLS_AES_256_GCM_SHA384, -2123655613
2024-12-27T18:09:48.505+05:30 DEBUG 139594 --- [Crud_KR] [onnection adder] com.zaxxer.hikari.pool.HikariPool        : HikariPool-1 - Added connection com.mysql.cj.jdbc.ConnectionImpl@38df5ec0
2024-12-27T18:09:48.535+05:30 DEBUG 139594 --- [Crud_KR] [onnection adder] com.zaxxer.hikari.pool.HikariPool        : HikariPool-1 - After adding stats (total=10, active=0, idle=10, waiting=0)
2024-12-27T18:09:48.541+05:30 DEBUG 139594 --- [Crud_KR] [           main] o.hibernate.internal.SessionFactoryImpl  : Building session factory
2024-12-27T18:09:48.574+05:30 DEBUG 139594 --- [Crud_KR] [           main] .h.s.i.SessionFactoryServiceRegistryImpl : EventListenerRegistry access via ServiceRegistry is deprecated.  Use `sessionFactory.getEventEngine().getListenerRegistry()` instead
2024-12-27T18:09:48.575+05:30 DEBUG 139594 --- [Crud_KR] [           main] o.hibernate.internal.SessionFactoryImpl  : Instantiating SessionFactory with settings: {hibernate.format_sql=true, java.specification.version=17, hibernate.resource.beans.container=org.springframework.orm.hibernate5.SpringBeanContainer@774189d0, hibernate.connection.handling_mode=DELAYED_ACQUISITION_AND_HOLD, sun.jnu.encoding=UTF-8, hibernate.dialect=org.hibernate.dialect.MySQL8Dialect, hibernate.implicit_naming_strategy=org.springframework.boot.orm.jpa.hibernate.SpringImplicitNamingStrategy, java.class.path=/home/anshuman.pandey/adjetterMicroservice/Crud_KR/target/test-classes:/home/anshuman.pandey/adjetterMicroservice/Crud_KR/target/classes:/home/anshuman.pandey/.m2/repository/org/springframework/boot/spring-boot-starter-data-jpa/3.4.1/spring-boot-starter-data-jpa-3.4.1.jar:/home/anshuman.pandey/.m2/repository/org/springframework/boot/spring-boot-starter/3.4.1/spring-boot-starter-3.4.1.jar:/home/anshuman.pandey/.m2/repository/org/springframework/boot/spring-boot/3.4.1/spring-boot-3.4.1.jar:/home/anshuman.pandey/.m2/repository/org/springframework/boot/spring-boot-autoconfigure/3.4.1/spring-boot-autoconfigure-3.4.1.jar:/home/anshuman.pandey/.m2/repository/org/springframework/boot/spring-boot-starter-logging/3.4.1/spring-boot-starter-logging-3.4.1.jar:/home/anshuman.pandey/.m2/repository/org/apache/logging/log4j/log4j-to-slf4j/2.24.3/log4j-to-slf4j-2.24.3.jar:/home/anshuman.pandey/.m2/repository/org/apache/logging/log4j/log4j-api/2.24.3/log4j-api-2.24.3.jar:/home/anshuman.pandey/.m2/repository/org/slf4j/jul-to-slf4j/2.0.16/jul-to-slf4j-2.0.16.jar:/home/anshuman.pandey/.m2/repository/jakarta/annotation/jakarta.annotation-api/2.1.1/jakarta.annotation-api-2.1.1.jar:/home/anshuman.pandey/.m2/repository/org/yaml/snakeyaml/2.3/snakeyaml-2.3.jar:/home/anshuman.pandey/.m2/repository/org/springframework/boot/spring-boot-starter-jdbc/3.4.1/spring-boot-starter-jdbc-3.4.1.jar:/home/anshuman.pandey/.m2/repository/com/zaxxer/HikariCP/5.1.0/HikariCP-5.1.0.jar:/home/anshuman.pandey/.m2/repository/org/springframework/spring-jdbc/6.2.1/spring-jdbc-6.2.1.jar:/home/anshuman.pandey/.m2/repository/org/hibernate/orm/hibernate-core/6.6.4.Final/hibernate-core-6.6.4.Final.jar:/home/anshuman.pandey/.m2/repository/jakarta/persistence/jakarta.persistence-api/3.1.0/jakarta.persistence-api-3.1.0.jar:/home/anshuman.pandey/.m2/repository/jakarta/transaction/jakarta.transaction-api/2.0.1/jakarta.transaction-api-2.0.1.jar:/home/anshuman.pandey/.m2/repository/org/jboss/logging/jboss-logging/3.6.1.Final/jboss-logging-3.6.1.Final.jar:/home/anshuman.pandey/.m2/repository/org/hibernate/common/hibernate-commons-annotations/7.0.3.Final/hibernate-commons-annotations-7.0.3.Final.jar:/home/anshuman.pandey/.m2/repository/io/smallrye/jandex/3.2.0/jandex-3.2.0.jar:/home/anshuman.pandey/.m2/repository/com/fasterxml/classmate/1.7.0/classmate-1.7.0.jar:/home/anshuman.pandey/.m2/repository/net/bytebuddy/byte-buddy/1.15.11/byte-buddy-1.15.11.jar:/home/anshuman.pandey/.m2/repository/org/glassfish/jaxb/jaxb-runtime/4.0.5/jaxb-runtime-4.0.5.jar:/home/anshuman.pandey/.m2/repository/org/glassfish/jaxb/jaxb-core/4.0.5/jaxb-core-4.0.5.jar:/home/anshuman.pandey/.m2/repository/org/eclipse/angus/angus-activation/2.0.2/angus-activation-2.0.2.jar:/home/anshuman.pandey/.m2/repository/org/glassfish/jaxb/txw2/4.0.5/txw2-4.0.5.jar:/home/anshuman.pandey/.m2/repository/com/sun/istack/istack-commons-runtime/4.1.2/istack-commons-runtime-4.1.2.jar:/home/anshuman.pandey/.m2/repository/jakarta/inject/jakarta.inject-api/2.0.1/jakarta.inject-api-2.0.1.jar:/home/anshuman.pandey/.m2/repository/org/antlr/antlr4-runtime/4.13.0/antlr4-runtime-4.13.0.jar:/home/anshuman.pandey/.m2/repository/org/springframework/data/spring-data-jpa/3.4.1/spring-data-jpa-3.4.1.jar:/home/anshuman.pandey/.m2/repository/org/springframework/data/spring-data-commons/3.4.1/spring-data-commons-3.4.1.jar:/home/anshuman.pandey/.m2/repository/org/springframework/spring-orm/6.2.1/spring-orm-6.2.1.jar:/home/anshuman.pandey/.m2/repository/org/springframework/spring-aop/6.2.1/spring-aop-6.2.1.jar:/home/anshuman.pandey/.m2/repository/org/springframework/spring-beans/6.2.1/spring-beans-6.2.1.jar:/home/anshuman.pandey/.m2/repository/org/slf4j/slf4j-api/2.0.16/slf4j-api-2.0.16.jar:/home/anshuman.pandey/.m2/repository/org/springframework/spring-aspects/6.2.1/spring-aspects-6.2.1.jar:/home/anshuman.pandey/.m2/repository/org/aspectj/aspectjweaver/1.9.22.1/aspectjweaver-1.9.22.1.jar:/home/anshuman.pandey/.m2/repository/org/springframework/boot/spring-boot-starter-web/3.4.1/spring-boot-starter-web-3.4.1.jar:/home/anshuman.pandey/.m2/repository/org/springframework/boot/spring-boot-starter-json/3.4.1/spring-boot-starter-json-3.4.1.jar:/home/anshuman.pandey/.m2/repository/com/fasterxml/jackson/core/jackson-databind/2.18.2/jackson-databind-2.18.2.jar:/home/anshuman.pandey/.m2/repository/com/fasterxml/jackson/core/jackson-annotations/2.18.2/jackson-annotations-2.18.2.jar:/home/anshuman.pandey/.m2/repository/com/fasterxml/jackson/core/jackson-core/2.18.2/jackson-core-2.18.2.jar:/home/anshuman.pandey/.m2/repository/com/fasterxml/jackson/datatype/jackson-datatype-jdk8/2.18.2/jackson-datatype-jdk8-2.18.2.jar:/home/anshuman.pandey/.m2/repository/com/fasterxml/jackson/datatype/jackson-datatype-jsr310/2.18.2/jackson-datatype-jsr310-2.18.2.jar:/home/anshuman.pandey/.m2/repository/com/fasterxml/jackson/module/jackson-module-parameter-names/2.18.2/jackson-module-parameter-names-2.18.2.jar:/home/anshuman.pandey/.m2/repository/org/springframework/boot/spring-boot-starter-tomcat/3.4.1/spring-boot-starter-tomcat-3.4.1.jar:/home/anshuman.pandey/.m2/repository/org/apache/tomcat/embed/tomcat-embed-core/10.1.34/tomcat-embed-core-10.1.34.jar:/home/anshuman.pandey/.m2/repository/org/apache/tomcat/embed/tomcat-embed-websocket/10.1.34/tomcat-embed-websocket-10.1.34.jar:/home/anshuman.pandey/.m2/repository/org/springframework/spring-web/6.2.1/spring-web-6.2.1.jar:/home/anshuman.pandey/.m2/repository/org/springframework/spring-webmvc/6.2.1/spring-webmvc-6.2.1.jar:/home/anshuman.pandey/.m2/repository/org/springframework/spring-expression/6.2.1/spring-expression-6.2.1.jar:/home/anshuman.pandey/.m2/repository/org/springframework/kafka/spring-kafka/3.3.1/spring-kafka-3.3.1.jar:/home/anshuman.pandey/.m2/repository/org/springframework/spring-context/6.2.1/spring-context-6.2.1.jar:/home/anshuman.pandey/.m2/repository/org/springframework/spring-messaging/6.2.1/spring-messaging-6.2.1.jar:/home/anshuman.pandey/.m2/repository/org/springframework/spring-tx/6.2.1/spring-tx-6.2.1.jar:/home/anshuman.pandey/.m2/repository/org/springframework/retry/spring-retry/2.0.11/spring-retry-2.0.11.jar:/home/anshuman.pandey/.m2/repository/org/apache/kafka/kafka-clients/3.8.1/kafka-clients-3.8.1.jar:/home/anshuman.pandey/.m2/repository/com/github/luben/zstd-jni/1.5.6-4/zstd-jni-1.5.6-4.jar:/home/anshuman.pandey/.m2/repository/org/lz4/lz4-java/1.8.0/lz4-java-1.8.0.jar:/home/anshuman.pandey/.m2/repository/org/xerial/snappy/snappy-java/1.1.10.5/snappy-java-1.1.10.5.jar:/home/anshuman.pandey/.m2/repository/io/micrometer/micrometer-observation/1.14.2/micrometer-observation-1.14.2.jar:/home/anshuman.pandey/.m2/repository/io/micrometer/micrometer-commons/1.14.2/micrometer-commons-1.14.2.jar:/home/anshuman.pandey/.m2/repository/org/springframework/boot/spring-boot-starter-validation/3.4.1/spring-boot-starter-validation-3.4.1.jar:/home/anshuman.pandey/.m2/repository/org/apache/tomcat/embed/tomcat-embed-el/10.1.34/tomcat-embed-el-10.1.34.jar:/home/anshuman.pandey/.m2/repository/org/hibernate/validator/hibernate-validator/8.0.2.Final/hibernate-validator-8.0.2.Final.jar:/home/anshuman.pandey/.m2/repository/jakarta/validation/jakarta.validation-api/3.0.2/jakarta.validation-api-3.0.2.jar:/home/anshuman.pandey/.m2/repository/com/mysql/mysql-connector-j/9.1.0/mysql-connector-j-9.1.0.jar:/home/anshuman.pandey/.m2/repository/org/springframework/boot/spring-boot-starter-test/3.4.1/spring-boot-starter-test-3.4.1.jar:/home/anshuman.pandey/.m2/repository/org/springframework/boot/spring-boot-test/3.4.1/spring-boot-test-3.4.1.jar:/home/anshuman.pandey/.m2/repository/org/springframework/boot/spring-boot-test-autoconfigure/3.4.1/spring-boot-test-autoconfigure-3.4.1.jar:/home/anshuman.pandey/.m2/repository/com/jayway/jsonpath/json-path/2.9.0/json-path-2.9.0.jar:/home/anshuman.pandey/.m2/repository/jakarta/xml/bind/jakarta.xml.bind-api/4.0.2/jakarta.xml.bind-api-4.0.2.jar:/home/anshuman.pandey/.m2/repository/jakarta/activation/jakarta.activation-api/2.1.3/jakarta.activation-api-2.1.3.jar:/home/anshuman.pandey/.m2/repository/net/minidev/json-smart/2.5.1/json-smart-2.5.1.jar:/home/anshuman.pandey/.m2/repository/net/minidev/accessors-smart/2.5.1/accessors-smart-2.5.1.jar:/home/anshuman.pandey/.m2/repository/org/ow2/asm/asm/9.6/asm-9.6.jar:/home/anshuman.pandey/.m2/repository/org/assertj/assertj-core/3.26.3/assertj-core-3.26.3.jar:/home/anshuman.pandey/.m2/repository/org/awaitility/awaitility/4.2.2/awaitility-4.2.2.jar:/home/anshuman.pandey/.m2/repository/org/hamcrest/hamcrest/2.2/hamcrest-2.2.jar:/home/anshuman.pandey/.m2/repository/org/junit/jupiter/junit-jupiter/5.11.4/junit-jupiter-5.11.4.jar:/home/anshuman.pandey/.m2/repository/org/junit/jupiter/junit-jupiter-params/5.11.4/junit-jupiter-params-5.11.4.jar:/home/anshuman.pandey/.m2/repository/org/junit/jupiter/junit-jupiter-engine/5.11.4/junit-jupiter-engine-5.11.4.jar:/home/anshuman.pandey/.m2/repository/org/mockito/mockito-core/5.14.2/mockito-core-5.14.2.jar:/home/anshuman.pandey/.m2/repository/net/bytebuddy/byte-buddy-agent/1.15.11/byte-buddy-agent-1.15.11.jar:/home/anshuman.pandey/.m2/repository/org/objenesis/objenesis/3.3/objenesis-3.3.jar:/home/anshuman.pandey/.m2/repository/org/mockito/mockito-junit-jupiter/5.14.2/mockito-junit-jupiter-5.14.2.jar:/home/anshuman.pandey/.m2/repository/org/skyscreamer/jsonassert/1.5.3/jsonassert-1.5.3.jar:/home/anshuman.pandey/.m2/repository/com/vaadin/external/google/android-json/0.0.20131108.vaadin1/android-json-0.0.20131108.vaadin1.jar:/home/anshuman.pandey/.m2/repository/org/springframework/spring-core/6.2.1/spring-core-6.2.1.jar:/home/anshuman.pandey/.m2/repository/org/springframework/spring-jcl/6.2.1/spring-jcl-6.2.1.jar:/home/anshuman.pandey/.m2/repository/org/springframework/spring-test/6.2.1/spring-test-6.2.1.jar:/home/anshuman.pandey/.m2/repository/org/xmlunit/xmlunit-core/2.10.0/xmlunit-core-2.10.0.jar:/home/anshuman.pandey/.m2/repository/org/springframework/boot/spring-boot-starter-data-redis/3.4.1/spring-boot-starter-data-redis-3.4.1.jar:/home/anshuman.pandey/.m2/repository/io/lettuce/lettuce-core/6.4.1.RELEASE/lettuce-core-6.4.1.RELEASE.jar:/home/anshuman.pandey/.m2/repository/io/netty/netty-common/4.1.116.Final/netty-common-4.1.116.Final.jar:/home/anshuman.pandey/.m2/repository/io/netty/netty-handler/4.1.116.Final/netty-handler-4.1.116.Final.jar:/home/anshuman.pandey/.m2/repository/io/netty/netty-resolver/4.1.116.Final/netty-resolver-4.1.116.Final.jar:/home/anshuman.pandey/.m2/repository/io/netty/netty-buffer/4.1.116.Final/netty-buffer-4.1.116.Final.jar:/home/anshuman.pandey/.m2/repository/io/netty/netty-transport-native-unix-common/4.1.116.Final/netty-transport-native-unix-common-4.1.116.Final.jar:/home/anshuman.pandey/.m2/repository/io/netty/netty-codec/4.1.116.Final/netty-codec-4.1.116.Final.jar:/home/anshuman.pandey/.m2/repository/io/netty/netty-transport/4.1.116.Final/netty-transport-4.1.116.Final.jar:/home/anshuman.pandey/.m2/repository/io/projectreactor/reactor-core/3.7.1/reactor-core-3.7.1.jar:/home/anshuman.pandey/.m2/repository/org/reactivestreams/reactive-streams/1.0.4/reactive-streams-1.0.4.jar:/home/anshuman.pandey/.m2/repository/org/springframework/data/spring-data-redis/3.4.1/spring-data-redis-3.4.1.jar:/home/anshuman.pandey/.m2/repository/org/springframework/data/spring-data-keyvalue/3.4.1/spring-data-keyvalue-3.4.1.jar:/home/anshuman.pandey/.m2/repository/org/springframework/spring-oxm/6.2.1/spring-oxm-6.2.1.jar:/home/anshuman.pandey/.m2/repository/org/springframework/spring-context-support/6.2.1/spring-context-support-6.2.1.jar:/home/anshuman.pandey/.m2/repository/org/springframework/kafka/spring-kafka-test/3.3.1/spring-kafka-test-3.3.1.jar:/home/anshuman.pandey/.m2/repository/org/apache/zookeeper/zookeeper/3.8.4/zookeeper-3.8.4.jar:/home/anshuman.pandey/.m2/repository/org/apache/zookeeper/zookeeper-jute/3.8.4/zookeeper-jute-3.8.4.jar:/home/anshuman.pandey/.m2/repository/org/apache/yetus/audience-annotations/0.12.0/audience-annotations-0.12.0.jar:/home/anshuman.pandey/.m2/repository/io/netty/netty-transport-native-epoll/4.1.116.Final/netty-transport-native-epoll-4.1.116.Final.jar:/home/anshuman.pandey/.m2/repository/io/netty/netty-transport-classes-epoll/4.1.116.Final/netty-transport-classes-epoll-4.1.116.Final.jar:/home/anshuman.pandey/.m2/repository/ch/qos/logback/logback-core/1.5.12/logback-core-1.5.12.jar:/home/anshuman.pandey/.m2/repository/ch/qos/logback/logback-classic/1.5.12/logback-classic-1.5.12.jar:/home/anshuman.pandey/.m2/repository/commons-io/commons-io/2.11.0/commons-io-2.11.0.jar:/home/anshuman.pandey/.m2/repository/org/apache/kafka/kafka-clients/3.8.1/kafka-clients-3.8.1-test.jar:/home/anshuman.pandey/.m2/repository/org/apache/kafka/kafka-server/3.8.1/kafka-server-3.8.1.jar:/home/anshuman.pandey/.m2/repository/org/apache/kafka/kafka-group-coordinator/3.8.1/kafka-group-coordinator-3.8.1.jar:/home/anshuman.pandey/.m2/repository/org/apache/kafka/kafka-transaction-coordinator/3.8.1/kafka-transaction-coordinator-3.8.1.jar:/home/anshuman.pandey/.m2/repository/org/apache/kafka/kafka-raft/3.8.1/kafka-raft-3.8.1.jar:/home/anshuman.pandey/.m2/repository/com/yammer/metrics/metrics-core/2.2.0/metrics-core-2.2.0.jar:/home/anshuman.pandey/.m2/repository/org/apache/kafka/kafka-metadata/3.8.1/kafka-metadata-3.8.1.jar:/home/anshuman.pandey/.m2/repository/org/apache/kafka/kafka-server-common/3.8.1/kafka-server-common-3.8.1.jar:/home/anshuman.pandey/.m2/repository/net/sf/jopt-simple/jopt-simple/5.0.4/jopt-simple-5.0.4.jar:/home/anshuman.pandey/.m2/repository/org/pcollections/pcollections/4.0.1/pcollections-4.0.1.jar:/home/anshuman.pandey/.m2/repository/org/apache/kafka/kafka-server-common/3.8.1/kafka-server-common-3.8.1-test.jar:/home/anshuman.pandey/.m2/repository/org/apache/kafka/kafka-streams-test-utils/3.8.1/kafka-streams-test-utils-3.8.1.jar:/home/anshuman.pandey/.m2/repository/org/apache/kafka/kafka-streams/3.8.1/kafka-streams-3.8.1.jar:/home/anshuman.pandey/.m2/repository/org/rocksdb/rocksdbjni/7.9.2/rocksdbjni-7.9.2.jar:/home/anshuman.pandey/.m2/repository/org/apache/kafka/kafka_2.13/3.8.1/kafka_2.13-3.8.1.jar:/home/anshuman.pandey/.m2/repository/org/scala-lang/scala-library/2.13.14/scala-library-2.13.14.jar:/home/anshuman.pandey/.m2/repository/org/apache/kafka/kafka-group-coordinator-api/3.8.1/kafka-group-coordinator-api-3.8.1.jar:/home/anshuman.pandey/.m2/repository/org/apache/kafka/kafka-storage-api/3.8.1/kafka-storage-api-3.8.1.jar:/home/anshuman.pandey/.m2/repository/org/apache/kafka/kafka-tools-api/3.8.1/kafka-tools-api-3.8.1.jar:/home/anshuman.pandey/.m2/repository/org/apache/kafka/kafka-storage/3.8.1/kafka-storage-3.8.1.jar:/home/anshuman.pandey/.m2/repository/com/github/ben-manes/caffeine/caffeine/3.1.8/caffeine-3.1.8.jar:/home/anshuman.pandey/.m2/repository/org/checkerframework/checker-qual/3.37.0/checker-qual-3.37.0.jar:/home/anshuman.pandey/.m2/repository/com/google/errorprone/error_prone_annotations/2.21.1/error_prone_annotations-2.21.1.jar:/home/anshuman.pandey/.m2/repository/net/sourceforge/argparse4j/argparse4j/0.7.0/argparse4j-0.7.0.jar:/home/anshuman.pandey/.m2/repository/commons-validator/commons-validator/1.7/commons-validator-1.7.jar:/home/anshuman.pandey/.m2/repository/commons-beanutils/commons-beanutils/1.9.4/commons-beanutils-1.9.4.jar:/home/anshuman.pandey/.m2/repository/commons-digester/commons-digester/2.1/commons-digester-2.1.jar:/home/anshuman.pandey/.m2/repository/commons-collections/commons-collections/3.2.2/commons-collections-3.2.2.jar:/home/anshuman.pandey/.m2/repository/com/fasterxml/jackson/module/jackson-module-scala_2.13/2.18.2/jackson-module-scala_2.13-2.18.2.jar:/home/anshuman.pandey/.m2/repository/com/thoughtworks/paranamer/paranamer/2.8/paranamer-2.8.jar:/home/anshuman.pandey/.m2/repository/com/fasterxml/jackson/dataformat/jackson-dataformat-csv/2.18.2/jackson-dataformat-csv-2.18.2.jar:/home/anshuman.pandey/.m2/repository/org/bitbucket/b_c/jose4j/0.9.4/jose4j-0.9.4.jar:/home/anshuman.pandey/.m2/repository/org/scala-lang/modules/scala-collection-compat_2.13/2.10.0/scala-collection-compat_2.13-2.10.0.jar:/home/anshuman.pandey/.m2/repository/org/scala-lang/modules/scala-java8-compat_2.13/1.0.2/scala-java8-compat_2.13-1.0.2.jar:/home/anshuman.pandey/.m2/repository/org/scala-lang/scala-reflect/2.13.14/scala-reflect-2.13.14.jar:/home/anshuman.pandey/.m2/repository/com/typesafe/scala-logging/scala-logging_2.13/3.9.4/scala-logging_2.13-3.9.4.jar:/home/anshuman.pandey/.m2/repository/io/dropwizard/metrics/metrics-core/4.1.12.1/metrics-core-4.1.12.1.jar:/home/anshuman.pandey/.m2/repository/commons-cli/commons-cli/1.4/commons-cli-1.4.jar:/home/anshuman.pandey/.m2/repository/org/apache/kafka/kafka_2.13/3.8.1/kafka_2.13-3.8.1-test.jar:/home/anshuman.pandey/.m2/repository/org/junit/jupiter/junit-jupiter-api/5.11.4/junit-jupiter-api-5.11.4.jar:/home/anshuman.pandey/.m2/repository/org/opentest4j/opentest4j/1.3.0/opentest4j-1.3.0.jar:/home/anshuman.pandey/.m2/repository/org/junit/platform/junit-platform-commons/1.11.4/junit-platform-commons-1.11.4.jar:/home/anshuman.pandey/.m2/repository/org/apiguardian/apiguardian-api/1.1.2/apiguardian-api-1.1.2.jar:/home/anshuman.pandey/.m2/repository/org/junit/platform/junit-platform-launcher/1.11.4/junit-platform-launcher-1.11.4.jar:/home/anshuman.pandey/.m2/repository/org/junit/platform/junit-platform-engine/1.11.4/junit-platform-engine-1.11.4.jar:, java.vm.vendor=Amazon.com Inc., sun.arch.data.model=64, java.vendor.url=https://aws.amazon.com/corretto/, user.timezone=Asia/Kolkata, jakarta.persistence.sharedCache.mode=UNSPECIFIED, org.jboss.logging.provider=slf4j, java.vm.specification.version=17, os.name=Linux, APPLICATION_NAME=Crud_KR, jakarta.persistence.nonJtaDataSource=HikariDataSource (HikariPool-1), sun.java.launcher=SUN_STANDARD, user.country=IN, sun.boot.library.path=/home/anshuman.pandey/.jdks/corretto-17.0.13/lib, sun.java.command=/home/anshuman.pandey/adjetterMicroservice/Crud_KR/target/surefire/surefirebooter-20241227180944200_3.jar /home/anshuman.pandey/adjetterMicroservice/Crud_KR/target/surefire 2024-12-27T18-09-43_594-jvmRun1 surefire-20241227180944200_1tmp surefire_0-20241227180944200_2tmp, javax.persistence.nonJtaDataSource=HikariDataSource (HikariPool-1), hibernate.transaction.jta.platform=org.hibernate.engine.transaction.jta.platform.internal.NoJtaPlatform@22c4354d, jdk.debug=release, surefire.test.class.path=/home/anshuman.pandey/adjetterMicroservice/Crud_KR/target/test-classes:/home/anshuman.pandey/adjetterMicroservice/Crud_KR/target/classes:/home/anshuman.pandey/.m2/repository/org/springframework/boot/spring-boot-starter-data-jpa/3.4.1/spring-boot-starter-data-jpa-3.4.1.jar:/home/anshuman.pandey/.m2/repository/org/springframework/boot/spring-boot-starter/3.4.1/spring-boot-starter-3.4.1.jar:/home/anshuman.pandey/.m2/repository/org/springframework/boot/spring-boot/3.4.1/spring-boot-3.4.1.jar:/home/anshuman.pandey/.m2/repository/org/springframework/boot/spring-boot-autoconfigure/3.4.1/spring-boot-autoconfigure-3.4.1.jar:/home/anshuman.pandey/.m2/repository/org/springframework/boot/spring-boot-starter-logging/3.4.1/spring-boot-starter-logging-3.4.1.jar:/home/anshuman.pandey/.m2/repository/org/apache/logging/log4j/log4j-to-slf4j/2.24.3/log4j-to-slf4j-2.24.3.jar:/home/anshuman.pandey/.m2/repository/org/apache/logging/log4j/log4j-api/2.24.3/log4j-api-2.24.3.jar:/home/anshuman.pandey/.m2/repository/org/slf4j/jul-to-slf4j/2.0.16/jul-to-slf4j-2.0.16.jar:/home/anshuman.pandey/.m2/repository/jakarta/annotation/jakarta.annotation-api/2.1.1/jakarta.annotation-api-2.1.1.jar:/home/anshuman.pandey/.m2/repository/org/yaml/snakeyaml/2.3/snakeyaml-2.3.jar:/home/anshuman.pandey/.m2/repository/org/springframework/boot/spring-boot-starter-jdbc/3.4.1/spring-boot-starter-jdbc-3.4.1.jar:/home/anshuman.pandey/.m2/repository/com/zaxxer/HikariCP/5.1.0/HikariCP-5.1.0.jar:/home/anshuman.pandey/.m2/repository/org/springframework/spring-jdbc/6.2.1/spring-jdbc-6.2.1.jar:/home/anshuman.pandey/.m2/repository/org/hibernate/orm/hibernate-core/6.6.4.Final/hibernate-core-6.6.4.Final.jar:/home/anshuman.pandey/.m2/repository/jakarta/persistence/jakarta.persistence-api/3.1.0/jakarta.persistence-api-3.1.0.jar:/home/anshuman.pandey/.m2/repository/jakarta/transaction/jakarta.transaction-api/2.0.1/jakarta.transaction-api-2.0.1.jar:/home/anshuman.pandey/.m2/repository/org/jboss/logging/jboss-logging/3.6.1.Final/jboss-logging-3.6.1.Final.jar:/home/anshuman.pandey/.m2/repository/org/hibernate/common/hibernate-commons-annotations/7.0.3.Final/hibernate-commons-annotations-7.0.3.Final.jar:/home/anshuman.pandey/.m2/repository/io/smallrye/jandex/3.2.0/jandex-3.2.0.jar:/home/anshuman.pandey/.m2/repository/com/fasterxml/classmate/1.7.0/classmate-1.7.0.jar:/home/anshuman.pandey/.m2/repository/net/bytebuddy/byte-buddy/1.15.11/byte-buddy-1.15.11.jar:/home/anshuman.pandey/.m2/repository/org/glassfish/jaxb/jaxb-runtime/4.0.5/jaxb-runtime-4.0.5.jar:/home/anshuman.pandey/.m2/repository/org/glassfish/jaxb/jaxb-core/4.0.5/jaxb-core-4.0.5.jar:/home/anshuman.pandey/.m2/repository/org/eclipse/angus/angus-activation/2.0.2/angus-activation-2.0.2.jar:/home/anshuman.pandey/.m2/repository/org/glassfish/jaxb/txw2/4.0.5/txw2-4.0.5.jar:/home/anshuman.pandey/.m2/repository/com/sun/istack/istack-commons-runtime/4.1.2/istack-commons-runtime-4.1.2.jar:/home/anshuman.pandey/.m2/repository/jakarta/inject/jakarta.inject-api/2.0.1/jakarta.inject-api-2.0.1.jar:/home/anshuman.pandey/.m2/repository/org/antlr/antlr4-runtime/4.13.0/antlr4-runtime-4.13.0.jar:/home/anshuman.pandey/.m2/repository/org/springframework/data/spring-data-jpa/3.4.1/spring-data-jpa-3.4.1.jar:/home/anshuman.pandey/.m2/repository/org/springframework/data/spring-data-commons/3.4.1/spring-data-commons-3.4.1.jar:/home/anshuman.pandey/.m2/repository/org/springframework/spring-orm/6.2.1/spring-orm-6.2.1.jar:/home/anshuman.pandey/.m2/repository/org/springframework/spring-aop/6.2.1/spring-aop-6.2.1.jar:/home/anshuman.pandey/.m2/repository/org/springframework/spring-beans/6.2.1/spring-beans-6.2.1.jar:/home/anshuman.pandey/.m2/repository/org/slf4j/slf4j-api/2.0.16/slf4j-api-2.0.16.jar:/home/anshuman.pandey/.m2/repository/org/springframework/spring-aspects/6.2.1/spring-aspects-6.2.1.jar:/home/anshuman.pandey/.m2/repository/org/aspectj/aspectjweaver/1.9.22.1/aspectjweaver-1.9.22.1.jar:/home/anshuman.pandey/.m2/repository/org/springframework/boot/spring-boot-starter-web/3.4.1/spring-boot-starter-web-3.4.1.jar:/home/anshuman.pandey/.m2/repository/org/springframework/boot/spring-boot-starter-json/3.4.1/spring-boot-starter-json-3.4.1.jar:/home/anshuman.pandey/.m2/repository/com/fasterxml/jackson/core/jackson-databind/2.18.2/jackson-databind-2.18.2.jar:/home/anshuman.pandey/.m2/repository/com/fasterxml/jackson/core/jackson-annotations/2.18.2/jackson-annotations-2.18.2.jar:/home/anshuman.pandey/.m2/repository/com/fasterxml/jackson/core/jackson-core/2.18.2/jackson-core-2.18.2.jar:/home/anshuman.pandey/.m2/repository/com/fasterxml/jackson/datatype/jackson-datatype-jdk8/2.18.2/jackson-datatype-jdk8-2.18.2.jar:/home/anshuman.pandey/.m2/repository/com/fasterxml/jackson/datatype/jackson-datatype-jsr310/2.18.2/jackson-datatype-jsr310-2.18.2.jar:/home/anshuman.pandey/.m2/repository/com/fasterxml/jackson/module/jackson-module-parameter-names/2.18.2/jackson-module-parameter-names-2.18.2.jar:/home/anshuman.pandey/.m2/repository/org/springframework/boot/spring-boot-starter-tomcat/3.4.1/spring-boot-starter-tomcat-3.4.1.jar:/home/anshuman.pandey/.m2/repository/org/apache/tomcat/embed/tomcat-embed-core/10.1.34/tomcat-embed-core-10.1.34.jar:/home/anshuman.pandey/.m2/repository/org/apache/tomcat/embed/tomcat-embed-websocket/10.1.34/tomcat-embed-websocket-10.1.34.jar:/home/anshuman.pandey/.m2/repository/org/springframework/spring-web/6.2.1/spring-web-6.2.1.jar:/home/anshuman.pandey/.m2/repository/org/springframework/spring-webmvc/6.2.1/spring-webmvc-6.2.1.jar:/home/anshuman.pandey/.m2/repository/org/springframework/spring-expression/6.2.1/spring-expression-6.2.1.jar:/home/anshuman.pandey/.m2/repository/org/springframework/kafka/spring-kafka/3.3.1/spring-kafka-3.3.1.jar:/home/anshuman.pandey/.m2/repository/org/springframework/spring-context/6.2.1/spring-context-6.2.1.jar:/home/anshuman.pandey/.m2/repository/org/springframework/spring-messaging/6.2.1/spring-messaging-6.2.1.jar:/home/anshuman.pandey/.m2/repository/org/springframework/spring-tx/6.2.1/spring-tx-6.2.1.jar:/home/anshuman.pandey/.m2/repository/org/springframework/retry/spring-retry/2.0.11/spring-retry-2.0.11.jar:/home/anshuman.pandey/.m2/repository/org/apache/kafka/kafka-clients/3.8.1/kafka-clients-3.8.1.jar:/home/anshuman.pandey/.m2/repository/com/github/luben/zstd-jni/1.5.6-4/zstd-jni-1.5.6-4.jar:/home/anshuman.pandey/.m2/repository/org/lz4/lz4-java/1.8.0/lz4-java-1.8.0.jar:/home/anshuman.pandey/.m2/repository/org/xerial/snappy/snappy-java/1.1.10.5/snappy-java-1.1.10.5.jar:/home/anshuman.pandey/.m2/repository/io/micrometer/micrometer-observation/1.14.2/micrometer-observation-1.14.2.jar:/home/anshuman.pandey/.m2/repository/io/micrometer/micrometer-commons/1.14.2/micrometer-commons-1.14.2.jar:/home/anshuman.pandey/.m2/repository/org/springframework/boot/spring-boot-starter-validation/3.4.1/spring-boot-starter-validation-3.4.1.jar:/home/anshuman.pandey/.m2/repository/org/apache/tomcat/embed/tomcat-embed-el/10.1.34/tomcat-embed-el-10.1.34.jar:/home/anshuman.pandey/.m2/repository/org/hibernate/validator/hibernate-validator/8.0.2.Final/hibernate-validator-8.0.2.Final.jar:/home/anshuman.pandey/.m2/repository/jakarta/validation/jakarta.validation-api/3.0.2/jakarta.validation-api-3.0.2.jar:/home/anshuman.pandey/.m2/repository/com/mysql/mysql-connector-j/9.1.0/mysql-connector-j-9.1.0.jar:/home/anshuman.pandey/.m2/repository/org/springframework/boot/spring-boot-starter-test/3.4.1/spring-boot-starter-test-3.4.1.jar:/home/anshuman.pandey/.m2/repository/org/springframework/boot/spring-boot-test/3.4.1/spring-boot-test-3.4.1.jar:/home/anshuman.pandey/.m2/repository/org/springframework/boot/spring-boot-test-autoconfigure/3.4.1/spring-boot-test-autoconfigure-3.4.1.jar:/home/anshuman.pandey/.m2/repository/com/jayway/jsonpath/json-path/2.9.0/json-path-2.9.0.jar:/home/anshuman.pandey/.m2/repository/jakarta/xml/bind/jakarta.xml.bind-api/4.0.2/jakarta.xml.bind-api-4.0.2.jar:/home/anshuman.pandey/.m2/repository/jakarta/activation/jakarta.activation-api/2.1.3/jakarta.activation-api-2.1.3.jar:/home/anshuman.pandey/.m2/repository/net/minidev/json-smart/2.5.1/json-smart-2.5.1.jar:/home/anshuman.pandey/.m2/repository/net/minidev/accessors-smart/2.5.1/accessors-smart-2.5.1.jar:/home/anshuman.pandey/.m2/repository/org/ow2/asm/asm/9.6/asm-9.6.jar:/home/anshuman.pandey/.m2/repository/org/assertj/assertj-core/3.26.3/assertj-core-3.26.3.jar:/home/anshuman.pandey/.m2/repository/org/awaitility/awaitility/4.2.2/awaitility-4.2.2.jar:/home/anshuman.pandey/.m2/repository/org/hamcrest/hamcrest/2.2/hamcrest-2.2.jar:/home/anshuman.pandey/.m2/repository/org/junit/jupiter/junit-jupiter/5.11.4/junit-jupiter-5.11.4.jar:/home/anshuman.pandey/.m2/repository/org/junit/jupiter/junit-jupiter-params/5.11.4/junit-jupiter-params-5.11.4.jar:/home/anshuman.pandey/.m2/repository/org/junit/jupiter/junit-jupiter-engine/5.11.4/junit-jupiter-engine-5.11.4.jar:/home/anshuman.pandey/.m2/repository/org/mockito/mockito-core/5.14.2/mockito-core-5.14.2.jar:/home/anshuman.pandey/.m2/repository/net/bytebuddy/byte-buddy-agent/1.15.11/byte-buddy-agent-1.15.11.jar:/home/anshuman.pandey/.m2/repository/org/objenesis/objenesis/3.3/objenesis-3.3.jar:/home/anshuman.pandey/.m2/repository/org/mockito/mockito-junit-jupiter/5.14.2/mockito-junit-jupiter-5.14.2.jar:/home/anshuman.pandey/.m2/repository/org/skyscreamer/jsonassert/1.5.3/jsonassert-1.5.3.jar:/home/anshuman.pandey/.m2/repository/com/vaadin/external/google/android-json/0.0.20131108.vaadin1/android-json-0.0.20131108.vaadin1.jar:/home/anshuman.pandey/.m2/repository/org/springframework/spring-core/6.2.1/spring-core-6.2.1.jar:/home/anshuman.pandey/.m2/repository/org/springframework/spring-jcl/6.2.1/spring-jcl-6.2.1.jar:/home/anshuman.pandey/.m2/repository/org/springframework/spring-test/6.2.1/spring-test-6.2.1.jar:/home/anshuman.pandey/.m2/repository/org/xmlunit/xmlunit-core/2.10.0/xmlunit-core-2.10.0.jar:/home/anshuman.pandey/.m2/repository/org/springframework/boot/spring-boot-starter-data-redis/3.4.1/spring-boot-starter-data-redis-3.4.1.jar:/home/anshuman.pandey/.m2/repository/io/lettuce/lettuce-core/6.4.1.RELEASE/lettuce-core-6.4.1.RELEASE.jar:/home/anshuman.pandey/.m2/repository/io/netty/netty-common/4.1.116.Final/netty-common-4.1.116.Final.jar:/home/anshuman.pandey/.m2/repository/io/netty/netty-handler/4.1.116.Final/netty-handler-4.1.116.Final.jar:/home/anshuman.pandey/.m2/repository/io/netty/netty-resolver/4.1.116.Final/netty-resolver-4.1.116.Final.jar:/home/anshuman.pandey/.m2/repository/io/netty/netty-buffer/4.1.116.Final/netty-buffer-4.1.116.Final.jar:/home/anshuman.pandey/.m2/repository/io/netty/netty-transport-native-unix-common/4.1.116.Final/netty-transport-native-unix-common-4.1.116.Final.jar:/home/anshuman.pandey/.m2/repository/io/netty/netty-codec/4.1.116.Final/netty-codec-4.1.116.Final.jar:/home/anshuman.pandey/.m2/repository/io/netty/netty-transport/4.1.116.Final/netty-transport-4.1.116.Final.jar:/home/anshuman.pandey/.m2/repository/io/projectreactor/reactor-core/3.7.1/reactor-core-3.7.1.jar:/home/anshuman.pandey/.m2/repository/org/reactivestreams/reactive-streams/1.0.4/reactive-streams-1.0.4.jar:/home/anshuman.pandey/.m2/repository/org/springframework/data/spring-data-redis/3.4.1/spring-data-redis-3.4.1.jar:/home/anshuman.pandey/.m2/repository/org/springframework/data/spring-data-keyvalue/3.4.1/spring-data-keyvalue-3.4.1.jar:/home/anshuman.pandey/.m2/repository/org/springframework/spring-oxm/6.2.1/spring-oxm-6.2.1.jar:/home/anshuman.pandey/.m2/repository/org/springframework/spring-context-support/6.2.1/spring-context-support-6.2.1.jar:/home/anshuman.pandey/.m2/repository/org/springframework/kafka/spring-kafka-test/3.3.1/spring-kafka-test-3.3.1.jar:/home/anshuman.pandey/.m2/repository/org/apache/zookeeper/zookeeper/3.8.4/zookeeper-3.8.4.jar:/home/anshuman.pandey/.m2/repository/org/apache/zookeeper/zookeeper-jute/3.8.4/zookeeper-jute-3.8.4.jar:/home/anshuman.pandey/.m2/repository/org/apache/yetus/audience-annotations/0.12.0/audience-annotations-0.12.0.jar:/home/anshuman.pandey/.m2/repository/io/netty/netty-transport-native-epoll/4.1.116.Final/netty-transport-native-epoll-4.1.116.Final.jar:/home/anshuman.pandey/.m2/repository/io/netty/netty-transport-classes-epoll/4.1.116.Final/netty-transport-classes-epoll-4.1.116.Final.jar:/home/anshuman.pandey/.m2/repository/ch/qos/logback/logback-core/1.5.12/logback-core-1.5.12.jar:/home/anshuman.pandey/.m2/repository/ch/qos/logback/logback-classic/1.5.12/logback-classic-1.5.12.jar:/home/anshuman.pandey/.m2/repository/commons-io/commons-io/2.11.0/commons-io-2.11.0.jar:/home/anshuman.pandey/.m2/repository/org/apache/kafka/kafka-clients/3.8.1/kafka-clients-3.8.1-test.jar:/home/anshuman.pandey/.m2/repository/org/apache/kafka/kafka-server/3.8.1/kafka-server-3.8.1.jar:/home/anshuman.pandey/.m2/repository/org/apache/kafka/kafka-group-coordinator/3.8.1/kafka-group-coordinator-3.8.1.jar:/home/anshuman.pandey/.m2/repository/org/apache/kafka/kafka-transaction-coordinator/3.8.1/kafka-transaction-coordinator-3.8.1.jar:/home/anshuman.pandey/.m2/repository/org/apache/kafka/kafka-raft/3.8.1/kafka-raft-3.8.1.jar:/home/anshuman.pandey/.m2/repository/com/yammer/metrics/metrics-core/2.2.0/metrics-core-2.2.0.jar:/home/anshuman.pandey/.m2/repository/org/apache/kafka/kafka-metadata/3.8.1/kafka-metadata-3.8.1.jar:/home/anshuman.pandey/.m2/repository/org/apache/kafka/kafka-server-common/3.8.1/kafka-server-common-3.8.1.jar:/home/anshuman.pandey/.m2/repository/net/sf/jopt-simple/jopt-simple/5.0.4/jopt-simple-5.0.4.jar:/home/anshuman.pandey/.m2/repository/org/pcollections/pcollections/4.0.1/pcollections-4.0.1.jar:/home/anshuman.pandey/.m2/repository/org/apache/kafka/kafka-server-common/3.8.1/kafka-server-common-3.8.1-test.jar:/home/anshuman.pandey/.m2/repository/org/apache/kafka/kafka-streams-test-utils/3.8.1/kafka-streams-test-utils-3.8.1.jar:/home/anshuman.pandey/.m2/repository/org/apache/kafka/kafka-streams/3.8.1/kafka-streams-3.8.1.jar:/home/anshuman.pandey/.m2/repository/org/rocksdb/rocksdbjni/7.9.2/rocksdbjni-7.9.2.jar:/home/anshuman.pandey/.m2/repository/org/apache/kafka/kafka_2.13/3.8.1/kafka_2.13-3.8.1.jar:/home/anshuman.pandey/.m2/repository/org/scala-lang/scala-library/2.13.14/scala-library-2.13.14.jar:/home/anshuman.pandey/.m2/repository/org/apache/kafka/kafka-group-coordinator-api/3.8.1/kafka-group-coordinator-api-3.8.1.jar:/home/anshuman.pandey/.m2/repository/org/apache/kafka/kafka-storage-api/3.8.1/kafka-storage-api-3.8.1.jar:/home/anshuman.pandey/.m2/repository/org/apache/kafka/kafka-tools-api/3.8.1/kafka-tools-api-3.8.1.jar:/home/anshuman.pandey/.m2/repository/org/apache/kafka/kafka-storage/3.8.1/kafka-storage-3.8.1.jar:/home/anshuman.pandey/.m2/repository/com/github/ben-manes/caffeine/caffeine/3.1.8/caffeine-3.1.8.jar:/home/anshuman.pandey/.m2/repository/org/checkerframework/checker-qual/3.37.0/checker-qual-3.37.0.jar:/home/anshuman.pandey/.m2/repository/com/google/errorprone/error_prone_annotations/2.21.1/error_prone_annotations-2.21.1.jar:/home/anshuman.pandey/.m2/repository/net/sourceforge/argparse4j/argparse4j/0.7.0/argparse4j-0.7.0.jar:/home/anshuman.pandey/.m2/repository/commons-validator/commons-validator/1.7/commons-validator-1.7.jar:/home/anshuman.pandey/.m2/repository/commons-beanutils/commons-beanutils/1.9.4/commons-beanutils-1.9.4.jar:/home/anshuman.pandey/.m2/repository/commons-digester/commons-digester/2.1/commons-digester-2.1.jar:/home/anshuman.pandey/.m2/repository/commons-collections/commons-collections/3.2.2/commons-collections-3.2.2.jar:/home/anshuman.pandey/.m2/repository/com/fasterxml/jackson/module/jackson-module-scala_2.13/2.18.2/jackson-module-scala_2.13-2.18.2.jar:/home/anshuman.pandey/.m2/repository/com/thoughtworks/paranamer/paranamer/2.8/paranamer-2.8.jar:/home/anshuman.pandey/.m2/repository/com/fasterxml/jackson/dataformat/jackson-dataformat-csv/2.18.2/jackson-dataformat-csv-2.18.2.jar:/home/anshuman.pandey/.m2/repository/org/bitbucket/b_c/jose4j/0.9.4/jose4j-0.9.4.jar:/home/anshuman.pandey/.m2/repository/org/scala-lang/modules/scala-collection-compat_2.13/2.10.0/scala-collection-compat_2.13-2.10.0.jar:/home/anshuman.pandey/.m2/repository/org/scala-lang/modules/scala-java8-compat_2.13/1.0.2/scala-java8-compat_2.13-1.0.2.jar:/home/anshuman.pandey/.m2/repository/org/scala-lang/scala-reflect/2.13.14/scala-reflect-2.13.14.jar:/home/anshuman.pandey/.m2/repository/com/typesafe/scala-logging/scala-logging_2.13/3.9.4/scala-logging_2.13-3.9.4.jar:/home/anshuman.pandey/.m2/repository/io/dropwizard/metrics/metrics-core/4.1.12.1/metrics-core-4.1.12.1.jar:/home/anshuman.pandey/.m2/repository/commons-cli/commons-cli/1.4/commons-cli-1.4.jar:/home/anshuman.pandey/.m2/repository/org/apache/kafka/kafka_2.13/3.8.1/kafka_2.13-3.8.1-test.jar:/home/anshuman.pandey/.m2/repository/org/junit/jupiter/junit-jupiter-api/5.11.4/junit-jupiter-api-5.11.4.jar:/home/anshuman.pandey/.m2/repository/org/opentest4j/opentest4j/1.3.0/opentest4j-1.3.0.jar:/home/anshuman.pandey/.m2/repository/org/junit/platform/junit-platform-commons/1.11.4/junit-platform-commons-1.11.4.jar:/home/anshuman.pandey/.m2/repository/org/apiguardian/apiguardian-api/1.1.2/apiguardian-api-1.1.2.jar:/home/anshuman.pandey/.m2/repository/org/junit/platform/junit-platform-launcher/1.11.4/junit-platform-launcher-1.11.4.jar:/home/anshuman.pandey/.m2/repository/org/junit/platform/junit-platform-engine/1.11.4/junit-platform-engine-1.11.4.jar:, sun.cpu.endian=little, hibernate.cdi.extensions=true, user.home=/home/anshuman.pandey, user.language=en, java.specification.vendor=Oracle Corporation, java.version.date=2024-10-15, java.home=/home/anshuman.pandey/.jdks/corretto-17.0.13, file.separator=/, basedir=/home/anshuman.pandey/adjetterMicroservice/Crud_KR, java.vm.compressedOopsMode=Zero based, line.separator=
, hibernate.persistenceUnitName=default, java.vm.specification.vendor=Oracle Corporation, java.specification.name=Java Platform API Specification, FILE_LOG_CHARSET=UTF-8, hibernate.transaction.coordinator_class=class org.hibernate.resource.transaction.backend.jdbc.internal.JdbcResourceLocalTransactionCoordinatorBuilderImpl, java.awt.headless=true, surefire.real.class.path=/home/anshuman.pandey/adjetterMicroservice/Crud_KR/target/surefire/surefirebooter-20241227180944200_3.jar, jakarta.persistence.validation.mode=AUTO, hibernate.hbm2ddl.auto=update, sun.management.compiler=HotSpot 64-Bit Tiered Compilers, java.runtime.version=17.0.13+11-LTS, user.name=anshuman.pandey, path.separator=:, os.version=6.8.0-49-generic, java.runtime.name=OpenJDK Runtime Environment, file.encoding=UTF-8, java.vm.name=OpenJDK 64-Bit Server VM, hibernate.show_sql=true, java.vendor.version=Corretto-17.0.13.11.1, LOG_FILE=logs/application.log, localRepository=/home/anshuman.pandey/.m2/repository, java.vendor.url.bug=https://github.com/corretto/corretto-17/issues/, java.io.tmpdir=/tmp, idea.version=2024.3.1, java.version=17.0.13, hibernate.physical_naming_strategy=org.hibernate.boot.model.naming.CamelCaseToUnderscoresNamingStrategy, user.dir=/home/anshuman.pandey/adjetterMicroservice/Crud_KR, os.arch=amd64, java.vm.specification.name=Java Virtual Machine Specification, PID=139594, CONSOLE_LOG_CHARSET=UTF-8, hibernate.boot.CfgXmlAccessService.key=org.hibernate.boot.registry.StandardServiceRegistryBuilder$1@2681185e, native.encoding=UTF-8, java.library.path=/usr/java/packages/lib:/usr/lib64:/lib64:/lib:/usr/lib, java.vendor=Amazon.com Inc., java.vm.info=mixed mode, sharing, java.vm.version=17.0.13+11-LTS, java.specification.maintenance.version=1, sun.io.unicode.encoding=UnicodeLittle, hibernate.archive.scanner=org.hibernate.boot.archive.scan.internal.DisabledScanner, hibernate.connection.datasource=HikariDataSource (HikariPool-1), java.class.version=61.0, LOGGED_APPLICATION_NAME=[Crud_KR] }
2024-12-27T18:09:48.578+05:30 DEBUG 139594 --- [Crud_KR] [           main] o.hibernate.internal.SessionFactoryImpl  : Session factory constructed with filter configurations : {}
2024-12-27T18:09:48.582+05:30 DEBUG 139594 --- [Crud_KR] [           main] o.h.v.i.xml.config.ValidationXmlParser   : Trying to load META-INF/validation.xml for XML based Validator configuration.
2024-12-27T18:09:48.582+05:30 DEBUG 139594 --- [Crud_KR] [           main] o.h.v.i.xml.config.ResourceLoaderHelper  : Trying to load META-INF/validation.xml via TCCL
2024-12-27T18:09:48.582+05:30 DEBUG 139594 --- [Crud_KR] [           main] o.h.v.i.xml.config.ResourceLoaderHelper  : Trying to load META-INF/validation.xml via Hibernate Validator's class loader
2024-12-27T18:09:48.582+05:30 DEBUG 139594 --- [Crud_KR] [           main] o.h.v.i.xml.config.ValidationXmlParser   : No META-INF/validation.xml found. Using annotation based configuration only.
2024-12-27T18:09:48.582+05:30 DEBUG 139594 --- [Crud_KR] [           main] o.h.v.i.e.resolver.TraversableResolvers  : Found jakarta.persistence.Persistence on classpath containing 'getPersistenceUtil'. Assuming JPA 2 environment. Trying to instantiate JPA aware TraversableResolver
2024-12-27T18:09:48.582+05:30 DEBUG 139594 --- [Crud_KR] [           main] o.h.v.i.e.resolver.TraversableResolvers  : Instantiated JPA aware TraversableResolver of type org.hibernate.validator.internal.engine.resolver.JPATraversableResolver.
2024-12-27T18:09:48.583+05:30 DEBUG 139594 --- [Crud_KR] [           main] .h.v.m.ResourceBundleMessageInterpolator : Loaded expression factory via original TCCL
2024-12-27T18:09:48.585+05:30 DEBUG 139594 --- [Crud_KR] [           main] .i.e.ValidatorFactoryConfigurationHelper : HV000252: Using org.hibernate.validator.internal.engine.DefaultPropertyNodeNameProvider as property node name provider.
2024-12-27T18:09:48.585+05:30 DEBUG 139594 --- [Crud_KR] [           main] .i.e.ValidatorFactoryConfigurationHelper : HV000234: Using org.hibernate.validator.messageinterpolation.ResourceBundleMessageInterpolator as ValidatorFactory-scoped message interpolator.
2024-12-27T18:09:48.585+05:30 DEBUG 139594 --- [Crud_KR] [           main] .i.e.ValidatorFactoryConfigurationHelper : HV000234: Using org.hibernate.validator.internal.engine.resolver.JPATraversableResolver as ValidatorFactory-scoped traversable resolver.
2024-12-27T18:09:48.585+05:30 DEBUG 139594 --- [Crud_KR] [           main] .i.e.ValidatorFactoryConfigurationHelper : HV000234: Using org.hibernate.validator.internal.util.ExecutableParameterNameProvider as ValidatorFactory-scoped parameter name provider.
2024-12-27T18:09:48.585+05:30 DEBUG 139594 --- [Crud_KR] [           main] .i.e.ValidatorFactoryConfigurationHelper : HV000234: Using org.hibernate.validator.internal.engine.DefaultClockProvider as ValidatorFactory-scoped clock provider.
2024-12-27T18:09:48.586+05:30 DEBUG 139594 --- [Crud_KR] [           main] .i.e.ValidatorFactoryConfigurationHelper : HV000234: Using org.hibernate.validator.internal.engine.scripting.DefaultScriptEvaluatorFactory as ValidatorFactory-scoped script evaluator factory.
2024-12-27T18:09:48.587+05:30 DEBUG 139594 --- [Crud_KR] [           main] o.h.boot.internal.ClassLoaderAccessImpl  : Not known whether passed class name [com.example.crud_kr.Model.Customer] is safe
2024-12-27T18:09:48.587+05:30 DEBUG 139594 --- [Crud_KR] [           main] o.h.boot.internal.ClassLoaderAccessImpl  : No temp ClassLoader provided; using live ClassLoader for loading potentially unsafe class : com.example.crud_kr.Model.Customer
2024-12-27T18:09:48.613+05:30 DEBUG 139594 --- [Crud_KR] [           main] .h.s.i.SessionFactoryServiceRegistryImpl : EventListenerRegistry access via ServiceRegistry is deprecated.  Use `sessionFactory.getEventEngine().getListenerRegistry()` instead
2024-12-27T18:09:48.649+05:30 DEBUG 139594 --- [Crud_KR] [           main] o.h.q.sqm.function.SqmFunctionRegistry   : Registered SqmFunctionTemplate [NamedSqmFunctionTemplate(max)] under max; prior registration was null
2024-12-27T18:09:48.650+05:30 DEBUG 139594 --- [Crud_KR] [           main] o.h.q.sqm.function.SqmFunctionRegistry   : Registered SqmFunctionTemplate [NamedSqmFunctionTemplate(min)] under min; prior registration was null
2024-12-27T18:09:48.650+05:30 DEBUG 139594 --- [Crud_KR] [           main] o.h.q.sqm.function.SqmFunctionRegistry   : Registered SqmFunctionTemplate [NamedSqmFunctionTemplate(sum)] under sum; prior registration was null
2024-12-27T18:09:48.651+05:30 DEBUG 139594 --- [Crud_KR] [           main] o.h.q.sqm.function.SqmFunctionRegistry   : Registered SqmFunctionTemplate [NamedSqmFunctionTemplate(avg)] under avg; prior registration was null
2024-12-27T18:09:48.652+05:30 DEBUG 139594 --- [Crud_KR] [           main] o.h.q.sqm.function.SqmFunctionRegistry   : Registered SqmFunctionTemplate [org.hibernate.dialect.function.CountFunction@4e13af1b] under count; prior registration was null
2024-12-27T18:09:48.652+05:30 DEBUG 139594 --- [Crud_KR] [           main] o.h.q.sqm.function.SqmFunctionRegistry   : Registered SqmFunctionTemplate [org.hibernate.dialect.function.EveryAnyEmulation@3b399f5a] under every; prior registration was null
2024-12-27T18:09:48.652+05:30 DEBUG 139594 --- [Crud_KR] [           main] o.h.q.sqm.function.SqmFunctionRegistry   : Registered SqmFunctionTemplate [org.hibernate.dialect.function.EveryAnyEmulation@16f2d883] under any; prior registration was null
2024-12-27T18:09:48.653+05:30 DEBUG 139594 --- [Crud_KR] [           main] o.h.q.sqm.function.SqmFunctionRegistry   : Registered SqmFunctionTemplate [NamedSqmFunctionTemplate(floor)] under floor; prior registration was null
2024-12-27T18:09:48.653+05:30 DEBUG 139594 --- [Crud_KR] [           main] o.h.q.sqm.function.SqmFunctionRegistry   : Registered SqmFunctionTemplate [NamedSqmFunctionTemplate(ceiling)] under ceiling; prior registration was null
2024-12-27T18:09:48.653+05:30 DEBUG 139594 --- [Crud_KR] [           main] o.h.q.sqm.function.SqmFunctionRegistry   : Registered SqmFunctionTemplate [NamedSqmFunctionTemplate(mod)] under mod; prior registration was null
2024-12-27T18:09:48.653+05:30 DEBUG 139594 --- [Crud_KR] [           main] o.h.q.sqm.function.SqmFunctionRegistry   : Registered SqmFunctionTemplate [NamedSqmFunctionTemplate(abs)] under abs; prior registration was null
2024-12-27T18:09:48.653+05:30 DEBUG 139594 --- [Crud_KR] [           main] o.h.q.sqm.function.SqmFunctionRegistry   : Registered SqmFunctionTemplate [NamedSqmFunctionTemplate(sign)] under sign; prior registration was null
2024-12-27T18:09:48.653+05:30 DEBUG 139594 --- [Crud_KR] [           main] o.h.q.sqm.function.SqmFunctionRegistry   : Registered SqmFunctionTemplate [NamedSqmFunctionTemplate(sqrt)] under sqrt; prior registration was null
2024-12-27T18:09:48.653+05:30 DEBUG 139594 --- [Crud_KR] [           main] o.h.q.sqm.function.SqmFunctionRegistry   : Registered SqmFunctionTemplate [NamedSqmFunctionTemplate(ln)] under ln; prior registration was null
2024-12-27T18:09:48.653+05:30 DEBUG 139594 --- [Crud_KR] [           main] o.h.q.sqm.function.SqmFunctionRegistry   : Registered SqmFunctionTemplate [NamedSqmFunctionTemplate(exp)] under exp; prior registration was null
2024-12-27T18:09:48.653+05:30 DEBUG 139594 --- [Crud_KR] [           main] o.h.q.sqm.function.SqmFunctionRegistry   : Registered SqmFunctionTemplate [NamedSqmFunctionTemplate(power)] under power; prior registration was null
2024-12-27T18:09:48.653+05:30 DEBUG 139594 --- [Crud_KR] [           main] o.h.q.sqm.function.SqmFunctionRegistry   : Registered SqmFunctionTemplate [NamedSqmFunctionTemplate(round)] under round; prior registration was null
2024-12-27T18:09:48.653+05:30 DEBUG 139594 --- [Crud_KR] [           main] o.h.q.sqm.function.SqmFunctionRegistry   : Registered SqmFunctionTemplate [NamedSqmFunctionTemplate(sin)] under sin; prior registration was null
2024-12-27T18:09:48.653+05:30 DEBUG 139594 --- [Crud_KR] [           main] o.h.q.sqm.function.SqmFunctionRegistry   : Registered SqmFunctionTemplate [NamedSqmFunctionTemplate(cos)] under cos; prior registration was null
2024-12-27T18:09:48.653+05:30 DEBUG 139594 --- [Crud_KR] [           main] o.h.q.sqm.function.SqmFunctionRegistry   : Registered SqmFunctionTemplate [NamedSqmFunctionTemplate(tan)] under tan; prior registration was null
2024-12-27T18:09:48.653+05:30 DEBUG 139594 --- [Crud_KR] [           main] o.h.q.sqm.function.SqmFunctionRegistry   : Registered SqmFunctionTemplate [NamedSqmFunctionTemplate(asin)] under asin; prior registration was null
2024-12-27T18:09:48.653+05:30 DEBUG 139594 --- [Crud_KR] [           main] o.h.q.sqm.function.SqmFunctionRegistry   : Registered SqmFunctionTemplate [NamedSqmFunctionTemplate(acos)] under acos; prior registration was null
2024-12-27T18:09:48.653+05:30 DEBUG 139594 --- [Crud_KR] [           main] o.h.q.sqm.function.SqmFunctionRegistry   : Registered SqmFunctionTemplate [NamedSqmFunctionTemplate(atan)] under atan; prior registration was null
2024-12-27T18:09:48.654+05:30 DEBUG 139594 --- [Crud_KR] [           main] o.h.q.sqm.function.SqmFunctionRegistry   : Registered SqmFunctionTemplate [NamedSqmFunctionTemplate(atan2)] under atan2; prior registration was null
2024-12-27T18:09:48.655+05:30 DEBUG 139594 --- [Crud_KR] [           main] o.h.q.sqm.function.SqmFunctionRegistry   : Registered SqmFunctionTemplate [org.hibernate.query.sqm.function.PatternBasedSqmFunctionDescriptor@69c51fdb] under sinh; prior registration was null
2024-12-27T18:09:48.655+05:30 DEBUG 139594 --- [Crud_KR] [           main] o.h.q.sqm.function.SqmFunctionRegistry   : Registered SqmFunctionTemplate [org.hibernate.query.sqm.function.PatternBasedSqmFunctionDescriptor@4aadf144] under cosh; prior registration was null
2024-12-27T18:09:48.655+05:30 DEBUG 139594 --- [Crud_KR] [           main] o.h.q.sqm.function.SqmFunctionRegistry   : Registered SqmFunctionTemplate [org.hibernate.query.sqm.function.PatternBasedSqmFunctionDescriptor@68a97fc1] under tanh; prior registration was null
2024-12-27T18:09:48.655+05:30 DEBUG 139594 --- [Crud_KR] [           main] o.h.q.sqm.function.SqmFunctionRegistry   : Registered SqmFunctionTemplate [org.hibernate.query.sqm.function.PatternBasedSqmFunctionDescriptor@227fc322] under pi; prior registration was null
2024-12-27T18:09:48.655+05:30 DEBUG 139594 --- [Crud_KR] [           main] o.h.q.sqm.function.SqmFunctionRegistry   : Registered SqmFunctionTemplate [org.hibernate.query.sqm.function.PatternBasedSqmFunctionDescriptor@63053b71] under log; prior registration was null
2024-12-27T18:09:48.655+05:30 DEBUG 139594 --- [Crud_KR] [           main] o.h.q.sqm.function.SqmFunctionRegistry   : Registered SqmFunctionTemplate [NamedSqmFunctionTemplate(coalesce)] under coalesce; prior registration was null
2024-12-27T18:09:48.655+05:30 DEBUG 139594 --- [Crud_KR] [           main] o.h.q.sqm.function.SqmFunctionRegistry   : Registered SqmFunctionTemplate [NamedSqmFunctionTemplate(nullif)] under nullif; prior registration was null
2024-12-27T18:09:48.655+05:30 DEBUG 139594 --- [Crud_KR] [           main] o.h.q.sqm.function.SqmFunctionRegistry   : Registered SqmFunctionTemplate [NamedSqmFunctionTemplate(left)] under left; prior registration was null
2024-12-27T18:09:48.655+05:30 DEBUG 139594 --- [Crud_KR] [           main] o.h.q.sqm.function.SqmFunctionRegistry   : Registered SqmFunctionTemplate [NamedSqmFunctionTemplate(right)] under right; prior registration was null
2024-12-27T18:09:48.655+05:30 DEBUG 139594 --- [Crud_KR] [           main] o.h.q.sqm.function.SqmFunctionRegistry   : Registered SqmFunctionTemplate [NamedSqmFunctionTemplate(replace)] under replace; prior registration was null
2024-12-27T18:09:48.656+05:30 DEBUG 139594 --- [Crud_KR] [           main] o.h.q.sqm.function.SqmFunctionRegistry   : Registered SqmFunctionTemplate [NamedSqmFunctionTemplate(concat)] under concat; prior registration was null
2024-12-27T18:09:48.656+05:30 DEBUG 139594 --- [Crud_KR] [           main] o.h.q.sqm.function.SqmFunctionRegistry   : Registered SqmFunctionTemplate [NamedSqmFunctionTemplate(lower)] under lower; prior registration was null
2024-12-27T18:09:48.656+05:30 DEBUG 139594 --- [Crud_KR] [           main] o.h.q.sqm.function.SqmFunctionRegistry   : Registered SqmFunctionTemplate [NamedSqmFunctionTemplate(upper)] under upper; prior registration was null
2024-12-27T18:09:48.656+05:30 DEBUG 139594 --- [Crud_KR] [           main] o.h.q.sqm.function.SqmFunctionRegistry   : Registered SqmFunctionTemplate [NamedSqmFunctionTemplate(substring)] under substring; prior registration was null
2024-12-27T18:09:48.656+05:30 DEBUG 139594 --- [Crud_KR] [           main] o.h.q.sqm.function.SqmFunctionRegistry   : Registered SqmFunctionTemplate [NamedSqmFunctionTemplate(locate)] under locate; prior registration was null
2024-12-27T18:09:48.656+05:30 DEBUG 139594 --- [Crud_KR] [           main] o.h.q.sqm.function.SqmFunctionRegistry   : Registered SqmFunctionTemplate [NamedSqmFunctionTemplate(character_length)] under character_length; prior registration was null
2024-12-27T18:09:48.656+05:30 DEBUG 139594 --- [Crud_KR] [           main] o.h.q.sqm.function.SqmFunctionRegistry   : Registering alternate key : length -> character_length
2024-12-27T18:09:48.656+05:30 DEBUG 139594 --- [Crud_KR] [           main] o.h.q.sqm.function.SqmFunctionRegistry   : Registered SqmFunctionTemplate [org.hibernate.dialect.function.LocatePositionEmulation@54eb2bf6] under position; prior registration was null
2024-12-27T18:09:48.657+05:30 DEBUG 139594 --- [Crud_KR] [           main] o.h.q.sqm.function.SqmFunctionRegistry   : Registered SqmFunctionTemplate [org.hibernate.dialect.function.InsertSubstringOverlayEmulation@3083e6ef] under overlay; prior registration was null
2024-12-27T18:09:48.658+05:30 DEBUG 139594 --- [Crud_KR] [           main] o.h.q.sqm.function.SqmFunctionRegistry   : Registered SqmFunctionTemplate [org.hibernate.dialect.function.TrimFunction@58c16efd] under trim; prior registration was null
2024-12-27T18:09:48.659+05:30 DEBUG 139594 --- [Crud_KR] [           main] o.h.q.sqm.function.SqmFunctionRegistry   : Registered SqmFunctionTemplate [org.hibernate.dialect.function.CastFunction@135a8808] under cast; prior registration was null
2024-12-27T18:09:48.659+05:30 DEBUG 139594 --- [Crud_KR] [           main] o.h.q.sqm.function.SqmFunctionRegistry   : Registered SqmFunctionTemplate [org.hibernate.query.sqm.function.PatternBasedSqmFunctionDescriptor@57abe94d] under collate; prior registration was null
2024-12-27T18:09:48.659+05:30 DEBUG 139594 --- [Crud_KR] [           main] o.h.q.sqm.function.SqmFunctionRegistry   : Registered SqmFunctionTemplate [org.hibernate.dialect.function.ExtractFunction@1221d607] under extract; prior registration was null
2024-12-27T18:09:48.660+05:30 DEBUG 139594 --- [Crud_KR] [           main] o.h.q.sqm.function.SqmFunctionRegistry   : Registered SqmFunctionTemplate [NamedSqmFunctionTemplate(least)] under least; prior registration was null
2024-12-27T18:09:48.660+05:30 DEBUG 139594 --- [Crud_KR] [           main] o.h.q.sqm.function.SqmFunctionRegistry   : Registered SqmFunctionTemplate [NamedSqmFunctionTemplate(greatest)] under greatest; prior registration was null
2024-12-27T18:09:48.660+05:30 DEBUG 139594 --- [Crud_KR] [           main] o.h.q.sqm.function.SqmFunctionRegistry   : Registered SqmFunctionTemplate [org.hibernate.dialect.function.CoalesceIfnullEmulation@7ef7faa9] under ifnull; prior registration was null
2024-12-27T18:09:48.660+05:30 DEBUG 139594 --- [Crud_KR] [           main] o.h.q.sqm.function.SqmFunctionRegistry   : Registered SqmFunctionTemplate [NamedSqmFunctionTemplate(lpad)] under lpad; prior registration was null
2024-12-27T18:09:48.660+05:30 DEBUG 139594 --- [Crud_KR] [           main] o.h.q.sqm.function.SqmFunctionRegistry   : Registered SqmFunctionTemplate [NamedSqmFunctionTemplate(rpad)] under rpad; prior registration was null
2024-12-27T18:09:48.660+05:30 DEBUG 139594 --- [Crud_KR] [           main] o.h.q.sqm.function.SqmFunctionRegistry   : Registered SqmFunctionTemplate [org.hibernate.dialect.function.LpadRpadPadEmulation@5bfdabf3] under pad; prior registration was null
2024-12-27T18:09:48.660+05:30 DEBUG 139594 --- [Crud_KR] [           main] o.h.q.sqm.function.SqmFunctionRegistry   : Registered SqmFunctionTemplate [org.hibernate.dialect.function.CastStrEmulation@663e1144] under str; prior registration was null
2024-12-27T18:09:48.662+05:30 DEBUG 139594 --- [Crud_KR] [           main] o.h.q.sqm.function.SqmFunctionRegistry   : Registered SqmFunctionTemplate [org.hibernate.dialect.function.FormatFunction@75b4db22] under format; prior registration was null
2024-12-27T18:09:48.662+05:30 DEBUG 139594 --- [Crud_KR] [           main] o.h.q.sqm.function.SqmFunctionRegistry   : Registered SqmFunctionTemplate [org.hibernate.dialect.function.TimestampaddFunction@4a490518] under timestampadd; prior registration was null
2024-12-27T18:09:48.663+05:30 DEBUG 139594 --- [Crud_KR] [           main] o.h.q.sqm.function.SqmFunctionRegistry   : Registered SqmFunctionTemplate [org.hibernate.dialect.function.TimestampdiffFunction@628aea61] under timestampdiff; prior registration was null
2024-12-27T18:09:48.663+05:30 DEBUG 139594 --- [Crud_KR] [           main] o.h.q.sqm.function.SqmFunctionRegistry   : Registering alternate key : dateadd -> timestampadd
2024-12-27T18:09:48.663+05:30 DEBUG 139594 --- [Crud_KR] [           main] o.h.q.sqm.function.SqmFunctionRegistry   : Registering alternate key : datediff -> timestampdiff
2024-12-27T18:09:48.663+05:30 DEBUG 139594 --- [Crud_KR] [           main] o.h.q.sqm.function.SqmFunctionRegistry   : Registered SqmFunctionTemplate [org.hibernate.dialect.function.CurrentFunction@52fed5b7] under current_date; prior registration was null
2024-12-27T18:09:48.663+05:30 DEBUG 139594 --- [Crud_KR] [           main] o.h.q.sqm.function.SqmFunctionRegistry   : Registered SqmFunctionTemplate [org.hibernate.dialect.function.CurrentFunction@530e08a7] under current_time; prior registration was null
2024-12-27T18:09:48.664+05:30 DEBUG 139594 --- [Crud_KR] [           main] o.h.q.sqm.function.SqmFunctionRegistry   : Registered SqmFunctionTemplate [org.hibernate.dialect.function.CurrentFunction@6920fa35] under current_timestamp; prior registration was null
2024-12-27T18:09:48.664+05:30 DEBUG 139594 --- [Crud_KR] [           main] o.h.q.sqm.function.SqmFunctionRegistry   : Registering alternate key : current date -> current_date
2024-12-27T18:09:48.664+05:30 DEBUG 139594 --- [Crud_KR] [           main] o.h.q.sqm.function.SqmFunctionRegistry   : Registering alternate key : current time -> current_time
2024-12-27T18:09:48.664+05:30 DEBUG 139594 --- [Crud_KR] [           main] o.h.q.sqm.function.SqmFunctionRegistry   : Registering alternate key : current timestamp -> current_timestamp
2024-12-27T18:09:48.664+05:30 DEBUG 139594 --- [Crud_KR] [           main] o.h.q.sqm.function.SqmFunctionRegistry   : Registered SqmFunctionTemplate [org.hibernate.dialect.function.CurrentFunction@19542115] under local_date; prior registration was null
2024-12-27T18:09:48.664+05:30 DEBUG 139594 --- [Crud_KR] [           main] o.h.q.sqm.function.SqmFunctionRegistry   : Registered SqmFunctionTemplate [org.hibernate.dialect.function.CurrentFunction@3da30ce5] under local_time; prior registration was null
2024-12-27T18:09:48.664+05:30 DEBUG 139594 --- [Crud_KR] [           main] o.h.q.sqm.function.SqmFunctionRegistry   : Registered SqmFunctionTemplate [org.hibernate.dialect.function.CurrentFunction@1e4b70c6] under local_datetime; prior registration was null
2024-12-27T18:09:48.664+05:30 DEBUG 139594 --- [Crud_KR] [           main] o.h.q.sqm.function.SqmFunctionRegistry   : Registered SqmFunctionTemplate [org.hibernate.dialect.function.CurrentFunction@7054c068] under offset_datetime; prior registration was null
2024-12-27T18:09:48.664+05:30 DEBUG 139594 --- [Crud_KR] [           main] o.h.q.sqm.function.SqmFunctionRegistry   : Registering alternate key : local date -> local_date
2024-12-27T18:09:48.664+05:30 DEBUG 139594 --- [Crud_KR] [           main] o.h.q.sqm.function.SqmFunctionRegistry   : Registering alternate key : local time -> local_time
2024-12-27T18:09:48.664+05:30 DEBUG 139594 --- [Crud_KR] [           main] o.h.q.sqm.function.SqmFunctionRegistry   : Registering alternate key : local datetime -> local_datetime
2024-12-27T18:09:48.664+05:30 DEBUG 139594 --- [Crud_KR] [           main] o.h.q.sqm.function.SqmFunctionRegistry   : Registering alternate key : offset datetime -> offset_datetime
2024-12-27T18:09:48.664+05:30 DEBUG 139594 --- [Crud_KR] [           main] o.h.q.sqm.function.SqmFunctionRegistry   : Registered SqmFunctionTemplate [org.hibernate.dialect.function.CurrentFunction@48301bfe] under instant; prior registration was null
2024-12-27T18:09:48.664+05:30 DEBUG 139594 --- [Crud_KR] [           main] o.h.q.sqm.function.SqmFunctionRegistry   : Registering alternate key : current_instant -> instant
2024-12-27T18:09:48.664+05:30 DEBUG 139594 --- [Crud_KR] [           main] o.h.q.sqm.function.SqmFunctionRegistry   : Registered SqmFunctionTemplate [org.hibernate.dialect.function.SqlFunction@367fbb28] under sql; prior registration was null
2024-12-27T18:09:48.664+05:30 DEBUG 139594 --- [Crud_KR] [           main] o.h.q.sqm.function.SqmFunctionRegistry   : Registered SqmFunctionTemplate [NamedSqmFunctionTemplate(soundex)] under soundex; prior registration was null
2024-12-27T18:09:48.664+05:30 DEBUG 139594 --- [Crud_KR] [           main] o.h.q.sqm.function.SqmFunctionRegistry   : Registered SqmFunctionTemplate [NamedSqmFunctionTemplate(radians)] under radians; prior registration was null
2024-12-27T18:09:48.664+05:30 DEBUG 139594 --- [Crud_KR] [           main] o.h.q.sqm.function.SqmFunctionRegistry   : Registered SqmFunctionTemplate [NamedSqmFunctionTemplate(degrees)] under degrees; prior registration was null
2024-12-27T18:09:48.664+05:30 DEBUG 139594 --- [Crud_KR] [           main] o.h.q.sqm.function.SqmFunctionRegistry   : Registered SqmFunctionTemplate [NamedSqmFunctionTemplate(cot)] under cot; prior registration was null
2024-12-27T18:09:48.664+05:30 DEBUG 139594 --- [Crud_KR] [           main] o.h.q.sqm.function.SqmFunctionRegistry   : Registered SqmFunctionTemplate [NamedSqmFunctionTemplate(log)] under log; prior registration was org.hibernate.query.sqm.function.PatternBasedSqmFunctionDescriptor@63053b71
2024-12-27T18:09:48.665+05:30 DEBUG 139594 --- [Crud_KR] [           main] o.h.q.sqm.function.SqmFunctionRegistry   : Registered SqmFunctionTemplate [NamedSqmFunctionTemplate(log2)] under log2; prior registration was null
2024-12-27T18:09:48.665+05:30 DEBUG 139594 --- [Crud_KR] [           main] o.h.q.sqm.function.SqmFunctionRegistry   : Registered SqmFunctionTemplate [NamedSqmFunctionTemplate(log10)] under log10; prior registration was null
2024-12-27T18:09:48.665+05:30 DEBUG 139594 --- [Crud_KR] [           main] o.h.q.sqm.function.SqmFunctionRegistry   : Registered SqmFunctionTemplate [NamedSqmFunctionTemplate(ltrim)] under ltrim; prior registration was null
2024-12-27T18:09:48.665+05:30 DEBUG 139594 --- [Crud_KR] [           main] o.h.q.sqm.function.SqmFunctionRegistry   : Registered SqmFunctionTemplate [NamedSqmFunctionTemplate(rtrim)] under rtrim; prior registration was null
2024-12-27T18:09:48.665+05:30 DEBUG 139594 --- [Crud_KR] [           main] o.h.q.sqm.function.SqmFunctionRegistry   : Registered SqmFunctionTemplate [NamedSqmFunctionTemplate(octet_length)] under octet_length; prior registration was null
2024-12-27T18:09:48.665+05:30 DEBUG 139594 --- [Crud_KR] [           main] o.h.q.sqm.function.SqmFunctionRegistry   : Registered SqmFunctionTemplate [NamedSqmFunctionTemplate(reverse)] under reverse; prior registration was null
2024-12-27T18:09:48.665+05:30 DEBUG 139594 --- [Crud_KR] [           main] o.h.q.sqm.function.SqmFunctionRegistry   : Registered SqmFunctionTemplate [NamedSqmFunctionTemplate(space)] under space; prior registration was null
2024-12-27T18:09:48.665+05:30 DEBUG 139594 --- [Crud_KR] [           main] o.h.q.sqm.function.SqmFunctionRegistry   : Registered SqmFunctionTemplate [NamedSqmFunctionTemplate(repeat)] under repeat; prior registration was null
2024-12-27T18:09:48.665+05:30 DEBUG 139594 --- [Crud_KR] [           main] o.h.q.sqm.function.SqmFunctionRegistry   : Registered SqmFunctionTemplate [org.hibernate.query.sqm.function.MultipatternSqmFunctionDescriptor@477e5b69] under lpad; prior registration was NamedSqmFunctionTemplate(lpad)
2024-12-27T18:09:48.665+05:30 DEBUG 139594 --- [Crud_KR] [           main] o.h.q.sqm.function.SqmFunctionRegistry   : Registered SqmFunctionTemplate [org.hibernate.query.sqm.function.MultipatternSqmFunctionDescriptor@7da6d695] under rpad; prior registration was NamedSqmFunctionTemplate(rpad)
2024-12-27T18:09:48.665+05:30 DEBUG 139594 --- [Crud_KR] [           main] o.h.q.sqm.function.SqmFunctionRegistry   : Registered SqmFunctionTemplate [NamedSqmFunctionTemplate(md5)] under md5; prior registration was null
2024-12-27T18:09:48.665+05:30 DEBUG 139594 --- [Crud_KR] [           main] o.h.q.sqm.function.SqmFunctionRegistry   : Registered SqmFunctionTemplate [NamedSqmFunctionTemplate(day)] under day; prior registration was null
2024-12-27T18:09:48.665+05:30 DEBUG 139594 --- [Crud_KR] [           main] o.h.q.sqm.function.SqmFunctionRegistry   : Registered SqmFunctionTemplate [NamedSqmFunctionTemplate(month)] under month; prior registration was null
2024-12-27T18:09:48.665+05:30 DEBUG 139594 --- [Crud_KR] [           main] o.h.q.sqm.function.SqmFunctionRegistry   : Registered SqmFunctionTemplate [NamedSqmFunctionTemplate(year)] under year; prior registration was null
2024-12-27T18:09:48.665+05:30 DEBUG 139594 --- [Crud_KR] [           main] o.h.q.sqm.function.SqmFunctionRegistry   : Registered SqmFunctionTemplate [NamedSqmFunctionTemplate(hour)] under hour; prior registration was null
2024-12-27T18:09:48.665+05:30 DEBUG 139594 --- [Crud_KR] [           main] o.h.q.sqm.function.SqmFunctionRegistry   : Registered SqmFunctionTemplate [NamedSqmFunctionTemplate(minute)] under minute; prior registration was null
2024-12-27T18:09:48.665+05:30 DEBUG 139594 --- [Crud_KR] [           main] o.h.q.sqm.function.SqmFunctionRegistry   : Registered SqmFunctionTemplate [NamedSqmFunctionTemplate(second)] under second; prior registration was null
2024-12-27T18:09:48.665+05:30 DEBUG 139594 --- [Crud_KR] [           main] o.h.q.sqm.function.SqmFunctionRegistry   : Registered SqmFunctionTemplate [NamedSqmFunctionTemplate(microsecond)] under microsecond; prior registration was null
2024-12-27T18:09:48.665+05:30 DEBUG 139594 --- [Crud_KR] [           main] o.h.q.sqm.function.SqmFunctionRegistry   : Registered SqmFunctionTemplate [NamedSqmFunctionTemplate(dayofweek)] under dayofweek; prior registration was null
2024-12-27T18:09:48.665+05:30 DEBUG 139594 --- [Crud_KR] [           main] o.h.q.sqm.function.SqmFunctionRegistry   : Registered SqmFunctionTemplate [NamedSqmFunctionTemplate(dayofmonth)] under dayofmonth; prior registration was null
2024-12-27T18:09:48.666+05:30 DEBUG 139594 --- [Crud_KR] [           main] o.h.q.sqm.function.SqmFunctionRegistry   : Registering alternate key : day -> dayofmonth
2024-12-27T18:09:48.666+05:30 DEBUG 139594 --- [Crud_KR] [           main] o.h.q.sqm.function.SqmFunctionRegistry   : Registered SqmFunctionTemplate [NamedSqmFunctionTemplate(dayofyear)] under dayofyear; prior registration was null
2024-12-27T18:09:48.666+05:30 DEBUG 139594 --- [Crud_KR] [           main] o.h.q.sqm.function.SqmFunctionRegistry   : Registered SqmFunctionTemplate [NamedSqmFunctionTemplate(week)] under week; prior registration was null
2024-12-27T18:09:48.666+05:30 DEBUG 139594 --- [Crud_KR] [           main] o.h.q.sqm.function.SqmFunctionRegistry   : Registered SqmFunctionTemplate [NamedSqmFunctionTemplate(quarter)] under quarter; prior registration was null
2024-12-27T18:09:48.666+05:30 DEBUG 139594 --- [Crud_KR] [           main] o.h.q.sqm.function.SqmFunctionRegistry   : Registered SqmFunctionTemplate [NamedSqmFunctionTemplate(monthname)] under monthname; prior registration was null
2024-12-27T18:09:48.666+05:30 DEBUG 139594 --- [Crud_KR] [           main] o.h.q.sqm.function.SqmFunctionRegistry   : Registered SqmFunctionTemplate [NamedSqmFunctionTemplate(dayname)] under dayname; prior registration was null
2024-12-27T18:09:48.666+05:30 DEBUG 139594 --- [Crud_KR] [           main] o.h.q.sqm.function.SqmFunctionRegistry   : Registered SqmFunctionTemplate [NamedSqmFunctionTemplate(last_day)] under last_day; prior registration was null
2024-12-27T18:09:48.666+05:30 DEBUG 139594 --- [Crud_KR] [           main] o.h.q.sqm.function.SqmFunctionRegistry   : Registered SqmFunctionTemplate [NamedSqmFunctionTemplate(date)] under date; prior registration was null
2024-12-27T18:09:48.666+05:30 DEBUG 139594 --- [Crud_KR] [           main] o.h.q.sqm.function.SqmFunctionRegistry   : Registered SqmFunctionTemplate [NamedSqmFunctionTemplate(timestamp)] under timestamp; prior registration was null
2024-12-27T18:09:48.666+05:30 DEBUG 139594 --- [Crud_KR] [           main] o.h.q.sqm.function.SqmFunctionRegistry   : Registered SqmFunctionTemplate [NamedSqmFunctionTemplate(time)] under time; prior registration was null
2024-12-27T18:09:48.666+05:30 DEBUG 139594 --- [Crud_KR] [           main] o.h.q.sqm.function.SqmFunctionRegistry   : Registered SqmFunctionTemplate [NamedSqmFunctionTemplate(utc_date)] under utc_date; prior registration was null
2024-12-27T18:09:48.666+05:30 DEBUG 139594 --- [Crud_KR] [           main] o.h.q.sqm.function.SqmFunctionRegistry   : Registered SqmFunctionTemplate [NamedSqmFunctionTemplate(utc_time)] under utc_time; prior registration was null
2024-12-27T18:09:48.666+05:30 DEBUG 139594 --- [Crud_KR] [           main] o.h.q.sqm.function.SqmFunctionRegistry   : Registered SqmFunctionTemplate [NamedSqmFunctionTemplate(utc_timestamp)] under utc_timestamp; prior registration was null
2024-12-27T18:09:48.666+05:30 DEBUG 139594 --- [Crud_KR] [           main] o.h.q.sqm.function.SqmFunctionRegistry   : Registered SqmFunctionTemplate [NamedSqmFunctionTemplate(rand)] under rand; prior registration was null
2024-12-27T18:09:48.666+05:30 DEBUG 139594 --- [Crud_KR] [           main] o.h.q.sqm.function.SqmFunctionRegistry   : Registered SqmFunctionTemplate [NamedSqmFunctionTemplate(crc32)] under crc32; prior registration was null
2024-12-27T18:09:48.666+05:30 DEBUG 139594 --- [Crud_KR] [           main] o.h.q.sqm.function.SqmFunctionRegistry   : Registered SqmFunctionTemplate [NamedSqmFunctionTemplate(sha1)] under sha1; prior registration was null
2024-12-27T18:09:48.666+05:30 DEBUG 139594 --- [Crud_KR] [           main] o.h.q.sqm.function.SqmFunctionRegistry   : Registered SqmFunctionTemplate [NamedSqmFunctionTemplate(sha2)] under sha2; prior registration was null
2024-12-27T18:09:48.666+05:30 DEBUG 139594 --- [Crud_KR] [           main] o.h.q.sqm.function.SqmFunctionRegistry   : Registered SqmFunctionTemplate [NamedSqmFunctionTemplate(sha)] under sha; prior registration was null
2024-12-27T18:09:48.666+05:30 DEBUG 139594 --- [Crud_KR] [           main] o.h.q.sqm.function.SqmFunctionRegistry   : Registered SqmFunctionTemplate [NamedSqmFunctionTemplate(bit_length)] under bit_length; prior registration was null
2024-12-27T18:09:48.666+05:30 DEBUG 139594 --- [Crud_KR] [           main] o.h.q.sqm.function.SqmFunctionRegistry   : Registered SqmFunctionTemplate [NamedSqmFunctionTemplate(octet_length)] under octet_length; prior registration was NamedSqmFunctionTemplate(octet_length)
2024-12-27T18:09:48.666+05:30 DEBUG 139594 --- [Crud_KR] [           main] o.h.q.sqm.function.SqmFunctionRegistry   : Registered SqmFunctionTemplate [NamedSqmFunctionTemplate(ascii)] under ascii; prior registration was null
2024-12-27T18:09:48.666+05:30 DEBUG 139594 --- [Crud_KR] [           main] o.h.q.sqm.function.SqmFunctionRegistry   : Registered SqmFunctionTemplate [NamedSqmFunctionTemplate(instr)] under instr; prior registration was null
2024-12-27T18:09:48.666+05:30 DEBUG 139594 --- [Crud_KR] [           main] o.h.q.sqm.function.SqmFunctionRegistry   : Registered SqmFunctionTemplate [NamedSqmFunctionTemplate(substr)] under substr; prior registration was null
2024-12-27T18:09:48.666+05:30 DEBUG 139594 --- [Crud_KR] [           main] o.h.q.sqm.function.SqmFunctionRegistry   : Registered SqmFunctionTemplate [org.hibernate.query.sqm.function.PatternBasedSqmFunctionDescriptor@74a991cf] under position; prior registration was org.hibernate.dialect.function.LocatePositionEmulation@54eb2bf6
2024-12-27T18:09:48.667+05:30 DEBUG 139594 --- [Crud_KR] [           main] o.h.q.sqm.function.SqmFunctionRegistry   : Registered SqmFunctionTemplate [NamedSqmFunctionTemplate(curtime)] under curtime; prior registration was null
2024-12-27T18:09:48.667+05:30 DEBUG 139594 --- [Crud_KR] [           main] o.h.q.sqm.function.SqmFunctionRegistry   : Registered SqmFunctionTemplate [NamedSqmFunctionTemplate(curdate)] under curdate; prior registration was null
2024-12-27T18:09:48.667+05:30 DEBUG 139594 --- [Crud_KR] [           main] o.h.q.sqm.function.SqmFunctionRegistry   : Registered SqmFunctionTemplate [NamedSqmFunctionTemplate(now)] under now; prior registration was null
2024-12-27T18:09:48.669+05:30 DEBUG 139594 --- [Crud_KR] [           main] o.h.q.sqm.function.SqmFunctionRegistry   : Registered SqmFunctionTemplate [org.hibernate.dialect.function.TruncFunction@f26cd76] under trunc; prior registration was null
2024-12-27T18:09:48.670+05:30 DEBUG 139594 --- [Crud_KR] [           main] o.h.q.sqm.function.SqmFunctionRegistry   : Registering alternate key : truncate -> trunc
2024-12-27T18:09:48.670+05:30 DEBUG 139594 --- [Crud_KR] [           main] o.h.q.sqm.function.SqmFunctionRegistry   : Registered SqmFunctionTemplate [NamedSqmFunctionTemplate(insert)] under insert; prior registration was null
2024-12-27T18:09:48.670+05:30 DEBUG 139594 --- [Crud_KR] [           main] o.h.q.sqm.function.SqmFunctionRegistry   : Registered SqmFunctionTemplate [org.hibernate.query.sqm.function.PatternBasedSqmFunctionDescriptor@78805df3] under bitand; prior registration was null
2024-12-27T18:09:48.670+05:30 DEBUG 139594 --- [Crud_KR] [           main] o.h.q.sqm.function.SqmFunctionRegistry   : Registered SqmFunctionTemplate [org.hibernate.query.sqm.function.PatternBasedSqmFunctionDescriptor@65a8c306] under bitor; prior registration was null
2024-12-27T18:09:48.670+05:30 DEBUG 139594 --- [Crud_KR] [           main] o.h.q.sqm.function.SqmFunctionRegistry   : Registered SqmFunctionTemplate [org.hibernate.query.sqm.function.PatternBasedSqmFunctionDescriptor@71ce19ee] under bitxor; prior registration was null
2024-12-27T18:09:48.670+05:30 DEBUG 139594 --- [Crud_KR] [           main] o.h.q.sqm.function.SqmFunctionRegistry   : Registered SqmFunctionTemplate [org.hibernate.query.sqm.function.PatternBasedSqmFunctionDescriptor@48ba37dc] under bitnot; prior registration was null
2024-12-27T18:09:48.670+05:30 DEBUG 139594 --- [Crud_KR] [           main] o.h.q.sqm.function.SqmFunctionRegistry   : Registered SqmFunctionTemplate [NamedSqmFunctionTemplate(bit_and)] under bit_and; prior registration was null
2024-12-27T18:09:48.670+05:30 DEBUG 139594 --- [Crud_KR] [           main] o.h.q.sqm.function.SqmFunctionRegistry   : Registered SqmFunctionTemplate [NamedSqmFunctionTemplate(bit_or)] under bit_or; prior registration was null
2024-12-27T18:09:48.670+05:30 DEBUG 139594 --- [Crud_KR] [           main] o.h.q.sqm.function.SqmFunctionRegistry   : Registered SqmFunctionTemplate [NamedSqmFunctionTemplate(stddev)] under stddev; prior registration was null
2024-12-27T18:09:48.670+05:30 DEBUG 139594 --- [Crud_KR] [           main] o.h.q.sqm.function.SqmFunctionRegistry   : Registered SqmFunctionTemplate [NamedSqmFunctionTemplate(stddev_pop)] under stddev_pop; prior registration was null
2024-12-27T18:09:48.670+05:30 DEBUG 139594 --- [Crud_KR] [           main] o.h.q.sqm.function.SqmFunctionRegistry   : Registered SqmFunctionTemplate [NamedSqmFunctionTemplate(stddev_samp)] under stddev_samp; prior registration was null
2024-12-27T18:09:48.670+05:30 DEBUG 139594 --- [Crud_KR] [           main] o.h.q.sqm.function.SqmFunctionRegistry   : Registered SqmFunctionTemplate [NamedSqmFunctionTemplate(variance)] under variance; prior registration was null
2024-12-27T18:09:48.670+05:30 DEBUG 139594 --- [Crud_KR] [           main] o.h.q.sqm.function.SqmFunctionRegistry   : Registered SqmFunctionTemplate [NamedSqmFunctionTemplate(var_pop)] under var_pop; prior registration was null
2024-12-27T18:09:48.670+05:30 DEBUG 139594 --- [Crud_KR] [           main] o.h.q.sqm.function.SqmFunctionRegistry   : Registered SqmFunctionTemplate [NamedSqmFunctionTemplate(var_samp)] under var_samp; prior registration was null
2024-12-27T18:09:48.670+05:30 DEBUG 139594 --- [Crud_KR] [           main] o.h.q.sqm.function.SqmFunctionRegistry   : Registered SqmFunctionTemplate [NamedSqmFunctionTemplate(datediff)] under datediff; prior registration was null
2024-12-27T18:09:48.670+05:30 DEBUG 139594 --- [Crud_KR] [           main] o.h.q.sqm.function.SqmFunctionRegistry   : Registered SqmFunctionTemplate [NamedSqmFunctionTemplate(adddate)] under adddate; prior registration was null
2024-12-27T18:09:48.670+05:30 DEBUG 139594 --- [Crud_KR] [           main] o.h.q.sqm.function.SqmFunctionRegistry   : Registered SqmFunctionTemplate [NamedSqmFunctionTemplate(subdate)] under subdate; prior registration was null
2024-12-27T18:09:48.670+05:30 DEBUG 139594 --- [Crud_KR] [           main] o.h.q.sqm.function.SqmFunctionRegistry   : Registered SqmFunctionTemplate [NamedSqmFunctionTemplate(addtime)] under addtime; prior registration was null
2024-12-27T18:09:48.670+05:30 DEBUG 139594 --- [Crud_KR] [           main] o.h.q.sqm.function.SqmFunctionRegistry   : Registered SqmFunctionTemplate [NamedSqmFunctionTemplate(subtime)] under subtime; prior registration was null
2024-12-27T18:09:48.670+05:30 DEBUG 139594 --- [Crud_KR] [           main] o.h.q.sqm.function.SqmFunctionRegistry   : Registered SqmFunctionTemplate [org.hibernate.dialect.function.FormatFunction@322f84fd] under format; prior registration was org.hibernate.dialect.function.FormatFunction@75b4db22
2024-12-27T18:09:48.670+05:30 DEBUG 139594 --- [Crud_KR] [           main] o.h.q.sqm.function.SqmFunctionRegistry   : Registered SqmFunctionTemplate [NamedSqmFunctionTemplate(makedate)] under makedate; prior registration was null
2024-12-27T18:09:48.670+05:30 DEBUG 139594 --- [Crud_KR] [           main] o.h.q.sqm.function.SqmFunctionRegistry   : Registered SqmFunctionTemplate [NamedSqmFunctionTemplate(maketime)] under maketime; prior registration was null
2024-12-27T18:09:48.670+05:30 DEBUG 139594 --- [Crud_KR] [           main] o.h.q.sqm.function.SqmFunctionRegistry   : Registered SqmFunctionTemplate [NamedSqmFunctionTemplate(localtime)] under localtime; prior registration was null
2024-12-27T18:09:48.670+05:30 DEBUG 139594 --- [Crud_KR] [           main] o.h.q.sqm.function.SqmFunctionRegistry   : Registered SqmFunctionTemplate [NamedSqmFunctionTemplate(localtimestamp)] under localtimestamp; prior registration was null
2024-12-27T18:09:48.670+05:30 DEBUG 139594 --- [Crud_KR] [           main] o.h.q.sqm.function.SqmFunctionRegistry   : Registered SqmFunctionTemplate [NamedSqmFunctionTemplate(localtime)] under local_time; prior registration was org.hibernate.dialect.function.CurrentFunction@3da30ce5
2024-12-27T18:09:48.670+05:30 DEBUG 139594 --- [Crud_KR] [           main] o.h.q.sqm.function.SqmFunctionRegistry   : Registered SqmFunctionTemplate [NamedSqmFunctionTemplate(localtimestamp)] under local_datetime; prior registration was org.hibernate.dialect.function.CurrentFunction@1e4b70c6
2024-12-27T18:09:48.670+05:30 DEBUG 139594 --- [Crud_KR] [           main] o.h.q.sqm.function.SqmFunctionRegistry   : Registered SqmFunctionTemplate [NamedSqmFunctionTemplate(localtime)] under localtime; prior registration was NamedSqmFunctionTemplate(localtime)
2024-12-27T18:09:48.671+05:30 DEBUG 139594 --- [Crud_KR] [           main] o.h.q.sqm.function.SqmFunctionRegistry   : Registered SqmFunctionTemplate [org.hibernate.query.sqm.function.PatternBasedSqmFunctionDescriptor@113cc14d] under pi; prior registration was org.hibernate.query.sqm.function.PatternBasedSqmFunctionDescriptor@227fc322
2024-12-27T18:09:48.671+05:30 DEBUG 139594 --- [Crud_KR] [           main] o.h.q.sqm.function.SqmFunctionRegistry   : Registered SqmFunctionTemplate [org.hibernate.query.sqm.function.PatternBasedSqmFunctionDescriptor@10bcbbed] under chr; prior registration was null
2024-12-27T18:09:48.671+05:30 DEBUG 139594 --- [Crud_KR] [           main] o.h.q.sqm.function.SqmFunctionRegistry   : Registering alternate key : char -> chr
2024-12-27T18:09:48.671+05:30 DEBUG 139594 --- [Crud_KR] [           main] o.h.q.sqm.function.SqmFunctionRegistry   : Registered SqmFunctionTemplate [org.hibernate.query.sqm.function.PatternBasedSqmFunctionDescriptor@9a16af1] under sysdate; prior registration was null
2024-12-27T18:09:48.671+05:30 DEBUG 139594 --- [Crud_KR] [           main] o.h.q.sqm.function.SqmFunctionRegistry   : Registered SqmFunctionTemplate [org.hibernate.dialect.function.ListaggGroupConcatEmulation@47c422d3] under listagg; prior registration was null
2024-12-27T18:09:48.672+05:30 DEBUG 139594 --- [Crud_KR] [           main] org.hibernate.HQL_FUNCTIONS              : abs(NUMERIC arg)
2024-12-27T18:09:48.673+05:30 DEBUG 139594 --- [Crud_KR] [           main] org.hibernate.HQL_FUNCTIONS              : Double acos(NUMERIC arg)
2024-12-27T18:09:48.673+05:30 DEBUG 139594 --- [Crud_KR] [           main] org.hibernate.HQL_FUNCTIONS              : adddate(DATE datetime, INTEGER days)
2024-12-27T18:09:48.673+05:30 DEBUG 139594 --- [Crud_KR] [           main] org.hibernate.HQL_FUNCTIONS              : addtime(TIME datetime, TIME time)
2024-12-27T18:09:48.673+05:30 DEBUG 139594 --- [Crud_KR] [           main] org.hibernate.HQL_FUNCTIONS              : Boolean any(BOOLEAN arg)
2024-12-27T18:09:48.673+05:30 DEBUG 139594 --- [Crud_KR] [           main] org.hibernate.HQL_FUNCTIONS              : Integer ascii(STRING arg)
2024-12-27T18:09:48.673+05:30 DEBUG 139594 --- [Crud_KR] [           main] org.hibernate.HQL_FUNCTIONS              : Double asin(NUMERIC arg)
2024-12-27T18:09:48.673+05:30 DEBUG 139594 --- [Crud_KR] [           main] org.hibernate.HQL_FUNCTIONS              : Double atan(NUMERIC arg)
2024-12-27T18:09:48.673+05:30 DEBUG 139594 --- [Crud_KR] [           main] org.hibernate.HQL_FUNCTIONS              : Double atan2(NUMERIC arg0, NUMERIC arg1)
2024-12-27T18:09:48.673+05:30 DEBUG 139594 --- [Crud_KR] [           main] org.hibernate.HQL_FUNCTIONS              : avg(arg)
2024-12-27T18:09:48.673+05:30 DEBUG 139594 --- [Crud_KR] [           main] org.hibernate.HQL_FUNCTIONS              : bit_and(arg)
2024-12-27T18:09:48.673+05:30 DEBUG 139594 --- [Crud_KR] [           main] org.hibernate.HQL_FUNCTIONS              : Integer bit_length(STRING_OR_CLOB arg)
2024-12-27T18:09:48.673+05:30 DEBUG 139594 --- [Crud_KR] [           main] org.hibernate.HQL_FUNCTIONS              : bit_or(arg)
2024-12-27T18:09:48.673+05:30 DEBUG 139594 --- [Crud_KR] [           main] org.hibernate.HQL_FUNCTIONS              : bitand(arg0, arg1)
2024-12-27T18:09:48.673+05:30 DEBUG 139594 --- [Crud_KR] [           main] org.hibernate.HQL_FUNCTIONS              : bitnot(arg)
2024-12-27T18:09:48.673+05:30 DEBUG 139594 --- [Crud_KR] [           main] org.hibernate.HQL_FUNCTIONS              : bitor(arg0, arg1)
2024-12-27T18:09:48.673+05:30 DEBUG 139594 --- [Crud_KR] [           main] org.hibernate.HQL_FUNCTIONS              : bitxor(arg0, arg1)
2024-12-27T18:09:48.673+05:30 DEBUG 139594 --- [Crud_KR] [           main] org.hibernate.HQL_FUNCTIONS              : cast(arg as Type)
2024-12-27T18:09:48.673+05:30 DEBUG 139594 --- [Crud_KR] [           main] org.hibernate.HQL_FUNCTIONS              : ceiling(NUMERIC arg)
2024-12-27T18:09:48.673+05:30 DEBUG 139594 --- [Crud_KR] [           main] org.hibernate.HQL_FUNCTIONS              : Character char(INTEGER arg)
2024-12-27T18:09:48.673+05:30 DEBUG 139594 --- [Crud_KR] [           main] org.hibernate.HQL_FUNCTIONS              : Integer character_length(STRING_OR_CLOB arg)
2024-12-27T18:09:48.673+05:30 DEBUG 139594 --- [Crud_KR] [           main] org.hibernate.HQL_FUNCTIONS              : Character chr(INTEGER arg)
2024-12-27T18:09:48.673+05:30 DEBUG 139594 --- [Crud_KR] [           main] org.hibernate.HQL_FUNCTIONS              : coalesce(arg0[, arg1[, ...]])
2024-12-27T18:09:48.673+05:30 DEBUG 139594 --- [Crud_KR] [           main] org.hibernate.HQL_FUNCTIONS              : String collate(STRING string as COLLATION collation)
2024-12-27T18:09:48.673+05:30 DEBUG 139594 --- [Crud_KR] [           main] org.hibernate.HQL_FUNCTIONS              : String concat(STRING string0[, STRING string1[, ...]])
2024-12-27T18:09:48.673+05:30 DEBUG 139594 --- [Crud_KR] [           main] org.hibernate.HQL_FUNCTIONS              : Double cos(NUMERIC arg)
2024-12-27T18:09:48.673+05:30 DEBUG 139594 --- [Crud_KR] [           main] org.hibernate.HQL_FUNCTIONS              : Double cosh(NUMERIC arg)
2024-12-27T18:09:48.673+05:30 DEBUG 139594 --- [Crud_KR] [           main] org.hibernate.HQL_FUNCTIONS              : Double cot(NUMERIC arg)
2024-12-27T18:09:48.673+05:30 DEBUG 139594 --- [Crud_KR] [           main] org.hibernate.HQL_FUNCTIONS              : Long count([distinct ]{arg|*})
2024-12-27T18:09:48.673+05:30 DEBUG 139594 --- [Crud_KR] [           main] org.hibernate.HQL_FUNCTIONS              : Integer crc32(arg)
2024-12-27T18:09:48.673+05:30 DEBUG 139594 --- [Crud_KR] [           main] org.hibernate.HQL_FUNCTIONS              : Date curdate()
2024-12-27T18:09:48.673+05:30 DEBUG 139594 --- [Crud_KR] [           main] org.hibernate.HQL_FUNCTIONS              : Date current date
2024-12-27T18:09:48.673+05:30 DEBUG 139594 --- [Crud_KR] [           main] org.hibernate.HQL_FUNCTIONS              : Time current time
2024-12-27T18:09:48.673+05:30 DEBUG 139594 --- [Crud_KR] [           main] org.hibernate.HQL_FUNCTIONS              : Timestamp current timestamp
2024-12-27T18:09:48.674+05:30 DEBUG 139594 --- [Crud_KR] [           main] org.hibernate.HQL_FUNCTIONS              : Date current_date
2024-12-27T18:09:48.674+05:30 DEBUG 139594 --- [Crud_KR] [           main] org.hibernate.HQL_FUNCTIONS              : Instant current_instant
2024-12-27T18:09:48.674+05:30 DEBUG 139594 --- [Crud_KR] [           main] org.hibernate.HQL_FUNCTIONS              : Time current_time
2024-12-27T18:09:48.674+05:30 DEBUG 139594 --- [Crud_KR] [           main] org.hibernate.HQL_FUNCTIONS              : Timestamp current_timestamp
2024-12-27T18:09:48.674+05:30 DEBUG 139594 --- [Crud_KR] [           main] org.hibernate.HQL_FUNCTIONS              : Time curtime()
2024-12-27T18:09:48.674+05:30 DEBUG 139594 --- [Crud_KR] [           main] org.hibernate.HQL_FUNCTIONS              : Date date(arg)
2024-12-27T18:09:48.674+05:30 DEBUG 139594 --- [Crud_KR] [           main] org.hibernate.HQL_FUNCTIONS              : dateadd(TEMPORAL_UNIT field, INTEGER magnitude, TEMPORAL datetime)
2024-12-27T18:09:48.674+05:30 DEBUG 139594 --- [Crud_KR] [           main] org.hibernate.HQL_FUNCTIONS              : Integer datediff(DATE end, DATE start)
2024-12-27T18:09:48.674+05:30 DEBUG 139594 --- [Crud_KR] [           main] org.hibernate.HQL_FUNCTIONS              : Integer day(DATE arg)
2024-12-27T18:09:48.674+05:30 DEBUG 139594 --- [Crud_KR] [           main] org.hibernate.HQL_FUNCTIONS              : String dayname(DATE arg)
2024-12-27T18:09:48.674+05:30 DEBUG 139594 --- [Crud_KR] [           main] org.hibernate.HQL_FUNCTIONS              : Integer dayofmonth(DATE arg)
2024-12-27T18:09:48.674+05:30 DEBUG 139594 --- [Crud_KR] [           main] org.hibernate.HQL_FUNCTIONS              : Integer dayofweek(DATE arg)
2024-12-27T18:09:48.674+05:30 DEBUG 139594 --- [Crud_KR] [           main] org.hibernate.HQL_FUNCTIONS              : Integer dayofyear(DATE arg)
2024-12-27T18:09:48.674+05:30 DEBUG 139594 --- [Crud_KR] [           main] org.hibernate.HQL_FUNCTIONS              : Double degrees(NUMERIC arg)
2024-12-27T18:09:48.674+05:30 DEBUG 139594 --- [Crud_KR] [           main] org.hibernate.HQL_FUNCTIONS              : Boolean every(BOOLEAN arg)
2024-12-27T18:09:48.674+05:30 DEBUG 139594 --- [Crud_KR] [           main] org.hibernate.HQL_FUNCTIONS              : Double exp(NUMERIC arg)
2024-12-27T18:09:48.674+05:30 DEBUG 139594 --- [Crud_KR] [           main] org.hibernate.HQL_FUNCTIONS              : extract(TEMPORAL_UNIT field from TEMPORAL arg)
2024-12-27T18:09:48.674+05:30 DEBUG 139594 --- [Crud_KR] [           main] org.hibernate.HQL_FUNCTIONS              : floor(NUMERIC arg)
2024-12-27T18:09:48.674+05:30 DEBUG 139594 --- [Crud_KR] [           main] org.hibernate.HQL_FUNCTIONS              : String format(TEMPORAL datetime as STRING pattern)
2024-12-27T18:09:48.674+05:30 DEBUG 139594 --- [Crud_KR] [           main] org.hibernate.HQL_FUNCTIONS              : greatest(COMPARABLE arg0, COMPARABLE arg1[, arg2[, ...]])
2024-12-27T18:09:48.674+05:30 DEBUG 139594 --- [Crud_KR] [           main] org.hibernate.HQL_FUNCTIONS              : Integer hour(TIME arg)
2024-12-27T18:09:48.674+05:30 DEBUG 139594 --- [Crud_KR] [           main] org.hibernate.HQL_FUNCTIONS              : ifnull(arg0, arg1)
2024-12-27T18:09:48.674+05:30 DEBUG 139594 --- [Crud_KR] [           main] org.hibernate.HQL_FUNCTIONS              : String insert(STRING string, INTEGER start, INTEGER length, STRING replacement)
2024-12-27T18:09:48.674+05:30 DEBUG 139594 --- [Crud_KR] [           main] org.hibernate.HQL_FUNCTIONS              : Instant instant
2024-12-27T18:09:48.674+05:30 DEBUG 139594 --- [Crud_KR] [           main] org.hibernate.HQL_FUNCTIONS              : Integer instr(STRING string, STRING pattern[, INTEGER start[, INTEGER occurrence]])
2024-12-27T18:09:48.674+05:30 DEBUG 139594 --- [Crud_KR] [           main] org.hibernate.HQL_FUNCTIONS              : Date last_day(DATE arg)
2024-12-27T18:09:48.674+05:30 DEBUG 139594 --- [Crud_KR] [           main] org.hibernate.HQL_FUNCTIONS              : least(COMPARABLE arg0, COMPARABLE arg1[, arg2[, ...]])
2024-12-27T18:09:48.674+05:30 DEBUG 139594 --- [Crud_KR] [           main] org.hibernate.HQL_FUNCTIONS              : String left(STRING string, INTEGER length)
2024-12-27T18:09:48.674+05:30 DEBUG 139594 --- [Crud_KR] [           main] org.hibernate.HQL_FUNCTIONS              : Integer length(STRING_OR_CLOB arg)
2024-12-27T18:09:48.674+05:30 DEBUG 139594 --- [Crud_KR] [           main] org.hibernate.HQL_FUNCTIONS              : String listagg(STRING arg0, STRING arg1)
2024-12-27T18:09:48.674+05:30 DEBUG 139594 --- [Crud_KR] [           main] org.hibernate.HQL_FUNCTIONS              : Double ln(NUMERIC arg)
2024-12-27T18:09:48.674+05:30 DEBUG 139594 --- [Crud_KR] [           main] org.hibernate.HQL_FUNCTIONS              : LocalDate local date
2024-12-27T18:09:48.674+05:30 DEBUG 139594 --- [Crud_KR] [           main] org.hibernate.HQL_FUNCTIONS              : LocalDateTime local datetime
2024-12-27T18:09:48.674+05:30 DEBUG 139594 --- [Crud_KR] [           main] org.hibernate.HQL_FUNCTIONS              : LocalTime local time
2024-12-27T18:09:48.674+05:30 DEBUG 139594 --- [Crud_KR] [           main] org.hibernate.HQL_FUNCTIONS              : LocalDate local_date
2024-12-27T18:09:48.674+05:30 DEBUG 139594 --- [Crud_KR] [           main] org.hibernate.HQL_FUNCTIONS              : LocalDateTime local_datetime
2024-12-27T18:09:48.674+05:30 DEBUG 139594 --- [Crud_KR] [           main] org.hibernate.HQL_FUNCTIONS              : LocalTime local_time
2024-12-27T18:09:48.674+05:30 DEBUG 139594 --- [Crud_KR] [           main] org.hibernate.HQL_FUNCTIONS              : Timestamp localtime
2024-12-27T18:09:48.675+05:30 DEBUG 139594 --- [Crud_KR] [           main] org.hibernate.HQL_FUNCTIONS              : Timestamp localtimestamp
2024-12-27T18:09:48.675+05:30 DEBUG 139594 --- [Crud_KR] [           main] org.hibernate.HQL_FUNCTIONS              : Integer locate(STRING pattern, STRING string[, INTEGER start])
2024-12-27T18:09:48.675+05:30 DEBUG 139594 --- [Crud_KR] [           main] org.hibernate.HQL_FUNCTIONS              : Double log(NUMERIC arg0[, NUMERIC arg1])
2024-12-27T18:09:48.675+05:30 DEBUG 139594 --- [Crud_KR] [           main] org.hibernate.HQL_FUNCTIONS              : Double log10(NUMERIC arg)
2024-12-27T18:09:48.675+05:30 DEBUG 139594 --- [Crud_KR] [           main] org.hibernate.HQL_FUNCTIONS              : Double log2(NUMERIC arg)
2024-12-27T18:09:48.675+05:30 DEBUG 139594 --- [Crud_KR] [           main] org.hibernate.HQL_FUNCTIONS              : String lower(STRING string)
2024-12-27T18:09:48.675+05:30 DEBUG 139594 --- [Crud_KR] [           main] org.hibernate.HQL_FUNCTIONS              : String lpad(string, length[, padding])
2024-12-27T18:09:48.675+05:30 DEBUG 139594 --- [Crud_KR] [           main] org.hibernate.HQL_FUNCTIONS              : String ltrim(STRING string[, STRING characters])
2024-12-27T18:09:48.675+05:30 DEBUG 139594 --- [Crud_KR] [           main] org.hibernate.HQL_FUNCTIONS              : Date makedate(INTEGER year, INTEGER dayofyear)
2024-12-27T18:09:48.675+05:30 DEBUG 139594 --- [Crud_KR] [           main] org.hibernate.HQL_FUNCTIONS              : Time maketime(INTEGER hour, INTEGER min, INTEGER sec)
2024-12-27T18:09:48.675+05:30 DEBUG 139594 --- [Crud_KR] [           main] org.hibernate.HQL_FUNCTIONS              : max(COMPARABLE arg)
2024-12-27T18:09:48.675+05:30 DEBUG 139594 --- [Crud_KR] [           main] org.hibernate.HQL_FUNCTIONS              : String md5(arg)
2024-12-27T18:09:48.675+05:30 DEBUG 139594 --- [Crud_KR] [           main] org.hibernate.HQL_FUNCTIONS              : Integer microsecond(TIME arg)
2024-12-27T18:09:48.675+05:30 DEBUG 139594 --- [Crud_KR] [           main] org.hibernate.HQL_FUNCTIONS              : min(COMPARABLE arg)
2024-12-27T18:09:48.675+05:30 DEBUG 139594 --- [Crud_KR] [           main] org.hibernate.HQL_FUNCTIONS              : Integer minute(TIME arg)
2024-12-27T18:09:48.675+05:30 DEBUG 139594 --- [Crud_KR] [           main] org.hibernate.HQL_FUNCTIONS              : Integer mod(INTEGER arg0, INTEGER arg1)
2024-12-27T18:09:48.675+05:30 DEBUG 139594 --- [Crud_KR] [           main] org.hibernate.HQL_FUNCTIONS              : Integer month(DATE arg)
2024-12-27T18:09:48.675+05:30 DEBUG 139594 --- [Crud_KR] [           main] org.hibernate.HQL_FUNCTIONS              : String monthname(DATE arg)
2024-12-27T18:09:48.675+05:30 DEBUG 139594 --- [Crud_KR] [           main] org.hibernate.HQL_FUNCTIONS              : Timestamp now()
2024-12-27T18:09:48.675+05:30 DEBUG 139594 --- [Crud_KR] [           main] org.hibernate.HQL_FUNCTIONS              : nullif(arg0, arg1)
2024-12-27T18:09:48.675+05:30 DEBUG 139594 --- [Crud_KR] [           main] org.hibernate.HQL_FUNCTIONS              : Integer octet_length(STRING_OR_CLOB arg)
2024-12-27T18:09:48.675+05:30 DEBUG 139594 --- [Crud_KR] [           main] org.hibernate.HQL_FUNCTIONS              : OffsetDateTime offset datetime
2024-12-27T18:09:48.675+05:30 DEBUG 139594 --- [Crud_KR] [           main] org.hibernate.HQL_FUNCTIONS              : OffsetDateTime offset_datetime
2024-12-27T18:09:48.675+05:30 DEBUG 139594 --- [Crud_KR] [           main] org.hibernate.HQL_FUNCTIONS              : String overlay(STRING string placing STRING replacement from INTEGER start[ for INTEGER length])
2024-12-27T18:09:48.675+05:30 DEBUG 139594 --- [Crud_KR] [           main] org.hibernate.HQL_FUNCTIONS              : String pad(STRING string with INTEGER length {leading|trailing}[ STRING character])
2024-12-27T18:09:48.675+05:30 DEBUG 139594 --- [Crud_KR] [           main] org.hibernate.HQL_FUNCTIONS              : Double pi
2024-12-27T18:09:48.675+05:30 DEBUG 139594 --- [Crud_KR] [           main] org.hibernate.HQL_FUNCTIONS              : Integer position(STRING pattern in STRING string)
2024-12-27T18:09:48.675+05:30 DEBUG 139594 --- [Crud_KR] [           main] org.hibernate.HQL_FUNCTIONS              : Double power(NUMERIC arg0, NUMERIC arg1)
2024-12-27T18:09:48.675+05:30 DEBUG 139594 --- [Crud_KR] [           main] org.hibernate.HQL_FUNCTIONS              : Integer quarter(DATE arg)
2024-12-27T18:09:48.675+05:30 DEBUG 139594 --- [Crud_KR] [           main] org.hibernate.HQL_FUNCTIONS              : Double radians(NUMERIC arg)
2024-12-27T18:09:48.675+05:30 DEBUG 139594 --- [Crud_KR] [           main] org.hibernate.HQL_FUNCTIONS              : Double rand([INTEGER seed])
2024-12-27T18:09:48.676+05:30 DEBUG 139594 --- [Crud_KR] [           main] org.hibernate.HQL_FUNCTIONS              : String repeat(STRING string, INTEGER times)
2024-12-27T18:09:48.676+05:30 DEBUG 139594 --- [Crud_KR] [           main] org.hibernate.HQL_FUNCTIONS              : String replace(STRING string, STRING pattern, STRING replacement)
2024-12-27T18:09:48.676+05:30 DEBUG 139594 --- [Crud_KR] [           main] org.hibernate.HQL_FUNCTIONS              : String reverse(STRING arg)
2024-12-27T18:09:48.676+05:30 DEBUG 139594 --- [Crud_KR] [           main] org.hibernate.HQL_FUNCTIONS              : String right(STRING string, INTEGER length)
2024-12-27T18:09:48.676+05:30 DEBUG 139594 --- [Crud_KR] [           main] org.hibernate.HQL_FUNCTIONS              : round(NUMERIC number[, INTEGER places])
2024-12-27T18:09:48.676+05:30 DEBUG 139594 --- [Crud_KR] [           main] org.hibernate.HQL_FUNCTIONS              : String rpad(string, length[, padding])
2024-12-27T18:09:48.676+05:30 DEBUG 139594 --- [Crud_KR] [           main] org.hibernate.HQL_FUNCTIONS              : String rtrim(STRING string[, STRING characters])
2024-12-27T18:09:48.676+05:30 DEBUG 139594 --- [Crud_KR] [           main] org.hibernate.HQL_FUNCTIONS              : Integer second(TIME arg)
2024-12-27T18:09:48.676+05:30 DEBUG 139594 --- [Crud_KR] [           main] org.hibernate.HQL_FUNCTIONS              : String sha(arg)
2024-12-27T18:09:48.676+05:30 DEBUG 139594 --- [Crud_KR] [           main] org.hibernate.HQL_FUNCTIONS              : String sha1(arg)
2024-12-27T18:09:48.676+05:30 DEBUG 139594 --- [Crud_KR] [           main] org.hibernate.HQL_FUNCTIONS              : String sha2(arg0, arg1)
2024-12-27T18:09:48.676+05:30 DEBUG 139594 --- [Crud_KR] [           main] org.hibernate.HQL_FUNCTIONS              : Integer sign(NUMERIC arg)
2024-12-27T18:09:48.676+05:30 DEBUG 139594 --- [Crud_KR] [           main] org.hibernate.HQL_FUNCTIONS              : Double sin(NUMERIC arg)
2024-12-27T18:09:48.676+05:30 DEBUG 139594 --- [Crud_KR] [           main] org.hibernate.HQL_FUNCTIONS              : Double sinh(NUMERIC arg)
2024-12-27T18:09:48.676+05:30 DEBUG 139594 --- [Crud_KR] [           main] org.hibernate.HQL_FUNCTIONS              : String soundex(arg)
2024-12-27T18:09:48.676+05:30 DEBUG 139594 --- [Crud_KR] [           main] org.hibernate.HQL_FUNCTIONS              : String space(INTEGER arg)
2024-12-27T18:09:48.676+05:30 DEBUG 139594 --- [Crud_KR] [           main] org.hibernate.HQL_FUNCTIONS              : Object sql
2024-12-27T18:09:48.676+05:30 DEBUG 139594 --- [Crud_KR] [           main] org.hibernate.HQL_FUNCTIONS              : Double sqrt(NUMERIC arg)
2024-12-27T18:09:48.676+05:30 DEBUG 139594 --- [Crud_KR] [           main] org.hibernate.HQL_FUNCTIONS              : Double stddev(NUMERIC arg)
2024-12-27T18:09:48.676+05:30 DEBUG 139594 --- [Crud_KR] [           main] org.hibernate.HQL_FUNCTIONS              : Double stddev_pop(NUMERIC arg)
2024-12-27T18:09:48.676+05:30 DEBUG 139594 --- [Crud_KR] [           main] org.hibernate.HQL_FUNCTIONS              : Double stddev_samp(NUMERIC arg)
2024-12-27T18:09:48.676+05:30 DEBUG 139594 --- [Crud_KR] [           main] org.hibernate.HQL_FUNCTIONS              : String str(arg)
2024-12-27T18:09:48.676+05:30 DEBUG 139594 --- [Crud_KR] [           main] org.hibernate.HQL_FUNCTIONS              : subdate(DATE datetime, INTEGER days)
2024-12-27T18:09:48.676+05:30 DEBUG 139594 --- [Crud_KR] [           main] org.hibernate.HQL_FUNCTIONS              : String substr(STRING string, INTEGER start[, INTEGER length])
2024-12-27T18:09:48.676+05:30 DEBUG 139594 --- [Crud_KR] [           main] org.hibernate.HQL_FUNCTIONS              : String substring(STRING string{ from|,} INTEGER start[{ for|,} INTEGER length])
2024-12-27T18:09:48.676+05:30 DEBUG 139594 --- [Crud_KR] [           main] org.hibernate.HQL_FUNCTIONS              : subtime(TIME datetime, TIME time)
2024-12-27T18:09:48.676+05:30 DEBUG 139594 --- [Crud_KR] [           main] org.hibernate.HQL_FUNCTIONS              : sum(arg)
2024-12-27T18:09:48.676+05:30 DEBUG 139594 --- [Crud_KR] [           main] org.hibernate.HQL_FUNCTIONS              : Timestamp sysdate()
2024-12-27T18:09:48.676+05:30 DEBUG 139594 --- [Crud_KR] [           main] org.hibernate.HQL_FUNCTIONS              : Double tan(NUMERIC arg)
2024-12-27T18:09:48.676+05:30 DEBUG 139594 --- [Crud_KR] [           main] org.hibernate.HQL_FUNCTIONS              : Double tanh(NUMERIC arg)
2024-12-27T18:09:48.676+05:30 DEBUG 139594 --- [Crud_KR] [           main] org.hibernate.HQL_FUNCTIONS              : String time(arg)
2024-12-27T18:09:48.676+05:30 DEBUG 139594 --- [Crud_KR] [           main] org.hibernate.HQL_FUNCTIONS              : Timestamp timestamp(arg0[, arg1])
2024-12-27T18:09:48.676+05:30 DEBUG 139594 --- [Crud_KR] [           main] org.hibernate.HQL_FUNCTIONS              : timestampadd(TEMPORAL_UNIT field, INTEGER magnitude, TEMPORAL datetime)
2024-12-27T18:09:48.676+05:30 DEBUG 139594 --- [Crud_KR] [           main] org.hibernate.HQL_FUNCTIONS              : Long|Double timestampdiff(TEMPORAL_UNIT field, TEMPORAL start, TEMPORAL end)
2024-12-27T18:09:48.677+05:30 DEBUG 139594 --- [Crud_KR] [           main] org.hibernate.HQL_FUNCTIONS              : String trim([[{leading|trailing|both} ][STRING arg0 ]from] STRING arg1)
2024-12-27T18:09:48.677+05:30 DEBUG 139594 --- [Crud_KR] [           main] org.hibernate.HQL_FUNCTIONS              : trunc( ... )
2024-12-27T18:09:48.677+05:30 DEBUG 139594 --- [Crud_KR] [           main] org.hibernate.HQL_FUNCTIONS              : truncate( ... )
2024-12-27T18:09:48.677+05:30 DEBUG 139594 --- [Crud_KR] [           main] org.hibernate.HQL_FUNCTIONS              : String upper(STRING string)
2024-12-27T18:09:48.677+05:30 DEBUG 139594 --- [Crud_KR] [           main] org.hibernate.HQL_FUNCTIONS              : Date utc_date
2024-12-27T18:09:48.677+05:30 DEBUG 139594 --- [Crud_KR] [           main] org.hibernate.HQL_FUNCTIONS              : Time utc_time
2024-12-27T18:09:48.677+05:30 DEBUG 139594 --- [Crud_KR] [           main] org.hibernate.HQL_FUNCTIONS              : Timestamp utc_timestamp
2024-12-27T18:09:48.677+05:30 DEBUG 139594 --- [Crud_KR] [           main] org.hibernate.HQL_FUNCTIONS              : Double var_pop(NUMERIC arg)
2024-12-27T18:09:48.677+05:30 DEBUG 139594 --- [Crud_KR] [           main] org.hibernate.HQL_FUNCTIONS              : Double var_samp(NUMERIC arg)
2024-12-27T18:09:48.677+05:30 DEBUG 139594 --- [Crud_KR] [           main] org.hibernate.HQL_FUNCTIONS              : Double variance(NUMERIC arg)
2024-12-27T18:09:48.677+05:30 DEBUG 139594 --- [Crud_KR] [           main] org.hibernate.HQL_FUNCTIONS              : Integer week(DATE arg)
2024-12-27T18:09:48.677+05:30 DEBUG 139594 --- [Crud_KR] [           main] org.hibernate.HQL_FUNCTIONS              : Integer year(DATE arg)
2024-12-27T18:09:48.681+05:30 DEBUG 139594 --- [Crud_KR] [           main] org.hibernate.orm.query.plan.cache       : Starting QueryInterpretationCache(2048)
2024-12-27T18:09:48.743+05:30 DEBUG 139594 --- [Crud_KR] [           main] .h.s.i.SessionFactoryServiceRegistryImpl : EventListenerRegistry access via ServiceRegistry is deprecated.  Use `sessionFactory.getEventEngine().getListenerRegistry()` instead
2024-12-27T18:09:48.744+05:30 DEBUG 139594 --- [Crud_KR] [           main] h.e.i.EntityCopyObserverFactoryInitiator : Configured EntityCopyObserver strategy: disallow
2024-12-27T18:09:48.807+05:30 DEBUG 139594 --- [Crud_KR] [           main] o.h.boot.internal.ClassLoaderAccessImpl  : Not known whether passed class name [com.example.crud_kr.Model.Customer] is safe
2024-12-27T18:09:48.807+05:30 DEBUG 139594 --- [Crud_KR] [           main] o.h.boot.internal.ClassLoaderAccessImpl  : No temp ClassLoader provided; using live ClassLoader for loading potentially unsafe class : com.example.crud_kr.Model.Customer
2024-12-27T18:09:48.929+05:30 DEBUG 139594 --- [Crud_KR] [           main] o.h.b.i.bytebuddy.BytecodeProviderImpl   : HHH000513: Unable to create the ReflectionOptimizer for [com.example.crud_kr.Model.Customer]: private accessor [email]
2024-12-27T18:09:48.964+05:30 DEBUG 139594 --- [Crud_KR] [           main] o.hibernate.orm.model.mapping.creation   : Starting post-init callbacks
2024-12-27T18:09:48.964+05:30 DEBUG 139594 --- [Crud_KR] [           main] o.hibernate.orm.model.mapping.creation   : Starting PostInitCallbackEntry : Entity(com.example.crud_kr.Model.Customer) `staticFetchableList` generator
2024-12-27T18:09:49.030+05:30 DEBUG 139594 --- [Crud_KR] [           main] org.hibernate.orm.sql.ast.create         : Created new SQL alias : c1_0
2024-12-27T18:09:49.032+05:30 DEBUG 139594 --- [Crud_KR] [           main] org.hibernate.orm.sql.ast.create         : Registration of TableGroup [StandardTableGroup(com.example.crud_kr.Model.Customer)] with identifierForTableGroup [com.example.crud_kr.Model.Customer] for NavigablePath [com.example.crud_kr.Model.Customer] 
2024-12-27T18:09:49.042+05:30 DEBUG 139594 --- [Crud_KR] [           main] org.hibernate.orm.results.graph.AST      : DomainResult Graph:
 \-EntityResultImpl [com.example.crud_kr.Model.Customer]
 |  +-BasicFetch [com.example.crud_kr.Model.Customer.email]
 |  +-BasicFetch [com.example.crud_kr.Model.Customer.firstName]
 |  +-BasicFetch [com.example.crud_kr.Model.Customer.lastName]
 |  \-BasicFetch [com.example.crud_kr.Model.Customer.phNo]

2024-12-27T18:09:49.045+05:30 DEBUG 139594 --- [Crud_KR] [           main] org.hibernate.orm.sql.ast.tree           : SQL AST Tree:
    SelectStatement {
      FromClause {
        StandardTableGroup (c1 : com.example.crud_kr.Model.Customer) {
          primaryTableReference : customer_db as c1_0
        }
      }
    }

2024-12-27T18:09:49.053+05:30 DEBUG 139594 --- [Crud_KR] [           main] o.h.p.entity.AbstractEntityPersister     : Static SQL for entity: com.example.crud_kr.Model.Customer
2024-12-27T18:09:49.054+05:30 DEBUG 139594 --- [Crud_KR] [           main] o.h.p.entity.AbstractEntityPersister     :  Version select: select id from customer_db where id=?
2024-12-27T18:09:49.054+05:30 DEBUG 139594 --- [Crud_KR] [           main] o.h.p.entity.AbstractEntityPersister     :  Insert (0): insert into customer_db (email,first_name,last_name,ph_no) values (?,?,?,?)
2024-12-27T18:09:49.054+05:30 DEBUG 139594 --- [Crud_KR] [           main] o.h.p.entity.AbstractEntityPersister     :  Update (0): update customer_db set email=?,first_name=?,last_name=?,ph_no=? where id=?
2024-12-27T18:09:49.054+05:30 DEBUG 139594 --- [Crud_KR] [           main] o.h.p.entity.AbstractEntityPersister     :  Delete (0): delete from customer_db where id=?
2024-12-27T18:09:49.075+05:30  INFO 139594 --- [Crud_KR] [           main] o.h.e.t.j.p.i.JtaPlatformInitiator       : HHH000489: No JTA platform available (set 'hibernate.transaction.jta.platform' to enable JTA platform integration)
2024-12-27T18:09:49.076+05:30 DEBUG 139594 --- [Crud_KR] [           main] o.h.type.spi.TypeConfiguration$Scope     : Scoping TypeConfiguration [org.hibernate.type.spi.TypeConfiguration@320fc4b0] to SessionFactoryImplementor [org.hibernate.internal.SessionFactoryImpl@4ed74d03]
2024-12-27T18:09:49.076+05:30 DEBUG 139594 --- [Crud_KR] [           main] o.h.query.named.NamedObjectRepository    : Checking 0 named HQL queries
2024-12-27T18:09:49.077+05:30 DEBUG 139594 --- [Crud_KR] [           main] o.h.query.named.NamedObjectRepository    : Checking 0 named SQL queries
2024-12-27T18:09:49.122+05:30 DEBUG 139594 --- [Crud_KR] [           main] org.hibernate.mapping.Table              : No alter strings for table : customer_db
2024-12-27T18:09:49.124+05:30 DEBUG 139594 --- [Crud_KR] [           main] o.h.internal.SessionFactoryRegistry      : Initializing SessionFactoryRegistry : org.hibernate.internal.SessionFactoryRegistry@d79a69b
2024-12-27T18:09:49.124+05:30 DEBUG 139594 --- [Crud_KR] [           main] o.h.internal.SessionFactoryRegistry      : Registering SessionFactory: 0373d579-fc96-448e-9300-2525eeda1314 (<unnamed>)
2024-12-27T18:09:49.124+05:30 DEBUG 139594 --- [Crud_KR] [           main] o.h.internal.SessionFactoryRegistry      : Not binding SessionFactory to JNDI, no JNDI name configured
2024-12-27T18:09:49.124+05:30 DEBUG 139594 --- [Crud_KR] [           main] o.hibernate.internal.SessionFactoryImpl  : Instantiated SessionFactory
2024-12-27T18:09:49.124+05:30  INFO 139594 --- [Crud_KR] [           main] j.LocalContainerEntityManagerFactoryBean : Initialized JPA EntityManagerFactory for persistence unit 'default'
2024-12-27T18:09:49.131+05:30 DEBUG 139594 --- [Crud_KR] [           main] o.s.b.f.s.DefaultListableBeanFactory     : Creating shared instance of singleton bean 'crudKrApplication'
2024-12-27T18:09:49.132+05:30 DEBUG 139594 --- [Crud_KR] [           main] o.s.b.f.s.DefaultListableBeanFactory     : Creating shared instance of singleton bean 'redisConfig'
2024-12-27T18:09:49.134+05:30 DEBUG 139594 --- [Crud_KR] [           main] o.s.b.f.s.DefaultListableBeanFactory     : Creating shared instance of singleton bean 'webConfig'
2024-12-27T18:09:49.135+05:30 DEBUG 139594 --- [Crud_KR] [           main] o.s.b.f.s.DefaultListableBeanFactory     : Creating shared instance of singleton bean 'customerController'
2024-12-27T18:09:49.141+05:30 DEBUG 139594 --- [Crud_KR] [           main] o.s.b.f.s.DefaultListableBeanFactory     : Creating shared instance of singleton bean 'customerService'
2024-12-27T18:09:49.142+05:30 DEBUG 139594 --- [Crud_KR] [           main] o.s.b.f.s.DefaultListableBeanFactory     : Creating shared instance of singleton bean 'customerRepository'
2024-12-27T18:09:49.152+05:30 DEBUG 139594 --- [Crud_KR] [           main] o.s.b.f.s.DefaultListableBeanFactory     : Creating shared instance of singleton bean 'jpa.named-queries#0'
2024-12-27T18:09:49.156+05:30 DEBUG 139594 --- [Crud_KR] [           main] o.s.b.f.s.DefaultListableBeanFactory     : Creating shared instance of singleton bean 'jpa.CustomerRepository.fragments#0'
2024-12-27T18:09:49.162+05:30 DEBUG 139594 --- [Crud_KR] [           main] o.s.b.f.s.DefaultListableBeanFactory     : Creating shared instance of singleton bean 'jpaSharedEM_entityManagerFactory'
2024-12-27T18:09:49.194+05:30 DEBUG 139594 --- [Crud_KR] [           main] o.s.b.f.s.DefaultListableBeanFactory     : Creating shared instance of singleton bean 'jpaMappingContext'
2024-12-27T18:09:49.195+05:30 DEBUG 139594 --- [Crud_KR] [           main] .c.JpaMetamodelMappingContextFactoryBean : Initializing JpaMetamodelMappingContext…
2024-12-27T18:09:49.206+05:30 DEBUG 139594 --- [Crud_KR] [           main] .c.JpaMetamodelMappingContextFactoryBean : Finished initializing JpaMetamodelMappingContext
2024-12-27T18:09:49.231+05:30 DEBUG 139594 --- [Crud_KR] [           main] tor$SharedEntityManagerInvocationHandler : Creating new EntityManager for shared EntityManager invocation
2024-12-27T18:09:49.262+05:30 DEBUG 139594 --- [Crud_KR] [           main] o.h.stat.internal.StatisticsInitiator    : Statistics initialized [enabled=false]
2024-12-27T18:09:49.269+05:30 DEBUG 139594 --- [Crud_KR] [           main] tor$SharedEntityManagerInvocationHandler : Creating new EntityManager for shared EntityManager invocation
2024-12-27T18:09:49.307+05:30 DEBUG 139594 --- [Crud_KR] [           main] o.s.d.r.c.s.RepositoryFactorySupport     : Initializing repository instance for com.example.crud_kr.Repository.CustomerRepository…
2024-12-27T18:09:49.320+05:30 DEBUG 139594 --- [Crud_KR] [           main] tor$SharedEntityManagerInvocationHandler : Creating new EntityManager for shared EntityManager invocation
2024-12-27T18:09:49.369+05:30 DEBUG 139594 --- [Crud_KR] [           main] cResourceLocalTransactionCoordinatorImpl : JDBC transaction marked for rollback-only (exception provided for stack trace)

java.lang.Exception: exception just for purpose of providing stack trace
	at org.hibernate.resource.transaction.backend.jdbc.internal.JdbcResourceLocalTransactionCoordinatorImpl$TransactionDriverControlImpl.markRollbackOnly(JdbcResourceLocalTransactionCoordinatorImpl.java:309) ~[hibernate-core-6.6.4.Final.jar:6.6.4.Final]
	at org.hibernate.internal.AbstractSharedSessionContract.buildNamedQuery(AbstractSharedSessionContract.java:1141) ~[hibernate-core-6.6.4.Final.jar:6.6.4.Final]
	at org.hibernate.internal.AbstractSharedSessionContract.createNamedQuery(AbstractSharedSessionContract.java:1019) ~[hibernate-core-6.6.4.Final.jar:6.6.4.Final]
	at org.hibernate.internal.AbstractSharedSessionContract.createNamedQuery(AbstractSharedSessionContract.java:143) ~[hibernate-core-6.6.4.Final.jar:6.6.4.Final]
	at java.base/jdk.internal.reflect.NativeMethodAccessorImpl.invoke0(Native Method) ~[na:na]
	at java.base/jdk.internal.reflect.NativeMethodAccessorImpl.invoke(NativeMethodAccessorImpl.java:77) ~[na:na]
	at java.base/jdk.internal.reflect.DelegatingMethodAccessorImpl.invoke(DelegatingMethodAccessorImpl.java:43) ~[na:na]
	at java.base/java.lang.reflect.Method.invoke(Method.java:569) ~[na:na]
	at org.springframework.orm.jpa.ExtendedEntityManagerCreator$ExtendedEntityManagerInvocationHandler.invoke(ExtendedEntityManagerCreator.java:364) ~[spring-orm-6.2.1.jar:6.2.1]
	at jdk.proxy2/jdk.proxy2.$Proxy125.createNamedQuery(Unknown Source) ~[na:na]
	at org.springframework.data.jpa.repository.query.NamedQuery.hasNamedQuery(NamedQuery.java:114) ~[spring-data-jpa-3.4.1.jar:3.4.1]
	at org.springframework.data.jpa.repository.query.JpaQueryLookupStrategy$DeclaredQueryLookupStrategy.getCountQuery(JpaQueryLookupStrategy.java:208) ~[spring-data-jpa-3.4.1.jar:3.4.1]
	at org.springframework.data.jpa.repository.query.JpaQueryLookupStrategy$DeclaredQueryLookupStrategy.resolveQuery(JpaQueryLookupStrategy.java:175) ~[spring-data-jpa-3.4.1.jar:3.4.1]
	at org.springframework.data.jpa.repository.query.JpaQueryLookupStrategy$CreateIfNotFoundQueryLookupStrategy.resolveQuery(JpaQueryLookupStrategy.java:256) ~[spring-data-jpa-3.4.1.jar:3.4.1]
	at org.springframework.data.jpa.repository.query.JpaQueryLookupStrategy$AbstractQueryLookupStrategy.resolveQuery(JpaQueryLookupStrategy.java:99) ~[spring-data-jpa-3.4.1.jar:3.4.1]
	at org.springframework.data.repository.core.support.QueryExecutorMethodInterceptor.lookupQuery(QueryExecutorMethodInterceptor.java:116) ~[spring-data-commons-3.4.1.jar:3.4.1]
	at org.springframework.data.repository.core.support.QueryExecutorMethodInterceptor.mapMethodsToQuery(QueryExecutorMethodInterceptor.java:104) ~[spring-data-commons-3.4.1.jar:3.4.1]
	at org.springframework.data.repository.core.support.QueryExecutorMethodInterceptor.lambda$new$0(QueryExecutorMethodInterceptor.java:92) ~[spring-data-commons-3.4.1.jar:3.4.1]
	at java.base/java.util.Optional.map(Optional.java:260) ~[na:na]
	at org.springframework.data.repository.core.support.QueryExecutorMethodInterceptor.<init>(QueryExecutorMethodInterceptor.java:92) ~[spring-data-commons-3.4.1.jar:3.4.1]
	at org.springframework.data.repository.core.support.RepositoryFactorySupport.getRepository(RepositoryFactorySupport.java:440) ~[spring-data-commons-3.4.1.jar:3.4.1]
	at org.springframework.data.repository.core.support.RepositoryFactoryBeanSupport.lambda$afterPropertiesSet$4(RepositoryFactoryBeanSupport.java:350) ~[spring-data-commons-3.4.1.jar:3.4.1]
	at org.springframework.data.util.Lazy.getNullable(Lazy.java:135) ~[spring-data-commons-3.4.1.jar:3.4.1]
	at org.springframework.data.util.Lazy.get(Lazy.java:113) ~[spring-data-commons-3.4.1.jar:3.4.1]
	at org.springframework.data.repository.core.support.RepositoryFactoryBeanSupport.afterPropertiesSet(RepositoryFactoryBeanSupport.java:356) ~[spring-data-commons-3.4.1.jar:3.4.1]
	at org.springframework.data.jpa.repository.support.JpaRepositoryFactoryBean.afterPropertiesSet(JpaRepositoryFactoryBean.java:132) ~[spring-data-jpa-3.4.1.jar:3.4.1]
	at org.springframework.beans.factory.support.AbstractAutowireCapableBeanFactory.invokeInitMethods(AbstractAutowireCapableBeanFactory.java:1855) ~[spring-beans-6.2.1.jar:6.2.1]
	at org.springframework.beans.factory.support.AbstractAutowireCapableBeanFactory.initializeBean(AbstractAutowireCapableBeanFactory.java:1804) ~[spring-beans-6.2.1.jar:6.2.1]
	at org.springframework.beans.factory.support.AbstractAutowireCapableBeanFactory.doCreateBean(AbstractAutowireCapableBeanFactory.java:601) ~[spring-beans-6.2.1.jar:6.2.1]
	at org.springframework.beans.factory.support.AbstractAutowireCapableBeanFactory.createBean(AbstractAutowireCapableBeanFactory.java:523) ~[spring-beans-6.2.1.jar:6.2.1]
	at org.springframework.beans.factory.support.AbstractBeanFactory.lambda$doGetBean$0(AbstractBeanFactory.java:336) ~[spring-beans-6.2.1.jar:6.2.1]
	at org.springframework.beans.factory.support.DefaultSingletonBeanRegistry.getSingleton(DefaultSingletonBeanRegistry.java:289) ~[spring-beans-6.2.1.jar:6.2.1]
	at org.springframework.beans.factory.support.AbstractBeanFactory.doGetBean(AbstractBeanFactory.java:334) ~[spring-beans-6.2.1.jar:6.2.1]
	at org.springframework.beans.factory.support.AbstractBeanFactory.getBean(AbstractBeanFactory.java:199) ~[spring-beans-6.2.1.jar:6.2.1]
	at org.springframework.beans.factory.support.DefaultListableBeanFactory.doResolveDependency(DefaultListableBeanFactory.java:1573) ~[spring-beans-6.2.1.jar:6.2.1]
	at org.springframework.beans.factory.support.DefaultListableBeanFactory.resolveDependency(DefaultListableBeanFactory.java:1519) ~[spring-beans-6.2.1.jar:6.2.1]
	at org.springframework.beans.factory.annotation.AutowiredAnnotationBeanPostProcessor$AutowiredFieldElement.resolveFieldValue(AutowiredAnnotationBeanPostProcessor.java:785) ~[spring-beans-6.2.1.jar:6.2.1]
	at org.springframework.beans.factory.annotation.AutowiredAnnotationBeanPostProcessor$AutowiredFieldElement.inject(AutowiredAnnotationBeanPostProcessor.java:768) ~[spring-beans-6.2.1.jar:6.2.1]
	at org.springframework.beans.factory.annotation.InjectionMetadata.inject(InjectionMetadata.java:146) ~[spring-beans-6.2.1.jar:6.2.1]
	at org.springframework.beans.factory.annotation.AutowiredAnnotationBeanPostProcessor.postProcessProperties(AutowiredAnnotationBeanPostProcessor.java:509) ~[spring-beans-6.2.1.jar:6.2.1]
	at org.springframework.beans.factory.support.AbstractAutowireCapableBeanFactory.populateBean(AbstractAutowireCapableBeanFactory.java:1441) ~[spring-beans-6.2.1.jar:6.2.1]
	at org.springframework.beans.factory.support.AbstractAutowireCapableBeanFactory.doCreateBean(AbstractAutowireCapableBeanFactory.java:600) ~[spring-beans-6.2.1.jar:6.2.1]
	at org.springframework.beans.factory.support.AbstractAutowireCapableBeanFactory.createBean(AbstractAutowireCapableBeanFactory.java:523) ~[spring-beans-6.2.1.jar:6.2.1]
	at org.springframework.beans.factory.support.AbstractBeanFactory.lambda$doGetBean$0(AbstractBeanFactory.java:336) ~[spring-beans-6.2.1.jar:6.2.1]
	at org.springframework.beans.factory.support.DefaultSingletonBeanRegistry.getSingleton(DefaultSingletonBeanRegistry.java:289) ~[spring-beans-6.2.1.jar:6.2.1]
	at org.springframework.beans.factory.support.AbstractBeanFactory.doGetBean(AbstractBeanFactory.java:334) ~[spring-beans-6.2.1.jar:6.2.1]
	at org.springframework.beans.factory.support.AbstractBeanFactory.getBean(AbstractBeanFactory.java:199) ~[spring-beans-6.2.1.jar:6.2.1]
	at org.springframework.beans.factory.support.DefaultListableBeanFactory.doResolveDependency(DefaultListableBeanFactory.java:1573) ~[spring-beans-6.2.1.jar:6.2.1]
	at org.springframework.beans.factory.support.DefaultListableBeanFactory.resolveDependency(DefaultListableBeanFactory.java:1519) ~[spring-beans-6.2.1.jar:6.2.1]
	at org.springframework.beans.factory.annotation.AutowiredAnnotationBeanPostProcessor$AutowiredFieldElement.resolveFieldValue(AutowiredAnnotationBeanPostProcessor.java:785) ~[spring-beans-6.2.1.jar:6.2.1]
	at org.springframework.beans.factory.annotation.AutowiredAnnotationBeanPostProcessor$AutowiredFieldElement.inject(AutowiredAnnotationBeanPostProcessor.java:768) ~[spring-beans-6.2.1.jar:6.2.1]
	at org.springframework.beans.factory.annotation.InjectionMetadata.inject(InjectionMetadata.java:146) ~[spring-beans-6.2.1.jar:6.2.1]
	at org.springframework.beans.factory.annotation.AutowiredAnnotationBeanPostProcessor.postProcessProperties(AutowiredAnnotationBeanPostProcessor.java:509) ~[spring-beans-6.2.1.jar:6.2.1]
	at org.springframework.beans.factory.support.AbstractAutowireCapableBeanFactory.populateBean(AbstractAutowireCapableBeanFactory.java:1441) ~[spring-beans-6.2.1.jar:6.2.1]
	at org.springframework.beans.factory.support.AbstractAutowireCapableBeanFactory.doCreateBean(AbstractAutowireCapableBeanFactory.java:600) ~[spring-beans-6.2.1.jar:6.2.1]
	at org.springframework.beans.factory.support.AbstractAutowireCapableBeanFactory.createBean(AbstractAutowireCapableBeanFactory.java:523) ~[spring-beans-6.2.1.jar:6.2.1]
	at org.springframework.beans.factory.support.AbstractBeanFactory.lambda$doGetBean$0(AbstractBeanFactory.java:336) ~[spring-beans-6.2.1.jar:6.2.1]
	at org.springframework.beans.factory.support.DefaultSingletonBeanRegistry.getSingleton(DefaultSingletonBeanRegistry.java:289) ~[spring-beans-6.2.1.jar:6.2.1]
	at org.springframework.beans.factory.support.AbstractBeanFactory.doGetBean(AbstractBeanFactory.java:334) ~[spring-beans-6.2.1.jar:6.2.1]
	at org.springframework.beans.factory.support.AbstractBeanFactory.getBean(AbstractBeanFactory.java:199) ~[spring-beans-6.2.1.jar:6.2.1]
	at org.springframework.beans.factory.support.DefaultListableBeanFactory.instantiateSingleton(DefaultListableBeanFactory.java:1122) ~[spring-beans-6.2.1.jar:6.2.1]
	at org.springframework.beans.factory.support.DefaultListableBeanFactory.preInstantiateSingleton(DefaultListableBeanFactory.java:1093) ~[spring-beans-6.2.1.jar:6.2.1]
	at org.springframework.beans.factory.support.DefaultListableBeanFactory.preInstantiateSingletons(DefaultListableBeanFactory.java:1030) ~[spring-beans-6.2.1.jar:6.2.1]
	at org.springframework.context.support.AbstractApplicationContext.finishBeanFactoryInitialization(AbstractApplicationContext.java:987) ~[spring-context-6.2.1.jar:6.2.1]
	at org.springframework.context.support.AbstractApplicationContext.refresh(AbstractApplicationContext.java:627) ~[spring-context-6.2.1.jar:6.2.1]
	at org.springframework.boot.SpringApplication.refresh(SpringApplication.java:752) ~[spring-boot-3.4.1.jar:3.4.1]
	at org.springframework.boot.SpringApplication.refreshContext(SpringApplication.java:439) ~[spring-boot-3.4.1.jar:3.4.1]
	at org.springframework.boot.SpringApplication.run(SpringApplication.java:318) ~[spring-boot-3.4.1.jar:3.4.1]
	at org.springframework.boot.test.context.SpringBootContextLoader.lambda$loadContext$3(SpringBootContextLoader.java:137) ~[spring-boot-test-3.4.1.jar:3.4.1]
	at org.springframework.util.function.ThrowingSupplier.get(ThrowingSupplier.java:58) ~[spring-core-6.2.1.jar:6.2.1]
	at org.springframework.util.function.ThrowingSupplier.get(ThrowingSupplier.java:46) ~[spring-core-6.2.1.jar:6.2.1]
	at org.springframework.boot.SpringApplication.withHook(SpringApplication.java:1461) ~[spring-boot-3.4.1.jar:3.4.1]
	at org.springframework.boot.test.context.SpringBootContextLoader$ContextLoaderHook.run(SpringBootContextLoader.java:553) ~[spring-boot-test-3.4.1.jar:3.4.1]
	at org.springframework.boot.test.context.SpringBootContextLoader.loadContext(SpringBootContextLoader.java:137) ~[spring-boot-test-3.4.1.jar:3.4.1]
	at org.springframework.boot.test.context.SpringBootContextLoader.loadContext(SpringBootContextLoader.java:108) ~[spring-boot-test-3.4.1.jar:3.4.1]
	at org.springframework.test.context.cache.DefaultCacheAwareContextLoaderDelegate.loadContextInternal(DefaultCacheAwareContextLoaderDelegate.java:225) ~[spring-test-6.2.1.jar:6.2.1]
	at org.springframework.test.context.cache.DefaultCacheAwareContextLoaderDelegate.loadContext(DefaultCacheAwareContextLoaderDelegate.java:152) ~[spring-test-6.2.1.jar:6.2.1]
	at org.springframework.test.context.support.DefaultTestContext.getApplicationContext(DefaultTestContext.java:130) ~[spring-test-6.2.1.jar:6.2.1]
	at org.springframework.test.context.web.ServletTestExecutionListener.setUpRequestContextIfNecessary(ServletTestExecutionListener.java:191) ~[spring-test-6.2.1.jar:6.2.1]
	at org.springframework.test.context.web.ServletTestExecutionListener.prepareTestInstance(ServletTestExecutionListener.java:130) ~[spring-test-6.2.1.jar:6.2.1]
	at org.springframework.test.context.TestContextManager.prepareTestInstance(TestContextManager.java:260) ~[spring-test-6.2.1.jar:6.2.1]
	at org.springframework.test.context.junit.jupiter.SpringExtension.postProcessTestInstance(SpringExtension.java:160) ~[spring-test-6.2.1.jar:6.2.1]
	at org.junit.jupiter.engine.descriptor.ClassBasedTestDescriptor.lambda$invokeTestInstancePostProcessors$11(ClassBasedTestDescriptor.java:378) ~[junit-jupiter-engine-5.11.4.jar:5.11.4]
	at org.junit.jupiter.engine.descriptor.ClassBasedTestDescriptor.executeAndMaskThrowable(ClassBasedTestDescriptor.java:383) ~[junit-jupiter-engine-5.11.4.jar:5.11.4]
	at org.junit.jupiter.engine.descriptor.ClassBasedTestDescriptor.lambda$invokeTestInstancePostProcessors$12(ClassBasedTestDescriptor.java:378) ~[junit-jupiter-engine-5.11.4.jar:5.11.4]
	at java.base/java.util.stream.ForEachOps$ForEachOp$OfRef.accept(ForEachOps.java:183) ~[na:na]
	at java.base/java.util.stream.ReferencePipeline$3$1.accept(ReferencePipeline.java:197) ~[na:na]
	at java.base/java.util.stream.ReferencePipeline$2$1.accept(ReferencePipeline.java:179) ~[na:na]
	at java.base/java.util.stream.ReferencePipeline$3$1.accept(ReferencePipeline.java:197) ~[na:na]
	at java.base/java.util.ArrayList$ArrayListSpliterator.forEachRemaining(ArrayList.java:1625) ~[na:na]
	at java.base/java.util.stream.AbstractPipeline.copyInto(AbstractPipeline.java:509) ~[na:na]
	at java.base/java.util.stream.AbstractPipeline.wrapAndCopyInto(AbstractPipeline.java:499) ~[na:na]
	at java.base/java.util.stream.ForEachOps$ForEachOp.evaluateSequential(ForEachOps.java:150) ~[na:na]
	at java.base/java.util.stream.ForEachOps$ForEachOp$OfRef.evaluateSequential(ForEachOps.java:173) ~[na:na]
	at java.base/java.util.stream.AbstractPipeline.evaluate(AbstractPipeline.java:234) ~[na:na]
	at java.base/java.util.stream.ReferencePipeline.forEach(ReferencePipeline.java:596) ~[na:na]
	at org.junit.jupiter.engine.descriptor.ClassBasedTestDescriptor.invokeTestInstancePostProcessors(ClassBasedTestDescriptor.java:377) ~[junit-jupiter-engine-5.11.4.jar:5.11.4]
	at org.junit.jupiter.engine.descriptor.ClassBasedTestDescriptor.lambda$instantiateAndPostProcessTestInstance$7(ClassBasedTestDescriptor.java:290) ~[junit-jupiter-engine-5.11.4.jar:5.11.4]
	at org.junit.platform.engine.support.hierarchical.ThrowableCollector.execute(ThrowableCollector.java:73) ~[junit-platform-engine-1.11.4.jar:1.11.4]
	at org.junit.jupiter.engine.descriptor.ClassBasedTestDescriptor.instantiateAndPostProcessTestInstance(ClassBasedTestDescriptor.java:289) ~[junit-jupiter-engine-5.11.4.jar:5.11.4]
	at org.junit.jupiter.engine.descriptor.ClassBasedTestDescriptor.lambda$testInstancesProvider$5(ClassBasedTestDescriptor.java:279) ~[junit-jupiter-engine-5.11.4.jar:5.11.4]
	at java.base/java.util.Optional.orElseGet(Optional.java:364) ~[na:na]
	at org.junit.jupiter.engine.descriptor.ClassBasedTestDescriptor.lambda$testInstancesProvider$6(ClassBasedTestDescriptor.java:278) ~[junit-jupiter-engine-5.11.4.jar:5.11.4]
	at org.junit.jupiter.engine.execution.TestInstancesProvider.getTestInstances(TestInstancesProvider.java:31) ~[junit-jupiter-engine-5.11.4.jar:5.11.4]
	at org.junit.jupiter.engine.descriptor.TestMethodTestDescriptor.lambda$prepare$1(TestMethodTestDescriptor.java:105) ~[junit-jupiter-engine-5.11.4.jar:5.11.4]
	at org.junit.platform.engine.support.hierarchical.ThrowableCollector.execute(ThrowableCollector.java:73) ~[junit-platform-engine-1.11.4.jar:1.11.4]
	at org.junit.jupiter.engine.descriptor.TestMethodTestDescriptor.prepare(TestMethodTestDescriptor.java:104) ~[junit-jupiter-engine-5.11.4.jar:5.11.4]
	at org.junit.jupiter.engine.descriptor.TestMethodTestDescriptor.prepare(TestMethodTestDescriptor.java:68) ~[junit-jupiter-engine-5.11.4.jar:5.11.4]
	at org.junit.platform.engine.support.hierarchical.NodeTestTask.lambda$prepare$2(NodeTestTask.java:128) ~[junit-platform-engine-1.11.4.jar:1.11.4]
	at org.junit.platform.engine.support.hierarchical.ThrowableCollector.execute(ThrowableCollector.java:73) ~[junit-platform-engine-1.11.4.jar:1.11.4]
	at org.junit.platform.engine.support.hierarchical.NodeTestTask.prepare(NodeTestTask.java:128) ~[junit-platform-engine-1.11.4.jar:1.11.4]
	at org.junit.platform.engine.support.hierarchical.NodeTestTask.execute(NodeTestTask.java:95) ~[junit-platform-engine-1.11.4.jar:1.11.4]
	at java.base/java.util.ArrayList.forEach(ArrayList.java:1511) ~[na:na]
	at org.junit.platform.engine.support.hierarchical.SameThreadHierarchicalTestExecutorService.invokeAll(SameThreadHierarchicalTestExecutorService.java:41) ~[junit-platform-engine-1.11.4.jar:1.11.4]
	at org.junit.platform.engine.support.hierarchical.NodeTestTask.lambda$executeRecursively$6(NodeTestTask.java:160) ~[junit-platform-engine-1.11.4.jar:1.11.4]
	at org.junit.platform.engine.support.hierarchical.ThrowableCollector.execute(ThrowableCollector.java:73) ~[junit-platform-engine-1.11.4.jar:1.11.4]
	at org.junit.platform.engine.support.hierarchical.NodeTestTask.lambda$executeRecursively$8(NodeTestTask.java:146) ~[junit-platform-engine-1.11.4.jar:1.11.4]
	at org.junit.platform.engine.support.hierarchical.Node.around(Node.java:137) ~[junit-platform-engine-1.11.4.jar:1.11.4]
	at org.junit.platform.engine.support.hierarchical.NodeTestTask.lambda$executeRecursively$9(NodeTestTask.java:144) ~[junit-platform-engine-1.11.4.jar:1.11.4]
	at org.junit.platform.engine.support.hierarchical.ThrowableCollector.execute(ThrowableCollector.java:73) ~[junit-platform-engine-1.11.4.jar:1.11.4]
	at org.junit.platform.engine.support.hierarchical.NodeTestTask.executeRecursively(NodeTestTask.java:143) ~[junit-platform-engine-1.11.4.jar:1.11.4]
	at org.junit.platform.engine.support.hierarchical.NodeTestTask.execute(NodeTestTask.java:100) ~[junit-platform-engine-1.11.4.jar:1.11.4]
	at java.base/java.util.ArrayList.forEach(ArrayList.java:1511) ~[na:na]
	at org.junit.platform.engine.support.hierarchical.SameThreadHierarchicalTestExecutorService.invokeAll(SameThreadHierarchicalTestExecutorService.java:41) ~[junit-platform-engine-1.11.4.jar:1.11.4]
	at org.junit.platform.engine.support.hierarchical.NodeTestTask.lambda$executeRecursively$6(NodeTestTask.java:160) ~[junit-platform-engine-1.11.4.jar:1.11.4]
	at org.junit.platform.engine.support.hierarchical.ThrowableCollector.execute(ThrowableCollector.java:73) ~[junit-platform-engine-1.11.4.jar:1.11.4]
	at org.junit.platform.engine.support.hierarchical.NodeTestTask.lambda$executeRecursively$8(NodeTestTask.java:146) ~[junit-platform-engine-1.11.4.jar:1.11.4]
	at org.junit.platform.engine.support.hierarchical.Node.around(Node.java:137) ~[junit-platform-engine-1.11.4.jar:1.11.4]
	at org.junit.platform.engine.support.hierarchical.NodeTestTask.lambda$executeRecursively$9(NodeTestTask.java:144) ~[junit-platform-engine-1.11.4.jar:1.11.4]
	at org.junit.platform.engine.support.hierarchical.ThrowableCollector.execute(ThrowableCollector.java:73) ~[junit-platform-engine-1.11.4.jar:1.11.4]
	at org.junit.platform.engine.support.hierarchical.NodeTestTask.executeRecursively(NodeTestTask.java:143) ~[junit-platform-engine-1.11.4.jar:1.11.4]
	at org.junit.platform.engine.support.hierarchical.NodeTestTask.execute(NodeTestTask.java:100) ~[junit-platform-engine-1.11.4.jar:1.11.4]
	at org.junit.platform.engine.support.hierarchical.SameThreadHierarchicalTestExecutorService.submit(SameThreadHierarchicalTestExecutorService.java:35) ~[junit-platform-engine-1.11.4.jar:1.11.4]
	at org.junit.platform.engine.support.hierarchical.HierarchicalTestExecutor.execute(HierarchicalTestExecutor.java:57) ~[junit-platform-engine-1.11.4.jar:1.11.4]
	at org.junit.platform.engine.support.hierarchical.HierarchicalTestEngine.execute(HierarchicalTestEngine.java:54) ~[junit-platform-engine-1.11.4.jar:1.11.4]
	at org.junit.platform.launcher.core.EngineExecutionOrchestrator.execute(EngineExecutionOrchestrator.java:198) ~[junit-platform-launcher-1.11.4.jar:1.11.4]
	at org.junit.platform.launcher.core.EngineExecutionOrchestrator.execute(EngineExecutionOrchestrator.java:169) ~[junit-platform-launcher-1.11.4.jar:1.11.4]
	at org.junit.platform.launcher.core.EngineExecutionOrchestrator.execute(EngineExecutionOrchestrator.java:93) ~[junit-platform-launcher-1.11.4.jar:1.11.4]
	at org.junit.platform.launcher.core.EngineExecutionOrchestrator.lambda$execute$0(EngineExecutionOrchestrator.java:58) ~[junit-platform-launcher-1.11.4.jar:1.11.4]
	at org.junit.platform.launcher.core.EngineExecutionOrchestrator.withInterceptedStreams(EngineExecutionOrchestrator.java:141) ~[junit-platform-launcher-1.11.4.jar:1.11.4]
	at org.junit.platform.launcher.core.EngineExecutionOrchestrator.execute(EngineExecutionOrchestrator.java:57) ~[junit-platform-launcher-1.11.4.jar:1.11.4]
	at org.junit.platform.launcher.core.DefaultLauncher.execute(DefaultLauncher.java:103) ~[junit-platform-launcher-1.11.4.jar:1.11.4]
	at org.junit.platform.launcher.core.DefaultLauncher.execute(DefaultLauncher.java:85) ~[junit-platform-launcher-1.11.4.jar:1.11.4]
	at org.junit.platform.launcher.core.DelegatingLauncher.execute(DelegatingLauncher.java:47) ~[junit-platform-launcher-1.11.4.jar:1.11.4]
	at org.apache.maven.surefire.junitplatform.LazyLauncher.execute(LazyLauncher.java:56) ~[surefire-junit-platform-3.5.2.jar:3.5.2]
	at org.apache.maven.surefire.junitplatform.JUnitPlatformProvider.execute(JUnitPlatformProvider.java:184) ~[surefire-junit-platform-3.5.2.jar:3.5.2]
	at org.apache.maven.surefire.junitplatform.JUnitPlatformProvider.invokeAllTests(JUnitPlatformProvider.java:148) ~[surefire-junit-platform-3.5.2.jar:3.5.2]
	at org.apache.maven.surefire.junitplatform.JUnitPlatformProvider.invoke(JUnitPlatformProvider.java:122) ~[surefire-junit-platform-3.5.2.jar:3.5.2]
	at org.apache.maven.surefire.booter.ForkedBooter.runSuitesInProcess(ForkedBooter.java:385) ~[surefire-booter-3.5.2.jar:3.5.2]
	at org.apache.maven.surefire.booter.ForkedBooter.execute(ForkedBooter.java:162) ~[surefire-booter-3.5.2.jar:3.5.2]
	at org.apache.maven.surefire.booter.ForkedBooter.run(ForkedBooter.java:507) ~[surefire-booter-3.5.2.jar:3.5.2]
	at org.apache.maven.surefire.booter.ForkedBooter.main(ForkedBooter.java:495) ~[surefire-booter-3.5.2.jar:3.5.2]

2024-12-27T18:09:49.377+05:30 DEBUG 139594 --- [Crud_KR] [           main] o.s.d.jpa.repository.query.NamedQuery    : Did not find named query Customer.searchByParams.count
2024-12-27T18:09:49.378+05:30 DEBUG 139594 --- [Crud_KR] [           main] tor$SharedEntityManagerInvocationHandler : Creating new EntityManager for shared EntityManager invocation
2024-12-27T18:09:49.404+05:30  INFO 139594 --- [Crud_KR] [           main] o.s.d.j.r.query.QueryEnhancerFactory     : Hibernate is in classpath; If applicable, HQL parser will be used.
2024-12-27T18:09:49.851+05:30 DEBUG 139594 --- [Crud_KR] [           main] org.hibernate.orm.query.hql              : HQL : SELECT c FROM Customer c WHERE (:firstName IS NULL OR c.firstName LIKE :firstName_1) AND (:lastName IS NULL OR c.lastName LIKE :lastName_1) AND (:phNo IS NULL OR cast(c.phNo AS string ) LIKE :phNo_1)
2024-12-27T18:09:50.149+05:30 DEBUG 139594 --- [Crud_KR] [           main] org.hibernate.orm.query.sqm.creation     : Applying inferable type to SqmExpression [SqmNamedParameter(firstName_1)] : null -> SqmBasicValuedSimplePath(com.example.crud_kr.Model.Customer(c).firstName)
2024-12-27T18:09:50.151+05:30 DEBUG 139594 --- [Crud_KR] [           main] org.hibernate.orm.query.sqm.creation     : Applying inferable type to SqmExpression [SqmNamedParameter(lastName_1)] : null -> SqmBasicValuedSimplePath(com.example.crud_kr.Model.Customer(c).lastName)
2024-12-27T18:09:50.152+05:30 DEBUG 139594 --- [Crud_KR] [           main] org.hibernate.orm.query.sqm.creation     : Applying inferable type to SqmExpression [SqmNamedParameter(phNo_1)] : null -> basicType@6(java.lang.String,12)
2024-12-27T18:09:50.161+05:30 DEBUG 139594 --- [Crud_KR] [           main] org.hibernate.orm.query.sqm.ast          : SqmStatement Tree :
    -> [select]
      -> [query-spec]
        -> [select]
          -> [selection]
            -> [root] - `com.example.crud_kr.Model.Customer(c)`
            <- [root] - `com.example.crud_kr.Model.Customer(c)`
          <- [selection]
        <- [select]
        -> [from]
          -> [root] - `com.example.crud_kr.Model.Customer(c)`
          <- [root] - `com.example.crud_kr.Model.Customer(c)`
        <- [from]
        -> [where]
          -> [and]
            -> [grouped]
                -> [or]
                  -> [is-null]
                      :firstName
                  <- [is-null]
                  -> [is-like]
                    :firstName_1
                    -> [basic-path] - `com.example.crud_kr.Model.Customer(c).firstName`
                  <- [is-like]
                <- [or]
            <- [grouped]
            -> [grouped]
                -> [or]
                  -> [is-null]
                      :lastName
                  <- [is-null]
                  -> [is-like]
                    :lastName_1
                    -> [basic-path] - `com.example.crud_kr.Model.Customer(c).lastName`
                  <- [is-like]
                <- [or]
            <- [grouped]
            -> [grouped]
                -> [or]
                  -> [is-null]
                      :phNo
                  <- [is-null]
                  -> [is-like]
                    :phNo_1
                  <- [is-like]
                <- [or]
            <- [grouped]
          <- [and]
        <- [where]
      <- [query-spec]
    <- [select]

2024-12-27T18:09:50.203+05:30 DEBUG 139594 --- [Crud_KR] [           main] o.s.d.r.c.s.RepositoryFactorySupport     : Finished creation of repository instance for com.example.crud_kr.Repository.CustomerRepository.
2024-12-27T18:09:50.215+05:30 DEBUG 139594 --- [Crud_KR] [           main] o.s.b.f.s.DefaultListableBeanFactory     : Creating shared instance of singleton bean 'redisTemplate'
2024-12-27T18:09:50.216+05:30 DEBUG 139594 --- [Crud_KR] [           main] o.s.b.f.s.DefaultListableBeanFactory     : Autowiring by type from bean name 'redisTemplate' via factory method to bean named 'redisConnectionFactory'
2024-12-27T18:09:50.243+05:30 DEBUG 139594 --- [Crud_KR] [           main] o.s.data.convert.CustomConversions       : Adding converter from class java.lang.String to class [B as writing converter
2024-12-27T18:09:50.243+05:30 DEBUG 139594 --- [Crud_KR] [           main] o.s.data.convert.CustomConversions       : Adding converter from class [B to class java.lang.String as reading converter
2024-12-27T18:09:50.243+05:30 DEBUG 139594 --- [Crud_KR] [           main] o.s.data.convert.CustomConversions       : Adding converter from class java.lang.Number to class [B as writing converter
2024-12-27T18:09:50.243+05:30 DEBUG 139594 --- [Crud_KR] [           main] o.s.data.convert.CustomConversions       : Adding converter from class [B to class java.lang.Number as reading converter
2024-12-27T18:09:50.243+05:30 DEBUG 139594 --- [Crud_KR] [           main] o.s.data.convert.CustomConversions       : Adding converter from class java.lang.Enum to class [B as writing converter
2024-12-27T18:09:50.243+05:30 DEBUG 139594 --- [Crud_KR] [           main] o.s.data.convert.CustomConversions       : Adding converter from class [B to class java.lang.Enum as reading converter
2024-12-27T18:09:50.243+05:30 DEBUG 139594 --- [Crud_KR] [           main] o.s.data.convert.CustomConversions       : Adding converter from class java.lang.Boolean to class [B as writing converter
2024-12-27T18:09:50.243+05:30 DEBUG 139594 --- [Crud_KR] [           main] o.s.data.convert.CustomConversions       : Adding converter from class [B to class java.lang.Boolean as reading converter
2024-12-27T18:09:50.243+05:30 DEBUG 139594 --- [Crud_KR] [           main] o.s.data.convert.CustomConversions       : Adding converter from class java.util.Date to class [B as writing converter
2024-12-27T18:09:50.243+05:30 DEBUG 139594 --- [Crud_KR] [           main] o.s.data.convert.CustomConversions       : Adding converter from class [B to class java.util.Date as reading converter
2024-12-27T18:09:50.243+05:30 DEBUG 139594 --- [Crud_KR] [           main] o.s.data.convert.CustomConversions       : Adding converter from class java.util.UUID to class [B as writing converter
2024-12-27T18:09:50.243+05:30 DEBUG 139594 --- [Crud_KR] [           main] o.s.data.convert.CustomConversions       : Adding converter from class [B to class java.util.UUID as reading converter
2024-12-27T18:09:50.243+05:30 DEBUG 139594 --- [Crud_KR] [           main] o.s.data.convert.CustomConversions       : Adding converter from class java.time.LocalDateTime to class [B as reading converter
2024-12-27T18:09:50.243+05:30 DEBUG 139594 --- [Crud_KR] [           main] o.s.data.convert.CustomConversions       : Adding converter from class [B to class java.time.LocalDateTime as reading converter
2024-12-27T18:09:50.243+05:30 DEBUG 139594 --- [Crud_KR] [           main] o.s.data.convert.CustomConversions       : Adding converter from class java.time.LocalDate to class [B as reading converter
2024-12-27T18:09:50.243+05:30 DEBUG 139594 --- [Crud_KR] [           main] o.s.data.convert.CustomConversions       : Adding converter from class [B to class java.time.LocalDate as reading converter
2024-12-27T18:09:50.243+05:30 DEBUG 139594 --- [Crud_KR] [           main] o.s.data.convert.CustomConversions       : Adding converter from class java.time.LocalTime to class [B as reading converter
2024-12-27T18:09:50.244+05:30 DEBUG 139594 --- [Crud_KR] [           main] o.s.data.convert.CustomConversions       : Adding converter from class [B to class java.time.LocalTime as reading converter
2024-12-27T18:09:50.244+05:30 DEBUG 139594 --- [Crud_KR] [           main] o.s.data.convert.CustomConversions       : Adding converter from class java.time.ZonedDateTime to class [B as reading converter
2024-12-27T18:09:50.244+05:30 DEBUG 139594 --- [Crud_KR] [           main] o.s.data.convert.CustomConversions       : Adding converter from class [B to class java.time.ZonedDateTime as reading converter
2024-12-27T18:09:50.244+05:30 DEBUG 139594 --- [Crud_KR] [           main] o.s.data.convert.CustomConversions       : Adding converter from class java.time.Instant to class [B as reading converter
2024-12-27T18:09:50.244+05:30 DEBUG 139594 --- [Crud_KR] [           main] o.s.data.convert.CustomConversions       : Adding converter from class [B to class java.time.Instant as reading converter
2024-12-27T18:09:50.244+05:30 DEBUG 139594 --- [Crud_KR] [           main] o.s.data.convert.CustomConversions       : Adding converter from class java.time.ZoneId to class [B as reading converter
2024-12-27T18:09:50.244+05:30 DEBUG 139594 --- [Crud_KR] [           main] o.s.data.convert.CustomConversions       : Adding converter from class [B to class java.time.ZoneId as reading converter
2024-12-27T18:09:50.244+05:30 DEBUG 139594 --- [Crud_KR] [           main] o.s.data.convert.CustomConversions       : Adding converter from class java.time.Period to class [B as reading converter
2024-12-27T18:09:50.244+05:30 DEBUG 139594 --- [Crud_KR] [           main] o.s.data.convert.CustomConversions       : Adding converter from class [B to class java.time.Period as reading converter
2024-12-27T18:09:50.244+05:30 DEBUG 139594 --- [Crud_KR] [           main] o.s.data.convert.CustomConversions       : Adding converter from class java.time.Duration to class [B as reading converter
2024-12-27T18:09:50.244+05:30 DEBUG 139594 --- [Crud_KR] [           main] o.s.data.convert.CustomConversions       : Adding converter from class [B to class java.time.Duration as reading converter
2024-12-27T18:09:50.244+05:30 DEBUG 139594 --- [Crud_KR] [           main] o.s.data.convert.CustomConversions       : Adding converter from class java.time.OffsetDateTime to class [B as reading converter
2024-12-27T18:09:50.244+05:30 DEBUG 139594 --- [Crud_KR] [           main] o.s.data.convert.CustomConversions       : Adding converter from class [B to class java.time.OffsetDateTime as reading converter
2024-12-27T18:09:50.244+05:30 DEBUG 139594 --- [Crud_KR] [           main] o.s.data.convert.CustomConversions       : Adding converter from class java.time.OffsetTime to class [B as reading converter
2024-12-27T18:09:50.244+05:30 DEBUG 139594 --- [Crud_KR] [           main] o.s.data.convert.CustomConversions       : Adding converter from class [B to class java.time.OffsetTime as reading converter
2024-12-27T18:09:50.244+05:30 DEBUG 139594 --- [Crud_KR] [           main] o.s.data.convert.CustomConversions       : Adding converter from class java.util.Date to class java.time.LocalDateTime as reading converter
2024-12-27T18:09:50.244+05:30 DEBUG 139594 --- [Crud_KR] [           main] o.s.data.convert.CustomConversions       : Adding converter from class java.time.LocalDateTime to class java.util.Date as writing converter
2024-12-27T18:09:50.244+05:30 DEBUG 139594 --- [Crud_KR] [           main] o.s.data.convert.CustomConversions       : Adding converter from class java.util.Date to class java.time.LocalDate as reading converter
2024-12-27T18:09:50.244+05:30 DEBUG 139594 --- [Crud_KR] [           main] o.s.data.convert.CustomConversions       : Adding converter from class java.time.LocalDate to class java.util.Date as writing converter
2024-12-27T18:09:50.244+05:30 DEBUG 139594 --- [Crud_KR] [           main] o.s.data.convert.CustomConversions       : Adding converter from class java.util.Date to class java.time.LocalTime as reading converter
2024-12-27T18:09:50.244+05:30 DEBUG 139594 --- [Crud_KR] [           main] o.s.data.convert.CustomConversions       : Adding converter from class java.time.LocalTime to class java.util.Date as writing converter
2024-12-27T18:09:50.244+05:30 DEBUG 139594 --- [Crud_KR] [           main] o.s.data.convert.CustomConversions       : Adding converter from class java.util.Date to class java.time.Instant as reading converter
2024-12-27T18:09:50.244+05:30 DEBUG 139594 --- [Crud_KR] [           main] o.s.data.convert.CustomConversions       : Adding converter from class java.time.Instant to class java.util.Date as writing converter
2024-12-27T18:09:50.244+05:30 DEBUG 139594 --- [Crud_KR] [           main] o.s.data.convert.CustomConversions       : Adding converter from class java.time.LocalDateTime to class java.time.Instant as reading converter
2024-12-27T18:09:50.244+05:30 DEBUG 139594 --- [Crud_KR] [           main] o.s.data.convert.CustomConversions       : Adding converter from class java.time.Instant to class java.time.LocalDateTime as reading converter
2024-12-27T18:09:50.244+05:30 DEBUG 139594 --- [Crud_KR] [           main] o.s.data.convert.CustomConversions       : Adding converter from class java.time.ZoneId to class java.lang.String as writing converter
2024-12-27T18:09:50.244+05:30 DEBUG 139594 --- [Crud_KR] [           main] o.s.data.convert.CustomConversions       : Adding converter from class java.lang.String to class java.time.ZoneId as reading converter
2024-12-27T18:09:50.244+05:30 DEBUG 139594 --- [Crud_KR] [           main] o.s.data.convert.CustomConversions       : Adding converter from class java.time.Duration to class java.lang.String as writing converter
2024-12-27T18:09:50.244+05:30 DEBUG 139594 --- [Crud_KR] [           main] o.s.data.convert.CustomConversions       : Adding converter from class java.lang.String to class java.time.Duration as reading converter
2024-12-27T18:09:50.244+05:30 DEBUG 139594 --- [Crud_KR] [           main] o.s.data.convert.CustomConversions       : Adding converter from class java.time.Period to class java.lang.String as writing converter
2024-12-27T18:09:50.244+05:30 DEBUG 139594 --- [Crud_KR] [           main] o.s.data.convert.CustomConversions       : Adding converter from class java.lang.String to class java.time.Period as reading converter
2024-12-27T18:09:50.244+05:30 DEBUG 139594 --- [Crud_KR] [           main] o.s.data.convert.CustomConversions       : Adding converter from class java.lang.String to class java.time.LocalDate as reading converter
2024-12-27T18:09:50.244+05:30 DEBUG 139594 --- [Crud_KR] [           main] o.s.data.convert.CustomConversions       : Adding converter from class java.lang.String to class java.time.LocalDateTime as reading converter
2024-12-27T18:09:50.244+05:30 DEBUG 139594 --- [Crud_KR] [           main] o.s.data.convert.CustomConversions       : Adding converter from class java.lang.String to class java.time.Instant as reading converter
2024-12-27T18:09:50.246+05:30 DEBUG 139594 --- [Crud_KR] [           main] o.s.data.convert.CustomConversions       : Adding converter from class java.lang.String to class [B as writing converter
2024-12-27T18:09:50.246+05:30 DEBUG 139594 --- [Crud_KR] [           main] o.s.data.convert.CustomConversions       : Adding converter from class [B to class java.lang.String as reading converter
2024-12-27T18:09:50.246+05:30 DEBUG 139594 --- [Crud_KR] [           main] o.s.data.convert.CustomConversions       : Adding converter from class java.lang.Number to class [B as writing converter
2024-12-27T18:09:50.246+05:30 DEBUG 139594 --- [Crud_KR] [           main] o.s.data.convert.CustomConversions       : Adding converter from class [B to class java.lang.Number as reading converter
2024-12-27T18:09:50.246+05:30 DEBUG 139594 --- [Crud_KR] [           main] o.s.data.convert.CustomConversions       : Adding converter from class java.lang.Enum to class [B as writing converter
2024-12-27T18:09:50.246+05:30 DEBUG 139594 --- [Crud_KR] [           main] o.s.data.convert.CustomConversions       : Adding converter from class [B to class java.lang.Enum as reading converter
2024-12-27T18:09:50.246+05:30 DEBUG 139594 --- [Crud_KR] [           main] o.s.data.convert.CustomConversions       : Adding converter from class java.lang.Boolean to class [B as writing converter
2024-12-27T18:09:50.246+05:30 DEBUG 139594 --- [Crud_KR] [           main] o.s.data.convert.CustomConversions       : Adding converter from class [B to class java.lang.Boolean as reading converter
2024-12-27T18:09:50.246+05:30 DEBUG 139594 --- [Crud_KR] [           main] o.s.data.convert.CustomConversions       : Adding converter from class java.util.Date to class [B as writing converter
2024-12-27T18:09:50.246+05:30 DEBUG 139594 --- [Crud_KR] [           main] o.s.data.convert.CustomConversions       : Adding converter from class [B to class java.util.Date as reading converter
2024-12-27T18:09:50.246+05:30 DEBUG 139594 --- [Crud_KR] [           main] o.s.data.convert.CustomConversions       : Adding converter from class java.util.UUID to class [B as writing converter
2024-12-27T18:09:50.246+05:30 DEBUG 139594 --- [Crud_KR] [           main] o.s.data.convert.CustomConversions       : Adding converter from class [B to class java.util.UUID as reading converter
2024-12-27T18:09:50.246+05:30 DEBUG 139594 --- [Crud_KR] [           main] o.s.data.convert.CustomConversions       : Adding converter from class java.time.LocalDateTime to class [B as reading converter
2024-12-27T18:09:50.246+05:30 DEBUG 139594 --- [Crud_KR] [           main] o.s.data.convert.CustomConversions       : Adding converter from class [B to class java.time.LocalDateTime as reading converter
2024-12-27T18:09:50.246+05:30 DEBUG 139594 --- [Crud_KR] [           main] o.s.data.convert.CustomConversions       : Adding converter from class java.time.LocalDate to class [B as reading converter
2024-12-27T18:09:50.246+05:30 DEBUG 139594 --- [Crud_KR] [           main] o.s.data.convert.CustomConversions       : Adding converter from class [B to class java.time.LocalDate as reading converter
2024-12-27T18:09:50.246+05:30 DEBUG 139594 --- [Crud_KR] [           main] o.s.data.convert.CustomConversions       : Adding converter from class java.time.LocalTime to class [B as reading converter
2024-12-27T18:09:50.246+05:30 DEBUG 139594 --- [Crud_KR] [           main] o.s.data.convert.CustomConversions       : Adding converter from class [B to class java.time.LocalTime as reading converter
2024-12-27T18:09:50.246+05:30 DEBUG 139594 --- [Crud_KR] [           main] o.s.data.convert.CustomConversions       : Adding converter from class java.time.ZonedDateTime to class [B as reading converter
2024-12-27T18:09:50.246+05:30 DEBUG 139594 --- [Crud_KR] [           main] o.s.data.convert.CustomConversions       : Adding converter from class [B to class java.time.ZonedDateTime as reading converter
2024-12-27T18:09:50.246+05:30 DEBUG 139594 --- [Crud_KR] [           main] o.s.data.convert.CustomConversions       : Adding converter from class java.time.Instant to class [B as reading converter
2024-12-27T18:09:50.246+05:30 DEBUG 139594 --- [Crud_KR] [           main] o.s.data.convert.CustomConversions       : Adding converter from class [B to class java.time.Instant as reading converter
2024-12-27T18:09:50.246+05:30 DEBUG 139594 --- [Crud_KR] [           main] o.s.data.convert.CustomConversions       : Adding converter from class java.time.ZoneId to class [B as reading converter
2024-12-27T18:09:50.247+05:30 DEBUG 139594 --- [Crud_KR] [           main] o.s.data.convert.CustomConversions       : Adding converter from class [B to class java.time.ZoneId as reading converter
2024-12-27T18:09:50.247+05:30 DEBUG 139594 --- [Crud_KR] [           main] o.s.data.convert.CustomConversions       : Adding converter from class java.time.Period to class [B as reading converter
2024-12-27T18:09:50.247+05:30 DEBUG 139594 --- [Crud_KR] [           main] o.s.data.convert.CustomConversions       : Adding converter from class [B to class java.time.Period as reading converter
2024-12-27T18:09:50.247+05:30 DEBUG 139594 --- [Crud_KR] [           main] o.s.data.convert.CustomConversions       : Adding converter from class java.time.Duration to class [B as reading converter
2024-12-27T18:09:50.247+05:30 DEBUG 139594 --- [Crud_KR] [           main] o.s.data.convert.CustomConversions       : Adding converter from class [B to class java.time.Duration as reading converter
2024-12-27T18:09:50.247+05:30 DEBUG 139594 --- [Crud_KR] [           main] o.s.data.convert.CustomConversions       : Adding converter from class java.time.OffsetDateTime to class [B as reading converter
2024-12-27T18:09:50.247+05:30 DEBUG 139594 --- [Crud_KR] [           main] o.s.data.convert.CustomConversions       : Adding converter from class [B to class java.time.OffsetDateTime as reading converter
2024-12-27T18:09:50.247+05:30 DEBUG 139594 --- [Crud_KR] [           main] o.s.data.convert.CustomConversions       : Adding converter from class java.time.OffsetTime to class [B as reading converter
2024-12-27T18:09:50.247+05:30 DEBUG 139594 --- [Crud_KR] [           main] o.s.data.convert.CustomConversions       : Adding converter from class [B to class java.time.OffsetTime as reading converter
2024-12-27T18:09:50.247+05:30 DEBUG 139594 --- [Crud_KR] [           main] o.s.data.convert.CustomConversions       : Adding converter from class java.util.Date to class java.time.LocalDateTime as reading converter
2024-12-27T18:09:50.247+05:30 DEBUG 139594 --- [Crud_KR] [           main] o.s.data.convert.CustomConversions       : Adding converter from class java.time.LocalDateTime to class java.util.Date as writing converter
2024-12-27T18:09:50.247+05:30 DEBUG 139594 --- [Crud_KR] [           main] o.s.data.convert.CustomConversions       : Adding converter from class java.util.Date to class java.time.LocalDate as reading converter
2024-12-27T18:09:50.247+05:30 DEBUG 139594 --- [Crud_KR] [           main] o.s.data.convert.CustomConversions       : Adding converter from class java.time.LocalDate to class java.util.Date as writing converter
2024-12-27T18:09:50.247+05:30 DEBUG 139594 --- [Crud_KR] [           main] o.s.data.convert.CustomConversions       : Adding converter from class java.util.Date to class java.time.LocalTime as reading converter
2024-12-27T18:09:50.247+05:30 DEBUG 139594 --- [Crud_KR] [           main] o.s.data.convert.CustomConversions       : Adding converter from class java.time.LocalTime to class java.util.Date as writing converter
2024-12-27T18:09:50.247+05:30 DEBUG 139594 --- [Crud_KR] [           main] o.s.data.convert.CustomConversions       : Adding converter from class java.util.Date to class java.time.Instant as reading converter
2024-12-27T18:09:50.247+05:30 DEBUG 139594 --- [Crud_KR] [           main] o.s.data.convert.CustomConversions       : Adding converter from class java.time.Instant to class java.util.Date as writing converter
2024-12-27T18:09:50.247+05:30 DEBUG 139594 --- [Crud_KR] [           main] o.s.data.convert.CustomConversions       : Adding converter from class java.time.LocalDateTime to class java.time.Instant as reading converter
2024-12-27T18:09:50.247+05:30 DEBUG 139594 --- [Crud_KR] [           main] o.s.data.convert.CustomConversions       : Adding converter from class java.time.Instant to class java.time.LocalDateTime as reading converter
2024-12-27T18:09:50.247+05:30 DEBUG 139594 --- [Crud_KR] [           main] o.s.data.convert.CustomConversions       : Adding converter from class java.time.ZoneId to class java.lang.String as writing converter
2024-12-27T18:09:50.247+05:30 DEBUG 139594 --- [Crud_KR] [           main] o.s.data.convert.CustomConversions       : Adding converter from class java.lang.String to class java.time.ZoneId as reading converter
2024-12-27T18:09:50.247+05:30 DEBUG 139594 --- [Crud_KR] [           main] o.s.data.convert.CustomConversions       : Adding converter from class java.time.Duration to class java.lang.String as writing converter
2024-12-27T18:09:50.247+05:30 DEBUG 139594 --- [Crud_KR] [           main] o.s.data.convert.CustomConversions       : Adding converter from class java.lang.String to class java.time.Duration as reading converter
2024-12-27T18:09:50.247+05:30 DEBUG 139594 --- [Crud_KR] [           main] o.s.data.convert.CustomConversions       : Adding converter from class java.time.Period to class java.lang.String as writing converter
2024-12-27T18:09:50.248+05:30 DEBUG 139594 --- [Crud_KR] [           main] o.s.data.convert.CustomConversions       : Adding converter from class java.lang.String to class java.time.Period as reading converter
2024-12-27T18:09:50.248+05:30 DEBUG 139594 --- [Crud_KR] [           main] o.s.data.convert.CustomConversions       : Adding converter from class java.lang.String to class java.time.LocalDate as reading converter
2024-12-27T18:09:50.248+05:30 DEBUG 139594 --- [Crud_KR] [           main] o.s.data.convert.CustomConversions       : Adding converter from class java.lang.String to class java.time.LocalDateTime as reading converter
2024-12-27T18:09:50.248+05:30 DEBUG 139594 --- [Crud_KR] [           main] o.s.data.convert.CustomConversions       : Adding converter from class java.lang.String to class java.time.Instant as reading converter
2024-12-27T18:09:50.252+05:30 DEBUG 139594 --- [Crud_KR] [           main] o.s.data.convert.CustomConversions       : Adding converter from class java.lang.String to class [B as writing converter
2024-12-27T18:09:50.252+05:30 DEBUG 139594 --- [Crud_KR] [           main] o.s.data.convert.CustomConversions       : Adding converter from class [B to class java.lang.String as reading converter
2024-12-27T18:09:50.252+05:30 DEBUG 139594 --- [Crud_KR] [           main] o.s.data.convert.CustomConversions       : Adding converter from class java.lang.Number to class [B as writing converter
2024-12-27T18:09:50.252+05:30 DEBUG 139594 --- [Crud_KR] [           main] o.s.data.convert.CustomConversions       : Adding converter from class [B to class java.lang.Number as reading converter
2024-12-27T18:09:50.252+05:30 DEBUG 139594 --- [Crud_KR] [           main] o.s.data.convert.CustomConversions       : Adding converter from class java.lang.Enum to class [B as writing converter
2024-12-27T18:09:50.252+05:30 DEBUG 139594 --- [Crud_KR] [           main] o.s.data.convert.CustomConversions       : Adding converter from class [B to class java.lang.Enum as reading converter
2024-12-27T18:09:50.252+05:30 DEBUG 139594 --- [Crud_KR] [           main] o.s.data.convert.CustomConversions       : Adding converter from class java.lang.Boolean to class [B as writing converter
2024-12-27T18:09:50.252+05:30 DEBUG 139594 --- [Crud_KR] [           main] o.s.data.convert.CustomConversions       : Adding converter from class [B to class java.lang.Boolean as reading converter
2024-12-27T18:09:50.252+05:30 DEBUG 139594 --- [Crud_KR] [           main] o.s.data.convert.CustomConversions       : Adding converter from class java.util.Date to class [B as writing converter
2024-12-27T18:09:50.252+05:30 DEBUG 139594 --- [Crud_KR] [           main] o.s.data.convert.CustomConversions       : Adding converter from class [B to class java.util.Date as reading converter
2024-12-27T18:09:50.252+05:30 DEBUG 139594 --- [Crud_KR] [           main] o.s.data.convert.CustomConversions       : Adding converter from class java.util.UUID to class [B as writing converter
2024-12-27T18:09:50.252+05:30 DEBUG 139594 --- [Crud_KR] [           main] o.s.data.convert.CustomConversions       : Adding converter from class [B to class java.util.UUID as reading converter
2024-12-27T18:09:50.252+05:30 DEBUG 139594 --- [Crud_KR] [           main] o.s.data.convert.CustomConversions       : Adding converter from class java.time.LocalDateTime to class [B as reading converter
2024-12-27T18:09:50.252+05:30 DEBUG 139594 --- [Crud_KR] [           main] o.s.data.convert.CustomConversions       : Adding converter from class [B to class java.time.LocalDateTime as reading converter
2024-12-27T18:09:50.252+05:30 DEBUG 139594 --- [Crud_KR] [           main] o.s.data.convert.CustomConversions       : Adding converter from class java.time.LocalDate to class [B as reading converter
2024-12-27T18:09:50.252+05:30 DEBUG 139594 --- [Crud_KR] [           main] o.s.data.convert.CustomConversions       : Adding converter from class [B to class java.time.LocalDate as reading converter
2024-12-27T18:09:50.252+05:30 DEBUG 139594 --- [Crud_KR] [           main] o.s.data.convert.CustomConversions       : Adding converter from class java.time.LocalTime to class [B as reading converter
2024-12-27T18:09:50.252+05:30 DEBUG 139594 --- [Crud_KR] [           main] o.s.data.convert.CustomConversions       : Adding converter from class [B to class java.time.LocalTime as reading converter
2024-12-27T18:09:50.253+05:30 DEBUG 139594 --- [Crud_KR] [           main] o.s.data.convert.CustomConversions       : Adding converter from class java.time.ZonedDateTime to class [B as reading converter
2024-12-27T18:09:50.253+05:30 DEBUG 139594 --- [Crud_KR] [           main] o.s.data.convert.CustomConversions       : Adding converter from class [B to class java.time.ZonedDateTime as reading converter
2024-12-27T18:09:50.253+05:30 DEBUG 139594 --- [Crud_KR] [           main] o.s.data.convert.CustomConversions       : Adding converter from class java.time.Instant to class [B as reading converter
2024-12-27T18:09:50.253+05:30 DEBUG 139594 --- [Crud_KR] [           main] o.s.data.convert.CustomConversions       : Adding converter from class [B to class java.time.Instant as reading converter
2024-12-27T18:09:50.253+05:30 DEBUG 139594 --- [Crud_KR] [           main] o.s.data.convert.CustomConversions       : Adding converter from class java.time.ZoneId to class [B as reading converter
2024-12-27T18:09:50.253+05:30 DEBUG 139594 --- [Crud_KR] [           main] o.s.data.convert.CustomConversions       : Adding converter from class [B to class java.time.ZoneId as reading converter
2024-12-27T18:09:50.253+05:30 DEBUG 139594 --- [Crud_KR] [           main] o.s.data.convert.CustomConversions       : Adding converter from class java.time.Period to class [B as reading converter
2024-12-27T18:09:50.253+05:30 DEBUG 139594 --- [Crud_KR] [           main] o.s.data.convert.CustomConversions       : Adding converter from class [B to class java.time.Period as reading converter
2024-12-27T18:09:50.253+05:30 DEBUG 139594 --- [Crud_KR] [           main] o.s.data.convert.CustomConversions       : Adding converter from class java.time.Duration to class [B as reading converter
2024-12-27T18:09:50.253+05:30 DEBUG 139594 --- [Crud_KR] [           main] o.s.data.convert.CustomConversions       : Adding converter from class [B to class java.time.Duration as reading converter
2024-12-27T18:09:50.253+05:30 DEBUG 139594 --- [Crud_KR] [           main] o.s.data.convert.CustomConversions       : Adding converter from class java.time.OffsetDateTime to class [B as reading converter
2024-12-27T18:09:50.253+05:30 DEBUG 139594 --- [Crud_KR] [           main] o.s.data.convert.CustomConversions       : Adding converter from class [B to class java.time.OffsetDateTime as reading converter
2024-12-27T18:09:50.253+05:30 DEBUG 139594 --- [Crud_KR] [           main] o.s.data.convert.CustomConversions       : Adding converter from class java.time.OffsetTime to class [B as reading converter
2024-12-27T18:09:50.253+05:30 DEBUG 139594 --- [Crud_KR] [           main] o.s.data.convert.CustomConversions       : Adding converter from class [B to class java.time.OffsetTime as reading converter
2024-12-27T18:09:50.253+05:30 DEBUG 139594 --- [Crud_KR] [           main] o.s.data.convert.CustomConversions       : Adding converter from class java.util.Date to class java.time.LocalDateTime as reading converter
2024-12-27T18:09:50.253+05:30 DEBUG 139594 --- [Crud_KR] [           main] o.s.data.convert.CustomConversions       : Adding converter from class java.time.LocalDateTime to class java.util.Date as writing converter
2024-12-27T18:09:50.253+05:30 DEBUG 139594 --- [Crud_KR] [           main] o.s.data.convert.CustomConversions       : Adding converter from class java.util.Date to class java.time.LocalDate as reading converter
2024-12-27T18:09:50.253+05:30 DEBUG 139594 --- [Crud_KR] [           main] o.s.data.convert.CustomConversions       : Adding converter from class java.time.LocalDate to class java.util.Date as writing converter
2024-12-27T18:09:50.253+05:30 DEBUG 139594 --- [Crud_KR] [           main] o.s.data.convert.CustomConversions       : Adding converter from class java.util.Date to class java.time.LocalTime as reading converter
2024-12-27T18:09:50.253+05:30 DEBUG 139594 --- [Crud_KR] [           main] o.s.data.convert.CustomConversions       : Adding converter from class java.time.LocalTime to class java.util.Date as writing converter
2024-12-27T18:09:50.253+05:30 DEBUG 139594 --- [Crud_KR] [           main] o.s.data.convert.CustomConversions       : Adding converter from class java.util.Date to class java.time.Instant as reading converter
2024-12-27T18:09:50.253+05:30 DEBUG 139594 --- [Crud_KR] [           main] o.s.data.convert.CustomConversions       : Adding converter from class java.time.Instant to class java.util.Date as writing converter
2024-12-27T18:09:50.253+05:30 DEBUG 139594 --- [Crud_KR] [           main] o.s.data.convert.CustomConversions       : Adding converter from class java.time.LocalDateTime to class java.time.Instant as reading converter
2024-12-27T18:09:50.253+05:30 DEBUG 139594 --- [Crud_KR] [           main] o.s.data.convert.CustomConversions       : Adding converter from class java.time.Instant to class java.time.LocalDateTime as reading converter
2024-12-27T18:09:50.253+05:30 DEBUG 139594 --- [Crud_KR] [           main] o.s.data.convert.CustomConversions       : Adding converter from class java.time.ZoneId to class java.lang.String as writing converter
2024-12-27T18:09:50.253+05:30 DEBUG 139594 --- [Crud_KR] [           main] o.s.data.convert.CustomConversions       : Adding converter from class java.lang.String to class java.time.ZoneId as reading converter
2024-12-27T18:09:50.253+05:30 DEBUG 139594 --- [Crud_KR] [           main] o.s.data.convert.CustomConversions       : Adding converter from class java.time.Duration to class java.lang.String as writing converter
2024-12-27T18:09:50.253+05:30 DEBUG 139594 --- [Crud_KR] [           main] o.s.data.convert.CustomConversions       : Adding converter from class java.lang.String to class java.time.Duration as reading converter
2024-12-27T18:09:50.253+05:30 DEBUG 139594 --- [Crud_KR] [           main] o.s.data.convert.CustomConversions       : Adding converter from class java.time.Period to class java.lang.String as writing converter
2024-12-27T18:09:50.253+05:30 DEBUG 139594 --- [Crud_KR] [           main] o.s.data.convert.CustomConversions       : Adding converter from class java.lang.String to class java.time.Period as reading converter
2024-12-27T18:09:50.253+05:30 DEBUG 139594 --- [Crud_KR] [           main] o.s.data.convert.CustomConversions       : Adding converter from class java.lang.String to class java.time.LocalDate as reading converter
2024-12-27T18:09:50.253+05:30 DEBUG 139594 --- [Crud_KR] [           main] o.s.data.convert.CustomConversions       : Adding converter from class java.lang.String to class java.time.LocalDateTime as reading converter
2024-12-27T18:09:50.253+05:30 DEBUG 139594 --- [Crud_KR] [           main] o.s.data.convert.CustomConversions       : Adding converter from class java.lang.String to class java.time.Instant as reading converter
2024-12-27T18:09:50.255+05:30 DEBUG 139594 --- [Crud_KR] [           main] o.s.data.convert.CustomConversions       : Adding converter from class java.lang.String to class [B as writing converter
2024-12-27T18:09:50.255+05:30 DEBUG 139594 --- [Crud_KR] [           main] o.s.data.convert.CustomConversions       : Adding converter from class [B to class java.lang.String as reading converter
2024-12-27T18:09:50.255+05:30 DEBUG 139594 --- [Crud_KR] [           main] o.s.data.convert.CustomConversions       : Adding converter from class java.lang.Number to class [B as writing converter
2024-12-27T18:09:50.256+05:30 DEBUG 139594 --- [Crud_KR] [           main] o.s.data.convert.CustomConversions       : Adding converter from class [B to class java.lang.Number as reading converter
2024-12-27T18:09:50.256+05:30 DEBUG 139594 --- [Crud_KR] [           main] o.s.data.convert.CustomConversions       : Adding converter from class java.lang.Enum to class [B as writing converter
2024-12-27T18:09:50.256+05:30 DEBUG 139594 --- [Crud_KR] [           main] o.s.data.convert.CustomConversions       : Adding converter from class [B to class java.lang.Enum as reading converter
2024-12-27T18:09:50.256+05:30 DEBUG 139594 --- [Crud_KR] [           main] o.s.data.convert.CustomConversions       : Adding converter from class java.lang.Boolean to class [B as writing converter
2024-12-27T18:09:50.256+05:30 DEBUG 139594 --- [Crud_KR] [           main] o.s.data.convert.CustomConversions       : Adding converter from class [B to class java.lang.Boolean as reading converter
2024-12-27T18:09:50.256+05:30 DEBUG 139594 --- [Crud_KR] [           main] o.s.data.convert.CustomConversions       : Adding converter from class java.util.Date to class [B as writing converter
2024-12-27T18:09:50.256+05:30 DEBUG 139594 --- [Crud_KR] [           main] o.s.data.convert.CustomConversions       : Adding converter from class [B to class java.util.Date as reading converter
2024-12-27T18:09:50.256+05:30 DEBUG 139594 --- [Crud_KR] [           main] o.s.data.convert.CustomConversions       : Adding converter from class java.util.UUID to class [B as writing converter
2024-12-27T18:09:50.256+05:30 DEBUG 139594 --- [Crud_KR] [           main] o.s.data.convert.CustomConversions       : Adding converter from class [B to class java.util.UUID as reading converter
2024-12-27T18:09:50.256+05:30 DEBUG 139594 --- [Crud_KR] [           main] o.s.data.convert.CustomConversions       : Adding converter from class java.time.LocalDateTime to class [B as reading converter
2024-12-27T18:09:50.256+05:30 DEBUG 139594 --- [Crud_KR] [           main] o.s.data.convert.CustomConversions       : Adding converter from class [B to class java.time.LocalDateTime as reading converter
2024-12-27T18:09:50.256+05:30 DEBUG 139594 --- [Crud_KR] [           main] o.s.data.convert.CustomConversions       : Adding converter from class java.time.LocalDate to class [B as reading converter
2024-12-27T18:09:50.256+05:30 DEBUG 139594 --- [Crud_KR] [           main] o.s.data.convert.CustomConversions       : Adding converter from class [B to class java.time.LocalDate as reading converter
2024-12-27T18:09:50.256+05:30 DEBUG 139594 --- [Crud_KR] [           main] o.s.data.convert.CustomConversions       : Adding converter from class java.time.LocalTime to class [B as reading converter
2024-12-27T18:09:50.256+05:30 DEBUG 139594 --- [Crud_KR] [           main] o.s.data.convert.CustomConversions       : Adding converter from class [B to class java.time.LocalTime as reading converter
2024-12-27T18:09:50.256+05:30 DEBUG 139594 --- [Crud_KR] [           main] o.s.data.convert.CustomConversions       : Adding converter from class java.time.ZonedDateTime to class [B as reading converter
2024-12-27T18:09:50.256+05:30 DEBUG 139594 --- [Crud_KR] [           main] o.s.data.convert.CustomConversions       : Adding converter from class [B to class java.time.ZonedDateTime as reading converter
2024-12-27T18:09:50.256+05:30 DEBUG 139594 --- [Crud_KR] [           main] o.s.data.convert.CustomConversions       : Adding converter from class java.time.Instant to class [B as reading converter
2024-12-27T18:09:50.256+05:30 DEBUG 139594 --- [Crud_KR] [           main] o.s.data.convert.CustomConversions       : Adding converter from class [B to class java.time.Instant as reading converter
2024-12-27T18:09:50.256+05:30 DEBUG 139594 --- [Crud_KR] [           main] o.s.data.convert.CustomConversions       : Adding converter from class java.time.ZoneId to class [B as reading converter
2024-12-27T18:09:50.256+05:30 DEBUG 139594 --- [Crud_KR] [           main] o.s.data.convert.CustomConversions       : Adding converter from class [B to class java.time.ZoneId as reading converter
2024-12-27T18:09:50.256+05:30 DEBUG 139594 --- [Crud_KR] [           main] o.s.data.convert.CustomConversions       : Adding converter from class java.time.Period to class [B as reading converter
2024-12-27T18:09:50.256+05:30 DEBUG 139594 --- [Crud_KR] [           main] o.s.data.convert.CustomConversions       : Adding converter from class [B to class java.time.Period as reading converter
2024-12-27T18:09:50.256+05:30 DEBUG 139594 --- [Crud_KR] [           main] o.s.data.convert.CustomConversions       : Adding converter from class java.time.Duration to class [B as reading converter
2024-12-27T18:09:50.256+05:30 DEBUG 139594 --- [Crud_KR] [           main] o.s.data.convert.CustomConversions       : Adding converter from class [B to class java.time.Duration as reading converter
2024-12-27T18:09:50.256+05:30 DEBUG 139594 --- [Crud_KR] [           main] o.s.data.convert.CustomConversions       : Adding converter from class java.time.OffsetDateTime to class [B as reading converter
2024-12-27T18:09:50.256+05:30 DEBUG 139594 --- [Crud_KR] [           main] o.s.data.convert.CustomConversions       : Adding converter from class [B to class java.time.OffsetDateTime as reading converter
2024-12-27T18:09:50.256+05:30 DEBUG 139594 --- [Crud_KR] [           main] o.s.data.convert.CustomConversions       : Adding converter from class java.time.OffsetTime to class [B as reading converter
2024-12-27T18:09:50.256+05:30 DEBUG 139594 --- [Crud_KR] [           main] o.s.data.convert.CustomConversions       : Adding converter from class [B to class java.time.OffsetTime as reading converter
2024-12-27T18:09:50.256+05:30 DEBUG 139594 --- [Crud_KR] [           main] o.s.data.convert.CustomConversions       : Adding converter from class java.util.Date to class java.time.LocalDateTime as reading converter
2024-12-27T18:09:50.256+05:30 DEBUG 139594 --- [Crud_KR] [           main] o.s.data.convert.CustomConversions       : Adding converter from class java.time.LocalDateTime to class java.util.Date as writing converter
2024-12-27T18:09:50.256+05:30 DEBUG 139594 --- [Crud_KR] [           main] o.s.data.convert.CustomConversions       : Adding converter from class java.util.Date to class java.time.LocalDate as reading converter
2024-12-27T18:09:50.256+05:30 DEBUG 139594 --- [Crud_KR] [           main] o.s.data.convert.CustomConversions       : Adding converter from class java.time.LocalDate to class java.util.Date as writing converter
2024-12-27T18:09:50.256+05:30 DEBUG 139594 --- [Crud_KR] [           main] o.s.data.convert.CustomConversions       : Adding converter from class java.util.Date to class java.time.LocalTime as reading converter
2024-12-27T18:09:50.256+05:30 DEBUG 139594 --- [Crud_KR] [           main] o.s.data.convert.CustomConversions       : Adding converter from class java.time.LocalTime to class java.util.Date as writing converter
2024-12-27T18:09:50.256+05:30 DEBUG 139594 --- [Crud_KR] [           main] o.s.data.convert.CustomConversions       : Adding converter from class java.util.Date to class java.time.Instant as reading converter
2024-12-27T18:09:50.256+05:30 DEBUG 139594 --- [Crud_KR] [           main] o.s.data.convert.CustomConversions       : Adding converter from class java.time.Instant to class java.util.Date as writing converter
2024-12-27T18:09:50.256+05:30 DEBUG 139594 --- [Crud_KR] [           main] o.s.data.convert.CustomConversions       : Adding converter from class java.time.LocalDateTime to class java.time.Instant as reading converter
2024-12-27T18:09:50.256+05:30 DEBUG 139594 --- [Crud_KR] [           main] o.s.data.convert.CustomConversions       : Adding converter from class java.time.Instant to class java.time.LocalDateTime as reading converter
2024-12-27T18:09:50.256+05:30 DEBUG 139594 --- [Crud_KR] [           main] o.s.data.convert.CustomConversions       : Adding converter from class java.time.ZoneId to class java.lang.String as writing converter
2024-12-27T18:09:50.256+05:30 DEBUG 139594 --- [Crud_KR] [           main] o.s.data.convert.CustomConversions       : Adding converter from class java.lang.String to class java.time.ZoneId as reading converter
2024-12-27T18:09:50.257+05:30 DEBUG 139594 --- [Crud_KR] [           main] o.s.data.convert.CustomConversions       : Adding converter from class java.time.Duration to class java.lang.String as writing converter
2024-12-27T18:09:50.257+05:30 DEBUG 139594 --- [Crud_KR] [           main] o.s.data.convert.CustomConversions       : Adding converter from class java.lang.String to class java.time.Duration as reading converter
2024-12-27T18:09:50.257+05:30 DEBUG 139594 --- [Crud_KR] [           main] o.s.data.convert.CustomConversions       : Adding converter from class java.time.Period to class java.lang.String as writing converter
2024-12-27T18:09:50.257+05:30 DEBUG 139594 --- [Crud_KR] [           main] o.s.data.convert.CustomConversions       : Adding converter from class java.lang.String to class java.time.Period as reading converter
2024-12-27T18:09:50.257+05:30 DEBUG 139594 --- [Crud_KR] [           main] o.s.data.convert.CustomConversions       : Adding converter from class java.lang.String to class java.time.LocalDate as reading converter
2024-12-27T18:09:50.257+05:30 DEBUG 139594 --- [Crud_KR] [           main] o.s.data.convert.CustomConversions       : Adding converter from class java.lang.String to class java.time.LocalDateTime as reading converter
2024-12-27T18:09:50.257+05:30 DEBUG 139594 --- [Crud_KR] [           main] o.s.data.convert.CustomConversions       : Adding converter from class java.lang.String to class java.time.Instant as reading converter
2024-12-27T18:09:50.260+05:30 DEBUG 139594 --- [Crud_KR] [           main] o.s.data.convert.CustomConversions       : Adding converter from class java.lang.String to class [B as writing converter
2024-12-27T18:09:50.260+05:30 DEBUG 139594 --- [Crud_KR] [           main] o.s.data.convert.CustomConversions       : Adding converter from class [B to class java.lang.String as reading converter
2024-12-27T18:09:50.260+05:30 DEBUG 139594 --- [Crud_KR] [           main] o.s.data.convert.CustomConversions       : Adding converter from class java.lang.Number to class [B as writing converter
2024-12-27T18:09:50.260+05:30 DEBUG 139594 --- [Crud_KR] [           main] o.s.data.convert.CustomConversions       : Adding converter from class [B to class java.lang.Number as reading converter
2024-12-27T18:09:50.260+05:30 DEBUG 139594 --- [Crud_KR] [           main] o.s.data.convert.CustomConversions       : Adding converter from class java.lang.Enum to class [B as writing converter
2024-12-27T18:09:50.260+05:30 DEBUG 139594 --- [Crud_KR] [           main] o.s.data.convert.CustomConversions       : Adding converter from class [B to class java.lang.Enum as reading converter
2024-12-27T18:09:50.260+05:30 DEBUG 139594 --- [Crud_KR] [           main] o.s.data.convert.CustomConversions       : Adding converter from class java.lang.Boolean to class [B as writing converter
2024-12-27T18:09:50.260+05:30 DEBUG 139594 --- [Crud_KR] [           main] o.s.data.convert.CustomConversions       : Adding converter from class [B to class java.lang.Boolean as reading converter
2024-12-27T18:09:50.260+05:30 DEBUG 139594 --- [Crud_KR] [           main] o.s.data.convert.CustomConversions       : Adding converter from class java.util.Date to class [B as writing converter
2024-12-27T18:09:50.260+05:30 DEBUG 139594 --- [Crud_KR] [           main] o.s.data.convert.CustomConversions       : Adding converter from class [B to class java.util.Date as reading converter
2024-12-27T18:09:50.260+05:30 DEBUG 139594 --- [Crud_KR] [           main] o.s.data.convert.CustomConversions       : Adding converter from class java.util.UUID to class [B as writing converter
2024-12-27T18:09:50.260+05:30 DEBUG 139594 --- [Crud_KR] [           main] o.s.data.convert.CustomConversions       : Adding converter from class [B to class java.util.UUID as reading converter
2024-12-27T18:09:50.260+05:30 DEBUG 139594 --- [Crud_KR] [           main] o.s.data.convert.CustomConversions       : Adding converter from class java.time.LocalDateTime to class [B as reading converter
2024-12-27T18:09:50.260+05:30 DEBUG 139594 --- [Crud_KR] [           main] o.s.data.convert.CustomConversions       : Adding converter from class [B to class java.time.LocalDateTime as reading converter
2024-12-27T18:09:50.260+05:30 DEBUG 139594 --- [Crud_KR] [           main] o.s.data.convert.CustomConversions       : Adding converter from class java.time.LocalDate to class [B as reading converter
2024-12-27T18:09:50.260+05:30 DEBUG 139594 --- [Crud_KR] [           main] o.s.data.convert.CustomConversions       : Adding converter from class [B to class java.time.LocalDate as reading converter
2024-12-27T18:09:50.260+05:30 DEBUG 139594 --- [Crud_KR] [           main] o.s.data.convert.CustomConversions       : Adding converter from class java.time.LocalTime to class [B as reading converter
2024-12-27T18:09:50.260+05:30 DEBUG 139594 --- [Crud_KR] [           main] o.s.data.convert.CustomConversions       : Adding converter from class [B to class java.time.LocalTime as reading converter
2024-12-27T18:09:50.260+05:30 DEBUG 139594 --- [Crud_KR] [           main] o.s.data.convert.CustomConversions       : Adding converter from class java.time.ZonedDateTime to class [B as reading converter
2024-12-27T18:09:50.260+05:30 DEBUG 139594 --- [Crud_KR] [           main] o.s.data.convert.CustomConversions       : Adding converter from class [B to class java.time.ZonedDateTime as reading converter
2024-12-27T18:09:50.260+05:30 DEBUG 139594 --- [Crud_KR] [           main] o.s.data.convert.CustomConversions       : Adding converter from class java.time.Instant to class [B as reading converter
2024-12-27T18:09:50.260+05:30 DEBUG 139594 --- [Crud_KR] [           main] o.s.data.convert.CustomConversions       : Adding converter from class [B to class java.time.Instant as reading converter
2024-12-27T18:09:50.260+05:30 DEBUG 139594 --- [Crud_KR] [           main] o.s.data.convert.CustomConversions       : Adding converter from class java.time.ZoneId to class [B as reading converter
2024-12-27T18:09:50.260+05:30 DEBUG 139594 --- [Crud_KR] [           main] o.s.data.convert.CustomConversions       : Adding converter from class [B to class java.time.ZoneId as reading converter
2024-12-27T18:09:50.260+05:30 DEBUG 139594 --- [Crud_KR] [           main] o.s.data.convert.CustomConversions       : Adding converter from class java.time.Period to class [B as reading converter
2024-12-27T18:09:50.261+05:30 DEBUG 139594 --- [Crud_KR] [           main] o.s.data.convert.CustomConversions       : Adding converter from class [B to class java.time.Period as reading converter
2024-12-27T18:09:50.261+05:30 DEBUG 139594 --- [Crud_KR] [           main] o.s.data.convert.CustomConversions       : Adding converter from class java.time.Duration to class [B as reading converter
2024-12-27T18:09:50.261+05:30 DEBUG 139594 --- [Crud_KR] [           main] o.s.data.convert.CustomConversions       : Adding converter from class [B to class java.time.Duration as reading converter
2024-12-27T18:09:50.261+05:30 DEBUG 139594 --- [Crud_KR] [           main] o.s.data.convert.CustomConversions       : Adding converter from class java.time.OffsetDateTime to class [B as reading converter
2024-12-27T18:09:50.261+05:30 DEBUG 139594 --- [Crud_KR] [           main] o.s.data.convert.CustomConversions       : Adding converter from class [B to class java.time.OffsetDateTime as reading converter
2024-12-27T18:09:50.261+05:30 DEBUG 139594 --- [Crud_KR] [           main] o.s.data.convert.CustomConversions       : Adding converter from class java.time.OffsetTime to class [B as reading converter
2024-12-27T18:09:50.261+05:30 DEBUG 139594 --- [Crud_KR] [           main] o.s.data.convert.CustomConversions       : Adding converter from class [B to class java.time.OffsetTime as reading converter
2024-12-27T18:09:50.261+05:30 DEBUG 139594 --- [Crud_KR] [           main] o.s.data.convert.CustomConversions       : Adding converter from class java.util.Date to class java.time.LocalDateTime as reading converter
2024-12-27T18:09:50.261+05:30 DEBUG 139594 --- [Crud_KR] [           main] o.s.data.convert.CustomConversions       : Adding converter from class java.time.LocalDateTime to class java.util.Date as writing converter
2024-12-27T18:09:50.261+05:30 DEBUG 139594 --- [Crud_KR] [           main] o.s.data.convert.CustomConversions       : Adding converter from class java.util.Date to class java.time.LocalDate as reading converter
2024-12-27T18:09:50.261+05:30 DEBUG 139594 --- [Crud_KR] [           main] o.s.data.convert.CustomConversions       : Adding converter from class java.time.LocalDate to class java.util.Date as writing converter
2024-12-27T18:09:50.261+05:30 DEBUG 139594 --- [Crud_KR] [           main] o.s.data.convert.CustomConversions       : Adding converter from class java.util.Date to class java.time.LocalTime as reading converter
2024-12-27T18:09:50.261+05:30 DEBUG 139594 --- [Crud_KR] [           main] o.s.data.convert.CustomConversions       : Adding converter from class java.time.LocalTime to class java.util.Date as writing converter
2024-12-27T18:09:50.261+05:30 DEBUG 139594 --- [Crud_KR] [           main] o.s.data.convert.CustomConversions       : Adding converter from class java.util.Date to class java.time.Instant as reading converter
2024-12-27T18:09:50.261+05:30 DEBUG 139594 --- [Crud_KR] [           main] o.s.data.convert.CustomConversions       : Adding converter from class java.time.Instant to class java.util.Date as writing converter
2024-12-27T18:09:50.261+05:30 DEBUG 139594 --- [Crud_KR] [           main] o.s.data.convert.CustomConversions       : Adding converter from class java.time.LocalDateTime to class java.time.Instant as reading converter
2024-12-27T18:09:50.261+05:30 DEBUG 139594 --- [Crud_KR] [           main] o.s.data.convert.CustomConversions       : Adding converter from class java.time.Instant to class java.time.LocalDateTime as reading converter
2024-12-27T18:09:50.261+05:30 DEBUG 139594 --- [Crud_KR] [           main] o.s.data.convert.CustomConversions       : Adding converter from class java.time.ZoneId to class java.lang.String as writing converter
2024-12-27T18:09:50.261+05:30 DEBUG 139594 --- [Crud_KR] [           main] o.s.data.convert.CustomConversions       : Adding converter from class java.lang.String to class java.time.ZoneId as reading converter
2024-12-27T18:09:50.261+05:30 DEBUG 139594 --- [Crud_KR] [           main] o.s.data.convert.CustomConversions       : Adding converter from class java.time.Duration to class java.lang.String as writing converter
2024-12-27T18:09:50.261+05:30 DEBUG 139594 --- [Crud_KR] [           main] o.s.data.convert.CustomConversions       : Adding converter from class java.lang.String to class java.time.Duration as reading converter
2024-12-27T18:09:50.261+05:30 DEBUG 139594 --- [Crud_KR] [           main] o.s.data.convert.CustomConversions       : Adding converter from class java.time.Period to class java.lang.String as writing converter
2024-12-27T18:09:50.261+05:30 DEBUG 139594 --- [Crud_KR] [           main] o.s.data.convert.CustomConversions       : Adding converter from class java.lang.String to class java.time.Period as reading converter
2024-12-27T18:09:50.261+05:30 DEBUG 139594 --- [Crud_KR] [           main] o.s.data.convert.CustomConversions       : Adding converter from class java.lang.String to class java.time.LocalDate as reading converter
2024-12-27T18:09:50.261+05:30 DEBUG 139594 --- [Crud_KR] [           main] o.s.data.convert.CustomConversions       : Adding converter from class java.lang.String to class java.time.LocalDateTime as reading converter
2024-12-27T18:09:50.261+05:30 DEBUG 139594 --- [Crud_KR] [           main] o.s.data.convert.CustomConversions       : Adding converter from class java.lang.String to class java.time.Instant as reading converter
2024-12-27T18:09:50.292+05:30 DEBUG 139594 --- [Crud_KR] [           main] o.s.b.f.s.DefaultListableBeanFactory     : Creating shared instance of singleton bean 'customerDTO'
2024-12-27T18:09:50.293+05:30 DEBUG 139594 --- [Crud_KR] [           main] o.s.b.f.s.DefaultListableBeanFactory     : Creating shared instance of singleton bean 'validationExceptionHandler'
2024-12-27T18:09:50.295+05:30 DEBUG 139594 --- [Crud_KR] [           main] o.s.b.f.s.DefaultListableBeanFactory     : Creating shared instance of singleton bean 'org.springframework.boot.autoconfigure.context.PropertyPlaceholderAutoConfiguration'
2024-12-27T18:09:50.296+05:30 DEBUG 139594 --- [Crud_KR] [           main] o.s.b.f.s.DefaultListableBeanFactory     : Creating shared instance of singleton bean 'org.springframework.boot.autoconfigure.websocket.servlet.WebSocketServletAutoConfiguration$TomcatWebSocketConfiguration'
2024-12-27T18:09:50.296+05:30 DEBUG 139594 --- [Crud_KR] [           main] o.s.b.f.s.DefaultListableBeanFactory     : Creating shared instance of singleton bean 'websocketServletWebServerCustomizer'
2024-12-27T18:09:50.298+05:30 DEBUG 139594 --- [Crud_KR] [           main] o.s.b.f.s.DefaultListableBeanFactory     : Creating shared instance of singleton bean 'org.springframework.boot.autoconfigure.websocket.servlet.WebSocketServletAutoConfiguration'
2024-12-27T18:09:50.299+05:30 DEBUG 139594 --- [Crud_KR] [           main] o.s.b.f.s.DefaultListableBeanFactory     : Creating shared instance of singleton bean 'org.springframework.boot.autoconfigure.web.servlet.ServletWebServerFactoryConfiguration$EmbeddedTomcat'
2024-12-27T18:09:50.299+05:30 DEBUG 139594 --- [Crud_KR] [           main] o.s.b.f.s.DefaultListableBeanFactory     : Creating shared instance of singleton bean 'tomcatServletWebServerFactory'
2024-12-27T18:09:50.311+05:30 DEBUG 139594 --- [Crud_KR] [           main] o.a.catalina.core.AprLifecycleListener   : The Apache Tomcat Native library could not be found using names [tcnative-2, libtcnative-2, tcnative-1, libtcnative-1] on the java.library.path [/usr/java/packages/lib:/usr/lib64:/lib64:/lib:/usr/lib]. The errors reported were [Can't load library: /home/anshuman.pandey/adjetterMicroservice/Crud_KR/bin/libtcnative-2.so, Can't load library: /home/anshuman.pandey/adjetterMicroservice/Crud_KR/bin/liblibtcnative-2.so, Can't load library: /home/anshuman.pandey/adjetterMicroservice/Crud_KR/bin/libtcnative-1.so, Can't load library: /home/anshuman.pandey/adjetterMicroservice/Crud_KR/bin/liblibtcnative-1.so, no tcnative-2 in java.library.path: /usr/java/packages/lib:/usr/lib64:/lib64:/lib:/usr/lib, no libtcnative-2 in java.library.path: /usr/java/packages/lib:/usr/lib64:/lib64:/lib:/usr/lib, no tcnative-1 in java.library.path: /usr/java/packages/lib:/usr/lib64:/lib64:/lib:/usr/lib, no libtcnative-1 in java.library.path: /usr/java/packages/lib:/usr/lib64:/lib64:/lib:/usr/lib]

org.apache.tomcat.jni.LibraryNotFoundError: Can't load library: /home/anshuman.pandey/adjetterMicroservice/Crud_KR/bin/libtcnative-2.so, Can't load library: /home/anshuman.pandey/adjetterMicroservice/Crud_KR/bin/liblibtcnative-2.so, Can't load library: /home/anshuman.pandey/adjetterMicroservice/Crud_KR/bin/libtcnative-1.so, Can't load library: /home/anshuman.pandey/adjetterMicroservice/Crud_KR/bin/liblibtcnative-1.so, no tcnative-2 in java.library.path: /usr/java/packages/lib:/usr/lib64:/lib64:/lib:/usr/lib, no libtcnative-2 in java.library.path: /usr/java/packages/lib:/usr/lib64:/lib64:/lib:/usr/lib, no tcnative-1 in java.library.path: /usr/java/packages/lib:/usr/lib64:/lib64:/lib:/usr/lib, no libtcnative-1 in java.library.path: /usr/java/packages/lib:/usr/lib64:/lib64:/lib:/usr/lib
	at org.apache.tomcat.jni.Library.<init>(Library.java:91) ~[tomcat-embed-core-10.1.34.jar:10.1.34]
	at org.apache.tomcat.jni.Library.initialize(Library.java:147) ~[tomcat-embed-core-10.1.34.jar:10.1.34]
	at org.apache.catalina.core.AprLifecycleListener.init(AprLifecycleListener.java:211) ~[tomcat-embed-core-10.1.34.jar:10.1.34]
	at org.apache.catalina.core.AprLifecycleListener.isAprAvailable(AprLifecycleListener.java:113) ~[tomcat-embed-core-10.1.34.jar:10.1.34]
	at org.springframework.boot.web.embedded.tomcat.TomcatServletWebServerFactory.getDefaultServerLifecycleListeners(TomcatServletWebServerFactory.java:191) ~[spring-boot-3.4.1.jar:3.4.1]
	at org.springframework.boot.web.embedded.tomcat.TomcatServletWebServerFactory.<init>(TomcatServletWebServerFactory.java:138) ~[spring-boot-3.4.1.jar:3.4.1]
	at org.springframework.boot.autoconfigure.web.servlet.ServletWebServerFactoryConfiguration$EmbeddedTomcat.tomcatServletWebServerFactory(ServletWebServerFactoryConfiguration.java:73) ~[spring-boot-autoconfigure-3.4.1.jar:3.4.1]
	at java.base/jdk.internal.reflect.NativeMethodAccessorImpl.invoke0(Native Method) ~[na:na]
	at java.base/jdk.internal.reflect.NativeMethodAccessorImpl.invoke(NativeMethodAccessorImpl.java:77) ~[na:na]
	at java.base/jdk.internal.reflect.DelegatingMethodAccessorImpl.invoke(DelegatingMethodAccessorImpl.java:43) ~[na:na]
	at java.base/java.lang.reflect.Method.invoke(Method.java:569) ~[na:na]
	at org.springframework.beans.factory.support.SimpleInstantiationStrategy.lambda$instantiate$0(SimpleInstantiationStrategy.java:171) ~[spring-beans-6.2.1.jar:6.2.1]
	at org.springframework.beans.factory.support.SimpleInstantiationStrategy.instantiateWithFactoryMethod(SimpleInstantiationStrategy.java:88) ~[spring-beans-6.2.1.jar:6.2.1]
	at org.springframework.beans.factory.support.SimpleInstantiationStrategy.instantiate(SimpleInstantiationStrategy.java:168) ~[spring-beans-6.2.1.jar:6.2.1]
	at org.springframework.beans.factory.support.ConstructorResolver.instantiate(ConstructorResolver.java:653) ~[spring-beans-6.2.1.jar:6.2.1]
	at org.springframework.beans.factory.support.ConstructorResolver.instantiateUsingFactoryMethod(ConstructorResolver.java:645) ~[spring-beans-6.2.1.jar:6.2.1]
	at org.springframework.beans.factory.support.AbstractAutowireCapableBeanFactory.instantiateUsingFactoryMethod(AbstractAutowireCapableBeanFactory.java:1357) ~[spring-beans-6.2.1.jar:6.2.1]
	at org.springframework.beans.factory.support.AbstractAutowireCapableBeanFactory.createBeanInstance(AbstractAutowireCapableBeanFactory.java:1187) ~[spring-beans-6.2.1.jar:6.2.1]
	at org.springframework.beans.factory.support.AbstractAutowireCapableBeanFactory.doCreateBean(AbstractAutowireCapableBeanFactory.java:563) ~[spring-beans-6.2.1.jar:6.2.1]
	at org.springframework.beans.factory.support.AbstractAutowireCapableBeanFactory.createBean(AbstractAutowireCapableBeanFactory.java:523) ~[spring-beans-6.2.1.jar:6.2.1]
	at org.springframework.beans.factory.support.AbstractBeanFactory.lambda$doGetBean$0(AbstractBeanFactory.java:336) ~[spring-beans-6.2.1.jar:6.2.1]
	at org.springframework.beans.factory.support.DefaultSingletonBeanRegistry.getSingleton(DefaultSingletonBeanRegistry.java:289) ~[spring-beans-6.2.1.jar:6.2.1]
	at org.springframework.beans.factory.support.AbstractBeanFactory.doGetBean(AbstractBeanFactory.java:334) ~[spring-beans-6.2.1.jar:6.2.1]
	at org.springframework.beans.factory.support.AbstractBeanFactory.getBean(AbstractBeanFactory.java:199) ~[spring-beans-6.2.1.jar:6.2.1]
	at org.springframework.beans.factory.support.DefaultListableBeanFactory.instantiateSingleton(DefaultListableBeanFactory.java:1122) ~[spring-beans-6.2.1.jar:6.2.1]
	at org.springframework.beans.factory.support.DefaultListableBeanFactory.preInstantiateSingleton(DefaultListableBeanFactory.java:1093) ~[spring-beans-6.2.1.jar:6.2.1]
	at org.springframework.beans.factory.support.DefaultListableBeanFactory.preInstantiateSingletons(DefaultListableBeanFactory.java:1030) ~[spring-beans-6.2.1.jar:6.2.1]
	at org.springframework.context.support.AbstractApplicationContext.finishBeanFactoryInitialization(AbstractApplicationContext.java:987) ~[spring-context-6.2.1.jar:6.2.1]
	at org.springframework.context.support.AbstractApplicationContext.refresh(AbstractApplicationContext.java:627) ~[spring-context-6.2.1.jar:6.2.1]
	at org.springframework.boot.SpringApplication.refresh(SpringApplication.java:752) ~[spring-boot-3.4.1.jar:3.4.1]
	at org.springframework.boot.SpringApplication.refreshContext(SpringApplication.java:439) ~[spring-boot-3.4.1.jar:3.4.1]
	at org.springframework.boot.SpringApplication.run(SpringApplication.java:318) ~[spring-boot-3.4.1.jar:3.4.1]
	at org.springframework.boot.test.context.SpringBootContextLoader.lambda$loadContext$3(SpringBootContextLoader.java:137) ~[spring-boot-test-3.4.1.jar:3.4.1]
	at org.springframework.util.function.ThrowingSupplier.get(ThrowingSupplier.java:58) ~[spring-core-6.2.1.jar:6.2.1]
	at org.springframework.util.function.ThrowingSupplier.get(ThrowingSupplier.java:46) ~[spring-core-6.2.1.jar:6.2.1]
	at org.springframework.boot.SpringApplication.withHook(SpringApplication.java:1461) ~[spring-boot-3.4.1.jar:3.4.1]
	at org.springframework.boot.test.context.SpringBootContextLoader$ContextLoaderHook.run(SpringBootContextLoader.java:553) ~[spring-boot-test-3.4.1.jar:3.4.1]
	at org.springframework.boot.test.context.SpringBootContextLoader.loadContext(SpringBootContextLoader.java:137) ~[spring-boot-test-3.4.1.jar:3.4.1]
	at org.springframework.boot.test.context.SpringBootContextLoader.loadContext(SpringBootContextLoader.java:108) ~[spring-boot-test-3.4.1.jar:3.4.1]
	at org.springframework.test.context.cache.DefaultCacheAwareContextLoaderDelegate.loadContextInternal(DefaultCacheAwareContextLoaderDelegate.java:225) ~[spring-test-6.2.1.jar:6.2.1]
	at org.springframework.test.context.cache.DefaultCacheAwareContextLoaderDelegate.loadContext(DefaultCacheAwareContextLoaderDelegate.java:152) ~[spring-test-6.2.1.jar:6.2.1]
	at org.springframework.test.context.support.DefaultTestContext.getApplicationContext(DefaultTestContext.java:130) ~[spring-test-6.2.1.jar:6.2.1]
	at org.springframework.test.context.web.ServletTestExecutionListener.setUpRequestContextIfNecessary(ServletTestExecutionListener.java:191) ~[spring-test-6.2.1.jar:6.2.1]
	at org.springframework.test.context.web.ServletTestExecutionListener.prepareTestInstance(ServletTestExecutionListener.java:130) ~[spring-test-6.2.1.jar:6.2.1]
	at org.springframework.test.context.TestContextManager.prepareTestInstance(TestContextManager.java:260) ~[spring-test-6.2.1.jar:6.2.1]
	at org.springframework.test.context.junit.jupiter.SpringExtension.postProcessTestInstance(SpringExtension.java:160) ~[spring-test-6.2.1.jar:6.2.1]
	at org.junit.jupiter.engine.descriptor.ClassBasedTestDescriptor.lambda$invokeTestInstancePostProcessors$11(ClassBasedTestDescriptor.java:378) ~[junit-jupiter-engine-5.11.4.jar:5.11.4]
	at org.junit.jupiter.engine.descriptor.ClassBasedTestDescriptor.executeAndMaskThrowable(ClassBasedTestDescriptor.java:383) ~[junit-jupiter-engine-5.11.4.jar:5.11.4]
	at org.junit.jupiter.engine.descriptor.ClassBasedTestDescriptor.lambda$invokeTestInstancePostProcessors$12(ClassBasedTestDescriptor.java:378) ~[junit-jupiter-engine-5.11.4.jar:5.11.4]
	at java.base/java.util.stream.ForEachOps$ForEachOp$OfRef.accept(ForEachOps.java:183) ~[na:na]
	at java.base/java.util.stream.ReferencePipeline$3$1.accept(ReferencePipeline.java:197) ~[na:na]
	at java.base/java.util.stream.ReferencePipeline$2$1.accept(ReferencePipeline.java:179) ~[na:na]
	at java.base/java.util.stream.ReferencePipeline$3$1.accept(ReferencePipeline.java:197) ~[na:na]
	at java.base/java.util.ArrayList$ArrayListSpliterator.forEachRemaining(ArrayList.java:1625) ~[na:na]
	at java.base/java.util.stream.AbstractPipeline.copyInto(AbstractPipeline.java:509) ~[na:na]
	at java.base/java.util.stream.AbstractPipeline.wrapAndCopyInto(AbstractPipeline.java:499) ~[na:na]
	at java.base/java.util.stream.ForEachOps$ForEachOp.evaluateSequential(ForEachOps.java:150) ~[na:na]
	at java.base/java.util.stream.ForEachOps$ForEachOp$OfRef.evaluateSequential(ForEachOps.java:173) ~[na:na]
	at java.base/java.util.stream.AbstractPipeline.evaluate(AbstractPipeline.java:234) ~[na:na]
	at java.base/java.util.stream.ReferencePipeline.forEach(ReferencePipeline.java:596) ~[na:na]
	at org.junit.jupiter.engine.descriptor.ClassBasedTestDescriptor.invokeTestInstancePostProcessors(ClassBasedTestDescriptor.java:377) ~[junit-jupiter-engine-5.11.4.jar:5.11.4]
	at org.junit.jupiter.engine.descriptor.ClassBasedTestDescriptor.lambda$instantiateAndPostProcessTestInstance$7(ClassBasedTestDescriptor.java:290) ~[junit-jupiter-engine-5.11.4.jar:5.11.4]
	at org.junit.platform.engine.support.hierarchical.ThrowableCollector.execute(ThrowableCollector.java:73) ~[junit-platform-engine-1.11.4.jar:1.11.4]
	at org.junit.jupiter.engine.descriptor.ClassBasedTestDescriptor.instantiateAndPostProcessTestInstance(ClassBasedTestDescriptor.java:289) ~[junit-jupiter-engine-5.11.4.jar:5.11.4]
	at org.junit.jupiter.engine.descriptor.ClassBasedTestDescriptor.lambda$testInstancesProvider$5(ClassBasedTestDescriptor.java:279) ~[junit-jupiter-engine-5.11.4.jar:5.11.4]
	at java.base/java.util.Optional.orElseGet(Optional.java:364) ~[na:na]
	at org.junit.jupiter.engine.descriptor.ClassBasedTestDescriptor.lambda$testInstancesProvider$6(ClassBasedTestDescriptor.java:278) ~[junit-jupiter-engine-5.11.4.jar:5.11.4]
	at org.junit.jupiter.engine.execution.TestInstancesProvider.getTestInstances(TestInstancesProvider.java:31) ~[junit-jupiter-engine-5.11.4.jar:5.11.4]
	at org.junit.jupiter.engine.descriptor.TestMethodTestDescriptor.lambda$prepare$1(TestMethodTestDescriptor.java:105) ~[junit-jupiter-engine-5.11.4.jar:5.11.4]
	at org.junit.platform.engine.support.hierarchical.ThrowableCollector.execute(ThrowableCollector.java:73) ~[junit-platform-engine-1.11.4.jar:1.11.4]
	at org.junit.jupiter.engine.descriptor.TestMethodTestDescriptor.prepare(TestMethodTestDescriptor.java:104) ~[junit-jupiter-engine-5.11.4.jar:5.11.4]
	at org.junit.jupiter.engine.descriptor.TestMethodTestDescriptor.prepare(TestMethodTestDescriptor.java:68) ~[junit-jupiter-engine-5.11.4.jar:5.11.4]
	at org.junit.platform.engine.support.hierarchical.NodeTestTask.lambda$prepare$2(NodeTestTask.java:128) ~[junit-platform-engine-1.11.4.jar:1.11.4]
	at org.junit.platform.engine.support.hierarchical.ThrowableCollector.execute(ThrowableCollector.java:73) ~[junit-platform-engine-1.11.4.jar:1.11.4]
	at org.junit.platform.engine.support.hierarchical.NodeTestTask.prepare(NodeTestTask.java:128) ~[junit-platform-engine-1.11.4.jar:1.11.4]
	at org.junit.platform.engine.support.hierarchical.NodeTestTask.execute(NodeTestTask.java:95) ~[junit-platform-engine-1.11.4.jar:1.11.4]
	at java.base/java.util.ArrayList.forEach(ArrayList.java:1511) ~[na:na]
	at org.junit.platform.engine.support.hierarchical.SameThreadHierarchicalTestExecutorService.invokeAll(SameThreadHierarchicalTestExecutorService.java:41) ~[junit-platform-engine-1.11.4.jar:1.11.4]
	at org.junit.platform.engine.support.hierarchical.NodeTestTask.lambda$executeRecursively$6(NodeTestTask.java:160) ~[junit-platform-engine-1.11.4.jar:1.11.4]
	at org.junit.platform.engine.support.hierarchical.ThrowableCollector.execute(ThrowableCollector.java:73) ~[junit-platform-engine-1.11.4.jar:1.11.4]
	at org.junit.platform.engine.support.hierarchical.NodeTestTask.lambda$executeRecursively$8(NodeTestTask.java:146) ~[junit-platform-engine-1.11.4.jar:1.11.4]
	at org.junit.platform.engine.support.hierarchical.Node.around(Node.java:137) ~[junit-platform-engine-1.11.4.jar:1.11.4]
	at org.junit.platform.engine.support.hierarchical.NodeTestTask.lambda$executeRecursively$9(NodeTestTask.java:144) ~[junit-platform-engine-1.11.4.jar:1.11.4]
	at org.junit.platform.engine.support.hierarchical.ThrowableCollector.execute(ThrowableCollector.java:73) ~[junit-platform-engine-1.11.4.jar:1.11.4]
	at org.junit.platform.engine.support.hierarchical.NodeTestTask.executeRecursively(NodeTestTask.java:143) ~[junit-platform-engine-1.11.4.jar:1.11.4]
	at org.junit.platform.engine.support.hierarchical.NodeTestTask.execute(NodeTestTask.java:100) ~[junit-platform-engine-1.11.4.jar:1.11.4]
	at java.base/java.util.ArrayList.forEach(ArrayList.java:1511) ~[na:na]
	at org.junit.platform.engine.support.hierarchical.SameThreadHierarchicalTestExecutorService.invokeAll(SameThreadHierarchicalTestExecutorService.java:41) ~[junit-platform-engine-1.11.4.jar:1.11.4]
	at org.junit.platform.engine.support.hierarchical.NodeTestTask.lambda$executeRecursively$6(NodeTestTask.java:160) ~[junit-platform-engine-1.11.4.jar:1.11.4]
	at org.junit.platform.engine.support.hierarchical.ThrowableCollector.execute(ThrowableCollector.java:73) ~[junit-platform-engine-1.11.4.jar:1.11.4]
	at org.junit.platform.engine.support.hierarchical.NodeTestTask.lambda$executeRecursively$8(NodeTestTask.java:146) ~[junit-platform-engine-1.11.4.jar:1.11.4]
	at org.junit.platform.engine.support.hierarchical.Node.around(Node.java:137) ~[junit-platform-engine-1.11.4.jar:1.11.4]
	at org.junit.platform.engine.support.hierarchical.NodeTestTask.lambda$executeRecursively$9(NodeTestTask.java:144) ~[junit-platform-engine-1.11.4.jar:1.11.4]
	at org.junit.platform.engine.support.hierarchical.ThrowableCollector.execute(ThrowableCollector.java:73) ~[junit-platform-engine-1.11.4.jar:1.11.4]
	at org.junit.platform.engine.support.hierarchical.NodeTestTask.executeRecursively(NodeTestTask.java:143) ~[junit-platform-engine-1.11.4.jar:1.11.4]
	at org.junit.platform.engine.support.hierarchical.NodeTestTask.execute(NodeTestTask.java:100) ~[junit-platform-engine-1.11.4.jar:1.11.4]
	at org.junit.platform.engine.support.hierarchical.SameThreadHierarchicalTestExecutorService.submit(SameThreadHierarchicalTestExecutorService.java:35) ~[junit-platform-engine-1.11.4.jar:1.11.4]
	at org.junit.platform.engine.support.hierarchical.HierarchicalTestExecutor.execute(HierarchicalTestExecutor.java:57) ~[junit-platform-engine-1.11.4.jar:1.11.4]
	at org.junit.platform.engine.support.hierarchical.HierarchicalTestEngine.execute(HierarchicalTestEngine.java:54) ~[junit-platform-engine-1.11.4.jar:1.11.4]
	at org.junit.platform.launcher.core.EngineExecutionOrchestrator.execute(EngineExecutionOrchestrator.java:198) ~[junit-platform-launcher-1.11.4.jar:1.11.4]
	at org.junit.platform.launcher.core.EngineExecutionOrchestrator.execute(EngineExecutionOrchestrator.java:169) ~[junit-platform-launcher-1.11.4.jar:1.11.4]
	at org.junit.platform.launcher.core.EngineExecutionOrchestrator.execute(EngineExecutionOrchestrator.java:93) ~[junit-platform-launcher-1.11.4.jar:1.11.4]
	at org.junit.platform.launcher.core.EngineExecutionOrchestrator.lambda$execute$0(EngineExecutionOrchestrator.java:58) ~[junit-platform-launcher-1.11.4.jar:1.11.4]
	at org.junit.platform.launcher.core.EngineExecutionOrchestrator.withInterceptedStreams(EngineExecutionOrchestrator.java:141) ~[junit-platform-launcher-1.11.4.jar:1.11.4]
	at org.junit.platform.launcher.core.EngineExecutionOrchestrator.execute(EngineExecutionOrchestrator.java:57) ~[junit-platform-launcher-1.11.4.jar:1.11.4]
	at org.junit.platform.launcher.core.DefaultLauncher.execute(DefaultLauncher.java:103) ~[junit-platform-launcher-1.11.4.jar:1.11.4]
	at org.junit.platform.launcher.core.DefaultLauncher.execute(DefaultLauncher.java:85) ~[junit-platform-launcher-1.11.4.jar:1.11.4]
	at org.junit.platform.launcher.core.DelegatingLauncher.execute(DelegatingLauncher.java:47) ~[junit-platform-launcher-1.11.4.jar:1.11.4]
	at org.apache.maven.surefire.junitplatform.LazyLauncher.execute(LazyLauncher.java:56) ~[surefire-junit-platform-3.5.2.jar:3.5.2]
	at org.apache.maven.surefire.junitplatform.JUnitPlatformProvider.execute(JUnitPlatformProvider.java:184) ~[surefire-junit-platform-3.5.2.jar:3.5.2]
	at org.apache.maven.surefire.junitplatform.JUnitPlatformProvider.invokeAllTests(JUnitPlatformProvider.java:148) ~[surefire-junit-platform-3.5.2.jar:3.5.2]
	at org.apache.maven.surefire.junitplatform.JUnitPlatformProvider.invoke(JUnitPlatformProvider.java:122) ~[surefire-junit-platform-3.5.2.jar:3.5.2]
	at org.apache.maven.surefire.booter.ForkedBooter.runSuitesInProcess(ForkedBooter.java:385) ~[surefire-booter-3.5.2.jar:3.5.2]
	at org.apache.maven.surefire.booter.ForkedBooter.execute(ForkedBooter.java:162) ~[surefire-booter-3.5.2.jar:3.5.2]
	at org.apache.maven.surefire.booter.ForkedBooter.run(ForkedBooter.java:507) ~[surefire-booter-3.5.2.jar:3.5.2]
	at org.apache.maven.surefire.booter.ForkedBooter.main(ForkedBooter.java:495) ~[surefire-booter-3.5.2.jar:3.5.2]

2024-12-27T18:09:50.328+05:30 DEBUG 139594 --- [Crud_KR] [           main] o.s.b.f.s.DefaultListableBeanFactory     : Creating shared instance of singleton bean 'servletWebServerFactoryCustomizer'
2024-12-27T18:09:50.328+05:30 DEBUG 139594 --- [Crud_KR] [           main] o.s.b.f.s.DefaultListableBeanFactory     : Creating shared instance of singleton bean 'org.springframework.boot.autoconfigure.web.servlet.ServletWebServerFactoryAutoConfiguration'
2024-12-27T18:09:50.330+05:30 DEBUG 139594 --- [Crud_KR] [           main] o.s.b.f.s.DefaultListableBeanFactory     : Creating shared instance of singleton bean 'server-org.springframework.boot.autoconfigure.web.ServerProperties'
2024-12-27T18:09:50.340+05:30 DEBUG 139594 --- [Crud_KR] [           main] o.s.b.f.s.DefaultListableBeanFactory     : Autowiring by type from bean name 'servletWebServerFactoryCustomizer' via factory method to bean named 'server-org.springframework.boot.autoconfigure.web.ServerProperties'
2024-12-27T18:09:50.342+05:30 DEBUG 139594 --- [Crud_KR] [           main] o.s.b.f.s.DefaultListableBeanFactory     : Creating shared instance of singleton bean 'tomcatServletWebServerFactoryCustomizer'
2024-12-27T18:09:50.343+05:30 DEBUG 139594 --- [Crud_KR] [           main] o.s.b.f.s.DefaultListableBeanFactory     : Autowiring by type from bean name 'tomcatServletWebServerFactoryCustomizer' via factory method to bean named 'server-org.springframework.boot.autoconfigure.web.ServerProperties'
2024-12-27T18:09:50.343+05:30 DEBUG 139594 --- [Crud_KR] [           main] o.s.b.f.s.DefaultListableBeanFactory     : Creating shared instance of singleton bean 'localeCharsetMappingsCustomizer'
2024-12-27T18:09:50.343+05:30 DEBUG 139594 --- [Crud_KR] [           main] o.s.b.f.s.DefaultListableBeanFactory     : Creating shared instance of singleton bean 'org.springframework.boot.autoconfigure.web.servlet.HttpEncodingAutoConfiguration'
2024-12-27T18:09:50.344+05:30 DEBUG 139594 --- [Crud_KR] [           main] o.s.b.f.s.DefaultListableBeanFactory     : Autowiring by type from bean name 'org.springframework.boot.autoconfigure.web.servlet.HttpEncodingAutoConfiguration' via constructor to bean named 'server-org.springframework.boot.autoconfigure.web.ServerProperties'
2024-12-27T18:09:50.354+05:30 DEBUG 139594 --- [Crud_KR] [           main] o.s.b.f.s.DefaultListableBeanFactory     : Creating shared instance of singleton bean 'errorPageCustomizer'
2024-12-27T18:09:50.355+05:30 DEBUG 139594 --- [Crud_KR] [           main] o.s.b.f.s.DefaultListableBeanFactory     : Creating shared instance of singleton bean 'org.springframework.boot.autoconfigure.web.servlet.error.ErrorMvcAutoConfiguration'
2024-12-27T18:09:50.355+05:30 DEBUG 139594 --- [Crud_KR] [           main] o.s.b.f.s.DefaultListableBeanFactory     : Autowiring by type from bean name 'org.springframework.boot.autoconfigure.web.servlet.error.ErrorMvcAutoConfiguration' via constructor to bean named 'server-org.springframework.boot.autoconfigure.web.ServerProperties'
2024-12-27T18:09:50.356+05:30 DEBUG 139594 --- [Crud_KR] [           main] o.s.b.f.s.DefaultListableBeanFactory     : Creating shared instance of singleton bean 'dispatcherServletRegistration'
2024-12-27T18:09:50.356+05:30 DEBUG 139594 --- [Crud_KR] [           main] o.s.b.f.s.DefaultListableBeanFactory     : Creating shared instance of singleton bean 'org.springframework.boot.autoconfigure.web.servlet.DispatcherServletAutoConfiguration$DispatcherServletRegistrationConfiguration'
2024-12-27T18:09:50.357+05:30 DEBUG 139594 --- [Crud_KR] [           main] o.s.b.f.s.DefaultListableBeanFactory     : Creating shared instance of singleton bean 'dispatcherServlet'
2024-12-27T18:09:50.357+05:30 DEBUG 139594 --- [Crud_KR] [           main] o.s.b.f.s.DefaultListableBeanFactory     : Creating shared instance of singleton bean 'org.springframework.boot.autoconfigure.web.servlet.DispatcherServletAutoConfiguration$DispatcherServletConfiguration'
2024-12-27T18:09:50.358+05:30 DEBUG 139594 --- [Crud_KR] [           main] o.s.b.f.s.DefaultListableBeanFactory     : Creating shared instance of singleton bean 'spring.mvc-org.springframework.boot.autoconfigure.web.servlet.WebMvcProperties'
2024-12-27T18:09:50.363+05:30 DEBUG 139594 --- [Crud_KR] [           main] o.s.b.f.s.DefaultListableBeanFactory     : Autowiring by type from bean name 'dispatcherServlet' via factory method to bean named 'spring.mvc-org.springframework.boot.autoconfigure.web.servlet.WebMvcProperties'
2024-12-27T18:09:50.377+05:30 DEBUG 139594 --- [Crud_KR] [           main] o.s.b.f.s.DefaultListableBeanFactory     : Autowiring by type from bean name 'dispatcherServletRegistration' via factory method to bean named 'dispatcherServlet'
2024-12-27T18:09:50.378+05:30 DEBUG 139594 --- [Crud_KR] [           main] o.s.b.f.s.DefaultListableBeanFactory     : Autowiring by type from bean name 'dispatcherServletRegistration' via factory method to bean named 'spring.mvc-org.springframework.boot.autoconfigure.web.servlet.WebMvcProperties'
2024-12-27T18:09:50.379+05:30 DEBUG 139594 --- [Crud_KR] [           main] o.s.b.f.s.DefaultListableBeanFactory     : Creating shared instance of singleton bean 'multipartConfigElement'
2024-12-27T18:09:50.380+05:30 DEBUG 139594 --- [Crud_KR] [           main] o.s.b.f.s.DefaultListableBeanFactory     : Creating shared instance of singleton bean 'org.springframework.boot.autoconfigure.web.servlet.MultipartAutoConfiguration'
2024-12-27T18:09:50.380+05:30 DEBUG 139594 --- [Crud_KR] [           main] o.s.b.f.s.DefaultListableBeanFactory     : Creating shared instance of singleton bean 'spring.servlet.multipart-org.springframework.boot.autoconfigure.web.servlet.MultipartProperties'
2024-12-27T18:09:50.385+05:30 DEBUG 139594 --- [Crud_KR] [           main] o.s.b.f.s.DefaultListableBeanFactory     : Autowiring by type from bean name 'org.springframework.boot.autoconfigure.web.servlet.MultipartAutoConfiguration' via constructor to bean named 'spring.servlet.multipart-org.springframework.boot.autoconfigure.web.servlet.MultipartProperties'
2024-12-27T18:09:50.390+05:30 DEBUG 139594 --- [Crud_KR] [           main] o.s.b.f.s.DefaultListableBeanFactory     : Autowiring by type from bean name 'errorPageCustomizer' via factory method to bean named 'dispatcherServletRegistration'
2024-12-27T18:09:50.396+05:30 DEBUG 139594 --- [Crud_KR] [           main] o.s.b.f.s.DefaultListableBeanFactory     : Creating shared instance of singleton bean 'org.springframework.boot.autoconfigure.web.servlet.DispatcherServletAutoConfiguration'
2024-12-27T18:09:50.397+05:30 DEBUG 139594 --- [Crud_KR] [           main] o.s.b.f.s.DefaultListableBeanFactory     : Creating shared instance of singleton bean 'org.springframework.boot.autoconfigure.task.TaskExecutorConfigurations$ThreadPoolTaskExecutorBuilderConfiguration'
2024-12-27T18:09:50.398+05:30 DEBUG 139594 --- [Crud_KR] [           main] o.s.b.f.s.DefaultListableBeanFactory     : Creating shared instance of singleton bean 'threadPoolTaskExecutorBuilder'
2024-12-27T18:09:50.399+05:30 DEBUG 139594 --- [Crud_KR] [           main] o.s.b.f.s.DefaultListableBeanFactory     : Creating shared instance of singleton bean 'spring.task.execution-org.springframework.boot.autoconfigure.task.TaskExecutionProperties'
2024-12-27T18:09:50.401+05:30 DEBUG 139594 --- [Crud_KR] [           main] o.s.b.f.s.DefaultListableBeanFactory     : Autowiring by type from bean name 'threadPoolTaskExecutorBuilder' via factory method to bean named 'spring.task.execution-org.springframework.boot.autoconfigure.task.TaskExecutionProperties'
2024-12-27T18:09:50.404+05:30 DEBUG 139594 --- [Crud_KR] [           main] o.s.b.f.s.DefaultListableBeanFactory     : Creating shared instance of singleton bean 'org.springframework.boot.autoconfigure.task.TaskExecutorConfigurations$SimpleAsyncTaskExecutorBuilderConfiguration'
2024-12-27T18:09:50.405+05:30 DEBUG 139594 --- [Crud_KR] [           main] o.s.b.f.s.DefaultListableBeanFactory     : Autowiring by type from bean name 'org.springframework.boot.autoconfigure.task.TaskExecutorConfigurations$SimpleAsyncTaskExecutorBuilderConfiguration' via constructor to bean named 'spring.task.execution-org.springframework.boot.autoconfigure.task.TaskExecutionProperties'
2024-12-27T18:09:50.406+05:30 DEBUG 139594 --- [Crud_KR] [           main] o.s.b.f.s.DefaultListableBeanFactory     : Creating shared instance of singleton bean 'simpleAsyncTaskExecutorBuilder'
2024-12-27T18:09:50.408+05:30 DEBUG 139594 --- [Crud_KR] [           main] o.s.b.f.s.DefaultListableBeanFactory     : Creating shared instance of singleton bean 'org.springframework.boot.autoconfigure.task.TaskExecutorConfigurations$TaskExecutorConfiguration'
2024-12-27T18:09:50.408+05:30 DEBUG 139594 --- [Crud_KR] [           main] o.s.b.f.s.DefaultListableBeanFactory     : Creating shared instance of singleton bean 'org.springframework.boot.autoconfigure.task.TaskExecutionAutoConfiguration'
2024-12-27T18:09:50.409+05:30 DEBUG 139594 --- [Crud_KR] [           main] o.s.b.f.s.DefaultListableBeanFactory     : Creating shared instance of singleton bean 'org.springframework.boot.autoconfigure.validation.ValidationAutoConfiguration'
2024-12-27T18:09:50.410+05:30 DEBUG 139594 --- [Crud_KR] [           main] o.s.b.f.s.DefaultListableBeanFactory     : Creating shared instance of singleton bean 'defaultValidator'
2024-12-27T18:09:50.411+05:30 DEBUG 139594 --- [Crud_KR] [           main] o.s.b.f.s.DefaultListableBeanFactory     : Autowiring by type from bean name 'defaultValidator' via factory method to bean named 'org.springframework.web.context.support.GenericWebApplicationContext@26f143ed'
2024-12-27T18:09:50.413+05:30 DEBUG 139594 --- [Crud_KR] [           main] .h.v.m.ResourceBundleMessageInterpolator : Loaded expression factory via original TCCL
2024-12-27T18:09:50.415+05:30 DEBUG 139594 --- [Crud_KR] [           main] o.h.v.i.e.AbstractConfigurationImpl      : Setting custom MessageInterpolator of type org.springframework.validation.beanvalidation.LocaleContextMessageInterpolator
2024-12-27T18:09:50.416+05:30 DEBUG 139594 --- [Crud_KR] [           main] o.h.v.i.e.AbstractConfigurationImpl      : Setting custom ConstraintValidatorFactory of type org.springframework.validation.beanvalidation.SpringConstraintValidatorFactory
2024-12-27T18:09:50.417+05:30 DEBUG 139594 --- [Crud_KR] [           main] o.h.v.i.xml.config.ValidationXmlParser   : Trying to load META-INF/validation.xml for XML based Validator configuration.
2024-12-27T18:09:50.417+05:30 DEBUG 139594 --- [Crud_KR] [           main] o.h.v.i.xml.config.ResourceLoaderHelper  : Trying to load META-INF/validation.xml via user class loader
2024-12-27T18:09:50.417+05:30 DEBUG 139594 --- [Crud_KR] [           main] o.h.v.i.xml.config.ResourceLoaderHelper  : Trying to load META-INF/validation.xml via TCCL
2024-12-27T18:09:50.417+05:30 DEBUG 139594 --- [Crud_KR] [           main] o.h.v.i.xml.config.ResourceLoaderHelper  : Trying to load META-INF/validation.xml via Hibernate Validator's class loader
2024-12-27T18:09:50.417+05:30 DEBUG 139594 --- [Crud_KR] [           main] o.h.v.i.xml.config.ValidationXmlParser   : No META-INF/validation.xml found. Using annotation based configuration only.
2024-12-27T18:09:50.418+05:30 DEBUG 139594 --- [Crud_KR] [           main] o.h.v.i.e.resolver.TraversableResolvers  : Found jakarta.persistence.Persistence on classpath containing 'getPersistenceUtil'. Assuming JPA 2 environment. Trying to instantiate JPA aware TraversableResolver
2024-12-27T18:09:50.418+05:30 DEBUG 139594 --- [Crud_KR] [           main] o.h.v.i.e.resolver.TraversableResolvers  : Instantiated JPA aware TraversableResolver of type org.hibernate.validator.internal.engine.resolver.JPATraversableResolver.
2024-12-27T18:09:50.419+05:30 DEBUG 139594 --- [Crud_KR] [           main] .i.e.ValidatorFactoryConfigurationHelper : HV000252: Using org.hibernate.validator.internal.engine.DefaultPropertyNodeNameProvider as property node name provider.
2024-12-27T18:09:50.419+05:30 DEBUG 139594 --- [Crud_KR] [           main] .i.e.ValidatorFactoryConfigurationHelper : HV000234: Using org.springframework.validation.beanvalidation.LocaleContextMessageInterpolator as ValidatorFactory-scoped message interpolator.
2024-12-27T18:09:50.419+05:30 DEBUG 139594 --- [Crud_KR] [           main] .i.e.ValidatorFactoryConfigurationHelper : HV000234: Using org.hibernate.validator.internal.engine.resolver.JPATraversableResolver as ValidatorFactory-scoped traversable resolver.
2024-12-27T18:09:50.419+05:30 DEBUG 139594 --- [Crud_KR] [           main] .i.e.ValidatorFactoryConfigurationHelper : HV000234: Using org.hibernate.validator.internal.util.ExecutableParameterNameProvider as ValidatorFactory-scoped parameter name provider.
2024-12-27T18:09:50.419+05:30 DEBUG 139594 --- [Crud_KR] [           main] .i.e.ValidatorFactoryConfigurationHelper : HV000234: Using org.hibernate.validator.internal.engine.DefaultClockProvider as ValidatorFactory-scoped clock provider.
2024-12-27T18:09:50.419+05:30 DEBUG 139594 --- [Crud_KR] [           main] .i.e.ValidatorFactoryConfigurationHelper : HV000234: Using org.hibernate.validator.internal.engine.scripting.DefaultScriptEvaluatorFactory as ValidatorFactory-scoped script evaluator factory.
2024-12-27T18:09:50.423+05:30 DEBUG 139594 --- [Crud_KR] [           main] o.s.b.f.s.DefaultListableBeanFactory     : Creating shared instance of singleton bean 'org.springframework.boot.autoconfigure.web.servlet.error.ErrorMvcAutoConfiguration$WhitelabelErrorViewConfiguration'
2024-12-27T18:09:50.424+05:30 DEBUG 139594 --- [Crud_KR] [           main] o.s.b.f.s.DefaultListableBeanFactory     : Creating shared instance of singleton bean 'error'
2024-12-27T18:09:50.425+05:30 DEBUG 139594 --- [Crud_KR] [           main] o.s.b.f.s.DefaultListableBeanFactory     : Creating shared instance of singleton bean 'beanNameViewResolver'
2024-12-27T18:09:50.427+05:30 DEBUG 139594 --- [Crud_KR] [           main] o.s.b.f.s.DefaultListableBeanFactory     : Creating shared instance of singleton bean 'org.springframework.boot.autoconfigure.web.servlet.error.ErrorMvcAutoConfiguration$DefaultErrorViewResolverConfiguration'
2024-12-27T18:09:50.428+05:30 DEBUG 139594 --- [Crud_KR] [           main] o.s.b.f.s.DefaultListableBeanFactory     : Creating shared instance of singleton bean 'spring.web-org.springframework.boot.autoconfigure.web.WebProperties'
2024-12-27T18:09:50.431+05:30 DEBUG 139594 --- [Crud_KR] [           main] o.s.b.f.s.DefaultListableBeanFactory     : Autowiring by type from bean name 'org.springframework.boot.autoconfigure.web.servlet.error.ErrorMvcAutoConfiguration$DefaultErrorViewResolverConfiguration' via constructor to bean named 'org.springframework.web.context.support.GenericWebApplicationContext@26f143ed'
2024-12-27T18:09:50.431+05:30 DEBUG 139594 --- [Crud_KR] [           main] o.s.b.f.s.DefaultListableBeanFactory     : Autowiring by type from bean name 'org.springframework.boot.autoconfigure.web.servlet.error.ErrorMvcAutoConfiguration$DefaultErrorViewResolverConfiguration' via constructor to bean named 'spring.web-org.springframework.boot.autoconfigure.web.WebProperties'
2024-12-27T18:09:50.432+05:30 DEBUG 139594 --- [Crud_KR] [           main] o.s.b.f.s.DefaultListableBeanFactory     : Creating shared instance of singleton bean 'conventionErrorViewResolver'
2024-12-27T18:09:50.434+05:30 DEBUG 139594 --- [Crud_KR] [           main] o.s.b.f.s.DefaultListableBeanFactory     : Creating shared instance of singleton bean 'errorAttributes'
2024-12-27T18:09:50.436+05:30 DEBUG 139594 --- [Crud_KR] [           main] o.s.b.f.s.DefaultListableBeanFactory     : Creating shared instance of singleton bean 'basicErrorController'
2024-12-27T18:09:50.436+05:30 DEBUG 139594 --- [Crud_KR] [           main] o.s.b.f.s.DefaultListableBeanFactory     : Autowiring by type from bean name 'basicErrorController' via factory method to bean named 'errorAttributes'
2024-12-27T18:09:50.439+05:30 DEBUG 139594 --- [Crud_KR] [           main] o.s.b.f.s.DefaultListableBeanFactory     : Creating shared instance of singleton bean 'org.springframework.boot.autoconfigure.web.servlet.WebMvcAutoConfiguration$EnableWebMvcConfiguration'
2024-12-27T18:09:50.440+05:30 DEBUG 139594 --- [Crud_KR] [           main] o.s.b.f.s.DefaultListableBeanFactory     : Autowiring by type from bean name 'org.springframework.boot.autoconfigure.web.servlet.WebMvcAutoConfiguration$EnableWebMvcConfiguration' via constructor to bean named 'spring.mvc-org.springframework.boot.autoconfigure.web.servlet.WebMvcProperties'
2024-12-27T18:09:50.440+05:30 DEBUG 139594 --- [Crud_KR] [           main] o.s.b.f.s.DefaultListableBeanFactory     : Autowiring by type from bean name 'org.springframework.boot.autoconfigure.web.servlet.WebMvcAutoConfiguration$EnableWebMvcConfiguration' via constructor to bean named 'spring.web-org.springframework.boot.autoconfigure.web.WebProperties'
2024-12-27T18:09:50.440+05:30 DEBUG 139594 --- [Crud_KR] [           main] o.s.b.f.s.DefaultListableBeanFactory     : Autowiring by type from bean name 'org.springframework.boot.autoconfigure.web.servlet.WebMvcAutoConfiguration$EnableWebMvcConfiguration' via constructor to bean named 'org.springframework.beans.factory.support.DefaultListableBeanFactory@37d00a23'
2024-12-27T18:09:50.445+05:30 DEBUG 139594 --- [Crud_KR] [           main] o.s.b.f.s.DefaultListableBeanFactory     : Creating shared instance of singleton bean 'org.springframework.boot.autoconfigure.web.servlet.WebMvcAutoConfiguration$WebMvcAutoConfigurationAdapter'
2024-12-27T18:09:50.445+05:30 DEBUG 139594 --- [Crud_KR] [           main] o.s.b.f.s.DefaultListableBeanFactory     : Autowiring by type from bean name 'org.springframework.boot.autoconfigure.web.servlet.WebMvcAutoConfiguration$WebMvcAutoConfigurationAdapter' via constructor to bean named 'spring.web-org.springframework.boot.autoconfigure.web.WebProperties'
2024-12-27T18:09:50.445+05:30 DEBUG 139594 --- [Crud_KR] [           main] o.s.b.f.s.DefaultListableBeanFactory     : Autowiring by type from bean name 'org.springframework.boot.autoconfigure.web.servlet.WebMvcAutoConfiguration$WebMvcAutoConfigurationAdapter' via constructor to bean named 'spring.mvc-org.springframework.boot.autoconfigure.web.servlet.WebMvcProperties'
2024-12-27T18:09:50.445+05:30 DEBUG 139594 --- [Crud_KR] [           main] o.s.b.f.s.DefaultListableBeanFactory     : Autowiring by type from bean name 'org.springframework.boot.autoconfigure.web.servlet.WebMvcAutoConfiguration$WebMvcAutoConfigurationAdapter' via constructor to bean named 'org.springframework.beans.factory.support.DefaultListableBeanFactory@37d00a23'
2024-12-27T18:09:50.449+05:30 DEBUG 139594 --- [Crud_KR] [           main] o.s.b.f.s.DefaultListableBeanFactory     : Creating shared instance of singleton bean 'openEntityManagerInViewInterceptorConfigurer'
2024-12-27T18:09:50.449+05:30 DEBUG 139594 --- [Crud_KR] [           main] o.s.b.f.s.DefaultListableBeanFactory     : Creating shared instance of singleton bean 'org.springframework.boot.autoconfigure.orm.jpa.JpaBaseConfiguration$JpaWebConfiguration'
2024-12-27T18:09:50.450+05:30 DEBUG 139594 --- [Crud_KR] [           main] o.s.b.f.s.DefaultListableBeanFactory     : Autowiring by type from bean name 'org.springframework.boot.autoconfigure.orm.jpa.JpaBaseConfiguration$JpaWebConfiguration' via constructor to bean named 'spring.jpa-org.springframework.boot.autoconfigure.orm.jpa.JpaProperties'
2024-12-27T18:09:50.451+05:30 DEBUG 139594 --- [Crud_KR] [           main] o.s.b.f.s.DefaultListableBeanFactory     : Creating shared instance of singleton bean 'openEntityManagerInViewInterceptor'
2024-12-27T18:09:50.452+05:30  WARN 139594 --- [Crud_KR] [           main] JpaBaseConfiguration$JpaWebConfiguration : spring.jpa.open-in-view is enabled by default. Therefore, database queries may be performed during view rendering. Explicitly configure spring.jpa.open-in-view to disable this warning
2024-12-27T18:09:50.455+05:30 DEBUG 139594 --- [Crud_KR] [           main] o.s.b.f.s.DefaultListableBeanFactory     : Autowiring by type from bean name 'openEntityManagerInViewInterceptorConfigurer' via factory method to bean named 'openEntityManagerInViewInterceptor'
2024-12-27T18:09:50.458+05:30 DEBUG 139594 --- [Crud_KR] [           main] o.s.b.f.s.DefaultListableBeanFactory     : Creating shared instance of singleton bean 'org.springframework.data.web.config.SpringDataWebConfiguration'
2024-12-27T18:09:50.460+05:30 DEBUG 139594 --- [Crud_KR] [           main] o.s.b.f.s.DefaultListableBeanFactory     : Autowiring by type from bean name 'org.springframework.data.web.config.SpringDataWebConfiguration' via constructor to bean named 'org.springframework.web.context.support.GenericWebApplicationContext@26f143ed'
2024-12-27T18:09:50.473+05:30 DEBUG 139594 --- [Crud_KR] [           main] o.s.b.f.s.DefaultListableBeanFactory     : Creating shared instance of singleton bean 'welcomePageHandlerMapping'
2024-12-27T18:09:50.473+05:30 DEBUG 139594 --- [Crud_KR] [           main] o.s.b.f.s.DefaultListableBeanFactory     : Creating shared instance of singleton bean 'mvcConversionService'
2024-12-27T18:09:50.484+05:30 DEBUG 139594 --- [Crud_KR] [           main] o.s.b.f.s.DefaultListableBeanFactory     : Creating shared instance of singleton bean 'mvcResourceUrlProvider'
2024-12-27T18:09:50.487+05:30 DEBUG 139594 --- [Crud_KR] [           main] o.s.b.f.s.DefaultListableBeanFactory     : Autowiring by type from bean name 'welcomePageHandlerMapping' via factory method to bean named 'org.springframework.web.context.support.GenericWebApplicationContext@26f143ed'
2024-12-27T18:09:50.487+05:30 DEBUG 139594 --- [Crud_KR] [           main] o.s.b.f.s.DefaultListableBeanFactory     : Autowiring by type from bean name 'welcomePageHandlerMapping' via factory method to bean named 'mvcConversionService'
2024-12-27T18:09:50.487+05:30 DEBUG 139594 --- [Crud_KR] [           main] o.s.b.f.s.DefaultListableBeanFactory     : Autowiring by type from bean name 'welcomePageHandlerMapping' via factory method to bean named 'mvcResourceUrlProvider'
2024-12-27T18:09:50.514+05:30 DEBUG 139594 --- [Crud_KR] [           main] o.s.b.f.s.DefaultListableBeanFactory     : Creating shared instance of singleton bean 'welcomePageNotAcceptableHandlerMapping'
2024-12-27T18:09:50.514+05:30 DEBUG 139594 --- [Crud_KR] [           main] o.s.b.f.s.DefaultListableBeanFactory     : Autowiring by type from bean name 'welcomePageNotAcceptableHandlerMapping' via factory method to bean named 'org.springframework.web.context.support.GenericWebApplicationContext@26f143ed'
2024-12-27T18:09:50.515+05:30 DEBUG 139594 --- [Crud_KR] [           main] o.s.b.f.s.DefaultListableBeanFactory     : Autowiring by type from bean name 'welcomePageNotAcceptableHandlerMapping' via factory method to bean named 'mvcConversionService'
2024-12-27T18:09:50.515+05:30 DEBUG 139594 --- [Crud_KR] [           main] o.s.b.f.s.DefaultListableBeanFactory     : Autowiring by type from bean name 'welcomePageNotAcceptableHandlerMapping' via factory method to bean named 'mvcResourceUrlProvider'
2024-12-27T18:09:50.521+05:30 DEBUG 139594 --- [Crud_KR] [           main] o.s.b.f.s.DefaultListableBeanFactory     : Creating shared instance of singleton bean 'localeResolver'
2024-12-27T18:09:50.523+05:30 DEBUG 139594 --- [Crud_KR] [           main] o.s.b.f.s.DefaultListableBeanFactory     : Creating shared instance of singleton bean 'themeResolver'
2024-12-27T18:09:50.525+05:30 DEBUG 139594 --- [Crud_KR] [           main] o.s.b.f.s.DefaultListableBeanFactory     : Creating shared instance of singleton bean 'flashMapManager'
2024-12-27T18:09:50.529+05:30 DEBUG 139594 --- [Crud_KR] [           main] o.s.b.f.s.DefaultListableBeanFactory     : Creating shared instance of singleton bean 'viewNameTranslator'
2024-12-27T18:09:50.530+05:30 DEBUG 139594 --- [Crud_KR] [           main] o.s.b.f.s.DefaultListableBeanFactory     : Creating shared instance of singleton bean 'mvcValidator'
2024-12-27T18:09:50.533+05:30 DEBUG 139594 --- [Crud_KR] [           main] o.s.b.f.s.DefaultListableBeanFactory     : Creating shared instance of singleton bean 'mvcContentNegotiationManager'
2024-12-27T18:09:50.540+05:30 DEBUG 139594 --- [Crud_KR] [           main] o.s.b.f.s.DefaultListableBeanFactory     : Creating shared instance of singleton bean 'requestMappingHandlerMapping'
2024-12-27T18:09:50.542+05:30 DEBUG 139594 --- [Crud_KR] [           main] o.s.b.f.s.DefaultListableBeanFactory     : Autowiring by type from bean name 'requestMappingHandlerMapping' via factory method to bean named 'mvcContentNegotiationManager'
2024-12-27T18:09:50.542+05:30 DEBUG 139594 --- [Crud_KR] [           main] o.s.b.f.s.DefaultListableBeanFactory     : Autowiring by type from bean name 'requestMappingHandlerMapping' via factory method to bean named 'mvcConversionService'
2024-12-27T18:09:50.542+05:30 DEBUG 139594 --- [Crud_KR] [           main] o.s.b.f.s.DefaultListableBeanFactory     : Autowiring by type from bean name 'requestMappingHandlerMapping' via factory method to bean named 'mvcResourceUrlProvider'
2024-12-27T18:09:50.577+05:30 DEBUG 139594 --- [Crud_KR] [           main] _.s.web.servlet.HandlerMapping.Mappings  : 
	c.e.c.C.CustomerController:
	{GET [/api/Customer/getAll]}: getAllCustomer()
	{PUT [/api/Customer/update/{id}]}: updateCustomer(int,CustomerDTO)
	{DELETE [/api/Customer/delete/{id}]}: deleteCustomer(int)
	{GET [/api/Customer/fixCustomer]}: getSortedCustomers(int,int)
	{GET [/api/Customer/getCustomer]}: getCustomerWithParam(String,String,String)
	{POST [/api/Customer/addCustomer]}: createCustomer(CustomerDTO)
	{GET [/api/Customer/getById/{id}]}: getCustomerById(int)
2024-12-27T18:09:50.595+05:30 DEBUG 139594 --- [Crud_KR] [           main] _.s.web.servlet.HandlerMapping.Mappings  : 
	o.s.b.a.w.s.e.BasicErrorController:
	{ [/error]}: error(HttpServletRequest)
	{ [/error], produces [text/html]}: errorHtml(HttpServletRequest,HttpServletResponse)
2024-12-27T18:09:50.599+05:30 DEBUG 139594 --- [Crud_KR] [           main] s.w.s.m.m.a.RequestMappingHandlerMapping : 9 mappings in 'requestMappingHandlerMapping'
2024-12-27T18:09:50.607+05:30 DEBUG 139594 --- [Crud_KR] [           main] o.s.b.f.s.DefaultListableBeanFactory     : Creating shared instance of singleton bean 'mvcPatternParser'
2024-12-27T18:09:50.608+05:30 DEBUG 139594 --- [Crud_KR] [           main] o.s.b.f.s.DefaultListableBeanFactory     : Creating shared instance of singleton bean 'mvcUrlPathHelper'
2024-12-27T18:09:50.609+05:30 DEBUG 139594 --- [Crud_KR] [           main] o.s.b.f.s.DefaultListableBeanFactory     : Creating shared instance of singleton bean 'mvcPathMatcher'
2024-12-27T18:09:50.610+05:30 DEBUG 139594 --- [Crud_KR] [           main] o.s.b.f.s.DefaultListableBeanFactory     : Creating shared instance of singleton bean 'viewControllerHandlerMapping'
2024-12-27T18:09:50.611+05:30 DEBUG 139594 --- [Crud_KR] [           main] o.s.b.f.s.DefaultListableBeanFactory     : Autowiring by type from bean name 'viewControllerHandlerMapping' via factory method to bean named 'mvcConversionService'
2024-12-27T18:09:50.611+05:30 DEBUG 139594 --- [Crud_KR] [           main] o.s.b.f.s.DefaultListableBeanFactory     : Autowiring by type from bean name 'viewControllerHandlerMapping' via factory method to bean named 'mvcResourceUrlProvider'
2024-12-27T18:09:50.612+05:30 DEBUG 139594 --- [Crud_KR] [           main] o.s.b.f.s.DefaultListableBeanFactory     : Creating shared instance of singleton bean 'beanNameHandlerMapping'
2024-12-27T18:09:50.612+05:30 DEBUG 139594 --- [Crud_KR] [           main] o.s.b.f.s.DefaultListableBeanFactory     : Autowiring by type from bean name 'beanNameHandlerMapping' via factory method to bean named 'mvcConversionService'
2024-12-27T18:09:50.613+05:30 DEBUG 139594 --- [Crud_KR] [           main] o.s.b.f.s.DefaultListableBeanFactory     : Autowiring by type from bean name 'beanNameHandlerMapping' via factory method to bean named 'mvcResourceUrlProvider'
2024-12-27T18:09:50.615+05:30 DEBUG 139594 --- [Crud_KR] [           main] _.s.web.servlet.HandlerMapping.Mappings  : 'beanNameHandlerMapping' {}
2024-12-27T18:09:50.619+05:30 DEBUG 139594 --- [Crud_KR] [           main] o.s.b.f.s.DefaultListableBeanFactory     : Creating shared instance of singleton bean 'routerFunctionMapping'
2024-12-27T18:09:50.620+05:30 DEBUG 139594 --- [Crud_KR] [           main] o.s.b.f.s.DefaultListableBeanFactory     : Autowiring by type from bean name 'routerFunctionMapping' via factory method to bean named 'mvcConversionService'
2024-12-27T18:09:50.620+05:30 DEBUG 139594 --- [Crud_KR] [           main] o.s.b.f.s.DefaultListableBeanFactory     : Autowiring by type from bean name 'routerFunctionMapping' via factory method to bean named 'mvcResourceUrlProvider'
2024-12-27T18:09:50.622+05:30 DEBUG 139594 --- [Crud_KR] [           main] o.s.b.f.s.DefaultListableBeanFactory     : Creating shared instance of singleton bean 'messageConverters'
2024-12-27T18:09:50.622+05:30 DEBUG 139594 --- [Crud_KR] [           main] o.s.b.f.s.DefaultListableBeanFactory     : Creating shared instance of singleton bean 'org.springframework.boot.autoconfigure.http.HttpMessageConvertersAutoConfiguration'
2024-12-27T18:09:50.626+05:30 DEBUG 139594 --- [Crud_KR] [           main] o.s.b.f.s.DefaultListableBeanFactory     : Creating shared instance of singleton bean 'stringHttpMessageConverter'
2024-12-27T18:09:50.626+05:30 DEBUG 139594 --- [Crud_KR] [           main] o.s.b.f.s.DefaultListableBeanFactory     : Creating shared instance of singleton bean 'org.springframework.boot.autoconfigure.http.HttpMessageConvertersAutoConfiguration$StringHttpMessageConverterConfiguration'
2024-12-27T18:09:50.627+05:30 DEBUG 139594 --- [Crud_KR] [           main] o.s.b.f.s.DefaultListableBeanFactory     : Autowiring by type from bean name 'stringHttpMessageConverter' via factory method to bean named 'environment'
2024-12-27T18:09:50.631+05:30 DEBUG 139594 --- [Crud_KR] [           main] o.s.b.f.s.DefaultListableBeanFactory     : Creating shared instance of singleton bean 'mappingJackson2HttpMessageConverter'
2024-12-27T18:09:50.632+05:30 DEBUG 139594 --- [Crud_KR] [           main] o.s.b.f.s.DefaultListableBeanFactory     : Creating shared instance of singleton bean 'org.springframework.boot.autoconfigure.http.JacksonHttpMessageConvertersConfiguration$MappingJackson2HttpMessageConverterConfiguration'
2024-12-27T18:09:50.633+05:30 DEBUG 139594 --- [Crud_KR] [           main] o.s.b.f.s.DefaultListableBeanFactory     : Creating shared instance of singleton bean 'jacksonObjectMapper'
2024-12-27T18:09:50.633+05:30 DEBUG 139594 --- [Crud_KR] [           main] o.s.b.f.s.DefaultListableBeanFactory     : Creating shared instance of singleton bean 'org.springframework.boot.autoconfigure.jackson.JacksonAutoConfiguration$JacksonObjectMapperConfiguration'
2024-12-27T18:09:50.635+05:30 DEBUG 139594 --- [Crud_KR] [           main] o.s.b.f.s.DefaultListableBeanFactory     : Creating shared instance of singleton bean 'org.springframework.boot.autoconfigure.jackson.JacksonAutoConfiguration$JacksonObjectMapperBuilderConfiguration'
2024-12-27T18:09:50.636+05:30 DEBUG 139594 --- [Crud_KR] [           main] o.s.b.f.s.DefaultListableBeanFactory     : Creating shared instance of singleton bean 'standardJacksonObjectMapperBuilderCustomizer'
2024-12-27T18:09:50.637+05:30 DEBUG 139594 --- [Crud_KR] [           main] o.s.b.f.s.DefaultListableBeanFactory     : Creating shared instance of singleton bean 'org.springframework.boot.autoconfigure.jackson.JacksonAutoConfiguration$Jackson2ObjectMapperBuilderCustomizerConfiguration'
2024-12-27T18:09:50.638+05:30 DEBUG 139594 --- [Crud_KR] [           main] o.s.b.f.s.DefaultListableBeanFactory     : Creating shared instance of singleton bean 'spring.jackson-org.springframework.boot.autoconfigure.jackson.JacksonProperties'
2024-12-27T18:09:50.642+05:30 DEBUG 139594 --- [Crud_KR] [           main] o.s.b.f.s.DefaultListableBeanFactory     : Autowiring by type from bean name 'standardJacksonObjectMapperBuilderCustomizer' via factory method to bean named 'spring.jackson-org.springframework.boot.autoconfigure.jackson.JacksonProperties'
2024-12-27T18:09:50.643+05:30 DEBUG 139594 --- [Crud_KR] [           main] o.s.b.f.s.DefaultListableBeanFactory     : Creating shared instance of singleton bean 'parameterNamesModule'
2024-12-27T18:09:50.643+05:30 DEBUG 139594 --- [Crud_KR] [           main] o.s.b.f.s.DefaultListableBeanFactory     : Creating shared instance of singleton bean 'org.springframework.boot.autoconfigure.jackson.JacksonAutoConfiguration$ParameterNamesModuleConfiguration'
2024-12-27T18:09:50.647+05:30 DEBUG 139594 --- [Crud_KR] [           main] o.s.b.f.s.DefaultListableBeanFactory     : Creating shared instance of singleton bean 'jsonMixinModule'
2024-12-27T18:09:50.647+05:30 DEBUG 139594 --- [Crud_KR] [           main] o.s.b.f.s.DefaultListableBeanFactory     : Creating shared instance of singleton bean 'org.springframework.boot.autoconfigure.jackson.JacksonAutoConfiguration$JacksonMixinConfiguration'
2024-12-27T18:09:50.649+05:30 DEBUG 139594 --- [Crud_KR] [           main] o.s.b.f.s.DefaultListableBeanFactory     : Creating shared instance of singleton bean 'jsonMixinModuleEntries'
2024-12-27T18:09:50.649+05:30 DEBUG 139594 --- [Crud_KR] [           main] o.s.b.f.s.DefaultListableBeanFactory     : Autowiring by type from bean name 'jsonMixinModuleEntries' via factory method to bean named 'org.springframework.web.context.support.GenericWebApplicationContext@26f143ed'
2024-12-27T18:09:50.656+05:30 DEBUG 139594 --- [Crud_KR] [           main] o.s.b.f.s.DefaultListableBeanFactory     : Autowiring by type from bean name 'jsonMixinModule' via factory method to bean named 'org.springframework.web.context.support.GenericWebApplicationContext@26f143ed'
2024-12-27T18:09:50.656+05:30 DEBUG 139594 --- [Crud_KR] [           main] o.s.b.f.s.DefaultListableBeanFactory     : Autowiring by type from bean name 'jsonMixinModule' via factory method to bean named 'jsonMixinModuleEntries'
2024-12-27T18:09:50.659+05:30 DEBUG 139594 --- [Crud_KR] [           main] o.s.b.f.s.DefaultListableBeanFactory     : Creating shared instance of singleton bean 'jsonComponentModule'
2024-12-27T18:09:50.660+05:30 DEBUG 139594 --- [Crud_KR] [           main] o.s.b.f.s.DefaultListableBeanFactory     : Creating shared instance of singleton bean 'org.springframework.boot.autoconfigure.jackson.JacksonAutoConfiguration'
2024-12-27T18:09:50.666+05:30 DEBUG 139594 --- [Crud_KR] [           main] o.s.b.f.s.DefaultListableBeanFactory     : Creating shared instance of singleton bean 'jacksonGeoModule'
2024-12-27T18:09:50.667+05:30 DEBUG 139594 --- [Crud_KR] [           main] o.s.b.f.s.DefaultListableBeanFactory     : Creating shared instance of singleton bean 'org.springframework.data.web.config.SpringDataJacksonConfiguration'
2024-12-27T18:09:50.668+05:30 DEBUG 139594 --- [Crud_KR] [           main] o.s.b.f.s.DefaultListableBeanFactory     : Creating shared instance of singleton bean 'springDataWebSettings'
2024-12-27T18:09:50.668+05:30 DEBUG 139594 --- [Crud_KR] [           main] o.s.b.f.s.DefaultListableBeanFactory     : Creating shared instance of singleton bean 'org.springframework.boot.autoconfigure.data.web.SpringDataWebAutoConfiguration'
2024-12-27T18:09:50.670+05:30 DEBUG 139594 --- [Crud_KR] [           main] o.s.b.f.s.DefaultListableBeanFactory     : Creating shared instance of singleton bean 'spring.data.web-org.springframework.boot.autoconfigure.data.web.SpringDataWebProperties'
2024-12-27T18:09:50.672+05:30 DEBUG 139594 --- [Crud_KR] [           main] o.s.b.f.s.DefaultListableBeanFactory     : Autowiring by type from bean name 'org.springframework.boot.autoconfigure.data.web.SpringDataWebAutoConfiguration' via constructor to bean named 'spring.data.web-org.springframework.boot.autoconfigure.data.web.SpringDataWebProperties'
2024-12-27T18:09:50.679+05:30 DEBUG 139594 --- [Crud_KR] [           main] o.s.b.f.s.DefaultListableBeanFactory     : Creating shared instance of singleton bean 'pageModule'
2024-12-27T18:09:50.684+05:30 DEBUG 139594 --- [Crud_KR] [           main] o.s.b.f.s.DefaultListableBeanFactory     : Autowiring by type from bean name 'jacksonObjectMapperBuilder' via factory method to bean named 'org.springframework.web.context.support.GenericWebApplicationContext@26f143ed'
2024-12-27T18:09:50.684+05:30 DEBUG 139594 --- [Crud_KR] [           main] o.s.b.f.s.DefaultListableBeanFactory     : Autowiring by type from bean name 'jacksonObjectMapperBuilder' via factory method to bean named 'standardJacksonObjectMapperBuilderCustomizer'
2024-12-27T18:09:50.687+05:30 DEBUG 139594 --- [Crud_KR] [           main] o.s.b.f.s.DefaultListableBeanFactory     : Autowiring by type from bean name 'jacksonObjectMapper' via factory method to bean named 'jacksonObjectMapperBuilder'
2024-12-27T18:09:50.703+05:30 DEBUG 139594 --- [Crud_KR] [           main] o.s.b.f.s.DefaultListableBeanFactory     : Autowiring by type from bean name 'mappingJackson2HttpMessageConverter' via factory method to bean named 'jacksonObjectMapper'
2024-12-27T18:09:50.753+05:30 DEBUG 139594 --- [Crud_KR] [           main] o.s.b.f.s.DefaultListableBeanFactory     : Creating shared instance of singleton bean 'resourceHandlerMapping'
2024-12-27T18:09:50.754+05:30 DEBUG 139594 --- [Crud_KR] [           main] o.s.b.f.s.DefaultListableBeanFactory     : Autowiring by type from bean name 'resourceHandlerMapping' via factory method to bean named 'mvcContentNegotiationManager'
2024-12-27T18:09:50.754+05:30 DEBUG 139594 --- [Crud_KR] [           main] o.s.b.f.s.DefaultListableBeanFactory     : Autowiring by type from bean name 'resourceHandlerMapping' via factory method to bean named 'mvcConversionService'
2024-12-27T18:09:50.754+05:30 DEBUG 139594 --- [Crud_KR] [           main] o.s.b.f.s.DefaultListableBeanFactory     : Autowiring by type from bean name 'resourceHandlerMapping' via factory method to bean named 'mvcResourceUrlProvider'
2024-12-27T18:09:50.773+05:30 DEBUG 139594 --- [Crud_KR] [           main] _.s.web.servlet.HandlerMapping.Mappings  : 'resourceHandlerMapping' {/webjars/**=ResourceHttpRequestHandler [classpath [META-INF/resources/webjars/]], /**=ResourceHttpRequestHandler [classpath [META-INF/resources/], classpath [resources/], classpath [static/], classpath [public/], ServletContext [/]]}
2024-12-27T18:09:50.778+05:30 DEBUG 139594 --- [Crud_KR] [           main] o.s.b.f.s.DefaultListableBeanFactory     : Creating shared instance of singleton bean 'defaultServletHandlerMapping'
2024-12-27T18:09:50.779+05:30 DEBUG 139594 --- [Crud_KR] [           main] o.s.b.f.s.DefaultListableBeanFactory     : Creating shared instance of singleton bean 'requestMappingHandlerAdapter'
2024-12-27T18:09:50.780+05:30 DEBUG 139594 --- [Crud_KR] [           main] o.s.b.f.s.DefaultListableBeanFactory     : Autowiring by type from bean name 'requestMappingHandlerAdapter' via factory method to bean named 'mvcContentNegotiationManager'
2024-12-27T18:09:50.780+05:30 DEBUG 139594 --- [Crud_KR] [           main] o.s.b.f.s.DefaultListableBeanFactory     : Autowiring by type from bean name 'requestMappingHandlerAdapter' via factory method to bean named 'mvcConversionService'
2024-12-27T18:09:50.780+05:30 DEBUG 139594 --- [Crud_KR] [           main] o.s.b.f.s.DefaultListableBeanFactory     : Autowiring by type from bean name 'requestMappingHandlerAdapter' via factory method to bean named 'mvcValidator'
2024-12-27T18:09:50.788+05:30 DEBUG 139594 --- [Crud_KR] [           main] o.s.b.f.s.DefaultListableBeanFactory     : Creating shared instance of singleton bean 'sortResolver'
2024-12-27T18:09:50.790+05:30 DEBUG 139594 --- [Crud_KR] [           main] o.s.b.f.s.DefaultListableBeanFactory     : Creating shared instance of singleton bean 'sortCustomizer'
2024-12-27T18:09:50.794+05:30 DEBUG 139594 --- [Crud_KR] [           main] o.s.b.f.s.DefaultListableBeanFactory     : Creating shared instance of singleton bean 'pageableResolver'
2024-12-27T18:09:50.795+05:30 DEBUG 139594 --- [Crud_KR] [           main] o.s.b.f.s.DefaultListableBeanFactory     : Creating shared instance of singleton bean 'pageableCustomizer'
2024-12-27T18:09:50.800+05:30 DEBUG 139594 --- [Crud_KR] [           main] o.s.b.f.s.DefaultListableBeanFactory     : Creating shared instance of singleton bean 'applicationTaskExecutor'
2024-12-27T18:09:50.801+05:30 DEBUG 139594 --- [Crud_KR] [           main] o.s.b.f.s.DefaultListableBeanFactory     : Autowiring by type from bean name 'applicationTaskExecutor' via factory method to bean named 'threadPoolTaskExecutorBuilder'
2024-12-27T18:09:50.808+05:30 DEBUG 139594 --- [Crud_KR] [           main] o.s.s.concurrent.ThreadPoolTaskExecutor  : Initializing ExecutorService 'applicationTaskExecutor'
2024-12-27T18:09:50.826+05:30 DEBUG 139594 --- [Crud_KR] [           main] s.w.s.m.m.a.RequestMappingHandlerAdapter : ControllerAdvice beans: 0 @ModelAttribute, 0 @InitBinder, 1 RequestBodyAdvice, 1 ResponseBodyAdvice
2024-12-27T18:09:50.851+05:30 DEBUG 139594 --- [Crud_KR] [           main] o.s.b.f.s.DefaultListableBeanFactory     : Creating shared instance of singleton bean 'mvcViewResolver'
2024-12-27T18:09:50.852+05:30 DEBUG 139594 --- [Crud_KR] [           main] o.s.b.f.s.DefaultListableBeanFactory     : Autowiring by type from bean name 'mvcViewResolver' via factory method to bean named 'mvcContentNegotiationManager'
2024-12-27T18:09:50.855+05:30 DEBUG 139594 --- [Crud_KR] [           main] o.s.b.f.s.DefaultListableBeanFactory     : Creating shared instance of singleton bean 'defaultViewResolver'
2024-12-27T18:09:50.862+05:30 DEBUG 139594 --- [Crud_KR] [           main] o.s.b.f.s.DefaultListableBeanFactory     : Creating shared instance of singleton bean 'viewResolver'
2024-12-27T18:09:50.863+05:30 DEBUG 139594 --- [Crud_KR] [           main] o.s.b.f.s.DefaultListableBeanFactory     : Autowiring by type from bean name 'viewResolver' via factory method to bean named 'org.springframework.beans.factory.support.DefaultListableBeanFactory@37d00a23'
2024-12-27T18:09:50.866+05:30 DEBUG 139594 --- [Crud_KR] [           main] o.s.b.f.s.DefaultListableBeanFactory     : Creating shared instance of singleton bean 'viewResolver'
2024-12-27T18:09:50.877+05:30 DEBUG 139594 --- [Crud_KR] [           main] o.s.b.f.s.DefaultListableBeanFactory     : Creating shared instance of singleton bean 'handlerFunctionAdapter'
2024-12-27T18:09:50.879+05:30 DEBUG 139594 --- [Crud_KR] [           main] o.s.b.f.s.DefaultListableBeanFactory     : Creating shared instance of singleton bean 'mvcUriComponentsContributor'
2024-12-27T18:09:50.880+05:30 DEBUG 139594 --- [Crud_KR] [           main] o.s.b.f.s.DefaultListableBeanFactory     : Autowiring by type from bean name 'mvcUriComponentsContributor' via factory method to bean named 'mvcConversionService'
2024-12-27T18:09:50.881+05:30 DEBUG 139594 --- [Crud_KR] [           main] o.s.b.f.s.DefaultListableBeanFactory     : Autowiring by type from bean name 'mvcUriComponentsContributor' via factory method to bean named 'requestMappingHandlerAdapter'
2024-12-27T18:09:50.883+05:30 DEBUG 139594 --- [Crud_KR] [           main] o.s.b.f.s.DefaultListableBeanFactory     : Creating shared instance of singleton bean 'httpRequestHandlerAdapter'
2024-12-27T18:09:50.884+05:30 DEBUG 139594 --- [Crud_KR] [           main] o.s.b.f.s.DefaultListableBeanFactory     : Creating shared instance of singleton bean 'simpleControllerHandlerAdapter'
2024-12-27T18:09:50.885+05:30 DEBUG 139594 --- [Crud_KR] [           main] o.s.b.f.s.DefaultListableBeanFactory     : Creating shared instance of singleton bean 'handlerExceptionResolver'
2024-12-27T18:09:50.885+05:30 DEBUG 139594 --- [Crud_KR] [           main] o.s.b.f.s.DefaultListableBeanFactory     : Autowiring by type from bean name 'handlerExceptionResolver' via factory method to bean named 'mvcContentNegotiationManager'
2024-12-27T18:09:50.892+05:30 DEBUG 139594 --- [Crud_KR] [           main] .m.m.a.ExceptionHandlerExceptionResolver : ControllerAdvice beans: 1 @ExceptionHandler, 1 ResponseBodyAdvice
2024-12-27T18:09:50.895+05:30 DEBUG 139594 --- [Crud_KR] [           main] o.s.b.f.s.DefaultListableBeanFactory     : Creating shared instance of singleton bean 'requestContextFilter'
2024-12-27T18:09:50.898+05:30 DEBUG 139594 --- [Crud_KR] [           main] o.s.b.f.s.DefaultListableBeanFactory     : Creating shared instance of singleton bean 'org.springframework.boot.autoconfigure.web.servlet.WebMvcAutoConfiguration'
2024-12-27T18:09:50.899+05:30 DEBUG 139594 --- [Crud_KR] [           main] o.s.b.f.s.DefaultListableBeanFactory     : Creating shared instance of singleton bean 'formContentFilter'
2024-12-27T18:09:50.902+05:30 DEBUG 139594 --- [Crud_KR] [           main] o.s.b.f.s.DefaultListableBeanFactory     : Creating shared instance of singleton bean 'org.springframework.boot.autoconfigure.aop.AopAutoConfiguration$AspectJAutoProxyingConfiguration$CglibAutoProxyConfiguration'
2024-12-27T18:09:50.902+05:30 DEBUG 139594 --- [Crud_KR] [           main] o.s.b.f.s.DefaultListableBeanFactory     : Creating shared instance of singleton bean 'org.springframework.boot.autoconfigure.aop.AopAutoConfiguration$AspectJAutoProxyingConfiguration'
2024-12-27T18:09:50.903+05:30 DEBUG 139594 --- [Crud_KR] [           main] o.s.b.f.s.DefaultListableBeanFactory     : Creating shared instance of singleton bean 'org.springframework.boot.autoconfigure.aop.AopAutoConfiguration'
2024-12-27T18:09:50.903+05:30 DEBUG 139594 --- [Crud_KR] [           main] o.s.b.f.s.DefaultListableBeanFactory     : Creating shared instance of singleton bean 'org.springframework.boot.autoconfigure.availability.ApplicationAvailabilityAutoConfiguration'
2024-12-27T18:09:50.903+05:30 DEBUG 139594 --- [Crud_KR] [           main] o.s.b.f.s.DefaultListableBeanFactory     : Creating shared instance of singleton bean 'applicationAvailability'
2024-12-27T18:09:50.905+05:30 DEBUG 139594 --- [Crud_KR] [           main] o.s.b.f.s.DefaultListableBeanFactory     : Creating shared instance of singleton bean 'stringRedisTemplate'
2024-12-27T18:09:50.905+05:30 DEBUG 139594 --- [Crud_KR] [           main] o.s.b.f.s.DefaultListableBeanFactory     : Autowiring by type from bean name 'stringRedisTemplate' via factory method to bean named 'redisConnectionFactory'
2024-12-27T18:09:50.912+05:30 DEBUG 139594 --- [Crud_KR] [           main] o.s.b.f.s.DefaultListableBeanFactory     : Creating shared instance of singleton bean 'org.springframework.boot.autoconfigure.transaction.jta.JtaAutoConfiguration'
2024-12-27T18:09:50.912+05:30 DEBUG 139594 --- [Crud_KR] [           main] o.s.b.f.s.DefaultListableBeanFactory     : Creating shared instance of singleton bean 'org.springframework.boot.autoconfigure.jdbc.metadata.DataSourcePoolMetadataProvidersConfiguration'
2024-12-27T18:09:50.913+05:30 DEBUG 139594 --- [Crud_KR] [           main] o.s.b.f.s.DefaultListableBeanFactory     : Creating shared instance of singleton bean 'org.springframework.boot.autoconfigure.jdbc.DataSourceAutoConfiguration'
2024-12-27T18:09:50.913+05:30 DEBUG 139594 --- [Crud_KR] [           main] o.s.b.f.s.DefaultListableBeanFactory     : Creating shared instance of singleton bean 'org.springframework.boot.autoconfigure.transaction.TransactionManagerCustomizationAutoConfiguration'
2024-12-27T18:09:50.913+05:30 DEBUG 139594 --- [Crud_KR] [           main] o.s.b.f.s.DefaultListableBeanFactory     : Creating shared instance of singleton bean 'platformTransactionManagerCustomizers'
2024-12-27T18:09:50.914+05:30 DEBUG 139594 --- [Crud_KR] [           main] o.s.b.f.s.DefaultListableBeanFactory     : Creating shared instance of singleton bean 'transactionExecutionListeners'
2024-12-27T18:09:50.917+05:30 DEBUG 139594 --- [Crud_KR] [           main] o.s.b.f.s.DefaultListableBeanFactory     : Creating shared instance of singleton bean 'spring.transaction-org.springframework.boot.autoconfigure.transaction.TransactionProperties'
2024-12-27T18:09:50.920+05:30 DEBUG 139594 --- [Crud_KR] [           main] o.s.b.f.s.DefaultListableBeanFactory     : Creating shared instance of singleton bean 'org.springframework.boot.autoconfigure.orm.jpa.JpaBaseConfiguration$PersistenceManagedTypesConfiguration'
2024-12-27T18:09:50.921+05:30 DEBUG 139594 --- [Crud_KR] [           main] o.s.b.f.s.DefaultListableBeanFactory     : Creating shared instance of singleton bean 'transactionManager'
2024-12-27T18:09:50.929+05:30 DEBUG 139594 --- [Crud_KR] [           main] o.s.b.f.s.DefaultListableBeanFactory     : Creating shared instance of singleton bean 'org.springframework.boot.autoconfigure.orm.jpa.HibernateJpaAutoConfiguration'
2024-12-27T18:09:50.930+05:30 DEBUG 139594 --- [Crud_KR] [           main] o.s.b.f.s.DefaultListableBeanFactory     : Creating shared instance of singleton bean 'cacheAutoConfigurationValidator'
2024-12-27T18:09:50.931+05:30 DEBUG 139594 --- [Crud_KR] [           main] o.s.b.f.s.DefaultListableBeanFactory     : Autowiring by type from bean name 'cacheAutoConfigurationValidator' via factory method to bean named 'spring.cache-org.springframework.boot.autoconfigure.cache.CacheProperties'
2024-12-27T18:09:50.932+05:30 DEBUG 139594 --- [Crud_KR] [           main] o.s.b.f.s.DefaultListableBeanFactory     : Creating shared instance of singleton bean 'org.springframework.boot.autoconfigure.context.ConfigurationPropertiesAutoConfiguration'
2024-12-27T18:09:50.932+05:30 DEBUG 139594 --- [Crud_KR] [           main] o.s.b.f.s.DefaultListableBeanFactory     : Creating shared instance of singleton bean 'org.springframework.boot.autoconfigure.context.LifecycleAutoConfiguration'
2024-12-27T18:09:50.933+05:30 DEBUG 139594 --- [Crud_KR] [           main] o.s.b.f.s.DefaultListableBeanFactory     : Creating shared instance of singleton bean 'lifecycleProcessor'
2024-12-27T18:09:50.933+05:30 DEBUG 139594 --- [Crud_KR] [           main] o.s.b.f.s.DefaultListableBeanFactory     : Creating shared instance of singleton bean 'spring.lifecycle-org.springframework.boot.autoconfigure.context.LifecycleProperties'
2024-12-27T18:09:50.934+05:30 DEBUG 139594 --- [Crud_KR] [           main] o.s.b.f.s.DefaultListableBeanFactory     : Autowiring by type from bean name 'lifecycleProcessor' via factory method to bean named 'spring.lifecycle-org.springframework.boot.autoconfigure.context.LifecycleProperties'
2024-12-27T18:09:50.937+05:30 DEBUG 139594 --- [Crud_KR] [           main] o.s.b.f.s.DefaultListableBeanFactory     : Creating shared instance of singleton bean 'org.springframework.boot.autoconfigure.dao.PersistenceExceptionTranslationAutoConfiguration'
2024-12-27T18:09:50.937+05:30 DEBUG 139594 --- [Crud_KR] [           main] o.s.b.f.s.DefaultListableBeanFactory     : Creating shared instance of singleton bean 'org.springframework.boot.autoconfigure.data.jpa.JpaRepositoriesAutoConfiguration'
2024-12-27T18:09:50.938+05:30 DEBUG 139594 --- [Crud_KR] [           main] o.s.b.f.s.DefaultListableBeanFactory     : Creating shared instance of singleton bean 'org.springframework.data.jpa.util.JpaMetamodelCacheCleanup'
2024-12-27T18:09:50.938+05:30 DEBUG 139594 --- [Crud_KR] [           main] o.s.b.f.s.DefaultListableBeanFactory     : Creating shared instance of singleton bean 'org.springframework.data.jpa.repository.support.JpaEvaluationContextExtension'
2024-12-27T18:09:50.939+05:30 DEBUG 139594 --- [Crud_KR] [           main] o.s.b.f.s.DefaultListableBeanFactory     : Creating shared instance of singleton bean 'data-jpa.repository-aot-processor#0'
2024-12-27T18:09:50.942+05:30 DEBUG 139594 --- [Crud_KR] [           main] o.s.b.f.s.DefaultListableBeanFactory     : Creating shared instance of singleton bean 'org.springframework.boot.autoconfigure.data.redis.RedisReactiveAutoConfiguration'
2024-12-27T18:09:50.943+05:30 DEBUG 139594 --- [Crud_KR] [           main] o.s.b.f.s.DefaultListableBeanFactory     : Creating shared instance of singleton bean 'reactiveRedisTemplate'
2024-12-27T18:09:50.944+05:30 DEBUG 139594 --- [Crud_KR] [           main] o.s.b.f.s.DefaultListableBeanFactory     : Autowiring by type from bean name 'reactiveRedisTemplate' via factory method to bean named 'redisConnectionFactory'
2024-12-27T18:09:50.944+05:30 DEBUG 139594 --- [Crud_KR] [           main] o.s.b.f.s.DefaultListableBeanFactory     : Autowiring by type from bean name 'reactiveRedisTemplate' via factory method to bean named 'org.springframework.web.context.support.GenericWebApplicationContext@26f143ed'
2024-12-27T18:09:50.967+05:30 DEBUG 139594 --- [Crud_KR] [           main] o.s.b.f.s.DefaultListableBeanFactory     : Creating shared instance of singleton bean 'reactiveStringRedisTemplate'
2024-12-27T18:09:50.968+05:30 DEBUG 139594 --- [Crud_KR] [           main] o.s.b.f.s.DefaultListableBeanFactory     : Autowiring by type from bean name 'reactiveStringRedisTemplate' via factory method to bean named 'redisConnectionFactory'
2024-12-27T18:09:50.972+05:30 DEBUG 139594 --- [Crud_KR] [           main] o.s.b.f.s.DefaultListableBeanFactory     : Creating shared instance of singleton bean 'org.springframework.boot.autoconfigure.data.redis.RedisRepositoriesAutoConfiguration'
2024-12-27T18:09:50.973+05:30 DEBUG 139594 --- [Crud_KR] [           main] o.s.b.f.s.DefaultListableBeanFactory     : Creating shared instance of singleton bean 'redisIndexConfiguration#0'
2024-12-27T18:09:50.974+05:30 DEBUG 139594 --- [Crud_KR] [           main] o.s.b.f.s.DefaultListableBeanFactory     : Creating shared instance of singleton bean 'redisKeyspaceConfiguration#0'
2024-12-27T18:09:50.974+05:30 DEBUG 139594 --- [Crud_KR] [           main] o.s.b.f.s.DefaultListableBeanFactory     : Creating shared instance of singleton bean 'redisMappingConfiguration#0'
2024-12-27T18:09:50.975+05:30 DEBUG 139594 --- [Crud_KR] [           main] o.s.b.f.s.DefaultListableBeanFactory     : Creating shared instance of singleton bean 'keyValueMappingContext'
2024-12-27T18:09:50.979+05:30 DEBUG 139594 --- [Crud_KR] [           main] o.s.b.f.s.DefaultListableBeanFactory     : Creating shared instance of singleton bean 'redisCustomConversions'
2024-12-27T18:09:50.980+05:30 DEBUG 139594 --- [Crud_KR] [           main] o.s.data.convert.CustomConversions       : Adding converter from class java.lang.String to class [B as writing converter
2024-12-27T18:09:50.980+05:30 DEBUG 139594 --- [Crud_KR] [           main] o.s.data.convert.CustomConversions       : Adding converter from class [B to class java.lang.String as reading converter
2024-12-27T18:09:50.980+05:30 DEBUG 139594 --- [Crud_KR] [           main] o.s.data.convert.CustomConversions       : Adding converter from class java.lang.Number to class [B as writing converter
2024-12-27T18:09:50.981+05:30 DEBUG 139594 --- [Crud_KR] [           main] o.s.data.convert.CustomConversions       : Adding converter from class [B to class java.lang.Number as reading converter
2024-12-27T18:09:50.981+05:30 DEBUG 139594 --- [Crud_KR] [           main] o.s.data.convert.CustomConversions       : Adding converter from class java.lang.Enum to class [B as writing converter
2024-12-27T18:09:50.981+05:30 DEBUG 139594 --- [Crud_KR] [           main] o.s.data.convert.CustomConversions       : Adding converter from class [B to class java.lang.Enum as reading converter
2024-12-27T18:09:50.981+05:30 DEBUG 139594 --- [Crud_KR] [           main] o.s.data.convert.CustomConversions       : Adding converter from class java.lang.Boolean to class [B as writing converter
2024-12-27T18:09:50.981+05:30 DEBUG 139594 --- [Crud_KR] [           main] o.s.data.convert.CustomConversions       : Adding converter from class [B to class java.lang.Boolean as reading converter
2024-12-27T18:09:50.981+05:30 DEBUG 139594 --- [Crud_KR] [           main] o.s.data.convert.CustomConversions       : Adding converter from class java.util.Date to class [B as writing converter
2024-12-27T18:09:50.981+05:30 DEBUG 139594 --- [Crud_KR] [           main] o.s.data.convert.CustomConversions       : Adding converter from class [B to class java.util.Date as reading converter
2024-12-27T18:09:50.981+05:30 DEBUG 139594 --- [Crud_KR] [           main] o.s.data.convert.CustomConversions       : Adding converter from class java.util.UUID to class [B as writing converter
2024-12-27T18:09:50.981+05:30 DEBUG 139594 --- [Crud_KR] [           main] o.s.data.convert.CustomConversions       : Adding converter from class [B to class java.util.UUID as reading converter
2024-12-27T18:09:50.981+05:30 DEBUG 139594 --- [Crud_KR] [           main] o.s.data.convert.CustomConversions       : Adding converter from class java.time.LocalDateTime to class [B as reading converter
2024-12-27T18:09:50.981+05:30 DEBUG 139594 --- [Crud_KR] [           main] o.s.data.convert.CustomConversions       : Adding converter from class [B to class java.time.LocalDateTime as reading converter
2024-12-27T18:09:50.981+05:30 DEBUG 139594 --- [Crud_KR] [           main] o.s.data.convert.CustomConversions       : Adding converter from class java.time.LocalDate to class [B as reading converter
2024-12-27T18:09:50.981+05:30 DEBUG 139594 --- [Crud_KR] [           main] o.s.data.convert.CustomConversions       : Adding converter from class [B to class java.time.LocalDate as reading converter
2024-12-27T18:09:50.981+05:30 DEBUG 139594 --- [Crud_KR] [           main] o.s.data.convert.CustomConversions       : Adding converter from class java.time.LocalTime to class [B as reading converter
2024-12-27T18:09:50.981+05:30 DEBUG 139594 --- [Crud_KR] [           main] o.s.data.convert.CustomConversions       : Adding converter from class [B to class java.time.LocalTime as reading converter
2024-12-27T18:09:50.981+05:30 DEBUG 139594 --- [Crud_KR] [           main] o.s.data.convert.CustomConversions       : Adding converter from class java.time.ZonedDateTime to class [B as reading converter
2024-12-27T18:09:50.981+05:30 DEBUG 139594 --- [Crud_KR] [           main] o.s.data.convert.CustomConversions       : Adding converter from class [B to class java.time.ZonedDateTime as reading converter
2024-12-27T18:09:50.981+05:30 DEBUG 139594 --- [Crud_KR] [           main] o.s.data.convert.CustomConversions       : Adding converter from class java.time.Instant to class [B as reading converter
2024-12-27T18:09:50.982+05:30 DEBUG 139594 --- [Crud_KR] [           main] o.s.data.convert.CustomConversions       : Adding converter from class [B to class java.time.Instant as reading converter
2024-12-27T18:09:50.982+05:30 DEBUG 139594 --- [Crud_KR] [           main] o.s.data.convert.CustomConversions       : Adding converter from class java.time.ZoneId to class [B as reading converter
2024-12-27T18:09:50.982+05:30 DEBUG 139594 --- [Crud_KR] [           main] o.s.data.convert.CustomConversions       : Adding converter from class [B to class java.time.ZoneId as reading converter
2024-12-27T18:09:50.982+05:30 DEBUG 139594 --- [Crud_KR] [           main] o.s.data.convert.CustomConversions       : Adding converter from class java.time.Period to class [B as reading converter
2024-12-27T18:09:50.982+05:30 DEBUG 139594 --- [Crud_KR] [           main] o.s.data.convert.CustomConversions       : Adding converter from class [B to class java.time.Period as reading converter
2024-12-27T18:09:50.982+05:30 DEBUG 139594 --- [Crud_KR] [           main] o.s.data.convert.CustomConversions       : Adding converter from class java.time.Duration to class [B as reading converter
2024-12-27T18:09:50.982+05:30 DEBUG 139594 --- [Crud_KR] [           main] o.s.data.convert.CustomConversions       : Adding converter from class [B to class java.time.Duration as reading converter
2024-12-27T18:09:50.982+05:30 DEBUG 139594 --- [Crud_KR] [           main] o.s.data.convert.CustomConversions       : Adding converter from class java.time.OffsetDateTime to class [B as reading converter
2024-12-27T18:09:50.982+05:30 DEBUG 139594 --- [Crud_KR] [           main] o.s.data.convert.CustomConversions       : Adding converter from class [B to class java.time.OffsetDateTime as reading converter
2024-12-27T18:09:50.982+05:30 DEBUG 139594 --- [Crud_KR] [           main] o.s.data.convert.CustomConversions       : Adding converter from class java.time.OffsetTime to class [B as reading converter
2024-12-27T18:09:50.982+05:30 DEBUG 139594 --- [Crud_KR] [           main] o.s.data.convert.CustomConversions       : Adding converter from class [B to class java.time.OffsetTime as reading converter
2024-12-27T18:09:50.982+05:30 DEBUG 139594 --- [Crud_KR] [           main] o.s.data.convert.CustomConversions       : Adding converter from class java.util.Date to class java.time.LocalDateTime as reading converter
2024-12-27T18:09:50.982+05:30 DEBUG 139594 --- [Crud_KR] [           main] o.s.data.convert.CustomConversions       : Adding converter from class java.time.LocalDateTime to class java.util.Date as writing converter
2024-12-27T18:09:50.982+05:30 DEBUG 139594 --- [Crud_KR] [           main] o.s.data.convert.CustomConversions       : Adding converter from class java.util.Date to class java.time.LocalDate as reading converter
2024-12-27T18:09:50.982+05:30 DEBUG 139594 --- [Crud_KR] [           main] o.s.data.convert.CustomConversions       : Adding converter from class java.time.LocalDate to class java.util.Date as writing converter
2024-12-27T18:09:50.982+05:30 DEBUG 139594 --- [Crud_KR] [           main] o.s.data.convert.CustomConversions       : Adding converter from class java.util.Date to class java.time.LocalTime as reading converter
2024-12-27T18:09:50.982+05:30 DEBUG 139594 --- [Crud_KR] [           main] o.s.data.convert.CustomConversions       : Adding converter from class java.time.LocalTime to class java.util.Date as writing converter
2024-12-27T18:09:50.982+05:30 DEBUG 139594 --- [Crud_KR] [           main] o.s.data.convert.CustomConversions       : Adding converter from class java.util.Date to class java.time.Instant as reading converter
2024-12-27T18:09:50.982+05:30 DEBUG 139594 --- [Crud_KR] [           main] o.s.data.convert.CustomConversions       : Adding converter from class java.time.Instant to class java.util.Date as writing converter
2024-12-27T18:09:50.982+05:30 DEBUG 139594 --- [Crud_KR] [           main] o.s.data.convert.CustomConversions       : Adding converter from class java.time.LocalDateTime to class java.time.Instant as reading converter
2024-12-27T18:09:50.982+05:30 DEBUG 139594 --- [Crud_KR] [           main] o.s.data.convert.CustomConversions       : Adding converter from class java.time.Instant to class java.time.LocalDateTime as reading converter
2024-12-27T18:09:50.983+05:30 DEBUG 139594 --- [Crud_KR] [           main] o.s.data.convert.CustomConversions       : Adding converter from class java.time.ZoneId to class java.lang.String as writing converter
2024-12-27T18:09:50.983+05:30 DEBUG 139594 --- [Crud_KR] [           main] o.s.data.convert.CustomConversions       : Adding converter from class java.lang.String to class java.time.ZoneId as reading converter
2024-12-27T18:09:50.983+05:30 DEBUG 139594 --- [Crud_KR] [           main] o.s.data.convert.CustomConversions       : Adding converter from class java.time.Duration to class java.lang.String as writing converter
2024-12-27T18:09:50.983+05:30 DEBUG 139594 --- [Crud_KR] [           main] o.s.data.convert.CustomConversions       : Adding converter from class java.lang.String to class java.time.Duration as reading converter
2024-12-27T18:09:50.983+05:30 DEBUG 139594 --- [Crud_KR] [           main] o.s.data.convert.CustomConversions       : Adding converter from class java.time.Period to class java.lang.String as writing converter
2024-12-27T18:09:50.983+05:30 DEBUG 139594 --- [Crud_KR] [           main] o.s.data.convert.CustomConversions       : Adding converter from class java.lang.String to class java.time.Period as reading converter
2024-12-27T18:09:50.983+05:30 DEBUG 139594 --- [Crud_KR] [           main] o.s.data.convert.CustomConversions       : Adding converter from class java.lang.String to class java.time.LocalDate as reading converter
2024-12-27T18:09:50.983+05:30 DEBUG 139594 --- [Crud_KR] [           main] o.s.data.convert.CustomConversions       : Adding converter from class java.lang.String to class java.time.LocalDateTime as reading converter
2024-12-27T18:09:50.983+05:30 DEBUG 139594 --- [Crud_KR] [           main] o.s.data.convert.CustomConversions       : Adding converter from class java.lang.String to class java.time.Instant as reading converter
2024-12-27T18:09:50.984+05:30 DEBUG 139594 --- [Crud_KR] [           main] o.s.b.f.s.DefaultListableBeanFactory     : Creating shared instance of singleton bean 'redisReferenceResolver'
2024-12-27T18:09:50.986+05:30 DEBUG 139594 --- [Crud_KR] [           main] o.s.b.f.s.DefaultListableBeanFactory     : Creating shared instance of singleton bean 'redisConverter'
2024-12-27T18:09:50.988+05:30 DEBUG 139594 --- [Crud_KR] [           main] o.s.data.convert.CustomConversions       : Adding converter from class java.lang.String to class [B as writing converter
2024-12-27T18:09:50.988+05:30 DEBUG 139594 --- [Crud_KR] [           main] o.s.data.convert.CustomConversions       : Adding converter from class [B to class java.lang.String as reading converter
2024-12-27T18:09:50.988+05:30 DEBUG 139594 --- [Crud_KR] [           main] o.s.data.convert.CustomConversions       : Adding converter from class java.lang.Number to class [B as writing converter
2024-12-27T18:09:50.988+05:30 DEBUG 139594 --- [Crud_KR] [           main] o.s.data.convert.CustomConversions       : Adding converter from class [B to class java.lang.Number as reading converter
2024-12-27T18:09:50.988+05:30 DEBUG 139594 --- [Crud_KR] [           main] o.s.data.convert.CustomConversions       : Adding converter from class java.lang.Enum to class [B as writing converter
2024-12-27T18:09:50.988+05:30 DEBUG 139594 --- [Crud_KR] [           main] o.s.data.convert.CustomConversions       : Adding converter from class [B to class java.lang.Enum as reading converter
2024-12-27T18:09:50.988+05:30 DEBUG 139594 --- [Crud_KR] [           main] o.s.data.convert.CustomConversions       : Adding converter from class java.lang.Boolean to class [B as writing converter
2024-12-27T18:09:50.988+05:30 DEBUG 139594 --- [Crud_KR] [           main] o.s.data.convert.CustomConversions       : Adding converter from class [B to class java.lang.Boolean as reading converter
2024-12-27T18:09:50.988+05:30 DEBUG 139594 --- [Crud_KR] [           main] o.s.data.convert.CustomConversions       : Adding converter from class java.util.Date to class [B as writing converter
2024-12-27T18:09:50.988+05:30 DEBUG 139594 --- [Crud_KR] [           main] o.s.data.convert.CustomConversions       : Adding converter from class [B to class java.util.Date as reading converter
2024-12-27T18:09:50.988+05:30 DEBUG 139594 --- [Crud_KR] [           main] o.s.data.convert.CustomConversions       : Adding converter from class java.util.UUID to class [B as writing converter
2024-12-27T18:09:50.989+05:30 DEBUG 139594 --- [Crud_KR] [           main] o.s.data.convert.CustomConversions       : Adding converter from class [B to class java.util.UUID as reading converter
2024-12-27T18:09:50.989+05:30 DEBUG 139594 --- [Crud_KR] [           main] o.s.data.convert.CustomConversions       : Adding converter from class java.time.LocalDateTime to class [B as reading converter
2024-12-27T18:09:50.989+05:30 DEBUG 139594 --- [Crud_KR] [           main] o.s.data.convert.CustomConversions       : Adding converter from class [B to class java.time.LocalDateTime as reading converter
2024-12-27T18:09:50.989+05:30 DEBUG 139594 --- [Crud_KR] [           main] o.s.data.convert.CustomConversions       : Adding converter from class java.time.LocalDate to class [B as reading converter
2024-12-27T18:09:50.989+05:30 DEBUG 139594 --- [Crud_KR] [           main] o.s.data.convert.CustomConversions       : Adding converter from class [B to class java.time.LocalDate as reading converter
2024-12-27T18:09:50.989+05:30 DEBUG 139594 --- [Crud_KR] [           main] o.s.data.convert.CustomConversions       : Adding converter from class java.time.LocalTime to class [B as reading converter
2024-12-27T18:09:50.989+05:30 DEBUG 139594 --- [Crud_KR] [           main] o.s.data.convert.CustomConversions       : Adding converter from class [B to class java.time.LocalTime as reading converter
2024-12-27T18:09:50.989+05:30 DEBUG 139594 --- [Crud_KR] [           main] o.s.data.convert.CustomConversions       : Adding converter from class java.time.ZonedDateTime to class [B as reading converter
2024-12-27T18:09:50.989+05:30 DEBUG 139594 --- [Crud_KR] [           main] o.s.data.convert.CustomConversions       : Adding converter from class [B to class java.time.ZonedDateTime as reading converter
2024-12-27T18:09:50.989+05:30 DEBUG 139594 --- [Crud_KR] [           main] o.s.data.convert.CustomConversions       : Adding converter from class java.time.Instant to class [B as reading converter
2024-12-27T18:09:50.989+05:30 DEBUG 139594 --- [Crud_KR] [           main] o.s.data.convert.CustomConversions       : Adding converter from class [B to class java.time.Instant as reading converter
2024-12-27T18:09:50.989+05:30 DEBUG 139594 --- [Crud_KR] [           main] o.s.data.convert.CustomConversions       : Adding converter from class java.time.ZoneId to class [B as reading converter
2024-12-27T18:09:50.989+05:30 DEBUG 139594 --- [Crud_KR] [           main] o.s.data.convert.CustomConversions       : Adding converter from class [B to class java.time.ZoneId as reading converter
2024-12-27T18:09:50.989+05:30 DEBUG 139594 --- [Crud_KR] [           main] o.s.data.convert.CustomConversions       : Adding converter from class java.time.Period to class [B as reading converter
2024-12-27T18:09:50.989+05:30 DEBUG 139594 --- [Crud_KR] [           main] o.s.data.convert.CustomConversions       : Adding converter from class [B to class java.time.Period as reading converter
2024-12-27T18:09:50.989+05:30 DEBUG 139594 --- [Crud_KR] [           main] o.s.data.convert.CustomConversions       : Adding converter from class java.time.Duration to class [B as reading converter
2024-12-27T18:09:50.989+05:30 DEBUG 139594 --- [Crud_KR] [           main] o.s.data.convert.CustomConversions       : Adding converter from class [B to class java.time.Duration as reading converter
2024-12-27T18:09:50.989+05:30 DEBUG 139594 --- [Crud_KR] [           main] o.s.data.convert.CustomConversions       : Adding converter from class java.time.OffsetDateTime to class [B as reading converter
2024-12-27T18:09:50.989+05:30 DEBUG 139594 --- [Crud_KR] [           main] o.s.data.convert.CustomConversions       : Adding converter from class [B to class java.time.OffsetDateTime as reading converter
2024-12-27T18:09:50.989+05:30 DEBUG 139594 --- [Crud_KR] [           main] o.s.data.convert.CustomConversions       : Adding converter from class java.time.OffsetTime to class [B as reading converter
2024-12-27T18:09:50.989+05:30 DEBUG 139594 --- [Crud_KR] [           main] o.s.data.convert.CustomConversions       : Adding converter from class [B to class java.time.OffsetTime as reading converter
2024-12-27T18:09:50.989+05:30 DEBUG 139594 --- [Crud_KR] [           main] o.s.data.convert.CustomConversions       : Adding converter from class java.util.Date to class java.time.LocalDateTime as reading converter
2024-12-27T18:09:50.989+05:30 DEBUG 139594 --- [Crud_KR] [           main] o.s.data.convert.CustomConversions       : Adding converter from class java.time.LocalDateTime to class java.util.Date as writing converter
2024-12-27T18:09:50.989+05:30 DEBUG 139594 --- [Crud_KR] [           main] o.s.data.convert.CustomConversions       : Adding converter from class java.util.Date to class java.time.LocalDate as reading converter
2024-12-27T18:09:50.989+05:30 DEBUG 139594 --- [Crud_KR] [           main] o.s.data.convert.CustomConversions       : Adding converter from class java.time.LocalDate to class java.util.Date as writing converter
2024-12-27T18:09:50.989+05:30 DEBUG 139594 --- [Crud_KR] [           main] o.s.data.convert.CustomConversions       : Adding converter from class java.util.Date to class java.time.LocalTime as reading converter
2024-12-27T18:09:50.989+05:30 DEBUG 139594 --- [Crud_KR] [           main] o.s.data.convert.CustomConversions       : Adding converter from class java.time.LocalTime to class java.util.Date as writing converter
2024-12-27T18:09:50.989+05:30 DEBUG 139594 --- [Crud_KR] [           main] o.s.data.convert.CustomConversions       : Adding converter from class java.util.Date to class java.time.Instant as reading converter
2024-12-27T18:09:50.989+05:30 DEBUG 139594 --- [Crud_KR] [           main] o.s.data.convert.CustomConversions       : Adding converter from class java.time.Instant to class java.util.Date as writing converter
2024-12-27T18:09:50.989+05:30 DEBUG 139594 --- [Crud_KR] [           main] o.s.data.convert.CustomConversions       : Adding converter from class java.time.LocalDateTime to class java.time.Instant as reading converter
2024-12-27T18:09:50.989+05:30 DEBUG 139594 --- [Crud_KR] [           main] o.s.data.convert.CustomConversions       : Adding converter from class java.time.Instant to class java.time.LocalDateTime as reading converter
2024-12-27T18:09:50.989+05:30 DEBUG 139594 --- [Crud_KR] [           main] o.s.data.convert.CustomConversions       : Adding converter from class java.time.ZoneId to class java.lang.String as writing converter
2024-12-27T18:09:50.989+05:30 DEBUG 139594 --- [Crud_KR] [           main] o.s.data.convert.CustomConversions       : Adding converter from class java.lang.String to class java.time.ZoneId as reading converter
2024-12-27T18:09:50.989+05:30 DEBUG 139594 --- [Crud_KR] [           main] o.s.data.convert.CustomConversions       : Adding converter from class java.time.Duration to class java.lang.String as writing converter
2024-12-27T18:09:50.989+05:30 DEBUG 139594 --- [Crud_KR] [           main] o.s.data.convert.CustomConversions       : Adding converter from class java.lang.String to class java.time.Duration as reading converter
2024-12-27T18:09:50.989+05:30 DEBUG 139594 --- [Crud_KR] [           main] o.s.data.convert.CustomConversions       : Adding converter from class java.time.Period to class java.lang.String as writing converter
2024-12-27T18:09:50.989+05:30 DEBUG 139594 --- [Crud_KR] [           main] o.s.data.convert.CustomConversions       : Adding converter from class java.lang.String to class java.time.Period as reading converter
2024-12-27T18:09:50.989+05:30 DEBUG 139594 --- [Crud_KR] [           main] o.s.data.convert.CustomConversions       : Adding converter from class java.lang.String to class java.time.LocalDate as reading converter
2024-12-27T18:09:50.989+05:30 DEBUG 139594 --- [Crud_KR] [           main] o.s.data.convert.CustomConversions       : Adding converter from class java.lang.String to class java.time.LocalDateTime as reading converter
2024-12-27T18:09:50.989+05:30 DEBUG 139594 --- [Crud_KR] [           main] o.s.data.convert.CustomConversions       : Adding converter from class java.lang.String to class java.time.Instant as reading converter
2024-12-27T18:09:50.990+05:30 DEBUG 139594 --- [Crud_KR] [           main] o.s.data.convert.CustomConversions       : Adding converter from class java.lang.String to class [B as writing converter
2024-12-27T18:09:50.990+05:30 DEBUG 139594 --- [Crud_KR] [           main] o.s.data.convert.CustomConversions       : Adding converter from class [B to class java.lang.String as reading converter
2024-12-27T18:09:50.990+05:30 DEBUG 139594 --- [Crud_KR] [           main] o.s.data.convert.CustomConversions       : Adding converter from class java.lang.Number to class [B as writing converter
2024-12-27T18:09:50.990+05:30 DEBUG 139594 --- [Crud_KR] [           main] o.s.data.convert.CustomConversions       : Adding converter from class [B to class java.lang.Number as reading converter
2024-12-27T18:09:50.990+05:30 DEBUG 139594 --- [Crud_KR] [           main] o.s.data.convert.CustomConversions       : Adding converter from class java.lang.Enum to class [B as writing converter
2024-12-27T18:09:50.990+05:30 DEBUG 139594 --- [Crud_KR] [           main] o.s.data.convert.CustomConversions       : Adding converter from class [B to class java.lang.Enum as reading converter
2024-12-27T18:09:50.990+05:30 DEBUG 139594 --- [Crud_KR] [           main] o.s.data.convert.CustomConversions       : Adding converter from class java.lang.Boolean to class [B as writing converter
2024-12-27T18:09:50.990+05:30 DEBUG 139594 --- [Crud_KR] [           main] o.s.data.convert.CustomConversions       : Adding converter from class [B to class java.lang.Boolean as reading converter
2024-12-27T18:09:50.990+05:30 DEBUG 139594 --- [Crud_KR] [           main] o.s.data.convert.CustomConversions       : Adding converter from class java.util.Date to class [B as writing converter
2024-12-27T18:09:50.990+05:30 DEBUG 139594 --- [Crud_KR] [           main] o.s.data.convert.CustomConversions       : Adding converter from class [B to class java.util.Date as reading converter
2024-12-27T18:09:50.990+05:30 DEBUG 139594 --- [Crud_KR] [           main] o.s.data.convert.CustomConversions       : Adding converter from class java.util.UUID to class [B as writing converter
2024-12-27T18:09:50.990+05:30 DEBUG 139594 --- [Crud_KR] [           main] o.s.data.convert.CustomConversions       : Adding converter from class [B to class java.util.UUID as reading converter
2024-12-27T18:09:50.990+05:30 DEBUG 139594 --- [Crud_KR] [           main] o.s.data.convert.CustomConversions       : Adding converter from class java.time.LocalDateTime to class [B as reading converter
2024-12-27T18:09:50.990+05:30 DEBUG 139594 --- [Crud_KR] [           main] o.s.data.convert.CustomConversions       : Adding converter from class [B to class java.time.LocalDateTime as reading converter
2024-12-27T18:09:50.990+05:30 DEBUG 139594 --- [Crud_KR] [           main] o.s.data.convert.CustomConversions       : Adding converter from class java.time.LocalDate to class [B as reading converter
2024-12-27T18:09:50.990+05:30 DEBUG 139594 --- [Crud_KR] [           main] o.s.data.convert.CustomConversions       : Adding converter from class [B to class java.time.LocalDate as reading converter
2024-12-27T18:09:50.991+05:30 DEBUG 139594 --- [Crud_KR] [           main] o.s.data.convert.CustomConversions       : Adding converter from class java.time.LocalTime to class [B as reading converter
2024-12-27T18:09:50.991+05:30 DEBUG 139594 --- [Crud_KR] [           main] o.s.data.convert.CustomConversions       : Adding converter from class [B to class java.time.LocalTime as reading converter
2024-12-27T18:09:50.991+05:30 DEBUG 139594 --- [Crud_KR] [           main] o.s.data.convert.CustomConversions       : Adding converter from class java.time.ZonedDateTime to class [B as reading converter
2024-12-27T18:09:50.991+05:30 DEBUG 139594 --- [Crud_KR] [           main] o.s.data.convert.CustomConversions       : Adding converter from class [B to class java.time.ZonedDateTime as reading converter
2024-12-27T18:09:50.991+05:30 DEBUG 139594 --- [Crud_KR] [           main] o.s.data.convert.CustomConversions       : Adding converter from class java.time.Instant to class [B as reading converter
2024-12-27T18:09:50.991+05:30 DEBUG 139594 --- [Crud_KR] [           main] o.s.data.convert.CustomConversions       : Adding converter from class [B to class java.time.Instant as reading converter
2024-12-27T18:09:50.991+05:30 DEBUG 139594 --- [Crud_KR] [           main] o.s.data.convert.CustomConversions       : Adding converter from class java.time.ZoneId to class [B as reading converter
2024-12-27T18:09:50.991+05:30 DEBUG 139594 --- [Crud_KR] [           main] o.s.data.convert.CustomConversions       : Adding converter from class [B to class java.time.ZoneId as reading converter
2024-12-27T18:09:50.991+05:30 DEBUG 139594 --- [Crud_KR] [           main] o.s.data.convert.CustomConversions       : Adding converter from class java.time.Period to class [B as reading converter
2024-12-27T18:09:50.991+05:30 DEBUG 139594 --- [Crud_KR] [           main] o.s.data.convert.CustomConversions       : Adding converter from class [B to class java.time.Period as reading converter
2024-12-27T18:09:50.991+05:30 DEBUG 139594 --- [Crud_KR] [           main] o.s.data.convert.CustomConversions       : Adding converter from class java.time.Duration to class [B as reading converter
2024-12-27T18:09:50.991+05:30 DEBUG 139594 --- [Crud_KR] [           main] o.s.data.convert.CustomConversions       : Adding converter from class [B to class java.time.Duration as reading converter
2024-12-27T18:09:50.991+05:30 DEBUG 139594 --- [Crud_KR] [           main] o.s.data.convert.CustomConversions       : Adding converter from class java.time.OffsetDateTime to class [B as reading converter
2024-12-27T18:09:50.991+05:30 DEBUG 139594 --- [Crud_KR] [           main] o.s.data.convert.CustomConversions       : Adding converter from class [B to class java.time.OffsetDateTime as reading converter
2024-12-27T18:09:50.991+05:30 DEBUG 139594 --- [Crud_KR] [           main] o.s.data.convert.CustomConversions       : Adding converter from class java.time.OffsetTime to class [B as reading converter
2024-12-27T18:09:50.991+05:30 DEBUG 139594 --- [Crud_KR] [           main] o.s.data.convert.CustomConversions       : Adding converter from class [B to class java.time.OffsetTime as reading converter
2024-12-27T18:09:50.991+05:30 DEBUG 139594 --- [Crud_KR] [           main] o.s.data.convert.CustomConversions       : Adding converter from class java.util.Date to class java.time.LocalDateTime as reading converter
2024-12-27T18:09:50.991+05:30 DEBUG 139594 --- [Crud_KR] [           main] o.s.data.convert.CustomConversions       : Adding converter from class java.time.LocalDateTime to class java.util.Date as writing converter
2024-12-27T18:09:50.991+05:30 DEBUG 139594 --- [Crud_KR] [           main] o.s.data.convert.CustomConversions       : Adding converter from class java.util.Date to class java.time.LocalDate as reading converter
2024-12-27T18:09:50.991+05:30 DEBUG 139594 --- [Crud_KR] [           main] o.s.data.convert.CustomConversions       : Adding converter from class java.time.LocalDate to class java.util.Date as writing converter
2024-12-27T18:09:50.991+05:30 DEBUG 139594 --- [Crud_KR] [           main] o.s.data.convert.CustomConversions       : Adding converter from class java.util.Date to class java.time.LocalTime as reading converter
2024-12-27T18:09:50.991+05:30 DEBUG 139594 --- [Crud_KR] [           main] o.s.data.convert.CustomConversions       : Adding converter from class java.time.LocalTime to class java.util.Date as writing converter
2024-12-27T18:09:50.991+05:30 DEBUG 139594 --- [Crud_KR] [           main] o.s.data.convert.CustomConversions       : Adding converter from class java.util.Date to class java.time.Instant as reading converter
2024-12-27T18:09:50.991+05:30 DEBUG 139594 --- [Crud_KR] [           main] o.s.data.convert.CustomConversions       : Adding converter from class java.time.Instant to class java.util.Date as writing converter
2024-12-27T18:09:50.991+05:30 DEBUG 139594 --- [Crud_KR] [           main] o.s.data.convert.CustomConversions       : Adding converter from class java.time.LocalDateTime to class java.time.Instant as reading converter
2024-12-27T18:09:50.991+05:30 DEBUG 139594 --- [Crud_KR] [           main] o.s.data.convert.CustomConversions       : Adding converter from class java.time.Instant to class java.time.LocalDateTime as reading converter
2024-12-27T18:09:50.991+05:30 DEBUG 139594 --- [Crud_KR] [           main] o.s.data.convert.CustomConversions       : Adding converter from class java.time.ZoneId to class java.lang.String as writing converter
2024-12-27T18:09:50.991+05:30 DEBUG 139594 --- [Crud_KR] [           main] o.s.data.convert.CustomConversions       : Adding converter from class java.lang.String to class java.time.ZoneId as reading converter
2024-12-27T18:09:50.991+05:30 DEBUG 139594 --- [Crud_KR] [           main] o.s.data.convert.CustomConversions       : Adding converter from class java.time.Duration to class java.lang.String as writing converter
2024-12-27T18:09:50.991+05:30 DEBUG 139594 --- [Crud_KR] [           main] o.s.data.convert.CustomConversions       : Adding converter from class java.lang.String to class java.time.Duration as reading converter
2024-12-27T18:09:50.992+05:30 DEBUG 139594 --- [Crud_KR] [           main] o.s.data.convert.CustomConversions       : Adding converter from class java.time.Period to class java.lang.String as writing converter
2024-12-27T18:09:50.992+05:30 DEBUG 139594 --- [Crud_KR] [           main] o.s.data.convert.CustomConversions       : Adding converter from class java.lang.String to class java.time.Period as reading converter
2024-12-27T18:09:50.992+05:30 DEBUG 139594 --- [Crud_KR] [           main] o.s.data.convert.CustomConversions       : Adding converter from class java.lang.String to class java.time.LocalDate as reading converter
2024-12-27T18:09:50.992+05:30 DEBUG 139594 --- [Crud_KR] [           main] o.s.data.convert.CustomConversions       : Adding converter from class java.lang.String to class java.time.LocalDateTime as reading converter
2024-12-27T18:09:50.992+05:30 DEBUG 139594 --- [Crud_KR] [           main] o.s.data.convert.CustomConversions       : Adding converter from class java.lang.String to class java.time.Instant as reading converter
2024-12-27T18:09:50.998+05:30 DEBUG 139594 --- [Crud_KR] [           main] o.s.b.f.s.DefaultListableBeanFactory     : Creating shared instance of singleton bean 'redisKeyValueAdapter'
2024-12-27T18:09:51.011+05:30 DEBUG 139594 --- [Crud_KR] [           main] o.s.b.f.s.DefaultListableBeanFactory     : Creating shared instance of singleton bean 'redisKeyValueTemplate'
2024-12-27T18:09:51.015+05:30 DEBUG 139594 --- [Crud_KR] [           main] o.s.b.f.s.DefaultListableBeanFactory     : Creating shared instance of singleton bean 'data-redis.repository-aot-processor#0'
2024-12-27T18:09:51.016+05:30 DEBUG 139594 --- [Crud_KR] [           main] o.s.b.f.s.DefaultListableBeanFactory     : Creating shared instance of singleton bean 'org.springframework.boot.autoconfigure.http.JacksonHttpMessageConvertersConfiguration'
2024-12-27T18:09:51.017+05:30 DEBUG 139594 --- [Crud_KR] [           main] o.s.b.f.s.DefaultListableBeanFactory     : Creating shared instance of singleton bean 'org.springframework.data.web.config.ProjectingArgumentResolverRegistrar'
2024-12-27T18:09:51.018+05:30 DEBUG 139594 --- [Crud_KR] [           main] o.s.b.f.s.DefaultListableBeanFactory     : Creating shared instance of singleton bean 'offsetResolver'
2024-12-27T18:09:51.020+05:30 DEBUG 139594 --- [Crud_KR] [           main] o.s.b.f.s.DefaultListableBeanFactory     : Creating shared instance of singleton bean 'org.springframework.boot.autoconfigure.http.client.HttpClientAutoConfiguration'
2024-12-27T18:09:51.020+05:30 DEBUG 139594 --- [Crud_KR] [           main] o.s.b.f.s.DefaultListableBeanFactory     : Creating shared instance of singleton bean 'clientHttpRequestFactoryBuilder'
2024-12-27T18:09:51.021+05:30 DEBUG 139594 --- [Crud_KR] [           main] o.s.b.f.s.DefaultListableBeanFactory     : Creating shared instance of singleton bean 'spring.http.client-org.springframework.boot.autoconfigure.http.client.HttpClientProperties'
2024-12-27T18:09:51.023+05:30 DEBUG 139594 --- [Crud_KR] [           main] o.s.b.f.s.DefaultListableBeanFactory     : Autowiring by type from bean name 'clientHttpRequestFactoryBuilder' via factory method to bean named 'spring.http.client-org.springframework.boot.autoconfigure.http.client.HttpClientProperties'
2024-12-27T18:09:51.030+05:30 DEBUG 139594 --- [Crud_KR] [           main] o.s.b.f.s.DefaultListableBeanFactory     : Creating shared instance of singleton bean 'clientHttpRequestFactorySettings'
2024-12-27T18:09:51.030+05:30 DEBUG 139594 --- [Crud_KR] [           main] o.s.b.f.s.DefaultListableBeanFactory     : Autowiring by type from bean name 'clientHttpRequestFactorySettings' via factory method to bean named 'spring.http.client-org.springframework.boot.autoconfigure.http.client.HttpClientProperties'
2024-12-27T18:09:51.033+05:30 DEBUG 139594 --- [Crud_KR] [           main] o.s.b.f.s.DefaultListableBeanFactory     : Creating shared instance of singleton bean 'org.springframework.boot.autoconfigure.info.ProjectInfoAutoConfiguration'
2024-12-27T18:09:51.035+05:30 DEBUG 139594 --- [Crud_KR] [           main] o.s.b.f.s.DefaultListableBeanFactory     : Creating shared instance of singleton bean 'spring.info-org.springframework.boot.autoconfigure.info.ProjectInfoProperties'
2024-12-27T18:09:51.036+05:30 DEBUG 139594 --- [Crud_KR] [           main] o.s.b.f.s.DefaultListableBeanFactory     : Autowiring by type from bean name 'org.springframework.boot.autoconfigure.info.ProjectInfoAutoConfiguration' via constructor to bean named 'spring.info-org.springframework.boot.autoconfigure.info.ProjectInfoProperties'
2024-12-27T18:09:51.037+05:30 DEBUG 139594 --- [Crud_KR] [           main] o.s.b.f.s.DefaultListableBeanFactory     : Creating shared instance of singleton bean 'org.springframework.boot.autoconfigure.jdbc.JdbcTemplateConfiguration'
2024-12-27T18:09:51.037+05:30 DEBUG 139594 --- [Crud_KR] [           main] o.s.b.f.s.DefaultListableBeanFactory     : Creating shared instance of singleton bean 'jdbcTemplate'
2024-12-27T18:09:51.038+05:30 DEBUG 139594 --- [Crud_KR] [           main] o.s.b.f.s.DefaultListableBeanFactory     : Creating shared instance of singleton bean 'spring.jdbc-org.springframework.boot.autoconfigure.jdbc.JdbcProperties'
2024-12-27T18:09:51.039+05:30 DEBUG 139594 --- [Crud_KR] [           main] o.s.b.f.s.DefaultListableBeanFactory     : Autowiring by type from bean name 'jdbcTemplate' via factory method to bean named 'dataSource'
2024-12-27T18:09:51.039+05:30 DEBUG 139594 --- [Crud_KR] [           main] o.s.b.f.s.DefaultListableBeanFactory     : Autowiring by type from bean name 'jdbcTemplate' via factory method to bean named 'spring.jdbc-org.springframework.boot.autoconfigure.jdbc.JdbcProperties'
2024-12-27T18:09:51.046+05:30 DEBUG 139594 --- [Crud_KR] [           main] o.s.b.f.s.DefaultListableBeanFactory     : Creating shared instance of singleton bean 'org.springframework.boot.autoconfigure.jdbc.NamedParameterJdbcTemplateConfiguration'
2024-12-27T18:09:51.046+05:30 DEBUG 139594 --- [Crud_KR] [           main] o.s.b.f.s.DefaultListableBeanFactory     : Creating shared instance of singleton bean 'namedParameterJdbcTemplate'
2024-12-27T18:09:51.047+05:30 DEBUG 139594 --- [Crud_KR] [           main] o.s.b.f.s.DefaultListableBeanFactory     : Autowiring by type from bean name 'namedParameterJdbcTemplate' via factory method to bean named 'jdbcTemplate'
2024-12-27T18:09:51.053+05:30 DEBUG 139594 --- [Crud_KR] [           main] o.s.b.f.s.DefaultListableBeanFactory     : Creating shared instance of singleton bean 'org.springframework.boot.autoconfigure.jdbc.JdbcTemplateAutoConfiguration'
2024-12-27T18:09:51.053+05:30 DEBUG 139594 --- [Crud_KR] [           main] o.s.b.f.s.DefaultListableBeanFactory     : Creating shared instance of singleton bean 'org.springframework.boot.autoconfigure.jdbc.JdbcClientAutoConfiguration'
2024-12-27T18:09:51.054+05:30 DEBUG 139594 --- [Crud_KR] [           main] o.s.b.f.s.DefaultListableBeanFactory     : Creating shared instance of singleton bean 'jdbcClient'
2024-12-27T18:09:51.055+05:30 DEBUG 139594 --- [Crud_KR] [           main] o.s.b.f.s.DefaultListableBeanFactory     : Autowiring by type from bean name 'jdbcClient' via factory method to bean named 'namedParameterJdbcTemplate'
2024-12-27T18:09:51.056+05:30 DEBUG 139594 --- [Crud_KR] [           main] o.s.b.f.s.DefaultListableBeanFactory     : Creating shared instance of singleton bean 'org.springframework.boot.autoconfigure.kafka.KafkaAnnotationDrivenConfiguration$EnableKafkaConfiguration'
2024-12-27T18:09:51.056+05:30 DEBUG 139594 --- [Crud_KR] [           main] o.s.b.f.s.DefaultListableBeanFactory     : Creating shared instance of singleton bean 'org.springframework.kafka.config.internalKafkaListenerEndpointRegistry'
2024-12-27T18:09:51.058+05:30 DEBUG 139594 --- [Crud_KR] [           main] o.s.b.f.s.DefaultListableBeanFactory     : Creating shared instance of singleton bean 'org.springframework.boot.autoconfigure.kafka.KafkaAnnotationDrivenConfiguration'
2024-12-27T18:09:51.059+05:30 DEBUG 139594 --- [Crud_KR] [           main] o.s.b.f.s.DefaultListableBeanFactory     : Creating shared instance of singleton bean 'spring.kafka-org.springframework.boot.autoconfigure.kafka.KafkaProperties'
2024-12-27T18:09:51.071+05:30 DEBUG 139594 --- [Crud_KR] [           main] o.s.b.f.s.DefaultListableBeanFactory     : Autowiring by type from bean name 'org.springframework.boot.autoconfigure.kafka.KafkaAnnotationDrivenConfiguration' via constructor to bean named 'spring.kafka-org.springframework.boot.autoconfigure.kafka.KafkaProperties'
2024-12-27T18:09:51.084+05:30 DEBUG 139594 --- [Crud_KR] [           main] o.s.b.f.s.DefaultListableBeanFactory     : Creating shared instance of singleton bean 'kafkaTemplate'
2024-12-27T18:09:51.084+05:30 DEBUG 139594 --- [Crud_KR] [           main] o.s.b.f.s.DefaultListableBeanFactory     : Creating shared instance of singleton bean 'org.springframework.boot.autoconfigure.kafka.KafkaAutoConfiguration'
2024-12-27T18:09:51.084+05:30 DEBUG 139594 --- [Crud_KR] [           main] o.s.b.f.s.DefaultListableBeanFactory     : Autowiring by type from bean name 'org.springframework.boot.autoconfigure.kafka.KafkaAutoConfiguration' via constructor to bean named 'spring.kafka-org.springframework.boot.autoconfigure.kafka.KafkaProperties'
2024-12-27T18:09:51.086+05:30 DEBUG 139594 --- [Crud_KR] [           main] o.s.b.f.s.DefaultListableBeanFactory     : Creating shared instance of singleton bean 'kafkaProducerFactory'
2024-12-27T18:09:51.088+05:30 DEBUG 139594 --- [Crud_KR] [           main] o.s.b.f.s.DefaultListableBeanFactory     : Creating shared instance of singleton bean 'kafkaConnectionDetails'
2024-12-27T18:09:51.088+05:30 DEBUG 139594 --- [Crud_KR] [           main] o.s.b.f.s.DefaultListableBeanFactory     : Autowiring by type from bean name 'kafkaConnectionDetails' via factory method to bean named 'spring.kafka-org.springframework.boot.autoconfigure.kafka.KafkaProperties'
2024-12-27T18:09:51.089+05:30 DEBUG 139594 --- [Crud_KR] [           main] o.s.b.f.s.DefaultListableBeanFactory     : Autowiring by type from bean name 'kafkaProducerFactory' via factory method to bean named 'kafkaConnectionDetails'
2024-12-27T18:09:51.107+05:30 DEBUG 139594 --- [Crud_KR] [           main] o.s.b.f.s.DefaultListableBeanFactory     : Creating shared instance of singleton bean 'kafkaProducerListener'
2024-12-27T18:09:51.109+05:30 DEBUG 139594 --- [Crud_KR] [           main] o.s.b.f.s.DefaultListableBeanFactory     : Autowiring by type from bean name 'kafkaTemplate' via factory method to bean named 'kafkaProducerFactory'
2024-12-27T18:09:51.110+05:30 DEBUG 139594 --- [Crud_KR] [           main] o.s.b.f.s.DefaultListableBeanFactory     : Autowiring by type from bean name 'kafkaTemplate' via factory method to bean named 'kafkaProducerListener'
2024-12-27T18:09:51.128+05:30 DEBUG 139594 --- [Crud_KR] [           main] o.s.b.f.s.DefaultListableBeanFactory     : Creating shared instance of singleton bean 'kafkaListenerContainerFactoryConfigurer'
2024-12-27T18:09:51.132+05:30 DEBUG 139594 --- [Crud_KR] [           main] o.s.b.f.s.DefaultListableBeanFactory     : Creating shared instance of singleton bean 'kafkaListenerContainerFactory'
2024-12-27T18:09:51.137+05:30 DEBUG 139594 --- [Crud_KR] [           main] o.s.b.f.s.DefaultListableBeanFactory     : Autowiring by type from bean name 'kafkaListenerContainerFactory' via factory method to bean named 'kafkaListenerContainerFactoryConfigurer'
2024-12-27T18:09:51.140+05:30 DEBUG 139594 --- [Crud_KR] [           main] o.s.b.f.s.DefaultListableBeanFactory     : Creating shared instance of singleton bean 'kafkaConsumerFactory'
2024-12-27T18:09:51.141+05:30 DEBUG 139594 --- [Crud_KR] [           main] o.s.b.f.s.DefaultListableBeanFactory     : Autowiring by type from bean name 'kafkaConsumerFactory' via factory method to bean named 'kafkaConnectionDetails'
2024-12-27T18:09:51.166+05:30 DEBUG 139594 --- [Crud_KR] [           main] o.s.b.f.s.DefaultListableBeanFactory     : Creating shared instance of singleton bean 'kafkaAdmin'
2024-12-27T18:09:51.167+05:30 DEBUG 139594 --- [Crud_KR] [           main] o.s.b.f.s.DefaultListableBeanFactory     : Autowiring by type from bean name 'kafkaAdmin' via factory method to bean named 'kafkaConnectionDetails'
2024-12-27T18:09:51.174+05:30 DEBUG 139594 --- [Crud_KR] [           main] o.s.b.f.s.DefaultListableBeanFactory     : Creating shared instance of singleton bean 'org.springframework.boot.autoconfigure.netty.NettyAutoConfiguration'
2024-12-27T18:09:51.175+05:30 DEBUG 139594 --- [Crud_KR] [           main] o.s.b.f.s.DefaultListableBeanFactory     : Creating shared instance of singleton bean 'spring.netty-org.springframework.boot.autoconfigure.netty.NettyProperties'
2024-12-27T18:09:51.176+05:30 DEBUG 139594 --- [Crud_KR] [           main] o.s.b.f.s.DefaultListableBeanFactory     : Autowiring by type from bean name 'org.springframework.boot.autoconfigure.netty.NettyAutoConfiguration' via constructor to bean named 'spring.netty-org.springframework.boot.autoconfigure.netty.NettyProperties'
2024-12-27T18:09:51.177+05:30 DEBUG 139594 --- [Crud_KR] [           main] o.s.b.f.s.DefaultListableBeanFactory     : Creating shared instance of singleton bean 'org.springframework.boot.autoconfigure.reactor.ReactorAutoConfiguration'
2024-12-27T18:09:51.178+05:30 DEBUG 139594 --- [Crud_KR] [           main] o.s.b.f.s.DefaultListableBeanFactory     : Creating shared instance of singleton bean 'spring.reactor-org.springframework.boot.autoconfigure.reactor.ReactorProperties'
2024-12-27T18:09:51.179+05:30 DEBUG 139594 --- [Crud_KR] [           main] o.s.b.f.s.DefaultListableBeanFactory     : Autowiring by type from bean name 'org.springframework.boot.autoconfigure.reactor.ReactorAutoConfiguration' via constructor to bean named 'spring.reactor-org.springframework.boot.autoconfigure.reactor.ReactorProperties'
2024-12-27T18:09:51.179+05:30 DEBUG 139594 --- [Crud_KR] [           main] o.s.b.f.s.DefaultListableBeanFactory     : Creating shared instance of singleton bean 'org.springframework.boot.autoconfigure.sql.init.SqlInitializationAutoConfiguration'
2024-12-27T18:09:51.179+05:30 DEBUG 139594 --- [Crud_KR] [           main] o.s.b.f.s.DefaultListableBeanFactory     : Creating shared instance of singleton bean 'org.springframework.boot.autoconfigure.task.TaskSchedulingConfigurations$ThreadPoolTaskSchedulerBuilderConfiguration'
2024-12-27T18:09:51.180+05:30 DEBUG 139594 --- [Crud_KR] [           main] o.s.b.f.s.DefaultListableBeanFactory     : Creating shared instance of singleton bean 'threadPoolTaskSchedulerBuilder'
2024-12-27T18:09:51.181+05:30 DEBUG 139594 --- [Crud_KR] [           main] o.s.b.f.s.DefaultListableBeanFactory     : Creating shared instance of singleton bean 'spring.task.scheduling-org.springframework.boot.autoconfigure.task.TaskSchedulingProperties'
2024-12-27T18:09:51.183+05:30 DEBUG 139594 --- [Crud_KR] [           main] o.s.b.f.s.DefaultListableBeanFactory     : Autowiring by type from bean name 'threadPoolTaskSchedulerBuilder' via factory method to bean named 'spring.task.scheduling-org.springframework.boot.autoconfigure.task.TaskSchedulingProperties'
2024-12-27T18:09:51.185+05:30 DEBUG 139594 --- [Crud_KR] [           main] o.s.b.f.s.DefaultListableBeanFactory     : Creating shared instance of singleton bean 'org.springframework.boot.autoconfigure.task.TaskSchedulingConfigurations$SimpleAsyncTaskSchedulerBuilderConfiguration'
2024-12-27T18:09:51.186+05:30 DEBUG 139594 --- [Crud_KR] [           main] o.s.b.f.s.DefaultListableBeanFactory     : Autowiring by type from bean name 'org.springframework.boot.autoconfigure.task.TaskSchedulingConfigurations$SimpleAsyncTaskSchedulerBuilderConfiguration' via constructor to bean named 'spring.task.scheduling-org.springframework.boot.autoconfigure.task.TaskSchedulingProperties'
2024-12-27T18:09:51.187+05:30 DEBUG 139594 --- [Crud_KR] [           main] o.s.b.f.s.DefaultListableBeanFactory     : Creating shared instance of singleton bean 'simpleAsyncTaskSchedulerBuilder'
2024-12-27T18:09:51.189+05:30 DEBUG 139594 --- [Crud_KR] [           main] o.s.b.f.s.DefaultListableBeanFactory     : Creating shared instance of singleton bean 'org.springframework.boot.autoconfigure.task.TaskSchedulingAutoConfiguration'
2024-12-27T18:09:51.190+05:30 DEBUG 139594 --- [Crud_KR] [           main] o.s.b.f.s.DefaultListableBeanFactory     : Creating shared instance of singleton bean 'org.springframework.boot.autoconfigure.jdbc.DataSourceTransactionManagerAutoConfiguration$JdbcTransactionManagerConfiguration'
2024-12-27T18:09:51.191+05:30 DEBUG 139594 --- [Crud_KR] [           main] o.s.b.f.s.DefaultListableBeanFactory     : Creating shared instance of singleton bean 'org.springframework.boot.autoconfigure.jdbc.DataSourceTransactionManagerAutoConfiguration'
2024-12-27T18:09:51.191+05:30 DEBUG 139594 --- [Crud_KR] [           main] o.s.b.f.s.DefaultListableBeanFactory     : Creating shared instance of singleton bean 'org.springframework.boot.autoconfigure.transaction.TransactionAutoConfiguration$EnableTransactionManagementConfiguration$CglibAutoProxyConfiguration'
2024-12-27T18:09:51.192+05:30 DEBUG 139594 --- [Crud_KR] [           main] o.s.b.f.s.DefaultListableBeanFactory     : Creating shared instance of singleton bean 'org.springframework.boot.autoconfigure.transaction.TransactionAutoConfiguration$EnableTransactionManagementConfiguration'
2024-12-27T18:09:51.192+05:30 DEBUG 139594 --- [Crud_KR] [           main] o.s.b.f.s.DefaultListableBeanFactory     : Creating shared instance of singleton bean 'org.springframework.boot.autoconfigure.transaction.TransactionAutoConfiguration$TransactionTemplateConfiguration'
2024-12-27T18:09:51.193+05:30 DEBUG 139594 --- [Crud_KR] [           main] o.s.b.f.s.DefaultListableBeanFactory     : Creating shared instance of singleton bean 'transactionTemplate'
2024-12-27T18:09:51.193+05:30 DEBUG 139594 --- [Crud_KR] [           main] o.s.b.f.s.DefaultListableBeanFactory     : Autowiring by type from bean name 'transactionTemplate' via factory method to bean named 'transactionManager'
2024-12-27T18:09:51.196+05:30 DEBUG 139594 --- [Crud_KR] [           main] o.s.b.f.s.DefaultListableBeanFactory     : Creating shared instance of singleton bean 'org.springframework.boot.autoconfigure.transaction.TransactionAutoConfiguration'
2024-12-27T18:09:51.197+05:30 DEBUG 139594 --- [Crud_KR] [           main] o.s.b.f.s.DefaultListableBeanFactory     : Creating shared instance of singleton bean 'org.springframework.boot.autoconfigure.web.client.RestClientAutoConfiguration'
2024-12-27T18:09:51.198+05:30 DEBUG 139594 --- [Crud_KR] [           main] o.s.b.f.s.DefaultListableBeanFactory     : Creating shared instance of singleton bean 'httpMessageConvertersRestClientCustomizer'
2024-12-27T18:09:51.199+05:30 DEBUG 139594 --- [Crud_KR] [           main] o.s.b.f.s.DefaultListableBeanFactory     : Creating shared instance of singleton bean 'restClientSsl'
2024-12-27T18:09:51.200+05:30 DEBUG 139594 --- [Crud_KR] [           main] o.s.b.f.s.DefaultListableBeanFactory     : Autowiring by type from bean name 'restClientSsl' via factory method to bean named 'sslBundleRegistry'
2024-12-27T18:09:51.202+05:30 DEBUG 139594 --- [Crud_KR] [           main] o.s.b.f.s.DefaultListableBeanFactory     : Creating shared instance of singleton bean 'restClientBuilderConfigurer'
2024-12-27T18:09:51.204+05:30 DEBUG 139594 --- [Crud_KR] [           main] o.s.b.f.s.DefaultListableBeanFactory     : Creating shared instance of singleton bean 'org.springframework.boot.autoconfigure.web.client.RestTemplateAutoConfiguration'
2024-12-27T18:09:51.204+05:30 DEBUG 139594 --- [Crud_KR] [           main] o.s.b.f.s.DefaultListableBeanFactory     : Creating shared instance of singleton bean 'characterEncodingFilter'
2024-12-27T18:09:51.206+05:30 DEBUG 139594 --- [Crud_KR] [           main] o.s.b.f.s.DefaultListableBeanFactory     : Creating shared instance of singleton bean 'multipartResolver'
2024-12-27T18:09:51.223+05:30 DEBUG 139594 --- [Crud_KR] [           main] o.s.c.support.DefaultLifecycleProcessor  : Starting beans in phase -2147483648
2024-12-27T18:09:51.224+05:30 DEBUG 139594 --- [Crud_KR] [           main] o.s.c.support.DefaultLifecycleProcessor  : Successfully started bean 'kafkaProducerFactory'
2024-12-27T18:09:51.224+05:30 DEBUG 139594 --- [Crud_KR] [           main] o.s.c.support.DefaultLifecycleProcessor  : Starting beans in phase -2147483647
2024-12-27T18:09:51.224+05:30 DEBUG 139594 --- [Crud_KR] [           main] o.s.c.support.DefaultLifecycleProcessor  : Successfully started bean 'springBootLoggingLifecycle'
2024-12-27T18:09:51.224+05:30 DEBUG 139594 --- [Crud_KR] [           main] o.s.c.support.DefaultLifecycleProcessor  : Starting beans in phase 0
2024-12-27T18:09:51.224+05:30 DEBUG 139594 --- [Crud_KR] [           main] o.s.c.support.DefaultLifecycleProcessor  : Starting beans in phase 1073741823
2024-12-27T18:09:51.224+05:30 DEBUG 139594 --- [Crud_KR] [           main] o.s.c.support.DefaultLifecycleProcessor  : Starting beans in phase 2147483547
2024-12-27T18:09:51.224+05:30 DEBUG 139594 --- [Crud_KR] [           main] o.s.c.support.DefaultLifecycleProcessor  : Successfully started bean 'org.springframework.kafka.config.internalKafkaListenerEndpointRegistry'
2024-12-27T18:09:51.224+05:30 DEBUG 139594 --- [Crud_KR] [           main] o.s.c.support.DefaultLifecycleProcessor  : Starting beans in phase 2147483647
2024-12-27T18:09:51.224+05:30 DEBUG 139594 --- [Crud_KR] [           main] o.s.d.r.l.RedisMessageListenerContainer  : Starting RedisMessageListenerContainer...
2024-12-27T18:09:51.225+05:30 DEBUG 139594 --- [Crud_KR] [           main] o.s.d.r.l.RedisMessageListenerContainer  : Postpone listening for Redis messages until actual listeners are added
2024-12-27T18:09:51.225+05:30 DEBUG 139594 --- [Crud_KR] [           main] o.s.c.support.DefaultLifecycleProcessor  : Successfully started bean 'redisKeyValueAdapter'
2024-12-27T18:09:51.241+05:30 DEBUG 139594 --- [Crud_KR] [           main] .s.b.a.l.ConditionEvaluationReportLogger : 


============================
CONDITIONS EVALUATION REPORT
============================


Positive matches:
-----------------

   AopAutoConfiguration matched:
      - @ConditionalOnProperty (spring.aop.auto=true) matched (OnPropertyCondition)

   AopAutoConfiguration.AspectJAutoProxyingConfiguration matched:
      - @ConditionalOnClass found required class 'org.aspectj.weaver.Advice' (OnClassCondition)

   AopAutoConfiguration.AspectJAutoProxyingConfiguration.CglibAutoProxyConfiguration matched:
      - @ConditionalOnProperty (spring.aop.proxy-target-class=true) matched (OnPropertyCondition)

   ApplicationAvailabilityAutoConfiguration#applicationAvailability matched:
      - @ConditionalOnMissingBean (types: org.springframework.boot.availability.ApplicationAvailability; SearchStrategy: all) did not find any beans (OnBeanCondition)

   CacheAutoConfiguration matched:
      - @ConditionalOnClass found required class 'org.springframework.cache.CacheManager' (OnClassCondition)
      - @ConditionalOnBean (types: org.springframework.cache.interceptor.CacheAspectSupport; SearchStrategy: all) found bean 'cacheInterceptor'; @ConditionalOnMissingBean (names: cacheResolver types: org.springframework.cache.CacheManager; SearchStrategy: all) did not find any beans (OnBeanCondition)

   CacheAutoConfiguration#cacheManagerCustomizers matched:
      - @ConditionalOnMissingBean (types: org.springframework.boot.autoconfigure.cache.CacheManagerCustomizers; SearchStrategy: all) did not find any beans (OnBeanCondition)

   CacheAutoConfiguration.CacheManagerEntityManagerFactoryDependsOnPostProcessor matched:
      - @ConditionalOnClass found required class 'org.springframework.orm.jpa.LocalContainerEntityManagerFactoryBean' (OnClassCondition)
      - @ConditionalOnBean (types: org.springframework.orm.jpa.AbstractEntityManagerFactoryBean; SearchStrategy: all) found bean '&entityManagerFactory' (OnBeanCondition)

   DataSourceAutoConfiguration matched:
      - @ConditionalOnClass found required classes 'javax.sql.DataSource', 'org.springframework.jdbc.datasource.embedded.EmbeddedDatabaseType' (OnClassCondition)
      - @ConditionalOnMissingBean (types: io.r2dbc.spi.ConnectionFactory; SearchStrategy: all) did not find any beans (OnBeanCondition)

   DataSourceAutoConfiguration.PooledDataSourceConfiguration matched:
      - AnyNestedCondition 1 matched 1 did not; NestedCondition on DataSourceAutoConfiguration.PooledDataSourceCondition.PooledDataSourceAvailable PooledDataSource found supported DataSource; NestedCondition on DataSourceAutoConfiguration.PooledDataSourceCondition.ExplicitType @ConditionalOnProperty (spring.datasource.type) did not find property 'type' (DataSourceAutoConfiguration.PooledDataSourceCondition)
      - @ConditionalOnMissingBean (types: javax.sql.DataSource,javax.sql.XADataSource; SearchStrategy: all) did not find any beans (OnBeanCondition)

   DataSourceAutoConfiguration.PooledDataSourceConfiguration#jdbcConnectionDetails matched:
      - @ConditionalOnMissingBean (types: org.springframework.boot.autoconfigure.jdbc.JdbcConnectionDetails; SearchStrategy: all) did not find any beans (OnBeanCondition)

   DataSourceConfiguration.Hikari matched:
      - @ConditionalOnClass found required class 'com.zaxxer.hikari.HikariDataSource' (OnClassCondition)
      - @ConditionalOnProperty (spring.datasource.type=com.zaxxer.hikari.HikariDataSource) matched (OnPropertyCondition)
      - @ConditionalOnMissingBean (types: javax.sql.DataSource; SearchStrategy: all) did not find any beans (OnBeanCondition)

   DataSourceInitializationConfiguration matched:
      - @ConditionalOnClass found required class 'org.springframework.jdbc.datasource.init.DatabasePopulator' (OnClassCondition)
      - @ConditionalOnSingleCandidate (types: javax.sql.DataSource; SearchStrategy: all) found a single bean 'dataSource'; @ConditionalOnMissingBean (types: org.springframework.boot.autoconfigure.sql.init.SqlDataSourceScriptDatabaseInitializer,org.springframework.boot.autoconfigure.sql.init.SqlR2dbcScriptDatabaseInitializer; SearchStrategy: all) did not find any beans (OnBeanCondition)

   DataSourcePoolMetadataProvidersConfiguration.HikariPoolDataSourceMetadataProviderConfiguration matched:
      - @ConditionalOnClass found required class 'com.zaxxer.hikari.HikariDataSource' (OnClassCondition)

   DataSourceTransactionManagerAutoConfiguration matched:
      - @ConditionalOnClass found required classes 'javax.sql.DataSource', 'org.springframework.jdbc.core.JdbcTemplate', 'org.springframework.transaction.TransactionManager' (OnClassCondition)

   DataSourceTransactionManagerAutoConfiguration.JdbcTransactionManagerConfiguration matched:
      - @ConditionalOnSingleCandidate (types: javax.sql.DataSource; SearchStrategy: all) found a single bean 'dataSource' (OnBeanCondition)

   DispatcherServletAutoConfiguration matched:
      - @ConditionalOnClass found required class 'org.springframework.web.servlet.DispatcherServlet' (OnClassCondition)
      - found 'session' scope (OnWebApplicationCondition)

   DispatcherServletAutoConfiguration.DispatcherServletConfiguration matched:
      - @ConditionalOnClass found required class 'jakarta.servlet.ServletRegistration' (OnClassCondition)
      - Default DispatcherServlet did not find dispatcher servlet beans (DispatcherServletAutoConfiguration.DefaultDispatcherServletCondition)

   DispatcherServletAutoConfiguration.DispatcherServletRegistrationConfiguration matched:
      - @ConditionalOnClass found required class 'jakarta.servlet.ServletRegistration' (OnClassCondition)
      - DispatcherServlet Registration did not find servlet registration bean (DispatcherServletAutoConfiguration.DispatcherServletRegistrationCondition)

   DispatcherServletAutoConfiguration.DispatcherServletRegistrationConfiguration#dispatcherServletRegistration matched:
      - @ConditionalOnBean (names: dispatcherServlet types: org.springframework.web.servlet.DispatcherServlet; SearchStrategy: all) found bean 'dispatcherServlet' (OnBeanCondition)

   ErrorMvcAutoConfiguration matched:
      - @ConditionalOnClass found required classes 'jakarta.servlet.Servlet', 'org.springframework.web.servlet.DispatcherServlet' (OnClassCondition)
      - found 'session' scope (OnWebApplicationCondition)

   ErrorMvcAutoConfiguration#basicErrorController matched:
      - @ConditionalOnMissingBean (types: org.springframework.boot.web.servlet.error.ErrorController; SearchStrategy: current) did not find any beans (OnBeanCondition)

   ErrorMvcAutoConfiguration#errorAttributes matched:
      - @ConditionalOnMissingBean (types: org.springframework.boot.web.servlet.error.ErrorAttributes; SearchStrategy: current) did not find any beans (OnBeanCondition)

   ErrorMvcAutoConfiguration.DefaultErrorViewResolverConfiguration#conventionErrorViewResolver matched:
      - @ConditionalOnBean (types: org.springframework.web.servlet.DispatcherServlet; SearchStrategy: all) found bean 'dispatcherServlet'; @ConditionalOnMissingBean (types: org.springframework.boot.autoconfigure.web.servlet.error.ErrorViewResolver; SearchStrategy: all) did not find any beans (OnBeanCondition)

   ErrorMvcAutoConfiguration.WhitelabelErrorViewConfiguration matched:
      - @ConditionalOnProperty (server.error.whitelabel.enabled) matched (OnPropertyCondition)
      - ErrorTemplate Missing did not find error template view (ErrorMvcAutoConfiguration.ErrorTemplateMissingCondition)

   ErrorMvcAutoConfiguration.WhitelabelErrorViewConfiguration#beanNameViewResolver matched:
      - @ConditionalOnMissingBean (types: org.springframework.web.servlet.view.BeanNameViewResolver; SearchStrategy: all) did not find any beans (OnBeanCondition)

   ErrorMvcAutoConfiguration.WhitelabelErrorViewConfiguration#defaultErrorView matched:
      - @ConditionalOnMissingBean (names: error; SearchStrategy: all) did not find any beans (OnBeanCondition)

   HibernateJpaAutoConfiguration matched:
      - @ConditionalOnClass found required classes 'org.springframework.orm.jpa.LocalContainerEntityManagerFactoryBean', 'jakarta.persistence.EntityManager', 'org.hibernate.engine.spi.SessionImplementor' (OnClassCondition)

   HibernateJpaConfiguration matched:
      - @ConditionalOnSingleCandidate (types: javax.sql.DataSource; SearchStrategy: all) found a single bean 'dataSource' (OnBeanCondition)

   HttpClientAutoConfiguration matched:
      - @ConditionalOnClass found required class 'org.springframework.http.client.ClientHttpRequestFactory' (OnClassCondition)
      - NoneNestedConditions 0 matched 1 did not; NestedCondition on NotReactiveWebApplicationCondition.ReactiveWebApplication did not find reactive web application classes (NotReactiveWebApplicationCondition)

   HttpClientAutoConfiguration#clientHttpRequestFactoryBuilder matched:
      - @ConditionalOnMissingBean (types: org.springframework.boot.http.client.ClientHttpRequestFactoryBuilder; SearchStrategy: all) did not find any beans (OnBeanCondition)

   HttpClientAutoConfiguration#clientHttpRequestFactorySettings matched:
      - @ConditionalOnMissingBean (types: org.springframework.boot.http.client.ClientHttpRequestFactorySettings; SearchStrategy: all) did not find any beans (OnBeanCondition)

   HttpEncodingAutoConfiguration matched:
      - @ConditionalOnClass found required class 'org.springframework.web.filter.CharacterEncodingFilter' (OnClassCondition)
      - found 'session' scope (OnWebApplicationCondition)
      - @ConditionalOnProperty (server.servlet.encoding.enabled) matched (OnPropertyCondition)

   HttpEncodingAutoConfiguration#characterEncodingFilter matched:
      - @ConditionalOnMissingBean (types: org.springframework.web.filter.CharacterEncodingFilter; SearchStrategy: all) did not find any beans (OnBeanCondition)

   HttpMessageConvertersAutoConfiguration matched:
      - @ConditionalOnClass found required class 'org.springframework.http.converter.HttpMessageConverter' (OnClassCondition)
      - NoneNestedConditions 0 matched 1 did not; NestedCondition on HttpMessageConvertersAutoConfiguration.NotReactiveWebApplicationCondition.ReactiveWebApplication did not find reactive web application classes (HttpMessageConvertersAutoConfiguration.NotReactiveWebApplicationCondition)

   HttpMessageConvertersAutoConfiguration#messageConverters matched:
      - @ConditionalOnMissingBean (types: org.springframework.boot.autoconfigure.http.HttpMessageConverters; SearchStrategy: all) did not find any beans (OnBeanCondition)

   HttpMessageConvertersAutoConfiguration.StringHttpMessageConverterConfiguration matched:
      - @ConditionalOnClass found required class 'org.springframework.http.converter.StringHttpMessageConverter' (OnClassCondition)

   HttpMessageConvertersAutoConfiguration.StringHttpMessageConverterConfiguration#stringHttpMessageConverter matched:
      - @ConditionalOnMissingBean (types: org.springframework.http.converter.StringHttpMessageConverter; SearchStrategy: all) did not find any beans (OnBeanCondition)

   JacksonAutoConfiguration matched:
      - @ConditionalOnClass found required class 'com.fasterxml.jackson.databind.ObjectMapper' (OnClassCondition)

   JacksonAutoConfiguration.Jackson2ObjectMapperBuilderCustomizerConfiguration matched:
      - @ConditionalOnClass found required class 'org.springframework.http.converter.json.Jackson2ObjectMapperBuilder' (OnClassCondition)

   JacksonAutoConfiguration.JacksonObjectMapperBuilderConfiguration matched:
      - @ConditionalOnClass found required class 'org.springframework.http.converter.json.Jackson2ObjectMapperBuilder' (OnClassCondition)

   JacksonAutoConfiguration.JacksonObjectMapperBuilderConfiguration#jacksonObjectMapperBuilder matched:
      - @ConditionalOnMissingBean (types: org.springframework.http.converter.json.Jackson2ObjectMapperBuilder; SearchStrategy: all) did not find any beans (OnBeanCondition)

   JacksonAutoConfiguration.JacksonObjectMapperConfiguration matched:
      - @ConditionalOnClass found required class 'org.springframework.http.converter.json.Jackson2ObjectMapperBuilder' (OnClassCondition)

   JacksonAutoConfiguration.JacksonObjectMapperConfiguration#jacksonObjectMapper matched:
      - @ConditionalOnMissingBean (types: com.fasterxml.jackson.databind.ObjectMapper; SearchStrategy: all) did not find any beans (OnBeanCondition)

   JacksonAutoConfiguration.ParameterNamesModuleConfiguration matched:
      - @ConditionalOnClass found required class 'com.fasterxml.jackson.module.paramnames.ParameterNamesModule' (OnClassCondition)

   JacksonAutoConfiguration.ParameterNamesModuleConfiguration#parameterNamesModule matched:
      - @ConditionalOnMissingBean (types: com.fasterxml.jackson.module.paramnames.ParameterNamesModule; SearchStrategy: all) did not find any beans (OnBeanCondition)

   JacksonHttpMessageConvertersConfiguration.MappingJackson2HttpMessageConverterConfiguration matched:
      - @ConditionalOnClass found required class 'com.fasterxml.jackson.databind.ObjectMapper' (OnClassCondition)
      - @ConditionalOnProperty (spring.mvc.converters.preferred-json-mapper=jackson) matched (OnPropertyCondition)
      - @ConditionalOnBean (types: com.fasterxml.jackson.databind.ObjectMapper; SearchStrategy: all) found bean 'jacksonObjectMapper' (OnBeanCondition)

   JacksonHttpMessageConvertersConfiguration.MappingJackson2HttpMessageConverterConfiguration#mappingJackson2HttpMessageConverter matched:
      - @ConditionalOnMissingBean (types: org.springframework.http.converter.json.MappingJackson2HttpMessageConverter ignored: org.springframework.hateoas.server.mvc.TypeConstrainedMappingJackson2HttpMessageConverter,org.springframework.data.rest.webmvc.alps.AlpsJsonHttpMessageConverter; SearchStrategy: all) did not find any beans (OnBeanCondition)

   JdbcClientAutoConfiguration matched:
      - @ConditionalOnSingleCandidate (types: org.springframework.jdbc.core.namedparam.NamedParameterJdbcTemplate; SearchStrategy: all) found a single bean 'namedParameterJdbcTemplate'; @ConditionalOnMissingBean (types: org.springframework.jdbc.core.simple.JdbcClient; SearchStrategy: all) did not find any beans (OnBeanCondition)

   JdbcTemplateAutoConfiguration matched:
      - @ConditionalOnClass found required classes 'javax.sql.DataSource', 'org.springframework.jdbc.core.JdbcTemplate' (OnClassCondition)
      - @ConditionalOnSingleCandidate (types: javax.sql.DataSource; SearchStrategy: all) found a single bean 'dataSource' (OnBeanCondition)

   JdbcTemplateConfiguration matched:
      - @ConditionalOnMissingBean (types: org.springframework.jdbc.core.JdbcOperations; SearchStrategy: all) did not find any beans (OnBeanCondition)

   JpaBaseConfiguration#entityManagerFactory matched:
      - @ConditionalOnMissingBean (types: org.springframework.orm.jpa.LocalContainerEntityManagerFactoryBean,jakarta.persistence.EntityManagerFactory; SearchStrategy: all) did not find any beans (OnBeanCondition)

   JpaBaseConfiguration#entityManagerFactoryBuilder matched:
      - @ConditionalOnMissingBean (types: org.springframework.boot.orm.jpa.EntityManagerFactoryBuilder; SearchStrategy: all) did not find any beans (OnBeanCondition)

   JpaBaseConfiguration#jpaVendorAdapter matched:
      - @ConditionalOnMissingBean (types: org.springframework.orm.jpa.JpaVendorAdapter; SearchStrategy: all) did not find any beans (OnBeanCondition)

   JpaBaseConfiguration#transactionManager matched:
      - @ConditionalOnMissingBean (types: org.springframework.transaction.TransactionManager; SearchStrategy: all) did not find any beans (OnBeanCondition)

   JpaBaseConfiguration.JpaWebConfiguration matched:
      - @ConditionalOnClass found required class 'org.springframework.web.servlet.config.annotation.WebMvcConfigurer' (OnClassCondition)
      - found 'session' scope (OnWebApplicationCondition)
      - @ConditionalOnProperty (spring.jpa.open-in-view=true) matched (OnPropertyCondition)
      - @ConditionalOnMissingBean (types: org.springframework.orm.jpa.support.OpenEntityManagerInViewInterceptor,org.springframework.orm.jpa.support.OpenEntityManagerInViewFilter; SearchStrategy: all) did not find any beans (OnBeanCondition)

   JpaBaseConfiguration.PersistenceManagedTypesConfiguration matched:
      - @ConditionalOnMissingBean (types: org.springframework.orm.jpa.LocalContainerEntityManagerFactoryBean,jakarta.persistence.EntityManagerFactory; SearchStrategy: all) did not find any beans (OnBeanCondition)

   JpaBaseConfiguration.PersistenceManagedTypesConfiguration#persistenceManagedTypes matched:
      - @ConditionalOnMissingBean (types: org.springframework.orm.jpa.persistenceunit.PersistenceManagedTypes; SearchStrategy: all) did not find any beans (OnBeanCondition)

   JpaRepositoriesAutoConfiguration matched:
      - @ConditionalOnClass found required class 'org.springframework.data.jpa.repository.JpaRepository' (OnClassCondition)
      - @ConditionalOnProperty (spring.data.jpa.repositories.enabled=true) matched (OnPropertyCondition)
      - @ConditionalOnBean (types: javax.sql.DataSource; SearchStrategy: all) found bean 'dataSource'; @ConditionalOnMissingBean (types: org.springframework.data.jpa.repository.support.JpaRepositoryFactoryBean,org.springframework.data.jpa.repository.config.JpaRepositoryConfigExtension; SearchStrategy: all) did not find any beans (OnBeanCondition)

   JtaAutoConfiguration matched:
      - @ConditionalOnClass found required class 'jakarta.transaction.Transaction' (OnClassCondition)
      - @ConditionalOnProperty (spring.jta.enabled) matched (OnPropertyCondition)

   KafkaAnnotationDrivenConfiguration matched:
      - @ConditionalOnClass found required class 'org.springframework.kafka.annotation.EnableKafka' (OnClassCondition)

   KafkaAnnotationDrivenConfiguration#kafkaListenerContainerFactory matched:
      - @ConditionalOnMissingBean (names: kafkaListenerContainerFactory; SearchStrategy: all) did not find any beans (OnBeanCondition)

   KafkaAnnotationDrivenConfiguration#kafkaListenerContainerFactoryConfigurer matched:
      - @ConditionalOnMissingBean (types: org.springframework.boot.autoconfigure.kafka.ConcurrentKafkaListenerContainerFactoryConfigurer; SearchStrategy: all) did not find any beans (OnBeanCondition)
      - @ConditionalOnThreading found PLATFORM (OnThreadingCondition)

   KafkaAnnotationDrivenConfiguration.EnableKafkaConfiguration matched:
      - @ConditionalOnMissingBean (names: org.springframework.kafka.config.internalKafkaListenerAnnotationProcessor; SearchStrategy: all) did not find any beans (OnBeanCondition)

   KafkaAutoConfiguration matched:
      - @ConditionalOnClass found required class 'org.springframework.kafka.core.KafkaTemplate' (OnClassCondition)

   KafkaAutoConfiguration#kafkaAdmin matched:
      - @ConditionalOnMissingBean (types: org.springframework.kafka.core.KafkaAdmin; SearchStrategy: all) did not find any beans (OnBeanCondition)

   KafkaAutoConfiguration#kafkaConnectionDetails matched:
      - @ConditionalOnMissingBean (types: org.springframework.boot.autoconfigure.kafka.KafkaConnectionDetails; SearchStrategy: all) did not find any beans (OnBeanCondition)

   KafkaAutoConfiguration#kafkaConsumerFactory matched:
      - @ConditionalOnMissingBean (types: org.springframework.kafka.core.ConsumerFactory; SearchStrategy: all) did not find any beans (OnBeanCondition)

   KafkaAutoConfiguration#kafkaProducerFactory matched:
      - @ConditionalOnMissingBean (types: org.springframework.kafka.core.ProducerFactory; SearchStrategy: all) did not find any beans (OnBeanCondition)

   KafkaAutoConfiguration#kafkaProducerListener matched:
      - @ConditionalOnMissingBean (types: org.springframework.kafka.support.ProducerListener; SearchStrategy: all) did not find any beans (OnBeanCondition)

   KafkaAutoConfiguration#kafkaTemplate matched:
      - @ConditionalOnMissingBean (types: org.springframework.kafka.core.KafkaTemplate; SearchStrategy: all) did not find any beans (OnBeanCondition)

   LettuceConnectionConfiguration matched:
      - @ConditionalOnClass found required class 'io.lettuce.core.RedisClient' (OnClassCondition)
      - @ConditionalOnProperty (spring.data.redis.client-type=lettuce) matched (OnPropertyCondition)

   LettuceConnectionConfiguration#lettuceClientResources matched:
      - @ConditionalOnMissingBean (types: io.lettuce.core.resource.ClientResources; SearchStrategy: all) did not find any beans (OnBeanCondition)

   LettuceConnectionConfiguration#redisConnectionFactory matched:
      - @ConditionalOnMissingBean (types: org.springframework.data.redis.connection.RedisConnectionFactory; SearchStrategy: all) did not find any beans (OnBeanCondition)
      - @ConditionalOnThreading found PLATFORM (OnThreadingCondition)

   LifecycleAutoConfiguration#defaultLifecycleProcessor matched:
      - @ConditionalOnMissingBean (names: lifecycleProcessor; SearchStrategy: current) did not find any beans (OnBeanCondition)

   MultipartAutoConfiguration matched:
      - @ConditionalOnClass found required classes 'jakarta.servlet.Servlet', 'org.springframework.web.multipart.support.StandardServletMultipartResolver', 'jakarta.servlet.MultipartConfigElement' (OnClassCondition)
      - found 'session' scope (OnWebApplicationCondition)
      - @ConditionalOnProperty (spring.servlet.multipart.enabled) matched (OnPropertyCondition)

   MultipartAutoConfiguration#multipartConfigElement matched:
      - @ConditionalOnMissingBean (types: jakarta.servlet.MultipartConfigElement; SearchStrategy: all) did not find any beans (OnBeanCondition)

   MultipartAutoConfiguration#multipartResolver matched:
      - @ConditionalOnMissingBean (types: org.springframework.web.multipart.MultipartResolver; SearchStrategy: all) did not find any beans (OnBeanCondition)

   NamedParameterJdbcTemplateConfiguration matched:
      - @ConditionalOnSingleCandidate (types: org.springframework.jdbc.core.JdbcTemplate; SearchStrategy: all) found a single bean 'jdbcTemplate'; @ConditionalOnMissingBean (types: org.springframework.jdbc.core.namedparam.NamedParameterJdbcOperations; SearchStrategy: all) did not find any beans (OnBeanCondition)

   NettyAutoConfiguration matched:
      - @ConditionalOnClass found required class 'io.netty.util.NettyRuntime' (OnClassCondition)

   PersistenceExceptionTranslationAutoConfiguration matched:
      - @ConditionalOnClass found required class 'org.springframework.dao.annotation.PersistenceExceptionTranslationPostProcessor' (OnClassCondition)

   PersistenceExceptionTranslationAutoConfiguration#persistenceExceptionTranslationPostProcessor matched:
      - @ConditionalOnProperty (spring.dao.exceptiontranslation.enabled) matched (OnPropertyCondition)
      - @ConditionalOnMissingBean (types: org.springframework.dao.annotation.PersistenceExceptionTranslationPostProcessor; SearchStrategy: all) did not find any beans (OnBeanCondition)

   PropertyPlaceholderAutoConfiguration#propertySourcesPlaceholderConfigurer matched:
      - @ConditionalOnMissingBean (types: org.springframework.context.support.PropertySourcesPlaceholderConfigurer; SearchStrategy: current) did not find any beans (OnBeanCondition)

   ReactorAutoConfiguration matched:
      - @ConditionalOnClass found required class 'reactor.core.publisher.Hooks' (OnClassCondition)

   RedisAutoConfiguration matched:
      - @ConditionalOnClass found required class 'org.springframework.data.redis.core.RedisOperations' (OnClassCondition)

   RedisAutoConfiguration#redisConnectionDetails matched:
      - @ConditionalOnMissingBean (types: org.springframework.boot.autoconfigure.data.redis.RedisConnectionDetails; SearchStrategy: all) did not find any beans (OnBeanCondition)

   RedisAutoConfiguration#stringRedisTemplate matched:
      - @ConditionalOnSingleCandidate (types: org.springframework.data.redis.connection.RedisConnectionFactory; SearchStrategy: all) found a single bean 'redisConnectionFactory'; @ConditionalOnMissingBean (types: org.springframework.data.redis.core.StringRedisTemplate; SearchStrategy: all) did not find any beans (OnBeanCondition)

   RedisCacheConfiguration matched:
      - @ConditionalOnClass found required class 'org.springframework.data.redis.connection.RedisConnectionFactory' (OnClassCondition)
      - Cache org.springframework.boot.autoconfigure.cache.RedisCacheConfiguration automatic cache type (CacheCondition)
      - @ConditionalOnBean (types: org.springframework.data.redis.connection.RedisConnectionFactory; SearchStrategy: all) found bean 'redisConnectionFactory'; @ConditionalOnMissingBean (types: org.springframework.cache.CacheManager; SearchStrategy: all) did not find any beans (OnBeanCondition)

   RedisReactiveAutoConfiguration matched:
      - @ConditionalOnClass found required classes 'org.springframework.data.redis.connection.ReactiveRedisConnectionFactory', 'org.springframework.data.redis.core.ReactiveRedisTemplate', 'reactor.core.publisher.Flux' (OnClassCondition)

   RedisReactiveAutoConfiguration#reactiveRedisTemplate matched:
      - @ConditionalOnBean (types: org.springframework.data.redis.connection.ReactiveRedisConnectionFactory; SearchStrategy: all) found bean 'redisConnectionFactory'; @ConditionalOnMissingBean (names: reactiveRedisTemplate; SearchStrategy: all) did not find any beans (OnBeanCondition)

   RedisReactiveAutoConfiguration#reactiveStringRedisTemplate matched:
      - @ConditionalOnBean (types: org.springframework.data.redis.connection.ReactiveRedisConnectionFactory; SearchStrategy: all) found bean 'redisConnectionFactory'; @ConditionalOnMissingBean (names: reactiveStringRedisTemplate; SearchStrategy: all) did not find any beans (OnBeanCondition)

   RedisRepositoriesAutoConfiguration matched:
      - @ConditionalOnClass found required class 'org.springframework.data.redis.repository.configuration.EnableRedisRepositories' (OnClassCondition)
      - @ConditionalOnProperty (spring.data.redis.repositories.enabled=true) matched (OnPropertyCondition)
      - @ConditionalOnBean (types: org.springframework.data.redis.connection.RedisConnectionFactory; SearchStrategy: all) found bean 'redisConnectionFactory'; @ConditionalOnMissingBean (types: org.springframework.data.redis.repository.support.RedisRepositoryFactoryBean; SearchStrategy: all) did not find any beans (OnBeanCondition)

   RestClientAutoConfiguration matched:
      - @ConditionalOnClass found required class 'org.springframework.web.client.RestClient' (OnClassCondition)
      - NoneNestedConditions 0 matched 1 did not; NestedCondition on NotReactiveWebApplicationCondition.ReactiveWebApplication did not find reactive web application classes (NotReactiveWebApplicationCondition)

   RestClientAutoConfiguration#httpMessageConvertersRestClientCustomizer matched:
      - @ConditionalOnMissingBean (types: org.springframework.boot.autoconfigure.web.client.HttpMessageConvertersRestClientCustomizer; SearchStrategy: all) did not find any beans (OnBeanCondition)

   RestClientAutoConfiguration#restClientBuilder matched:
      - @ConditionalOnMissingBean (types: org.springframework.web.client.RestClient$Builder; SearchStrategy: all) did not find any beans (OnBeanCondition)

   RestClientAutoConfiguration#restClientBuilderConfigurer matched:
      - @ConditionalOnMissingBean (types: org.springframework.boot.autoconfigure.web.client.RestClientBuilderConfigurer; SearchStrategy: all) did not find any beans (OnBeanCondition)

   RestClientAutoConfiguration#restClientSsl matched:
      - @ConditionalOnBean (types: org.springframework.boot.ssl.SslBundles; SearchStrategy: all) found bean 'sslBundleRegistry'; @ConditionalOnMissingBean (types: org.springframework.boot.autoconfigure.web.client.RestClientSsl; SearchStrategy: all) did not find any beans (OnBeanCondition)

   RestTemplateAutoConfiguration matched:
      - @ConditionalOnClass found required class 'org.springframework.web.client.RestTemplate' (OnClassCondition)
      - NoneNestedConditions 0 matched 1 did not; NestedCondition on NotReactiveWebApplicationCondition.ReactiveWebApplication did not find reactive web application classes (NotReactiveWebApplicationCondition)

   RestTemplateAutoConfiguration#restTemplateBuilder matched:
      - @ConditionalOnMissingBean (types: org.springframework.boot.web.client.RestTemplateBuilder; SearchStrategy: all) did not find any beans (OnBeanCondition)

   ServletWebServerFactoryAutoConfiguration matched:
      - @ConditionalOnClass found required class 'jakarta.servlet.ServletRequest' (OnClassCondition)
      - found 'session' scope (OnWebApplicationCondition)

   ServletWebServerFactoryAutoConfiguration#tomcatServletWebServerFactoryCustomizer matched:
      - @ConditionalOnClass found required class 'org.apache.catalina.startup.Tomcat' (OnClassCondition)

   ServletWebServerFactoryConfiguration.EmbeddedTomcat matched:
      - @ConditionalOnClass found required classes 'jakarta.servlet.Servlet', 'org.apache.catalina.startup.Tomcat', 'org.apache.coyote.UpgradeProtocol' (OnClassCondition)
      - @ConditionalOnMissingBean (types: org.springframework.boot.web.servlet.server.ServletWebServerFactory; SearchStrategy: current) did not find any beans (OnBeanCondition)

   SpringDataWebAutoConfiguration matched:
      - @ConditionalOnClass found required classes 'org.springframework.data.web.PageableHandlerMethodArgumentResolver', 'org.springframework.web.servlet.config.annotation.WebMvcConfigurer' (OnClassCondition)
      - found 'session' scope (OnWebApplicationCondition)
      - @ConditionalOnMissingBean (types: org.springframework.data.web.PageableHandlerMethodArgumentResolver; SearchStrategy: all) did not find any beans (OnBeanCondition)

   SpringDataWebAutoConfiguration#pageableCustomizer matched:
      - @ConditionalOnMissingBean (types: org.springframework.data.web.config.PageableHandlerMethodArgumentResolverCustomizer; SearchStrategy: all) did not find any beans (OnBeanCondition)

   SpringDataWebAutoConfiguration#sortCustomizer matched:
      - @ConditionalOnMissingBean (types: org.springframework.data.web.config.SortHandlerMethodArgumentResolverCustomizer; SearchStrategy: all) did not find any beans (OnBeanCondition)

   SpringDataWebAutoConfiguration#springDataWebSettings matched:
      - @ConditionalOnMissingBean (types: org.springframework.data.web.config.SpringDataWebSettings; SearchStrategy: all) did not find any beans (OnBeanCondition)

   SqlInitializationAutoConfiguration matched:
      - @ConditionalOnProperty (spring.sql.init.enabled) matched (OnPropertyCondition)
      - NoneNestedConditions 0 matched 1 did not; NestedCondition on SqlInitializationAutoConfiguration.SqlInitializationModeCondition.ModeIsNever @ConditionalOnProperty (spring.sql.init.mode=never) did not find property 'mode' (SqlInitializationAutoConfiguration.SqlInitializationModeCondition)

   SslAutoConfiguration#sslBundleRegistry matched:
      - @ConditionalOnMissingBean (types: org.springframework.boot.ssl.SslBundleRegistry,org.springframework.boot.ssl.SslBundles; SearchStrategy: all) did not find any beans (OnBeanCondition)

   TaskExecutionAutoConfiguration matched:
      - @ConditionalOnClass found required class 'org.springframework.scheduling.concurrent.ThreadPoolTaskExecutor' (OnClassCondition)

   TaskExecutorConfigurations.SimpleAsyncTaskExecutorBuilderConfiguration#simpleAsyncTaskExecutorBuilder matched:
      - @ConditionalOnMissingBean (types: org.springframework.boot.task.SimpleAsyncTaskExecutorBuilder; SearchStrategy: all) did not find any beans (OnBeanCondition)
      - @ConditionalOnThreading found PLATFORM (OnThreadingCondition)

   TaskExecutorConfigurations.TaskExecutorConfiguration matched:
      - @ConditionalOnMissingBean (types: java.util.concurrent.Executor; SearchStrategy: all) did not find any beans (OnBeanCondition)

   TaskExecutorConfigurations.TaskExecutorConfiguration#applicationTaskExecutor matched:
      - @ConditionalOnThreading found PLATFORM (OnThreadingCondition)

   TaskExecutorConfigurations.ThreadPoolTaskExecutorBuilderConfiguration#threadPoolTaskExecutorBuilder matched:
      - @ConditionalOnMissingBean (types: org.springframework.boot.task.ThreadPoolTaskExecutorBuilder; SearchStrategy: all) did not find any beans (OnBeanCondition)

   TaskSchedulingAutoConfiguration matched:
      - @ConditionalOnClass found required class 'org.springframework.scheduling.concurrent.ThreadPoolTaskScheduler' (OnClassCondition)

   TaskSchedulingConfigurations.SimpleAsyncTaskSchedulerBuilderConfiguration#simpleAsyncTaskSchedulerBuilder matched:
      - @ConditionalOnMissingBean (types: org.springframework.boot.task.SimpleAsyncTaskSchedulerBuilder; SearchStrategy: all) did not find any beans (OnBeanCondition)
      - @ConditionalOnThreading found PLATFORM (OnThreadingCondition)

   TaskSchedulingConfigurations.ThreadPoolTaskSchedulerBuilderConfiguration#threadPoolTaskSchedulerBuilder matched:
      - @ConditionalOnMissingBean (types: org.springframework.boot.task.ThreadPoolTaskSchedulerBuilder; SearchStrategy: all) did not find any beans (OnBeanCondition)

   TransactionAutoConfiguration matched:
      - @ConditionalOnClass found required class 'org.springframework.transaction.PlatformTransactionManager' (OnClassCondition)

   TransactionAutoConfiguration.EnableTransactionManagementConfiguration matched:
      - @ConditionalOnBean (types: org.springframework.transaction.TransactionManager; SearchStrategy: all) found bean 'transactionManager'; @ConditionalOnMissingBean (types: org.springframework.transaction.annotation.AbstractTransactionManagementConfiguration; SearchStrategy: all) did not find any beans (OnBeanCondition)

   TransactionAutoConfiguration.EnableTransactionManagementConfiguration.CglibAutoProxyConfiguration matched:
      - @ConditionalOnProperty (spring.aop.proxy-target-class=true) matched (OnPropertyCondition)

   TransactionAutoConfiguration.TransactionTemplateConfiguration matched:
      - @ConditionalOnSingleCandidate (types: org.springframework.transaction.PlatformTransactionManager; SearchStrategy: all) found a single bean 'transactionManager' (OnBeanCondition)

   TransactionAutoConfiguration.TransactionTemplateConfiguration#transactionTemplate matched:
      - @ConditionalOnMissingBean (types: org.springframework.transaction.support.TransactionOperations; SearchStrategy: all) did not find any beans (OnBeanCondition)

   TransactionManagerCustomizationAutoConfiguration matched:
      - @ConditionalOnClass found required class 'org.springframework.transaction.PlatformTransactionManager' (OnClassCondition)

   TransactionManagerCustomizationAutoConfiguration#platformTransactionManagerCustomizers matched:
      - @ConditionalOnMissingBean (types: org.springframework.boot.autoconfigure.transaction.TransactionManagerCustomizers; SearchStrategy: all) did not find any beans (OnBeanCondition)

   ValidationAutoConfiguration matched:
      - @ConditionalOnClass found required class 'jakarta.validation.executable.ExecutableValidator' (OnClassCondition)
      - @ConditionalOnResource found location classpath:META-INF/services/jakarta.validation.spi.ValidationProvider (OnResourceCondition)

   ValidationAutoConfiguration#defaultValidator matched:
      - @ConditionalOnMissingBean (types: jakarta.validation.Validator; SearchStrategy: all) did not find any beans (OnBeanCondition)

   ValidationAutoConfiguration#methodValidationPostProcessor matched:
      - @ConditionalOnMissingBean (types: org.springframework.validation.beanvalidation.MethodValidationPostProcessor; SearchStrategy: current) did not find any beans (OnBeanCondition)

   WebMvcAutoConfiguration matched:
      - @ConditionalOnClass found required classes 'jakarta.servlet.Servlet', 'org.springframework.web.servlet.DispatcherServlet', 'org.springframework.web.servlet.config.annotation.WebMvcConfigurer' (OnClassCondition)
      - found 'session' scope (OnWebApplicationCondition)
      - @ConditionalOnMissingBean (types: org.springframework.web.servlet.config.annotation.WebMvcConfigurationSupport; SearchStrategy: all) did not find any beans (OnBeanCondition)

   WebMvcAutoConfiguration#formContentFilter matched:
      - @ConditionalOnProperty (spring.mvc.formcontent.filter.enabled) matched (OnPropertyCondition)
      - @ConditionalOnMissingBean (types: org.springframework.web.filter.FormContentFilter; SearchStrategy: all) did not find any beans (OnBeanCondition)

   WebMvcAutoConfiguration.EnableWebMvcConfiguration#flashMapManager matched:
      - @ConditionalOnMissingBean (names: flashMapManager; SearchStrategy: all) did not find any beans (OnBeanCondition)

   WebMvcAutoConfiguration.EnableWebMvcConfiguration#localeResolver matched:
      - @ConditionalOnMissingBean (names: localeResolver; SearchStrategy: all) did not find any beans (OnBeanCondition)

   WebMvcAutoConfiguration.EnableWebMvcConfiguration#themeResolver matched:
      - @ConditionalOnMissingBean (names: themeResolver; SearchStrategy: all) did not find any beans (OnBeanCondition)

   WebMvcAutoConfiguration.EnableWebMvcConfiguration#viewNameTranslator matched:
      - @ConditionalOnMissingBean (names: viewNameTranslator; SearchStrategy: all) did not find any beans (OnBeanCondition)

   WebMvcAutoConfiguration.WebMvcAutoConfigurationAdapter#defaultViewResolver matched:
      - @ConditionalOnMissingBean (types: org.springframework.web.servlet.view.InternalResourceViewResolver; SearchStrategy: all) did not find any beans (OnBeanCondition)

   WebMvcAutoConfiguration.WebMvcAutoConfigurationAdapter#requestContextFilter matched:
      - @ConditionalOnMissingBean (types: org.springframework.web.context.request.RequestContextListener,org.springframework.web.filter.RequestContextFilter; SearchStrategy: all) did not find any beans (OnBeanCondition)

   WebMvcAutoConfiguration.WebMvcAutoConfigurationAdapter#viewResolver matched:
      - @ConditionalOnBean (types: org.springframework.web.servlet.ViewResolver; SearchStrategy: all) found beans 'defaultViewResolver', 'beanNameViewResolver', 'mvcViewResolver'; @ConditionalOnMissingBean (names: viewResolver types: org.springframework.web.servlet.view.ContentNegotiatingViewResolver; SearchStrategy: all) did not find any beans (OnBeanCondition)

   WebSocketServletAutoConfiguration matched:
      - @ConditionalOnClass found required classes 'jakarta.servlet.Servlet', 'jakarta.websocket.server.ServerContainer' (OnClassCondition)
      - found 'session' scope (OnWebApplicationCondition)

   WebSocketServletAutoConfiguration.TomcatWebSocketConfiguration matched:
      - @ConditionalOnClass found required classes 'org.apache.catalina.startup.Tomcat', 'org.apache.tomcat.websocket.server.WsSci' (OnClassCondition)

   WebSocketServletAutoConfiguration.TomcatWebSocketConfiguration#websocketServletWebServerCustomizer matched:
      - @ConditionalOnMissingBean (names: websocketServletWebServerCustomizer; SearchStrategy: all) did not find any beans (OnBeanCondition)


Negative matches:
-----------------

   ActiveMQAutoConfiguration:
      Did not match:
         - @ConditionalOnClass did not find required class 'jakarta.jms.ConnectionFactory' (OnClassCondition)

   AopAutoConfiguration.AspectJAutoProxyingConfiguration.JdkDynamicAutoProxyConfiguration:
      Did not match:
         - @ConditionalOnProperty (spring.aop.proxy-target-class=false) did not find property 'proxy-target-class' (OnPropertyCondition)

   AopAutoConfiguration.ClassProxyingConfiguration:
      Did not match:
         - @ConditionalOnMissingClass found unwanted class 'org.aspectj.weaver.Advice' (OnClassCondition)

   ArtemisAutoConfiguration:
      Did not match:
         - @ConditionalOnClass did not find required class 'jakarta.jms.ConnectionFactory' (OnClassCondition)

   BatchAutoConfiguration:
      Did not match:
         - @ConditionalOnClass did not find required class 'org.springframework.batch.core.launch.JobLauncher' (OnClassCondition)

   Cache2kCacheConfiguration:
      Did not match:
         - @ConditionalOnClass did not find required class 'org.cache2k.Cache2kBuilder' (OnClassCondition)

   CaffeineCacheConfiguration:
      Did not match:
         - @ConditionalOnMissingBean (types: org.springframework.cache.CacheManager; SearchStrategy: all) found beans of type 'org.springframework.cache.CacheManager' cacheManager (OnBeanCondition)
      Matched:
         - @ConditionalOnClass found required classes 'com.github.benmanes.caffeine.cache.Caffeine', 'org.springframework.cache.caffeine.CaffeineCacheManager' (OnClassCondition)
         - Cache org.springframework.boot.autoconfigure.cache.CaffeineCacheConfiguration automatic cache type (CacheCondition)

   CassandraAutoConfiguration:
      Did not match:
         - @ConditionalOnClass did not find required class 'com.datastax.oss.driver.api.core.CqlSession' (OnClassCondition)

   CassandraDataAutoConfiguration:
      Did not match:
         - @ConditionalOnClass did not find required class 'com.datastax.oss.driver.api.core.CqlSession' (OnClassCondition)

   CassandraReactiveDataAutoConfiguration:
      Did not match:
         - @ConditionalOnClass did not find required class 'com.datastax.oss.driver.api.core.CqlSession' (OnClassCondition)

   CassandraReactiveRepositoriesAutoConfiguration:
      Did not match:
         - @ConditionalOnClass did not find required class 'org.springframework.data.cassandra.ReactiveSession' (OnClassCondition)

   CassandraRepositoriesAutoConfiguration:
      Did not match:
         - @ConditionalOnClass did not find required class 'com.datastax.oss.driver.api.core.CqlSession' (OnClassCondition)

   ClientHttpConnectorAutoConfiguration:
      Did not match:
         - @ConditionalOnClass did not find required class 'org.springframework.web.reactive.function.client.WebClient' (OnClassCondition)

   CodecsAutoConfiguration:
      Did not match:
         - @ConditionalOnClass did not find required class 'org.springframework.web.reactive.function.client.WebClient' (OnClassCondition)

   CouchbaseAutoConfiguration:
      Did not match:
         - @ConditionalOnClass did not find required class 'com.couchbase.client.java.Cluster' (OnClassCondition)

   CouchbaseCacheConfiguration:
      Did not match:
         - @ConditionalOnClass did not find required class 'com.couchbase.client.java.Cluster' (OnClassCondition)

   CouchbaseDataAutoConfiguration:
      Did not match:
         - @ConditionalOnClass did not find required class 'com.couchbase.client.java.Bucket' (OnClassCondition)

   CouchbaseReactiveDataAutoConfiguration:
      Did not match:
         - @ConditionalOnClass did not find required class 'com.couchbase.client.java.Cluster' (OnClassCondition)

   CouchbaseReactiveRepositoriesAutoConfiguration:
      Did not match:
         - @ConditionalOnClass did not find required class 'com.couchbase.client.java.Cluster' (OnClassCondition)

   CouchbaseRepositoriesAutoConfiguration:
      Did not match:
         - @ConditionalOnClass did not find required class 'com.couchbase.client.java.Bucket' (OnClassCondition)

   DataSourceAutoConfiguration.EmbeddedDatabaseConfiguration:
      Did not match:
         - EmbeddedDataSource spring.datasource.url is set (DataSourceAutoConfiguration.EmbeddedDatabaseCondition)

   DataSourceCheckpointRestoreConfiguration:
      Did not match:
         - @ConditionalOnClass did not find required class 'org.crac.Resource' (OnClassCondition)

   DataSourceConfiguration.Dbcp2:
      Did not match:
         - @ConditionalOnClass did not find required class 'org.apache.commons.dbcp2.BasicDataSource' (OnClassCondition)

   DataSourceConfiguration.Generic:
      Did not match:
         - @ConditionalOnProperty (spring.datasource.type) did not find property 'spring.datasource.type' (OnPropertyCondition)

   DataSourceConfiguration.OracleUcp:
      Did not match:
         - @ConditionalOnClass did not find required classes 'oracle.ucp.jdbc.PoolDataSourceImpl', 'oracle.jdbc.OracleConnection' (OnClassCondition)

   DataSourceConfiguration.Tomcat:
      Did not match:
         - @ConditionalOnClass did not find required class 'org.apache.tomcat.jdbc.pool.DataSource' (OnClassCondition)

   DataSourceJmxConfiguration:
      Did not match:
         - @ConditionalOnProperty (spring.jmx.enabled=true) found different value in property 'enabled' (OnPropertyCondition)

   DataSourcePoolMetadataProvidersConfiguration.CommonsDbcp2PoolDataSourceMetadataProviderConfiguration:
      Did not match:
         - @ConditionalOnClass did not find required class 'org.apache.commons.dbcp2.BasicDataSource' (OnClassCondition)

   DataSourcePoolMetadataProvidersConfiguration.OracleUcpPoolDataSourceMetadataProviderConfiguration:
      Did not match:
         - @ConditionalOnClass did not find required classes 'oracle.ucp.jdbc.PoolDataSource', 'oracle.jdbc.OracleConnection' (OnClassCondition)

   DataSourcePoolMetadataProvidersConfiguration.TomcatDataSourcePoolMetadataProviderConfiguration:
      Did not match:
         - @ConditionalOnClass did not find required class 'org.apache.tomcat.jdbc.pool.DataSource' (OnClassCondition)

   DataSourceTransactionManagerAutoConfiguration.JdbcTransactionManagerConfiguration#transactionManager:
      Did not match:
         - @ConditionalOnMissingBean (types: org.springframework.transaction.TransactionManager; SearchStrategy: all) found beans of type 'org.springframework.transaction.TransactionManager' transactionManager (OnBeanCondition)

   DispatcherServletAutoConfiguration.DispatcherServletConfiguration#multipartResolver:
      Did not match:
         - @ConditionalOnBean (types: org.springframework.web.multipart.MultipartResolver; SearchStrategy: all) did not find any beans of type org.springframework.web.multipart.MultipartResolver (OnBeanCondition)

   ElasticsearchClientAutoConfiguration:
      Did not match:
         - @ConditionalOnClass did not find required class 'co.elastic.clients.elasticsearch.ElasticsearchClient' (OnClassCondition)

   ElasticsearchDataAutoConfiguration:
      Did not match:
         - @ConditionalOnClass did not find required class 'org.springframework.data.elasticsearch.client.elc.ElasticsearchTemplate' (OnClassCondition)

   ElasticsearchRepositoriesAutoConfiguration:
      Did not match:
         - @ConditionalOnClass did not find required class 'org.springframework.data.elasticsearch.repository.ElasticsearchRepository' (OnClassCondition)

   ElasticsearchRestClientAutoConfiguration:
      Did not match:
         - @ConditionalOnClass did not find required class 'org.elasticsearch.client.RestClientBuilder' (OnClassCondition)

   EmbeddedLdapAutoConfiguration:
      Did not match:
         - @ConditionalOnClass did not find required class 'com.unboundid.ldap.listener.InMemoryDirectoryServer' (OnClassCondition)

   EmbeddedWebServerFactoryCustomizerAutoConfiguration:
      Did not match:
         - Application is deployed as a WAR file. (OnWarDeploymentCondition)
      Matched:
         - @ConditionalOnWebApplication (required) found 'session' scope (OnWebApplicationCondition)

   ErrorWebFluxAutoConfiguration:
      Did not match:
         - @ConditionalOnClass did not find required class 'org.springframework.web.reactive.config.WebFluxConfigurer' (OnClassCondition)

   FlywayAutoConfiguration:
      Did not match:
         - @ConditionalOnClass did not find required class 'org.flywaydb.core.Flyway' (OnClassCondition)

   FreeMarkerAutoConfiguration:
      Did not match:
         - @ConditionalOnClass did not find required class 'freemarker.template.Configuration' (OnClassCondition)

   GenericCacheConfiguration:
      Did not match:
         - @ConditionalOnBean (types: org.springframework.cache.Cache; SearchStrategy: all) did not find any beans of type org.springframework.cache.Cache (OnBeanCondition)
      Matched:
         - Cache org.springframework.boot.autoconfigure.cache.GenericCacheConfiguration automatic cache type (CacheCondition)

   GraphQlAutoConfiguration:
      Did not match:
         - @ConditionalOnClass did not find required class 'graphql.GraphQL' (OnClassCondition)

   GraphQlQueryByExampleAutoConfiguration:
      Did not match:
         - @ConditionalOnClass did not find required class 'graphql.GraphQL' (OnClassCondition)

   GraphQlQuerydslAutoConfiguration:
      Did not match:
         - @ConditionalOnClass did not find required class 'com.querydsl.core.Query' (OnClassCondition)

   GraphQlRSocketAutoConfiguration:
      Did not match:
         - @ConditionalOnClass did not find required class 'graphql.GraphQL' (OnClassCondition)

   GraphQlReactiveQueryByExampleAutoConfiguration:
      Did not match:
         - @ConditionalOnClass did not find required class 'graphql.GraphQL' (OnClassCondition)

   GraphQlReactiveQuerydslAutoConfiguration:
      Did not match:
         - @ConditionalOnClass did not find required class 'com.querydsl.core.Query' (OnClassCondition)

   GraphQlWebFluxAutoConfiguration:
      Did not match:
         - @ConditionalOnClass did not find required class 'graphql.GraphQL' (OnClassCondition)

   GraphQlWebFluxSecurityAutoConfiguration:
      Did not match:
         - @ConditionalOnClass did not find required class 'graphql.GraphQL' (OnClassCondition)

   GraphQlWebMvcAutoConfiguration:
      Did not match:
         - @ConditionalOnClass did not find required class 'graphql.GraphQL' (OnClassCondition)

   GraphQlWebMvcSecurityAutoConfiguration:
      Did not match:
         - @ConditionalOnClass did not find required class 'graphql.GraphQL' (OnClassCondition)

   GroovyTemplateAutoConfiguration:
      Did not match:
         - @ConditionalOnClass did not find required class 'groovy.text.markup.MarkupTemplateEngine' (OnClassCondition)

   GsonAutoConfiguration:
      Did not match:
         - @ConditionalOnClass did not find required class 'com.google.gson.Gson' (OnClassCondition)

   GsonHttpMessageConvertersConfiguration:
      Did not match:
         - @ConditionalOnClass did not find required class 'com.google.gson.Gson' (OnClassCondition)

   H2ConsoleAutoConfiguration:
      Did not match:
         - @ConditionalOnClass did not find required class 'org.h2.server.web.JakartaWebServlet' (OnClassCondition)

   HazelcastAutoConfiguration:
      Did not match:
         - @ConditionalOnClass did not find required class 'com.hazelcast.core.HazelcastInstance' (OnClassCondition)

   HazelcastCacheConfiguration:
      Did not match:
         - @ConditionalOnClass did not find required class 'com.hazelcast.core.HazelcastInstance' (OnClassCondition)

   HazelcastJpaDependencyAutoConfiguration:
      Did not match:
         - @ConditionalOnClass did not find required class 'com.hazelcast.core.HazelcastInstance' (OnClassCondition)

   HttpHandlerAutoConfiguration:
      Did not match:
         - @ConditionalOnClass did not find required class 'org.springframework.web.reactive.DispatcherHandler' (OnClassCondition)

   HypermediaAutoConfiguration:
      Did not match:
         - @ConditionalOnClass did not find required class 'org.springframework.hateoas.EntityModel' (OnClassCondition)

   InfinispanCacheConfiguration:
      Did not match:
         - @ConditionalOnClass did not find required class 'org.infinispan.spring.embedded.provider.SpringEmbeddedCacheManager' (OnClassCondition)

   IntegrationAutoConfiguration:
      Did not match:
         - @ConditionalOnClass did not find required class 'org.springframework.integration.config.EnableIntegration' (OnClassCondition)

   JCacheCacheConfiguration:
      Did not match:
         - @ConditionalOnClass did not find required class 'javax.cache.Caching' (OnClassCondition)

   JacksonHttpMessageConvertersConfiguration.MappingJackson2XmlHttpMessageConverterConfiguration:
      Did not match:
         - @ConditionalOnClass did not find required class 'com.fasterxml.jackson.dataformat.xml.XmlMapper' (OnClassCondition)

   JdbcRepositoriesAutoConfiguration:
      Did not match:
         - @ConditionalOnClass did not find required class 'org.springframework.data.jdbc.repository.config.AbstractJdbcConfiguration' (OnClassCondition)

   JedisConnectionConfiguration:
      Did not match:
         - @ConditionalOnClass did not find required classes 'org.apache.commons.pool2.impl.GenericObjectPool', 'redis.clients.jedis.Jedis' (OnClassCondition)

   JerseyAutoConfiguration:
      Did not match:
         - @ConditionalOnClass did not find required class 'org.glassfish.jersey.server.spring.SpringComponentProvider' (OnClassCondition)

   JmsAutoConfiguration:
      Did not match:
         - @ConditionalOnClass did not find required class 'jakarta.jms.Message' (OnClassCondition)

   JmxAutoConfiguration:
      Did not match:
         - @ConditionalOnProperty (spring.jmx.enabled=true) found different value in property 'enabled' (OnPropertyCondition)
      Matched:
         - @ConditionalOnClass found required class 'org.springframework.jmx.export.MBeanExporter' (OnClassCondition)

   JndiConnectionFactoryAutoConfiguration:
      Did not match:
         - @ConditionalOnClass did not find required class 'org.springframework.jms.core.JmsTemplate' (OnClassCondition)

   JndiDataSourceAutoConfiguration:
      Did not match:
         - @ConditionalOnProperty (spring.datasource.jndi-name) did not find property 'jndi-name' (OnPropertyCondition)
      Matched:
         - @ConditionalOnClass found required classes 'javax.sql.DataSource', 'org.springframework.jdbc.datasource.embedded.EmbeddedDatabaseType' (OnClassCondition)

   JndiJtaConfiguration:
      Did not match:
         - @ConditionalOnJndi JNDI environment is not available (OnJndiCondition)
      Matched:
         - @ConditionalOnClass found required class 'org.springframework.transaction.jta.JtaTransactionManager' (OnClassCondition)

   JooqAutoConfiguration:
      Did not match:
         - @ConditionalOnClass did not find required class 'org.jooq.DSLContext' (OnClassCondition)

   JpaRepositoriesAutoConfiguration#entityManagerFactoryBootstrapExecutorCustomizer:
      Did not match:
         - AnyNestedCondition 0 matched 2 did not; NestedCondition on JpaRepositoriesAutoConfiguration.BootstrapExecutorCondition.LazyBootstrapMode @ConditionalOnProperty (spring.data.jpa.repositories.bootstrap-mode=lazy) did not find property 'bootstrap-mode'; NestedCondition on JpaRepositoriesAutoConfiguration.BootstrapExecutorCondition.DeferredBootstrapMode @ConditionalOnProperty (spring.data.jpa.repositories.bootstrap-mode=deferred) did not find property 'bootstrap-mode' (JpaRepositoriesAutoConfiguration.BootstrapExecutorCondition)

   JsonbAutoConfiguration:
      Did not match:
         - @ConditionalOnClass did not find required class 'jakarta.json.bind.Jsonb' (OnClassCondition)

   JsonbHttpMessageConvertersConfiguration:
      Did not match:
         - @ConditionalOnClass did not find required class 'jakarta.json.bind.Jsonb' (OnClassCondition)

   KafkaAnnotationDrivenConfiguration#kafkaListenerContainerFactoryConfigurerVirtualThreads:
      Did not match:
         - @ConditionalOnMissingBean (types: org.springframework.boot.autoconfigure.kafka.ConcurrentKafkaListenerContainerFactoryConfigurer; SearchStrategy: all) found beans of type 'org.springframework.boot.autoconfigure.kafka.ConcurrentKafkaListenerContainerFactoryConfigurer' kafkaListenerContainerFactoryConfigurer (OnBeanCondition)

   KafkaAutoConfiguration#kafkaJaasInitializer:
      Did not match:
         - @ConditionalOnProperty (spring.kafka.jaas.enabled) did not find property 'spring.kafka.jaas.enabled' (OnPropertyCondition)

   KafkaAutoConfiguration#kafkaRetryTopicConfiguration:
      Did not match:
         - @ConditionalOnProperty (spring.kafka.retry.topic.enabled) did not find property 'spring.kafka.retry.topic.enabled' (OnPropertyCondition)

   KafkaAutoConfiguration#kafkaTransactionManager:
      Did not match:
         - @ConditionalOnProperty (spring.kafka.producer.transaction-id-prefix) did not find property 'spring.kafka.producer.transaction-id-prefix' (OnPropertyCondition)

   KafkaStreamsAnnotationDrivenConfiguration:
      Did not match:
         - @ConditionalOnBean (names: defaultKafkaStreamsBuilder; SearchStrategy: all) did not find any beans named defaultKafkaStreamsBuilder (OnBeanCondition)
      Matched:
         - @ConditionalOnClass found required class 'org.apache.kafka.streams.StreamsBuilder' (OnClassCondition)

   LdapAutoConfiguration:
      Did not match:
         - @ConditionalOnClass did not find required class 'org.springframework.ldap.core.ContextSource' (OnClassCondition)

   LdapRepositoriesAutoConfiguration:
      Did not match:
         - @ConditionalOnClass did not find required class 'org.springframework.data.ldap.repository.LdapRepository' (OnClassCondition)

   LettuceConnectionConfiguration#redisConnectionFactoryVirtualThreads:
      Did not match:
         - @ConditionalOnMissingBean (types: org.springframework.data.redis.connection.RedisConnectionFactory; SearchStrategy: all) found beans of type 'org.springframework.data.redis.connection.RedisConnectionFactory' redisConnectionFactory (OnBeanCondition)

   LiquibaseAutoConfiguration:
      Did not match:
         - @ConditionalOnClass did not find required class 'liquibase.change.DatabaseChange' (OnClassCondition)

   MailSenderAutoConfiguration:
      Did not match:
         - @ConditionalOnClass did not find required class 'jakarta.mail.internet.MimeMessage' (OnClassCondition)

   MailSenderValidatorAutoConfiguration:
      Did not match:
         - @ConditionalOnProperty (spring.mail.test-connection) did not find property 'test-connection' (OnPropertyCondition)

   MessageSourceAutoConfiguration:
      Did not match:
         - ResourceBundle did not find bundle with basename messages (MessageSourceAutoConfiguration.ResourceBundleCondition)

   MongoAutoConfiguration:
      Did not match:
         - @ConditionalOnClass did not find required class 'com.mongodb.client.MongoClient' (OnClassCondition)

   MongoDataAutoConfiguration:
      Did not match:
         - @ConditionalOnClass did not find required class 'com.mongodb.client.MongoClient' (OnClassCondition)

   MongoReactiveAutoConfiguration:
      Did not match:
         - @ConditionalOnClass did not find required class 'com.mongodb.reactivestreams.client.MongoClient' (OnClassCondition)

   MongoReactiveDataAutoConfiguration:
      Did not match:
         - @ConditionalOnClass did not find required class 'com.mongodb.reactivestreams.client.MongoClient' (OnClassCondition)

   MongoReactiveRepositoriesAutoConfiguration:
      Did not match:
         - @ConditionalOnClass did not find required class 'com.mongodb.reactivestreams.client.MongoClient' (OnClassCondition)

   MongoRepositoriesAutoConfiguration:
      Did not match:
         - @ConditionalOnClass did not find required class 'com.mongodb.client.MongoClient' (OnClassCondition)

   MustacheAutoConfiguration:
      Did not match:
         - @ConditionalOnClass did not find required class 'com.samskivert.mustache.Mustache' (OnClassCondition)

   Neo4jAutoConfiguration:
      Did not match:
         - @ConditionalOnClass did not find required class 'org.neo4j.driver.Driver' (OnClassCondition)

   Neo4jDataAutoConfiguration:
      Did not match:
         - @ConditionalOnClass did not find required class 'org.neo4j.driver.Driver' (OnClassCondition)

   Neo4jReactiveDataAutoConfiguration:
      Did not match:
         - @ConditionalOnClass did not find required class 'org.neo4j.driver.Driver' (OnClassCondition)

   Neo4jReactiveRepositoriesAutoConfiguration:
      Did not match:
         - @ConditionalOnClass did not find required class 'org.neo4j.driver.Driver' (OnClassCondition)

   Neo4jRepositoriesAutoConfiguration:
      Did not match:
         - @ConditionalOnClass did not find required class 'org.neo4j.driver.Driver' (OnClassCondition)

   NoOpCacheConfiguration:
      Did not match:
         - @ConditionalOnMissingBean (types: org.springframework.cache.CacheManager; SearchStrategy: all) found beans of type 'org.springframework.cache.CacheManager' cacheManager (OnBeanCondition)
      Matched:
         - Cache org.springframework.boot.autoconfigure.cache.NoOpCacheConfiguration automatic cache type (CacheCondition)

   OAuth2AuthorizationServerAutoConfiguration:
      Did not match:
         - @ConditionalOnClass did not find required class 'org.springframework.security.oauth2.server.authorization.OAuth2Authorization' (OnClassCondition)

   OAuth2AuthorizationServerJwtAutoConfiguration:
      Did not match:
         - @ConditionalOnClass did not find required class 'org.springframework.security.oauth2.server.authorization.OAuth2Authorization' (OnClassCondition)

   OAuth2ClientAutoConfiguration:
      Did not match:
         - @ConditionalOnClass did not find required class 'org.springframework.security.config.annotation.web.configuration.EnableWebSecurity' (OnClassCondition)

   OAuth2ResourceServerAutoConfiguration:
      Did not match:
         - @ConditionalOnClass did not find required class 'org.springframework.security.oauth2.server.resource.authentication.BearerTokenAuthenticationToken' (OnClassCondition)

   ProjectInfoAutoConfiguration#buildProperties:
      Did not match:
         - @ConditionalOnResource did not find resource '${spring.info.build.location:classpath:META-INF/build-info.properties}' (OnResourceCondition)

   ProjectInfoAutoConfiguration#gitProperties:
      Did not match:
         - GitResource did not find git info at classpath:git.properties (ProjectInfoAutoConfiguration.GitResourceAvailableCondition)

   PulsarAutoConfiguration:
      Did not match:
         - @ConditionalOnClass did not find required class 'org.apache.pulsar.client.api.PulsarClient' (OnClassCondition)

   PulsarReactiveAutoConfiguration:
      Did not match:
         - @ConditionalOnClass did not find required class 'org.apache.pulsar.client.api.PulsarClient' (OnClassCondition)

   QuartzAutoConfiguration:
      Did not match:
         - @ConditionalOnClass did not find required class 'org.quartz.Scheduler' (OnClassCondition)

   R2dbcAutoConfiguration:
      Did not match:
         - @ConditionalOnClass did not find required class 'io.r2dbc.spi.ConnectionFactory' (OnClassCondition)

   R2dbcDataAutoConfiguration:
      Did not match:
         - @ConditionalOnClass did not find required class 'org.springframework.data.r2dbc.core.R2dbcEntityTemplate' (OnClassCondition)

   R2dbcInitializationConfiguration:
      Did not match:
         - @ConditionalOnClass did not find required classes 'io.r2dbc.spi.ConnectionFactory', 'org.springframework.r2dbc.connection.init.DatabasePopulator' (OnClassCondition)

   R2dbcProxyAutoConfiguration:
      Did not match:
         - @ConditionalOnClass did not find required class 'io.r2dbc.proxy.ProxyConnectionFactory' (OnClassCondition)

   R2dbcRepositoriesAutoConfiguration:
      Did not match:
         - @ConditionalOnClass did not find required class 'io.r2dbc.spi.ConnectionFactory' (OnClassCondition)

   R2dbcTransactionManagerAutoConfiguration:
      Did not match:
         - @ConditionalOnClass did not find required class 'org.springframework.r2dbc.connection.R2dbcTransactionManager' (OnClassCondition)

   RSocketGraphQlClientAutoConfiguration:
      Did not match:
         - @ConditionalOnClass did not find required class 'graphql.GraphQL' (OnClassCondition)

   RSocketMessagingAutoConfiguration:
      Did not match:
         - @ConditionalOnClass did not find required class 'io.rsocket.RSocket' (OnClassCondition)

   RSocketRequesterAutoConfiguration:
      Did not match:
         - @ConditionalOnClass did not find required class 'io.rsocket.RSocket' (OnClassCondition)

   RSocketSecurityAutoConfiguration:
      Did not match:
         - @ConditionalOnClass did not find required class 'org.springframework.security.rsocket.core.SecuritySocketAcceptorInterceptor' (OnClassCondition)

   RSocketServerAutoConfiguration:
      Did not match:
         - @ConditionalOnClass did not find required class 'io.rsocket.core.RSocketServer' (OnClassCondition)

   RSocketStrategiesAutoConfiguration:
      Did not match:
         - @ConditionalOnClass did not find required class 'io.rsocket.RSocket' (OnClassCondition)

   RabbitAutoConfiguration:
      Did not match:
         - @ConditionalOnClass did not find required class 'com.rabbitmq.client.Channel' (OnClassCondition)

   ReactiveElasticsearchClientAutoConfiguration:
      Did not match:
         - @ConditionalOnClass did not find required class 'co.elastic.clients.transport.ElasticsearchTransport' (OnClassCondition)

   ReactiveElasticsearchRepositoriesAutoConfiguration:
      Did not match:
         - @ConditionalOnClass did not find required class 'org.springframework.data.elasticsearch.client.elc.ReactiveElasticsearchClient' (OnClassCondition)

   ReactiveMultipartAutoConfiguration:
      Did not match:
         - @ConditionalOnClass did not find required class 'org.springframework.web.reactive.config.WebFluxConfigurer' (OnClassCondition)

   ReactiveOAuth2ClientAutoConfiguration:
      Did not match:
         - @ConditionalOnClass did not find required class 'org.springframework.security.config.annotation.web.reactive.EnableWebFluxSecurity' (OnClassCondition)

   ReactiveOAuth2ResourceServerAutoConfiguration:
      Did not match:
         - @ConditionalOnClass did not find required class 'org.springframework.security.config.annotation.web.reactive.EnableWebFluxSecurity' (OnClassCondition)

   ReactiveSecurityAutoConfiguration:
      Did not match:
         - @ConditionalOnClass did not find required class 'org.springframework.security.config.annotation.web.reactive.EnableWebFluxSecurity' (OnClassCondition)

   ReactiveUserDetailsServiceAutoConfiguration:
      Did not match:
         - @ConditionalOnClass did not find required class 'org.springframework.security.authentication.ReactiveAuthenticationManager' (OnClassCondition)

   ReactiveWebServerFactoryAutoConfiguration:
      Did not match:
         - @ConditionalOnWebApplication did not find reactive web application classes (OnWebApplicationCondition)

   RedisAutoConfiguration#redisTemplate:
      Did not match:
         - @ConditionalOnMissingBean (names: redisTemplate; SearchStrategy: all) found beans named redisTemplate (OnBeanCondition)

   RepositoryRestMvcAutoConfiguration:
      Did not match:
         - @ConditionalOnClass did not find required class 'org.springframework.data.rest.webmvc.config.RepositoryRestMvcConfiguration' (OnClassCondition)

   Saml2RelyingPartyAutoConfiguration:
      Did not match:
         - @ConditionalOnClass did not find required class 'org.springframework.security.saml2.provider.service.registration.RelyingPartyRegistrationRepository' (OnClassCondition)

   SecurityAutoConfiguration:
      Did not match:
         - @ConditionalOnClass did not find required class 'org.springframework.security.authentication.DefaultAuthenticationEventPublisher' (OnClassCondition)

   SecurityFilterAutoConfiguration:
      Did not match:
         - @ConditionalOnClass did not find required class 'org.springframework.security.config.http.SessionCreationPolicy' (OnClassCondition)

   SendGridAutoConfiguration:
      Did not match:
         - @ConditionalOnClass did not find required class 'com.sendgrid.SendGrid' (OnClassCondition)

   ServletWebServerFactoryAutoConfiguration.ForwardedHeaderFilterConfiguration:
      Did not match:
         - @ConditionalOnProperty (server.forward-headers-strategy=framework) did not find property 'server.forward-headers-strategy' (OnPropertyCondition)

   ServletWebServerFactoryConfiguration.EmbeddedJetty:
      Did not match:
         - @ConditionalOnClass did not find required classes 'org.eclipse.jetty.server.Server', 'org.eclipse.jetty.util.Loader', 'org.eclipse.jetty.ee10.webapp.WebAppContext' (OnClassCondition)

   ServletWebServerFactoryConfiguration.EmbeddedUndertow:
      Did not match:
         - @ConditionalOnClass did not find required classes 'io.undertow.Undertow', 'org.xnio.SslClientAuthMode' (OnClassCondition)

   SessionAutoConfiguration:
      Did not match:
         - @ConditionalOnClass did not find required class 'org.springframework.session.Session' (OnClassCondition)

   SimpleCacheConfiguration:
      Did not match:
         - @ConditionalOnMissingBean (types: org.springframework.cache.CacheManager; SearchStrategy: all) found beans of type 'org.springframework.cache.CacheManager' cacheManager (OnBeanCondition)
      Matched:
         - Cache org.springframework.boot.autoconfigure.cache.SimpleCacheConfiguration automatic cache type (CacheCondition)

   SpringApplicationAdminJmxAutoConfiguration:
      Did not match:
         - @ConditionalOnProperty (spring.application.admin.enabled=true) did not find property 'enabled' (OnPropertyCondition)

   TaskExecutorConfigurations.SimpleAsyncTaskExecutorBuilderConfiguration#simpleAsyncTaskExecutorBuilderVirtualThreads:
      Did not match:
         - @ConditionalOnMissingBean (types: org.springframework.boot.task.SimpleAsyncTaskExecutorBuilder; SearchStrategy: all) found beans of type 'org.springframework.boot.task.SimpleAsyncTaskExecutorBuilder' simpleAsyncTaskExecutorBuilder (OnBeanCondition)

   TaskExecutorConfigurations.TaskExecutorConfiguration#applicationTaskExecutorVirtualThreads:
      Did not match:
         - @ConditionalOnThreading did not find VIRTUAL (OnThreadingCondition)

   TaskSchedulingAutoConfiguration#scheduledBeanLazyInitializationExcludeFilter:
      Did not match:
         - @ConditionalOnBean (names: org.springframework.context.annotation.internalScheduledAnnotationProcessor; SearchStrategy: all) did not find any beans named org.springframework.context.annotation.internalScheduledAnnotationProcessor (OnBeanCondition)

   TaskSchedulingConfigurations.SimpleAsyncTaskSchedulerBuilderConfiguration#simpleAsyncTaskSchedulerBuilderVirtualThreads:
      Did not match:
         - @ConditionalOnMissingBean (types: org.springframework.boot.task.SimpleAsyncTaskSchedulerBuilder; SearchStrategy: all) found beans of type 'org.springframework.boot.task.SimpleAsyncTaskSchedulerBuilder' simpleAsyncTaskSchedulerBuilder (OnBeanCondition)

   TaskSchedulingConfigurations.TaskSchedulerConfiguration:
      Did not match:
         - @ConditionalOnBean (names: org.springframework.context.annotation.internalScheduledAnnotationProcessor; SearchStrategy: all) did not find any beans named org.springframework.context.annotation.internalScheduledAnnotationProcessor (OnBeanCondition)

   ThymeleafAutoConfiguration:
      Did not match:
         - @ConditionalOnClass did not find required class 'org.thymeleaf.spring6.SpringTemplateEngine' (OnClassCondition)

   TransactionAutoConfiguration#transactionalOperator:
      Did not match:
         - @ConditionalOnSingleCandidate (types: org.springframework.transaction.ReactiveTransactionManager; SearchStrategy: all) did not find any beans (OnBeanCondition)

   TransactionAutoConfiguration.AspectJTransactionManagementConfiguration:
      Did not match:
         - @ConditionalOnBean (types: org.springframework.transaction.aspectj.AbstractTransactionAspect; SearchStrategy: all) did not find any beans of type org.springframework.transaction.aspectj.AbstractTransactionAspect (OnBeanCondition)

   TransactionAutoConfiguration.EnableTransactionManagementConfiguration.JdkDynamicAutoProxyConfiguration:
      Did not match:
         - @ConditionalOnProperty (spring.aop.proxy-target-class=false) did not find property 'proxy-target-class' (OnPropertyCondition)

   UserDetailsServiceAutoConfiguration:
      Did not match:
         - @ConditionalOnClass did not find required class 'org.springframework.security.authentication.AuthenticationManager' (OnClassCondition)

   WebClientAutoConfiguration:
      Did not match:
         - @ConditionalOnClass did not find required class 'org.springframework.web.reactive.function.client.WebClient' (OnClassCondition)

   WebFluxAutoConfiguration:
      Did not match:
         - @ConditionalOnClass did not find required class 'org.springframework.web.reactive.config.WebFluxConfigurer' (OnClassCondition)

   WebMvcAutoConfiguration#hiddenHttpMethodFilter:
      Did not match:
         - @ConditionalOnProperty (spring.mvc.hiddenmethod.filter.enabled) did not find property 'enabled' (OnPropertyCondition)

   WebMvcAutoConfiguration.ProblemDetailsErrorHandlingConfiguration:
      Did not match:
         - @ConditionalOnProperty (spring.mvc.problemdetails.enabled=true) did not find property 'enabled' (OnPropertyCondition)

   WebMvcAutoConfiguration.ResourceChainCustomizerConfiguration:
      Did not match:
         - @ConditionalOnEnabledResourceChain did not find class org.webjars.WebJarVersionLocator (OnEnabledResourceChainCondition)

   WebMvcAutoConfiguration.WebMvcAutoConfigurationAdapter#beanNameViewResolver:
      Did not match:
         - @ConditionalOnMissingBean (types: org.springframework.web.servlet.view.BeanNameViewResolver; SearchStrategy: all) found beans of type 'org.springframework.web.servlet.view.BeanNameViewResolver' beanNameViewResolver (OnBeanCondition)

   WebServiceTemplateAutoConfiguration:
      Did not match:
         - @ConditionalOnClass did not find required class 'org.springframework.ws.client.core.WebServiceTemplate' (OnClassCondition)

   WebServicesAutoConfiguration:
      Did not match:
         - @ConditionalOnClass did not find required class 'org.springframework.ws.transport.http.MessageDispatcherServlet' (OnClassCondition)

   WebSessionIdResolverAutoConfiguration:
      Did not match:
         - @ConditionalOnWebApplication did not find reactive web application classes (OnWebApplicationCondition)

   WebSocketMessagingAutoConfiguration:
      Did not match:
         - @ConditionalOnClass did not find required class 'org.springframework.web.socket.config.annotation.WebSocketMessageBrokerConfigurer' (OnClassCondition)

   WebSocketReactiveAutoConfiguration:
      Did not match:
         - @ConditionalOnWebApplication did not find reactive web application classes (OnWebApplicationCondition)

   WebSocketServletAutoConfiguration.JettyWebSocketConfiguration:
      Did not match:
         - @ConditionalOnClass did not find required class 'org.eclipse.jetty.ee10.websocket.jakarta.server.config.JakartaWebSocketServletContainerInitializer' (OnClassCondition)

   WebSocketServletAutoConfiguration.UndertowWebSocketConfiguration:
      Did not match:
         - @ConditionalOnClass did not find required class 'io.undertow.websockets.jsr.Bootstrap' (OnClassCondition)

   XADataSourceAutoConfiguration:
      Did not match:
         - @ConditionalOnBean (types: org.springframework.boot.jdbc.XADataSourceWrapper; SearchStrategy: all) did not find any beans of type org.springframework.boot.jdbc.XADataSourceWrapper (OnBeanCondition)
      Matched:
         - @ConditionalOnClass found required classes 'javax.sql.DataSource', 'jakarta.transaction.TransactionManager', 'org.springframework.jdbc.datasource.embedded.EmbeddedDatabaseType' (OnClassCondition)


Exclusions:
-----------

    None


Unconditional classes:
----------------------

    org.springframework.boot.autoconfigure.context.ConfigurationPropertiesAutoConfiguration

    org.springframework.boot.autoconfigure.ssl.SslAutoConfiguration

    org.springframework.boot.autoconfigure.context.LifecycleAutoConfiguration

    org.springframework.boot.autoconfigure.context.PropertyPlaceholderAutoConfiguration

    org.springframework.boot.autoconfigure.availability.ApplicationAvailabilityAutoConfiguration

    org.springframework.boot.autoconfigure.info.ProjectInfoAutoConfiguration



2024-12-27T18:09:51.246+05:30  INFO 139594 --- [Crud_KR] [           main] c.e.crud_kr.CrudKrApplicationTests       : Started CrudKrApplicationTests in 6.11 seconds (process running for 6.993)
2024-12-27T18:09:51.247+05:30 DEBUG 139594 --- [Crud_KR] [           main] o.s.b.a.ApplicationAvailabilityBean      : Application availability state LivenessState changed to CORRECT
2024-12-27T18:09:51.250+05:30 DEBUG 139594 --- [Crud_KR] [           main] o.s.b.a.ApplicationAvailabilityBean      : Application availability state ReadinessState changed to ACCEPTING_TRAFFIC
2024-12-27T18:09:51.252+05:30 DEBUG 139594 --- [Crud_KR] [           main] org.springframework.test.context.cache   : Spring test ApplicationContext cache statistics: [DefaultContextCache@196cfaed size = 1, maxSize = 32, parentContextCount = 0, hitCount = 0, missCount = 1, failureCount = 0]
2024-12-27T18:09:51.253+05:30 DEBUG 139594 --- [Crud_KR] [           main] o.s.t.c.w.ServletTestExecutionListener   : Setting up MockHttpServletRequest, MockHttpServletResponse, ServletWebRequest, and RequestContextHolder for test class com.example.crud_kr.CrudKrApplicationTests
2024-12-27T18:09:51.266+05:30 DEBUG 139594 --- [Crud_KR] [           main] DependencyInjectionTestExecutionListener : Performing dependency injection for test class com.example.crud_kr.CrudKrApplicationTests
2024-12-27T18:09:51.266+05:30 DEBUG 139594 --- [Crud_KR] [           main] org.springframework.test.context.cache   : Spring test ApplicationContext cache statistics: [DefaultContextCache@196cfaed size = 1, maxSize = 32, parentContextCount = 0, hitCount = 1, missCount = 1, failureCount = 0]
2024-12-27T18:09:51.268+05:30 DEBUG 139594 --- [Crud_KR] [           main] org.springframework.test.context.cache   : Spring test ApplicationContext cache statistics: [DefaultContextCache@196cfaed size = 1, maxSize = 32, parentContextCount = 0, hitCount = 2, missCount = 1, failureCount = 0]
2024-12-27T18:09:51.274+05:30 DEBUG 139594 --- [Crud_KR] [           main] sContextBeforeModesTestExecutionListener : Before test method: class [CrudKrApplicationTests], method [contextLoads], class annotated with @DirtiesContext [false] with mode [null], method annotated with @DirtiesContext [false] with mode [null]
2024-12-27T18:09:51.276+05:30 DEBUG 139594 --- [Crud_KR] [           main] org.springframework.test.context.cache   : Spring test ApplicationContext cache statistics: [DefaultContextCache@196cfaed size = 1, maxSize = 32, parentContextCount = 0, hitCount = 3, missCount = 1, failureCount = 0]
2024-12-27T18:09:51.277+05:30 DEBUG 139594 --- [Crud_KR] [           main] org.springframework.test.context.cache   : Spring test ApplicationContext cache statistics: [DefaultContextCache@196cfaed size = 1, maxSize = 32, parentContextCount = 0, hitCount = 4, missCount = 1, failureCount = 0]
2024-12-27T18:09:51.703+05:30 DEBUG 139594 --- [Crud_KR] [           main] org.springframework.test.context.cache   : Spring test ApplicationContext cache statistics: [DefaultContextCache@196cfaed size = 1, maxSize = 32, parentContextCount = 0, hitCount = 5, missCount = 1, failureCount = 0]
2024-12-27T18:09:51.708+05:30 DEBUG 139594 --- [Crud_KR] [           main] org.springframework.test.context.cache   : Spring test ApplicationContext cache statistics: [DefaultContextCache@196cfaed size = 1, maxSize = 32, parentContextCount = 0, hitCount = 6, missCount = 1, failureCount = 0]
2024-12-27T18:09:51.714+05:30 DEBUG 139594 --- [Crud_KR] [           main] org.springframework.test.context.cache   : Spring test ApplicationContext cache statistics: [DefaultContextCache@196cfaed size = 1, maxSize = 32, parentContextCount = 0, hitCount = 7, missCount = 1, failureCount = 0]
2024-12-27T18:09:51.715+05:30 DEBUG 139594 --- [Crud_KR] [           main] org.springframework.test.context.cache   : Spring test ApplicationContext cache statistics: [DefaultContextCache@196cfaed size = 1, maxSize = 32, parentContextCount = 0, hitCount = 8, missCount = 1, failureCount = 0]
2024-12-27T18:09:51.716+05:30 DEBUG 139594 --- [Crud_KR] [           main] org.springframework.test.context.cache   : Spring test ApplicationContext cache statistics: [DefaultContextCache@196cfaed size = 1, maxSize = 32, parentContextCount = 0, hitCount = 9, missCount = 1, failureCount = 0]
2024-12-27T18:09:51.717+05:30 DEBUG 139594 --- [Crud_KR] [           main] org.springframework.test.context.cache   : Spring test ApplicationContext cache statistics: [DefaultContextCache@196cfaed size = 1, maxSize = 32, parentContextCount = 0, hitCount = 10, missCount = 1, failureCount = 0]
2024-12-27T18:09:51.717+05:30 DEBUG 139594 --- [Crud_KR] [           main] org.springframework.test.context.cache   : Spring test ApplicationContext cache statistics: [DefaultContextCache@196cfaed size = 1, maxSize = 32, parentContextCount = 0, hitCount = 11, missCount = 1, failureCount = 0]
2024-12-27T18:09:51.719+05:30 DEBUG 139594 --- [Crud_KR] [           main] org.springframework.test.context.cache   : Spring test ApplicationContext cache statistics: [DefaultContextCache@196cfaed size = 1, maxSize = 32, parentContextCount = 0, hitCount = 12, missCount = 1, failureCount = 0]
2024-12-27T18:09:51.720+05:30 DEBUG 139594 --- [Crud_KR] [           main] org.springframework.test.context.cache   : Spring test ApplicationContext cache statistics: [DefaultContextCache@196cfaed size = 1, maxSize = 32, parentContextCount = 0, hitCount = 13, missCount = 1, failureCount = 0]
2024-12-27T18:09:51.721+05:30 DEBUG 139594 --- [Crud_KR] [           main] .c.s.DirtiesContextTestExecutionListener : After test method: class [CrudKrApplicationTests], method [contextLoads], class annotated with @DirtiesContext [false] with mode [null], method annotated with @DirtiesContext [false] with mode [null]
2024-12-27T18:09:51.721+05:30 DEBUG 139594 --- [Crud_KR] [           main] o.s.t.c.w.ServletTestExecutionListener   : Resetting RequestContextHolder for test class com.example.crud_kr.CrudKrApplicationTests
]]></system-out>
    <system-err><![CDATA[Dec 27, 2024 6:09:44 PM org.junit.platform.launcher.core.LauncherConfigurationParameters loadClasspathResource
WARNING: Discovered 3 'junit-platform.properties' configuration files on the classpath (see below); only the first (*) will be used.
- jar:file:/home/anshuman.pandey/.m2/repository/org/apache/kafka/kafka-clients/3.8.1/kafka-clients-3.8.1-test.jar!/junit-platform.properties (*)
- jar:file:/home/anshuman.pandey/.m2/repository/org/apache/kafka/kafka-server-common/3.8.1/kafka-server-common-3.8.1-test.jar!/junit-platform.properties
- jar:file:/home/anshuman.pandey/.m2/repository/org/apache/kafka/kafka_2.13/3.8.1/kafka_2.13-3.8.1-test.jar!/junit-platform.properties
Dec 27, 2024 6:09:44 PM org.junit.platform.launcher.core.LauncherConfigurationParameters loadClasspathResource
WARNING: Discovered 3 'junit-platform.properties' configuration files on the classpath (see below); only the first (*) will be used.
- jar:file:/home/anshuman.pandey/.m2/repository/org/apache/kafka/kafka-clients/3.8.1/kafka-clients-3.8.1-test.jar!/junit-platform.properties (*)
- jar:file:/home/anshuman.pandey/.m2/repository/org/apache/kafka/kafka-server-common/3.8.1/kafka-server-common-3.8.1-test.jar!/junit-platform.properties
- jar:file:/home/anshuman.pandey/.m2/repository/org/apache/kafka/kafka_2.13/3.8.1/kafka_2.13-3.8.1-test.jar!/junit-platform.properties
Dec 27, 2024 6:09:44 PM org.junit.platform.launcher.core.LauncherConfigurationParameters loadClasspathResource
WARNING: Discovered 3 'junit-platform.properties' configuration files on the classpath (see below); only the first (*) will be used.
- jar:file:/home/anshuman.pandey/.m2/repository/org/apache/kafka/kafka-clients/3.8.1/kafka-clients-3.8.1-test.jar!/junit-platform.properties (*)
- jar:file:/home/anshuman.pandey/.m2/repository/org/apache/kafka/kafka-server-common/3.8.1/kafka-server-common-3.8.1-test.jar!/junit-platform.properties
- jar:file:/home/anshuman.pandey/.m2/repository/org/apache/kafka/kafka_2.13/3.8.1/kafka_2.13-3.8.1-test.jar!/junit-platform.properties
]]></system-err>
  </testcase>
</testsuite>